/videos/a40a1c9e-6f3d-8c09-5bdf-33af8bb0d938/hls1/main/128.ts

{"Protocol":0,"Id":"a40a1c9e6f3d8c095bdf33af8bb0d938","Path":"/data/tvshows/The IT Crowd/Season 3/The IT Crowd - S03E02 - Are We Not Men WEBDL-720p Proper.mp4","EncoderPath":null,"EncoderProtocol":null,"Type":0,"Container":"mov,mp4,m4a,3gp,3g2,mj2","Size":189024356,"Name":"The IT Crowd - S03E02 - Are We Not Men WEBDL-720p Proper","IsRemote":false,"ETag":"14956115f39951ff58f16edd83018112","RunTimeTicks":13080239999,"ReadAtNativeFramerate":false,"IgnoreDts":false,"IgnoreIndex":false,"GenPtsInput":false,"SupportsTranscoding":true,"SupportsDirectStream":true,"SupportsDirectPlay":true,"IsInfiniteStream":false,"RequiresOpening":false,"OpenToken":null,"RequiresClosing":false,"LiveStreamId":null,"BufferMs":null,"RequiresLooping":false,"SupportsProbing":true,"VideoType":0,"IsoType":null,"Video3DFormat":null,"MediaStreams":[{"Codec":"subrip","CodecTag":null,"Language":"eng","ColorRange":null,"ColorSpace":null,"ColorTransfer":null,"ColorPrimaries":null,"DvVersionMajor":null,"DvVersionMinor":null,"DvProfile":null,"DvLevel":null,"RpuPresentFlag":null,"ElPresentFlag":null,"BlPresentFlag":null,"DvBlSignalCompatibilityId":null,"Comment":null,"TimeBase":"1/1000","CodecTimeBase":null,"Title":null,"VideoRange":null,"VideoRangeType":null,"VideoDoViTitle":null,"LocalizedUndefined":"Undefined","LocalizedDefault":"Default","LocalizedForced":"Forced","LocalizedExternal":"External","DisplayTitle":"English - Forced - SUBRIP - External","NalLengthSize":null,"IsInterlaced":false,"IsAVC":null,"ChannelLayout":null,"BitRate":null,"BitDepth":null,"RefFrames":null,"PacketLength":null,"Channels":null,"SampleRate":null,"IsDefault":false,"IsForced":true,"Height":null,"Width":null,"AverageFrameRate":null,"RealFrameRate":null,"Profile":null,"Type":2,"AspectRatio":null,"Index":0,"Score":null,"IsExternal":true,"DeliveryMethod":null,"DeliveryUrl":null,"IsExternalUrl":null,"IsTextSubtitleStream":true,"SupportsExternalStream":true,"Path":"/data/tvshows/The IT Crowd/Season 3/The IT Crowd - S03E02 - Are We Not Men WEBDL-720p Proper.en.forced.srt","PixelFormat":null,"Level":0,"IsAnamorphic":null},{"Codec":"h264","CodecTag":"avc1","Language":"und","ColorRange":null,"ColorSpace":"bt709","ColorTransfer":"bt709","ColorPrimaries":"bt709","DvVersionMajor":null,"DvVersionMinor":null,"DvProfile":null,"DvLevel":null,"RpuPresentFlag":null,"ElPresentFlag":null,"BlPresentFlag":null,"DvBlSignalCompatibilityId":null,"Comment":null,"TimeBase":"1/16000","CodecTimeBase":null,"Title":null,"VideoRange":"SDR","VideoRangeType":"SDR","VideoDoViTitle":null,"LocalizedUndefined":null,"LocalizedDefault":null,"LocalizedForced":null,"LocalizedExternal":null,"DisplayTitle":"720p H264 SDR","NalLengthSize":"4","IsInterlaced":false,"IsAVC":true,"ChannelLayout":null,"BitRate":1020483,"BitDepth":8,"RefFrames":1,"PacketLength":null,"Channels":null,"SampleRate":null,"IsDefault":true,"IsForced":false,"Height":720,"Width":1276,"AverageFrameRate":25,"RealFrameRate":25,"Profile":"Main","Type":1,"AspectRatio":"16:9","Index":1,"Score":null,"IsExternal":false,"DeliveryMethod":null,"DeliveryUrl":null,"IsExternalUrl":null,"IsTextSubtitleStream":false,"SupportsExternalStream":false,"Path":null,"PixelFormat":"yuv420p","Level":52,"IsAnamorphic":null},{"Codec":"mov_text","CodecTag":"tx3g","Language":"eng","ColorRange":null,"ColorSpace":null,"ColorTransfer":null,"ColorPrimaries":null,"DvVersionMajor":null,"DvVersionMinor":null,"DvProfile":null,"DvLevel":null,"RpuPresentFlag":null,"ElPresentFlag":null,"BlPresentFlag":null,"DvBlSignalCompatibilityId":null,"Comment":null,"TimeBase":"1/1000000","CodecTimeBase":null,"Title":null,"VideoRange":null,"VideoRangeType":null,"VideoDoViTitle":null,"LocalizedUndefined":"Undefined","LocalizedDefault":"Default","LocalizedForced":"Forced","LocalizedExternal":"External","DisplayTitle":"English - Default - Forced - MOV_TEXT","NalLengthSize":null,"IsInterlaced":false,"IsAVC":null,"ChannelLayout":null,"BitRate":89,"BitDepth":null,"RefFrames":null,"PacketLength":null,"Channels":null,"SampleRate":null,"IsDefault":true,"IsForced":true,"Height":null,"Width":null,"AverageFrameRate":null,"RealFrameRate":null,"Profile":null,"Type":2,"AspectRatio":null,"Index":2,"Score":null,"IsExternal":false,"DeliveryMethod":null,"DeliveryUrl":null,"IsExternalUrl":null,"IsTextSubtitleStream":true,"SupportsExternalStream":true,"Path":null,"PixelFormat":null,"Level":0,"IsAnamorphic":null},{"Codec":"aac","CodecTag":"mp4a","Language":"eng","ColorRange":null,"ColorSpace":null,"ColorTransfer":null,"ColorPrimaries":null,"DvVersionMajor":null,"DvVersionMinor":null,"DvProfile":null,"DvLevel":null,"RpuPresentFlag":null,"ElPresentFlag":null,"BlPresentFlag":null,"DvBlSignalCompatibilityId":null,"Comment":null,"TimeBase":"1/48000","CodecTimeBase":null,"Title":null,"VideoRange":null,"VideoRangeType":null,"VideoDoViTitle":null,"LocalizedUndefined":null,"LocalizedDefault":null,"LocalizedForced":null,"LocalizedExternal":null,"DisplayTitle":"English - AAC - Stereo - Default","NalLengthSize":null,"IsInterlaced":false,"IsAVC":null,"ChannelLayout":"stereo","BitRate":129377,"BitDepth":null,"RefFrames":null,"PacketLength":null,"Channels":2,"SampleRate":48000,"IsDefault":true,"IsForced":false,"Height":null,"Width":null,"AverageFrameRate":null,"RealFrameRate":null,"Profile":"LC","Type":0,"AspectRatio":null,"Index":3,"Score":null,"IsExternal":false,"DeliveryMethod":null,"DeliveryUrl":null,"IsExternalUrl":null,"IsTextSubtitleStream":false,"SupportsExternalStream":false,"Path":null,"PixelFormat":null,"Level":0,"IsAnamorphic":null}],"MediaAttachments":[],"Formats":[],"Bitrate":1156091,"Timestamp":null,"RequiredHttpHeaders":{},"TranscodingUrl":null,"TranscodingSubProtocol":null,"TranscodingContainer":null,"AnalyzeDurationMs":null,"DefaultAudioStreamIndex":null,"DefaultSubtitleStreamIndex":null}

/usr/lib/jellyfin-ffmpeg/ffmpeg -analyzeduration 200M -ss 00:06:24.000 -f mov,mp4,m4a,3gp,3g2,mj2 -autorotate 0 -i file:"/data/tvshows/The IT Crowd/Season 3/The IT Crowd - S03E02 - Are We Not Men WEBDL-720p Proper.mp4" -map_metadata -1 -map_chapters -1 -threads 0 -map 0:0 -map 0:2 -map -0:s -codec:v:0 libx264 -preset veryfast -crf 23 -maxrate 5102416 -bufsize 10204832 -profile:v:0 main -level 51 -x264opts:0 subme=0:me_range=4:rc_lookahead=10:me=dia:no_chroma_me:8x8dct=0:partitions=none -force_key_frames:0 "expr:gte(t,384+n_forced*3)" -sc_threshold:v:0 0 -vf "setparams=color_primaries=bt709:color_trc=bt709:colorspace=bt709,scale=trunc(min(max(iw\,ih*a)\,min(1276\,720*a))/2)*2:trunc(min(max(iw/a\,ih)\,min(1276/a\,720))/2)*2,format=yuv420p" -start_at_zero -codec:a:0 copy -copyts -avoid_negative_ts disabled -max_muxing_queue_size 2048 -f hls -max_delay 5000000 -hls_time 3 -hls_segment_type mpegts -start_number 128 -hls_segment_filename "/config/data/transcodes/7b36cba2956ef561acbfcc22615a95d2%d.ts" -hls_playlist_type vod -hls_list_size 0 -y "/config/data/transcodes/7b36cba2956ef561acbfcc22615a95d2.m3u8"


ffmpeg version 5.1.3-Jellyfin Copyright (c) 2000-2022 the FFmpeg developers
  built with gcc 11 (Ubuntu 11.3.0-1ubuntu1~22.04.1)
  configuration: --prefix=/usr/lib/jellyfin-ffmpeg --target-os=linux --extra-libs=-lfftw3f --extra-version=Jellyfin --disable-doc --disable-ffplay --disable-ptx-compression --disable-static --disable-libxcb --disable-sdl2 --disable-xlib --enable-lto --enable-gpl --enable-version3 --enable-shared --enable-gmp --enable-gnutls --enable-chromaprint --enable-libdrm --enable-libass --enable-libfreetype --enable-libfribidi --enable-libfontconfig --enable-libbluray --enable-libmp3lame --enable-libopus --enable-libtheora --enable-libvorbis --enable-libopenmpt --enable-libdav1d --enable-libwebp --enable-libvpx --enable-libx264 --enable-libx265 --enable-libzvbi --enable-libzimg --enable-libfdk-aac --arch=amd64 --enable-libsvtav1 --enable-libshaderc --enable-libplacebo --enable-vulkan --enable-opencl --enable-vaapi --enable-amf --enable-libmfx --enable-ffnvcodec --enable-cuda --enable-cuda-llvm --enable-cuvid --enable-nvdec --enable-nvenc
  libavutil      57. 28.100 / 57. 28.100
  libavcodec     59. 37.100 / 59. 37.100
  libavformat    59. 27.100 / 59. 27.100
  libavdevice    59.  7.100 / 59.  7.100
  libavfilter     8. 44.100 /  8. 44.100
  libswscale      6.  7.100 /  6.  7.100
  libswresample   4.  7.100 /  4.  7.100
  libpostproc    56.  6.100 / 56.  6.100
Input #0, mov,mp4,m4a,3gp,3g2,mj2, from 'file:/data/tvshows/The IT Crowd/Season 3/The IT Crowd - S03E02 - Are We Not Men WEBDL-720p Proper.mp4':
  Metadata:
    major_brand     : isom
    minor_version   : 512
    compatible_brands: isomiso2avc1mp41
    encoder         : Lavf60.3.100
  Duration: 00:21:48.02, start: 0.000000, bitrate: 1156 kb/s
  Stream #0:0[0x1](und): Video: h264 (Main) (avc1 / 0x31637661), yuv420p(tv, bt709, progressive), 1276x720 [SAR 1:1 DAR 319:180], 1020 kb/s, 25 fps, 25 tbr, 16k tbn (default)
    Metadata:
      handler_name    : VideoHandler
      vendor_id       : [0][0][0][0]
  Stream #0:1[0x2](eng): Subtitle: mov_text (tx3g / 0x67337874), 0 kb/s (default) (forced)
    Metadata:
      handler_name    : SubtitleHandler
  Stream #0:2[0x3](eng): Audio: aac (LC) (mp4a / 0x6134706D), 48000 Hz, stereo, fltp, 129 kb/s (default)
    Metadata:
      handler_name    : SoundHandler
      vendor_id       : [0][0][0][0]
Stream mapping:
  Stream #0:0 -> #0:0 (h264 (native) -> h264 (libx264))
  Stream #0:2 -> #0:1 (copy)
Press [q] to stop, [?] for help
[libx264 @ 0x5645f3daf1c0] using SAR=1/1
[libx264 @ 0x5645f3daf1c0] using cpu capabilities: MMX2 SSE2Fast SSSE3 SSE4.2 AVX FMA3 BMI2 AVX2
[libx264 @ 0x5645f3daf1c0] profile Main, level 5.1, 4:2:0, 8-bit
[libx264 @ 0x5645f3daf1c0] 264 - core 163 r3060 5db6aa6 - H.264/MPEG-4 AVC codec - Copyleft 2003-2021 - http://www.videolan.org/x264.html - options: cabac=1 ref=1 deblock=1:0:0 analyse=0x1:0 me=dia subme=0 psy=1 psy_rd=1.00:0.00 mixed_ref=0 me_range=4 chroma_me=0 trellis=0 8x8dct=0 cqm=0 deadzone=21,11 fast_pskip=1 chroma_qp_offset=0 threads=6 lookahead_threads=1 sliced_threads=0 nr=0 decimate=1 interlaced=0 bluray_compat=0 constrained_intra=0 bframes=3 b_pyramid=2 b_adapt=1 b_bias=0 direct=1 weightb=1 open_gop=0 weightp=1 keyint=250 keyint_min=25 scenecut=0 intra_refresh=0 rc_lookahead=10 rc=crf mbtree=1 crf=23.0 qcomp=0.60 qpmin=0 qpmax=69 qpstep=4 vbv_maxrate=5102 vbv_bufsize=10204 crf_max=0.0 nal_hrd=none filler=0 ip_ratio=1.40 aq=1:1.00
Output #0, hls, to '/config/data/transcodes/7b36cba2956ef561acbfcc22615a95d2.m3u8':
  Metadata:
    encoder         : Lavf59.27.100
  Stream #0:0: Video: h264, yuv420p(tv, bt709, progressive), 1276x720 [SAR 1:1 DAR 319:180], q=2-31, 25 fps, 90k tbn (default)
    Metadata:
      encoder         : Lavc59.37.100 libx264
    Side data:
      cpb: bitrate max/min/avg: 5102000/0/0 buffer size: 10204000 vbv_delay: N/A
  Stream #0:1: Audio: aac (LC) (mp4a / 0x6134706D), 48000 Hz, stereo, fltp, 129 kb/s (default)
frame=    1 fps=0.0 q=0.0 size=N/A time=00:00:00.00 bitrate=N/A speed=   0x    
frame=   63 fps=0.0 q=28.0 size=N/A time=00:00:02.49 bitrate=N/A speed=4.18x    
frame=  110 fps=100 q=28.0 size=N/A time=00:00:04.37 bitrate=N/A speed=3.96x    
frame=  129 fps= 80 q=28.0 size=N/A time=00:00:05.14 bitrate=N/A speed= 3.2x    
frame=  147 fps= 69 q=28.0 size=N/A time=00:00:05.86 bitrate=N/A speed=2.77x    
frame=  173 fps= 66 q=28.0 size=N/A time=00:00:06.91 bitrate=N/A speed=2.64x    
frame=  209 fps= 67 q=28.0 size=N/A time=00:00:08.34 bitrate=N/A speed=2.67x    
frame=  229 fps= 62 q=28.0 size=N/A time=00:00:09.15 bitrate=N/A speed=2.47x    
frame=  254 fps= 60 q=28.0 size=N/A time=00:00:10.13 bitrate=N/A speed= 2.4x    
[hls @ 0x5645f3dac640] Opening '/config/data/transcodes/7b36cba2956ef561acbfcc22615a95d2128.ts' for writing
frame=  271 fps= 54 q=28.0 size=N/A time=00:00:10.81 bitrate=N/A speed=2.15x    
frame=  289 fps= 52 q=28.0 size=N/A time=00:00:11.54 bitrate=N/A speed=2.08x    
frame=  305 fps= 51 q=28.0 size=N/A time=00:00:12.18 bitrate=N/A speed=2.02x    
frame=  321 fps= 49 q=28.0 size=N/A time=00:00:12.82 bitrate=N/A speed=1.96x    
frame=  341 fps= 48 q=28.0 size=N/A time=00:00:13.63 bitrate=N/A speed=1.93x    
frame=  356 fps= 47 q=28.0 size=N/A time=00:00:14.22 bitrate=N/A speed=1.87x    
frame=  380 fps= 47 q=28.0 size=N/A time=00:00:15.18 bitrate=N/A speed=1.87x    
frame=  404 fps= 47 q=28.0 size=N/A time=00:00:16.14 bitrate=N/A speed=1.87x    
frame=  430 fps= 47 q=28.0 size=N/A time=00:00:17.17 bitrate=N/A speed=1.88x    
frame=  459 fps= 48 q=28.0 size=N/A time=00:00:18.34 bitrate=N/A speed= 1.9x    
frame=  481 fps= 47 q=28.0 size=N/A time=00:00:19.22 bitrate=N/A speed= 1.9x    
frame=  504 fps= 47 q=28.0 size=N/A time=00:00:20.13 bitrate=N/A speed=1.89x    
[hls @ 0x5645f3dac640] Opening '/config/data/transcodes/7b36cba2956ef561acbfcc22615a95d2129.ts' for writing
frame=  521 fps= 46 q=28.0 size=N/A time=00:00:20.82 bitrate=N/A speed=1.83x    
frame=  548 fps= 46 q=28.0 size=N/A time=00:00:21.90 bitrate=N/A speed=1.85x    
frame=  576 fps= 47 q=28.0 size=N/A time=00:00:23.01 bitrate=N/A speed=1.86x    
frame=  607 fps= 47 q=28.0 size=N/A time=00:00:24.25 bitrate=N/A speed=1.89x    
frame=  627 fps= 47 q=28.0 size=N/A time=00:00:25.06 bitrate=N/A speed=1.88x    
frame=  653 fps= 47 q=28.0 size=N/A time=00:00:26.11 bitrate=N/A speed=1.88x    
frame=  673 fps= 47 q=28.0 size=N/A time=00:00:26.90 bitrate=N/A speed=1.87x    
frame=  694 fps= 47 q=28.0 size=N/A time=00:00:27.73 bitrate=N/A speed=1.86x    
frame=  710 fps= 46 q=28.0 size=N/A time=00:00:28.37 bitrate=N/A speed=1.84x    
frame=  728 fps= 46 q=28.0 size=N/A time=00:00:29.09 bitrate=N/A speed=1.83x    
frame=  746 fps= 45 q=28.0 size=N/A time=00:00:29.82 bitrate=N/A speed=1.81x    
frame=  754 fps= 44 q=28.0 size=N/A time=00:00:30.14 bitrate=N/A speed=1.78x    
frame=  763 fps= 43 q=28.0 size=N/A time=00:00:30.50 bitrate=N/A speed=1.74x    
[hls @ 0x5645f3dac640] Opening '/config/data/transcodes/7b36cba2956ef561acbfcc22615a95d2130.ts' for writing
frame=  778 fps= 43 q=28.0 size=N/A time=00:00:31.10 bitrate=N/A speed=1.72x    
frame=  797 fps= 43 q=28.0 size=N/A time=00:00:31.87 bitrate=N/A speed=1.71x    
frame=  819 fps= 43 q=28.0 size=N/A time=00:00:32.74 bitrate=N/A speed=1.71x    
frame=  847 fps= 43 q=28.0 size=N/A time=00:00:33.85 bitrate=N/A speed=1.73x    
frame=  868 fps= 43 q=28.0 size=N/A time=00:00:34.70 bitrate=N/A speed=1.73x    
frame=  895 fps= 43 q=28.0 size=N/A time=00:00:35.77 bitrate=N/A speed=1.73x    
frame=  922 fps= 44 q=28.0 size=N/A time=00:00:36.86 bitrate=N/A speed=1.74x    
frame=  955 fps= 44 q=28.0 size=N/A time=00:00:38.18 bitrate=N/A speed=1.76x    
frame=  972 fps= 44 q=28.0 size=N/A time=00:00:38.86 bitrate=N/A speed=1.75x    
frame=  988 fps= 43 q=28.0 size=N/A time=00:00:39.50 bitrate=N/A speed=1.74x    
frame=  997 fps= 43 q=28.0 size=N/A time=00:00:39.87 bitrate=N/A speed=1.72x    
frame= 1018 fps= 43 q=28.0 size=N/A time=00:00:40.70 bitrate=N/A speed=1.71x    
[hls @ 0x5645f3dac640] Opening '/config/data/transcodes/7b36cba2956ef561acbfcc22615a95d2131.ts' for writing
frame= 1037 fps= 43 q=28.0 size=N/A time=00:00:41.47 bitrate=N/A speed=1.71x    
frame= 1055 fps= 42 q=28.0 size=N/A time=00:00:42.17 bitrate=N/A speed= 1.7x    
frame= 1072 fps= 42 q=28.0 size=N/A time=00:00:42.85 bitrate=N/A speed=1.69x    
frame= 1092 fps= 42 q=28.0 size=N/A time=00:00:43.66 bitrate=N/A speed=1.69x    
frame= 1115 fps= 42 q=28.0 size=N/A time=00:00:44.58 bitrate=N/A speed=1.69x    
frame= 1140 fps= 42 q=28.0 size=N/A time=00:00:45.58 bitrate=N/A speed= 1.7x    
frame= 1160 fps= 42 q=28.0 size=N/A time=00:00:46.37 bitrate=N/A speed= 1.7x    
frame= 1178 fps= 42 q=28.0 size=N/A time=00:00:47.10 bitrate=N/A speed=1.68x    
frame= 1197 fps= 42 q=28.0 size=N/A time=00:00:47.87 bitrate=N/A speed=1.68x    
frame= 1214 fps= 42 q=28.0 size=N/A time=00:00:48.53 bitrate=N/A speed=1.67x    
frame= 1233 fps= 42 q=28.0 size=N/A time=00:00:49.30 bitrate=N/A speed=1.67x    
frame= 1259 fps= 42 q=28.0 size=N/A time=00:00:50.34 bitrate=N/A speed=1.67x    
[hls @ 0x5645f3dac640] Opening '/config/data/transcodes/7b36cba2956ef561acbfcc22615a95d2132.ts' for writing
frame= 1275 fps= 42 q=28.0 size=N/A time=00:00:50.98 bitrate=N/A speed=1.66x    
frame= 1296 fps= 42 q=28.0 size=N/A time=00:00:51.81 bitrate=N/A speed=1.66x    
frame= 1318 fps= 42 q=28.0 size=N/A time=00:00:52.69 bitrate=N/A speed=1.66x    
frame= 1340 fps= 42 q=28.0 size=N/A time=00:00:53.58 bitrate=N/A speed=1.67x    
frame= 1361 fps= 42 q=28.0 size=N/A time=00:00:54.42 bitrate=N/A speed=1.67x    
frame= 1394 fps= 42 q=28.0 size=N/A time=00:00:55.74 bitrate=N/A speed=1.68x    
frame= 1430 fps= 42 q=28.0 size=N/A time=00:00:57.17 bitrate=N/A speed= 1.7x    
frame= 1445 fps= 42 q=28.0 size=N/A time=00:00:57.79 bitrate=N/A speed=1.69x    
frame= 1467 fps= 42 q=28.0 size=N/A time=00:00:58.66 bitrate=N/A speed=1.69x    
frame= 1487 fps= 42 q=28.0 size=N/A time=00:00:59.45 bitrate=N/A speed=1.68x    
frame= 1505 fps= 42 q=28.0 size=N/A time=00:01:00.18 bitrate=N/A speed=1.68x    
[hls @ 0x5645f3dac640] Opening '/config/data/transcodes/7b36cba2956ef561acbfcc22615a95d2133.ts' for writing
frame= 1521 fps= 42 q=28.0 size=N/A time=00:01:00.82 bitrate=N/A speed=1.67x    
frame= 1541 fps= 42 q=28.0 size=N/A time=00:01:01.63 bitrate=N/A speed=1.67x    
frame= 1571 fps= 42 q=28.0 size=N/A time=00:01:02.82 bitrate=N/A speed=1.68x    
frame= 1600 fps= 42 q=28.0 size=N/A time=00:01:03.97 bitrate=N/A speed=1.68x    
frame= 1622 fps= 42 q=28.0 size=N/A time=00:01:04.85 bitrate=N/A speed=1.68x    
frame= 1639 fps= 42 q=28.0 size=N/A time=00:01:05.53 bitrate=N/A speed=1.68x    
frame= 1659 fps= 42 q=28.0 size=N/A time=00:01:06.34 bitrate=N/A speed=1.68x    
frame= 1689 fps= 42 q=28.0 size=N/A time=00:01:07.54 bitrate=N/A speed=1.68x    
frame= 1715 fps= 42 q=28.0 size=N/A time=00:01:08.58 bitrate=N/A speed=1.69x    
frame= 1739 fps= 42 q=28.0 size=N/A time=00:01:09.54 bitrate=N/A speed=1.69x    
[hls @ 0x5645f3dac640] Opening '/config/data/transcodes/7b36cba2956ef561acbfcc22615a95d2134.ts' for writing
frame= 1780 fps= 43 q=28.0 size=N/A time=00:01:11.18 bitrate=N/A speed=1.71x    
frame= 1826 fps= 43 q=28.0 size=N/A time=00:01:13.02 bitrate=N/A speed=1.73x    
frame= 1860 fps= 44 q=28.0 size=N/A time=00:01:14.38 bitrate=N/A speed=1.75x    
frame= 1881 fps= 44 q=28.0 size=N/A time=00:01:15.22 bitrate=N/A speed=1.74x    
frame= 1904 fps= 44 q=28.0 size=N/A time=00:01:16.13 bitrate=N/A speed=1.74x    
frame= 1926 fps= 44 q=28.0 size=N/A time=00:01:17.01 bitrate=N/A speed=1.74x    
frame= 1951 fps= 44 q=28.0 size=N/A time=00:01:18.01 bitrate=N/A speed=1.74x    
frame= 1981 fps= 44 q=28.0 size=N/A time=00:01:19.23 bitrate=N/A speed=1.75x    
frame= 2012 fps= 44 q=28.0 size=N/A time=00:01:20.46 bitrate=N/A speed=1.76x    
[hls @ 0x5645f3dac640] Opening '/config/data/transcodes/7b36cba2956ef561acbfcc22615a95d2135.ts' for writing
frame= 2037 fps= 44 q=28.0 size=N/A time=00:01:21.47 bitrate=N/A speed=1.76x    
frame= 2066 fps= 44 q=28.0 size=N/A time=00:01:22.62 bitrate=N/A speed=1.76x    
frame= 2095 fps= 44 q=28.0 size=N/A time=00:01:23.77 bitrate=N/A speed=1.77x    
frame= 2134 fps= 45 q=28.0 size=N/A time=00:01:25.33 bitrate=N/A speed=1.78x    
frame= 2172 fps= 45 q=28.0 size=N/A time=00:01:26.86 bitrate=N/A speed= 1.8x    
frame= 2210 fps= 45 q=28.0 size=N/A time=00:01:28.38 bitrate=N/A speed=1.81x    
frame= 2241 fps= 45 q=28.0 size=N/A time=00:01:29.62 bitrate=N/A speed=1.81x    
[hls @ 0x5645f3dac640] Opening '/config/data/transcodes/7b36cba2956ef561acbfcc22615a95d2136.ts' for writing
frame= 2279 fps= 46 q=28.0 size=N/A time=00:01:31.13 bitrate=N/A speed=1.82x    
frame= 2315 fps= 46 q=28.0 size=N/A time=00:01:32.58 bitrate=N/A speed=1.84x    
frame= 2353 fps= 46 q=28.0 size=N/A time=00:01:34.10 bitrate=N/A speed=1.85x    
frame= 2390 fps= 46 q=28.0 size=N/A time=00:01:35.57 bitrate=N/A speed=1.86x    
frame= 2426 fps= 47 q=28.0 size=N/A time=00:01:37.02 bitrate=N/A speed=1.87x    
frame= 2465 fps= 47 q=28.0 size=N/A time=00:01:38.58 bitrate=N/A speed=1.88x    
frame= 2499 fps= 47 q=28.0 size=N/A time=00:01:39.94 bitrate=N/A speed=1.88x    
[hls @ 0x5645f3dac640] Opening '/config/data/transcodes/7b36cba2956ef561acbfcc22615a95d2137.ts' for writing
frame= 2531 fps= 47 q=28.0 size=N/A time=00:01:41.22 bitrate=N/A speed=1.89x    
frame= 2563 fps= 47 q=28.0 size=N/A time=00:01:42.50 bitrate=N/A speed= 1.9x    
frame= 2593 fps= 48 q=28.0 size=N/A time=00:01:43.70 bitrate=N/A speed= 1.9x    
frame= 2629 fps= 48 q=28.0 size=N/A time=00:01:45.15 bitrate=N/A speed=1.91x    
frame= 2662 fps= 48 q=28.0 size=N/A time=00:01:46.45 bitrate=N/A speed=1.91x    
frame= 2692 fps= 48 q=28.0 size=N/A time=00:01:47.66 bitrate=N/A speed=1.92x    
frame= 2719 fps= 48 q=28.0 size=N/A time=00:01:48.73 bitrate=N/A speed=1.92x    
frame= 2756 fps= 48 q=28.0 size=N/A time=00:01:50.22 bitrate=N/A speed=1.93x    
[hls @ 0x5645f3dac640] Opening '/config/data/transcodes/7b36cba2956ef561acbfcc22615a95d2138.ts' for writing
frame= 2777 fps= 48 q=28.0 size=N/A time=00:01:51.06 bitrate=N/A speed=1.93x    
frame= 2803 fps= 48 q=28.0 size=N/A time=00:01:52.10 bitrate=N/A speed=1.93x    
frame= 2839 fps= 48 q=28.0 size=N/A time=00:01:53.53 bitrate=N/A speed=1.94x    
frame= 2873 fps= 49 q=28.0 size=N/A time=00:01:54.90 bitrate=N/A speed=1.94x    
frame= 2905 fps= 49 q=28.0 size=N/A time=00:01:56.18 bitrate=N/A speed=1.95x    
frame= 2931 fps= 49 q=28.0 size=N/A time=00:01:57.22 bitrate=N/A speed=1.95x    
frame= 2967 fps= 49 q=28.0 size=N/A time=00:01:58.65 bitrate=N/A speed=1.95x    
frame= 2997 fps= 49 q=28.0 size=N/A time=00:01:59.87 bitrate=N/A speed=1.96x    
[hls @ 0x5645f3dac640] Opening '/config/data/transcodes/7b36cba2956ef561acbfcc22615a95d2139.ts' for writing
frame= 3021 fps= 49 q=28.0 size=N/A time=00:02:00.83 bitrate=N/A speed=1.96x    
frame= 3046 fps= 49 q=28.0 size=N/A time=00:02:01.81 bitrate=N/A speed=1.96x    
frame= 3070 fps= 49 q=28.0 size=N/A time=00:02:02.77 bitrate=N/A speed=1.96x    
frame= 3104 fps= 49 q=28.0 size=N/A time=00:02:04.13 bitrate=N/A speed=1.96x    
frame= 3145 fps= 49 q=28.0 size=N/A time=00:02:05.78 bitrate=N/A speed=1.97x    
frame= 3172 fps= 49 q=28.0 size=N/A time=00:02:06.86 bitrate=N/A speed=1.97x    
frame= 3201 fps= 49 q=28.0 size=N/A time=00:02:08.02 bitrate=N/A speed=1.98x    
frame= 3236 fps= 50 q=28.0 size=N/A time=00:02:09.42 bitrate=N/A speed=1.98x    
[hls @ 0x5645f3dac640] Opening '/config/data/transcodes/7b36cba2956ef561acbfcc22615a95d2140.ts' for writing
frame= 3287 fps= 50 q=28.0 size=N/A time=00:02:11.45 bitrate=N/A speed=   2x    
frame= 3329 fps= 50 q=28.0 size=N/A time=00:02:13.14 bitrate=N/A speed=2.01x    
frame= 3355 fps= 50 q=28.0 size=N/A time=00:02:14.18 bitrate=N/A speed=2.01x    
frame= 3379 fps= 50 q=28.0 size=N/A time=00:02:15.14 bitrate=N/A speed=2.01x    
frame= 3407 fps= 50 q=28.0 size=N/A time=00:02:16.25 bitrate=N/A speed=2.01x    
frame= 3444 fps= 50 q=28.0 size=N/A time=00:02:17.74 bitrate=N/A speed=2.01x    
frame= 3471 fps= 50 q=28.0 size=N/A time=00:02:18.81 bitrate=N/A speed=2.01x    
frame= 3495 fps= 50 q=28.0 size=N/A time=00:02:19.77 bitrate=N/A speed=2.01x    
frame= 3518 fps= 50 q=28.0 size=N/A time=00:02:20.69 bitrate=N/A speed=2.01x    
[hls @ 0x5645f3dac640] Opening '/config/data/transcodes/7b36cba2956ef561acbfcc22615a95d2141.ts' for writing


[q] command received. Exiting.

[hls @ 0x5645f3dac640] Opening '/config/data/transcodes/7b36cba2956ef561acbfcc22615a95d2142.ts' for writing
frame= 3533 fps= 50 q=-1.0 Lsize=N/A time=00:02:21.29 bitrate=N/A speed=2.01x    
video:23426kB audio:2255kB subtitle:0kB other streams:0kB global headers:0kB muxing overhead: unknown
[libx264 @ 0x5645f3daf1c0] frame I:15    Avg QP:18.92  size: 48867
[libx264 @ 0x5645f3daf1c0] frame P:1070  Avg QP:21.87  size: 15002
[libx264 @ 0x5645f3daf1c0] frame B:2448  Avg QP:25.45  size:  2942
[libx264 @ 0x5645f3daf1c0] consecutive B-frames:  2.3% 15.2%  2.1% 80.4%
[libx264 @ 0x5645f3daf1c0] mb I  I16..4: 20.5%  0.0% 79.5%
[libx264 @ 0x5645f3daf1c0] mb P  I16..4: 17.9%  0.0%  0.0%  P16..4: 56.4%  0.0%  0.0%  0.0%  0.0%    skip:25.7%
[libx264 @ 0x5645f3daf1c0] mb B  I16..4:  1.8%  0.0%  0.0%  B16..8: 20.4%  0.0%  0.0%  direct: 3.5%  skip:74.3%  L0:37.2% L1:48.8% BI:14.0%
[libx264 @ 0x5645f3daf1c0] coded y,uvDC,uvAC intra: 30.3% 48.1% 8.2% inter: 7.9% 10.9% 0.1%
[libx264 @ 0x5645f3daf1c0] i16 v,h,dc,p: 38% 24% 16% 22%
[libx264 @ 0x5645f3daf1c0] i4 v,h,dc,ddl,ddr,vr,hd,vl,hu: 29% 21%  9%  9%  7%  6%  6%  6%  6%
[libx264 @ 0x5645f3daf1c0] i8c dc,h,v,p: 39% 22% 27% 12%
[libx264 @ 0x5645f3daf1c0] Weighted P-Frames: Y:2.3% UV:1.1%
[libx264 @ 0x5645f3daf1c0] kb/s:1357.93