/videos/5713ccb0-9828-9e0b-b0ac-6dde31f60311/hls1/main/231.ts

{"Protocol":0,"Id":"5713ccb098289e0bb0ac6dde31f60311","Path":"/data/tvshows/Top Gear/Season 22/Top Gear - S22E02 - Episode 2 WEBDL-720p.mkv","EncoderPath":null,"EncoderProtocol":null,"Type":0,"Container":"mkv,webm","Size":2702997248,"Name":"Top Gear - S22E02 - Episode 2 WEBDL-720p","IsRemote":false,"ETag":"9900ca18a180682f3a35975164f3f144","RunTimeTicks":35307200512,"ReadAtNativeFramerate":false,"IgnoreDts":false,"IgnoreIndex":false,"GenPtsInput":false,"SupportsTranscoding":true,"SupportsDirectStream":true,"SupportsDirectPlay":true,"IsInfiniteStream":false,"RequiresOpening":false,"OpenToken":null,"RequiresClosing":false,"LiveStreamId":null,"BufferMs":null,"RequiresLooping":false,"SupportsProbing":true,"VideoType":0,"IsoType":null,"Video3DFormat":null,"MediaStreams":[{"Codec":"subrip","CodecTag":null,"Language":"hin","ColorRange":null,"ColorSpace":null,"ColorTransfer":null,"ColorPrimaries":null,"DvVersionMajor":null,"DvVersionMinor":null,"DvProfile":null,"DvLevel":null,"RpuPresentFlag":null,"ElPresentFlag":null,"BlPresentFlag":null,"DvBlSignalCompatibilityId":null,"Comment":null,"TimeBase":"1/1000","CodecTimeBase":null,"Title":"en","VideoRange":null,"VideoRangeType":null,"VideoDoViTitle":null,"LocalizedUndefined":"Undefined","LocalizedDefault":"Default","LocalizedForced":"Forced","LocalizedExternal":"External","DisplayTitle":"en - Hindi - SUBRIP - External","NalLengthSize":null,"IsInterlaced":false,"IsAVC":null,"ChannelLayout":null,"BitRate":null,"BitDepth":null,"RefFrames":null,"PacketLength":null,"Channels":null,"SampleRate":null,"IsDefault":false,"IsForced":false,"Height":null,"Width":null,"AverageFrameRate":null,"RealFrameRate":null,"Profile":null,"Type":2,"AspectRatio":null,"Index":0,"Score":null,"IsExternal":true,"DeliveryMethod":null,"DeliveryUrl":null,"IsExternalUrl":null,"IsTextSubtitleStream":true,"SupportsExternalStream":true,"Path":"/data/tvshows/Top Gear/Season 22/Top Gear - S22E02 - Episode 2 WEBDL-720p.en.hi.srt","PixelFormat":null,"Level":0,"IsAnamorphic":null},{"Codec":"h264","CodecTag":null,"Language":"eng","ColorRange":null,"ColorSpace":"bt709","ColorTransfer":"bt709","ColorPrimaries":"bt709","DvVersionMajor":null,"DvVersionMinor":null,"DvProfile":null,"DvLevel":null,"RpuPresentFlag":null,"ElPresentFlag":null,"BlPresentFlag":null,"DvBlSignalCompatibilityId":null,"Comment":null,"TimeBase":"1/1000","CodecTimeBase":null,"Title":null,"VideoRange":"SDR","VideoRangeType":"SDR","VideoDoViTitle":null,"LocalizedUndefined":null,"LocalizedDefault":null,"LocalizedForced":null,"LocalizedExternal":null,"DisplayTitle":"720p H264 SDR","NalLengthSize":"4","IsInterlaced":false,"IsAVC":true,"ChannelLayout":null,"BitRate":6124523,"BitDepth":8,"RefFrames":1,"PacketLength":null,"Channels":null,"SampleRate":null,"IsDefault":true,"IsForced":false,"Height":720,"Width":1280,"AverageFrameRate":25,"RealFrameRate":25,"Profile":"High","Type":1,"AspectRatio":"16:9","Index":1,"Score":null,"IsExternal":false,"DeliveryMethod":null,"DeliveryUrl":null,"IsExternalUrl":null,"IsTextSubtitleStream":false,"SupportsExternalStream":false,"Path":null,"PixelFormat":"yuv420p","Level":31,"IsAnamorphic":null},{"Codec":"eac3","CodecTag":null,"Language":"eng","ColorRange":null,"ColorSpace":null,"ColorTransfer":null,"ColorPrimaries":null,"DvVersionMajor":null,"DvVersionMinor":null,"DvProfile":null,"DvLevel":null,"RpuPresentFlag":null,"ElPresentFlag":null,"BlPresentFlag":null,"DvBlSignalCompatibilityId":null,"Comment":null,"TimeBase":"1/1000","CodecTimeBase":null,"Title":"English","VideoRange":null,"VideoRangeType":null,"VideoDoViTitle":null,"LocalizedUndefined":null,"LocalizedDefault":null,"LocalizedForced":null,"LocalizedExternal":null,"DisplayTitle":"English - Dolby Digital\u002B - Stereo - Default","NalLengthSize":null,"IsInterlaced":false,"IsAVC":null,"ChannelLayout":"stereo","BitRate":224000,"BitDepth":null,"RefFrames":null,"PacketLength":null,"Channels":2,"SampleRate":48000,"IsDefault":true,"IsForced":false,"Height":null,"Width":null,"AverageFrameRate":null,"RealFrameRate":null,"Profile":null,"Type":0,"AspectRatio":null,"Index":2,"Score":null,"IsExternal":false,"DeliveryMethod":null,"DeliveryUrl":null,"IsExternalUrl":null,"IsTextSubtitleStream":false,"SupportsExternalStream":false,"Path":null,"PixelFormat":null,"Level":0,"IsAnamorphic":null},{"Codec":"subrip","CodecTag":null,"Language":"eng","ColorRange":null,"ColorSpace":null,"ColorTransfer":null,"ColorPrimaries":null,"DvVersionMajor":null,"DvVersionMinor":null,"DvProfile":null,"DvLevel":null,"RpuPresentFlag":null,"ElPresentFlag":null,"BlPresentFlag":null,"DvBlSignalCompatibilityId":null,"Comment":null,"TimeBase":"1/1000","CodecTimeBase":null,"Title":"English (SDH)","VideoRange":null,"VideoRangeType":null,"VideoDoViTitle":null,"LocalizedUndefined":"Undefined","LocalizedDefault":"Default","LocalizedForced":"Forced","LocalizedExternal":"External","DisplayTitle":"English (SDH) - SUBRIP","NalLengthSize":null,"IsInterlaced":false,"IsAVC":null,"ChannelLayout":null,"BitRate":null,"BitDepth":null,"RefFrames":null,"PacketLength":null,"Channels":null,"SampleRate":null,"IsDefault":false,"IsForced":false,"Height":null,"Width":null,"AverageFrameRate":null,"RealFrameRate":null,"Profile":null,"Type":2,"AspectRatio":null,"Index":3,"Score":null,"IsExternal":false,"DeliveryMethod":null,"DeliveryUrl":null,"IsExternalUrl":null,"IsTextSubtitleStream":true,"SupportsExternalStream":true,"Path":null,"PixelFormat":null,"Level":0,"IsAnamorphic":null}],"MediaAttachments":[],"Formats":[],"Bitrate":6348523,"Timestamp":null,"RequiredHttpHeaders":{},"TranscodingUrl":null,"TranscodingSubProtocol":null,"TranscodingContainer":null,"AnalyzeDurationMs":null,"DefaultAudioStreamIndex":null,"DefaultSubtitleStreamIndex":null}

/usr/lib/jellyfin-ffmpeg/ffmpeg -analyzeduration 200M -ss 00:23:06.000 -fflags +genpts -f matroska,webm  -i file:"/data/tvshows/Top Gear/Season 22/Top Gear - S22E02 - Episode 2 WEBDL-720p.mkv" -map_metadata -1 -map_chapters -1 -threads 0 -map 0:0 -map 0:1 -map -0:s -codec:v:0 copy -bsf:v h264_mp4toannexb -start_at_zero -codec:a:0 copy -copyts -avoid_negative_ts disabled -max_muxing_queue_size 2048 -f hls -max_delay 5000000 -hls_time 6 -hls_segment_type mpegts -start_number 231 -hls_segment_filename "/data/transcodes/8604e726c364ab4ad559de37460a42ec%d.ts" -hls_playlist_type vod -hls_list_size 0 -y "/data/transcodes/8604e726c364ab4ad559de37460a42ec.m3u8"


ffmpeg version 5.1.3-Jellyfin Copyright (c) 2000-2022 the FFmpeg developers
  built with gcc 11 (Ubuntu 11.3.0-1ubuntu1~22.04.1)
  configuration: --prefix=/usr/lib/jellyfin-ffmpeg --target-os=linux --extra-libs=-lfftw3f --extra-version=Jellyfin --disable-doc --disable-ffplay --disable-ptx-compression --disable-static --disable-libxcb --disable-sdl2 --disable-xlib --enable-lto --enable-gpl --enable-version3 --enable-shared --enable-gmp --enable-gnutls --enable-chromaprint --enable-libdrm --enable-libass --enable-libfreetype --enable-libfribidi --enable-libfontconfig --enable-libbluray --enable-libmp3lame --enable-libopus --enable-libtheora --enable-libvorbis --enable-libopenmpt --enable-libdav1d --enable-libwebp --enable-libvpx --enable-libx264 --enable-libx265 --enable-libzvbi --enable-libzimg --enable-libfdk-aac --arch=amd64 --enable-libsvtav1 --enable-libshaderc --enable-libplacebo --enable-vulkan --enable-opencl --enable-vaapi --enable-amf --enable-libmfx --enable-ffnvcodec --enable-cuda --enable-cuda-llvm --enable-cuvid --enable-nvdec --enable-nvenc
  libavutil      57. 28.100 / 57. 28.100
  libavcodec     59. 37.100 / 59. 37.100
  libavformat    59. 27.100 / 59. 27.100
  libavdevice    59.  7.100 / 59.  7.100
  libavfilter     8. 44.100 /  8. 44.100
  libswscale      6.  7.100 /  6.  7.100
  libswresample   4.  7.100 /  4.  7.100
  libpostproc    56.  6.100 / 56.  6.100
Input #0, matroska,webm, from 'file:/data/tvshows/Top Gear/Season 22/Top Gear - S22E02 - Episode 2 WEBDL-720p.mkv':
  Metadata:
    encoder         : libebml v1.4.0 + libmatroska v1.6.2
  Duration: 00:58:50.72, start: 0.000000, bitrate: 6124 kb/s
  Stream #0:0(eng): Video: h264 (High), yuv420p(tv, bt709, progressive), 1280x720 [SAR 1:1 DAR 16:9], 25 fps, 25 tbr, 1k tbn (default)
    Metadata:
      BPS-eng         : 5898418
      DURATION-eng    : 00:58:50.680000000
      NUMBER_OF_FRAMES-eng: 88267
      NUMBER_OF_BYTES-eng: 2603178658
      _STATISTICS_WRITING_APP-eng: mkvmerge v51.0.0 ('I Wish') 64-bit
      _STATISTICS_WRITING_DATE_UTC-eng: 2020-12-30 10:29:32
      _STATISTICS_TAGS-eng: BPS DURATION NUMBER_OF_FRAMES NUMBER_OF_BYTES
  Stream #0:1(eng): Audio: eac3, 48000 Hz, stereo, fltp, 224 kb/s (default)
    Metadata:
      title           : English
      BPS-eng         : 224000
      DURATION-eng    : 00:58:50.720000000
      NUMBER_OF_FRAMES-eng: 110335
      NUMBER_OF_BYTES-eng: 98860160
      _STATISTICS_WRITING_APP-eng: mkvmerge v51.0.0 ('I Wish') 64-bit
      _STATISTICS_WRITING_DATE_UTC-eng: 2020-12-30 10:29:32
      _STATISTICS_TAGS-eng: BPS DURATION NUMBER_OF_FRAMES NUMBER_OF_BYTES
  Stream #0:2(eng): Subtitle: subrip
    Metadata:
      title           : English (SDH)
      BPS-eng         : 101
      DURATION-eng    : 00:58:08.800000000
      NUMBER_OF_FRAMES-eng: 1067
      NUMBER_OF_BYTES-eng: 44308
      _STATISTICS_WRITING_APP-eng: mkvmerge v51.0.0 ('I Wish') 64-bit
      _STATISTICS_WRITING_DATE_UTC-eng: 2020-12-30 10:29:32
      _STATISTICS_TAGS-eng: BPS DURATION NUMBER_OF_FRAMES NUMBER_OF_BYTES
Output #0, hls, to '/data/transcodes/8604e726c364ab4ad559de37460a42ec.m3u8':
  Metadata:
    encoder         : Lavf59.27.100
  Stream #0:0: Video: h264 (High), yuv420p(tv, bt709, progressive), 1280x720 [SAR 1:1 DAR 16:9], q=2-31, 25 fps, 25 tbr, 90k tbn (default)
  Stream #0:1: Audio: eac3, 48000 Hz, stereo, fltp, 224 kb/s (default)
Stream mapping:
  Stream #0:0 -> #0:0 (copy)
  Stream #0:1 -> #0:1 (copy)
Press [q] to stop, [?] for help
frame=    1 fps=0.0 q=-1.0 size=N/A time=-00:23:03.96 bitrate=N/A speed=N/A    
[hls @ 0x55e6de672180] Opening '/data/transcodes/8604e726c364ab4ad559de37460a42ec231.ts' for writing
[hls @ 0x55e6de672180] Opening '/data/transcodes/8604e726c364ab4ad559de37460a42ec232.ts' for writing
[hls @ 0x55e6de672180] Opening '/data/transcodes/8604e726c364ab4ad559de37460a42ec233.ts' for writing
[hls @ 0x55e6de672180] Opening '/data/transcodes/8604e726c364ab4ad559de37460a42ec234.ts' for writing
[hls @ 0x55e6de672180] Opening '/data/transcodes/8604e726c364ab4ad559de37460a42ec235.ts' for writing
[hls @ 0x55e6de672180] Opening '/data/transcodes/8604e726c364ab4ad559de37460a42ec236.ts' for writing
[hls @ 0x55e6de672180] Opening '/data/transcodes/8604e726c364ab4ad559de37460a42ec237.ts' for writing
[hls @ 0x55e6de672180] Opening '/data/transcodes/8604e726c364ab4ad559de37460a42ec238.ts' for writing
[hls @ 0x55e6de672180] Opening '/data/transcodes/8604e726c364ab4ad559de37460a42ec239.ts' for writing
[hls @ 0x55e6de672180] Opening '/data/transcodes/8604e726c364ab4ad559de37460a42ec240.ts' for writing
[hls @ 0x55e6de672180] Opening '/data/transcodes/8604e726c364ab4ad559de37460a42ec241.ts' for writing
[hls @ 0x55e6de672180] Opening '/data/transcodes/8604e726c364ab4ad559de37460a42ec242.ts' for writing
[hls @ 0x55e6de672180] Opening '/data/transcodes/8604e726c364ab4ad559de37460a42ec243.ts' for writing
[hls @ 0x55e6de672180] Opening '/data/transcodes/8604e726c364ab4ad559de37460a42ec244.ts' for writing
[hls @ 0x55e6de672180] Opening '/data/transcodes/8604e726c364ab4ad559de37460a42ec245.ts' for writing
[hls @ 0x55e6de672180] Opening '/data/transcodes/8604e726c364ab4ad559de37460a42ec246.ts' for writing
[hls @ 0x55e6de672180] Opening '/data/transcodes/8604e726c364ab4ad559de37460a42ec247.ts' for writing
[hls @ 0x55e6de672180] Opening '/data/transcodes/8604e726c364ab4ad559de37460a42ec248.ts' for writing
[hls @ 0x55e6de672180] Opening '/data/transcodes/8604e726c364ab4ad559de37460a42ec249.ts' for writing
[hls @ 0x55e6de672180] Opening '/data/transcodes/8604e726c364ab4ad559de37460a42ec250.ts' for writing
frame= 3136 fps=0.0 q=-1.0 size=N/A time=00:02:05.51 bitrate=N/A speed= 251x    
[hls @ 0x55e6de672180] Opening '/data/transcodes/8604e726c364ab4ad559de37460a42ec251.ts' for writing
[hls @ 0x55e6de672180] Opening '/data/transcodes/8604e726c364ab4ad559de37460a42ec252.ts' for writing
[hls @ 0x55e6de672180] Opening '/data/transcodes/8604e726c364ab4ad559de37460a42ec253.ts' for writing
[hls @ 0x55e6de672180] Opening '/data/transcodes/8604e726c364ab4ad559de37460a42ec254.ts' for writing
[hls @ 0x55e6de672180] Opening '/data/transcodes/8604e726c364ab4ad559de37460a42ec255.ts' for writing
[hls @ 0x55e6de672180] Opening '/data/transcodes/8604e726c364ab4ad559de37460a42ec256.ts' for writing
[hls @ 0x55e6de672180] Opening '/data/transcodes/8604e726c364ab4ad559de37460a42ec257.ts' for writing
[hls @ 0x55e6de672180] Opening '/data/transcodes/8604e726c364ab4ad559de37460a42ec258.ts' for writing
[hls @ 0x55e6de672180] Opening '/data/transcodes/8604e726c364ab4ad559de37460a42ec259.ts' for writing
[hls @ 0x55e6de672180] Opening '/data/transcodes/8604e726c364ab4ad559de37460a42ec260.ts' for writing
[hls @ 0x55e6de672180] Opening '/data/transcodes/8604e726c364ab4ad559de37460a42ec261.ts' for writing
[hls @ 0x55e6de672180] Opening '/data/transcodes/8604e726c364ab4ad559de37460a42ec262.ts' for writing
[hls @ 0x55e6de672180] Opening '/data/transcodes/8604e726c364ab4ad559de37460a42ec263.ts' for writing
[hls @ 0x55e6de672180] Opening '/data/transcodes/8604e726c364ab4ad559de37460a42ec264.ts' for writing
[hls @ 0x55e6de672180] Opening '/data/transcodes/8604e726c364ab4ad559de37460a42ec265.ts' for writing
[hls @ 0x55e6de672180] Opening '/data/transcodes/8604e726c364ab4ad559de37460a42ec266.ts' for writing
[hls @ 0x55e6de672180] Opening '/data/transcodes/8604e726c364ab4ad559de37460a42ec267.ts' for writing
[hls @ 0x55e6de672180] Opening '/data/transcodes/8604e726c364ab4ad559de37460a42ec268.ts' for writing
[hls @ 0x55e6de672180] Opening '/data/transcodes/8604e726c364ab4ad559de37460a42ec269.ts' for writing
[hls @ 0x55e6de672180] Opening '/data/transcodes/8604e726c364ab4ad559de37460a42ec270.ts' for writing
[hls @ 0x55e6de672180] Opening '/data/transcodes/8604e726c364ab4ad559de37460a42ec271.ts' for writing
[hls @ 0x55e6de672180] Opening '/data/transcodes/8604e726c364ab4ad559de37460a42ec272.ts' for writing
[hls @ 0x55e6de672180] Opening '/data/transcodes/8604e726c364ab4ad559de37460a42ec273.ts' for writing
[hls @ 0x55e6de672180] Opening '/data/transcodes/8604e726c364ab4ad559de37460a42ec274.ts' for writing
[hls @ 0x55e6de672180] Opening '/data/transcodes/8604e726c364ab4ad559de37460a42ec275.ts' for writing
[hls @ 0x55e6de672180] Opening '/data/transcodes/8604e726c364ab4ad559de37460a42ec276.ts' for writing
frame= 7047 fps=7047 q=-1.0 size=N/A time=00:04:41.99 bitrate=N/A speed= 282x    
[hls @ 0x55e6de672180] Opening '/data/transcodes/8604e726c364ab4ad559de37460a42ec277.ts' for writing
[hls @ 0x55e6de672180] Opening '/data/transcodes/8604e726c364ab4ad559de37460a42ec278.ts' for writing
[hls @ 0x55e6de672180] Opening '/data/transcodes/8604e726c364ab4ad559de37460a42ec279.ts' for writing
[hls @ 0x55e6de672180] Opening '/data/transcodes/8604e726c364ab4ad559de37460a42ec280.ts' for writing
[hls @ 0x55e6de672180] Opening '/data/transcodes/8604e726c364ab4ad559de37460a42ec281.ts' for writing
[hls @ 0x55e6de672180] Opening '/data/transcodes/8604e726c364ab4ad559de37460a42ec282.ts' for writing
[hls @ 0x55e6de672180] Opening '/data/transcodes/8604e726c364ab4ad559de37460a42ec283.ts' for writing
[hls @ 0x55e6de672180] Opening '/data/transcodes/8604e726c364ab4ad559de37460a42ec284.ts' for writing
[hls @ 0x55e6de672180] Opening '/data/transcodes/8604e726c364ab4ad559de37460a42ec285.ts' for writing
[hls @ 0x55e6de672180] Opening '/data/transcodes/8604e726c364ab4ad559de37460a42ec286.ts' for writing
[hls @ 0x55e6de672180] Opening '/data/transcodes/8604e726c364ab4ad559de37460a42ec287.ts' for writing
[hls @ 0x55e6de672180] Opening '/data/transcodes/8604e726c364ab4ad559de37460a42ec288.ts' for writing
[hls @ 0x55e6de672180] Opening '/data/transcodes/8604e726c364ab4ad559de37460a42ec289.ts' for writing
[hls @ 0x55e6de672180] Opening '/data/transcodes/8604e726c364ab4ad559de37460a42ec290.ts' for writing
[hls @ 0x55e6de672180] Opening '/data/transcodes/8604e726c364ab4ad559de37460a42ec291.ts' for writing
[hls @ 0x55e6de672180] Opening '/data/transcodes/8604e726c364ab4ad559de37460a42ec292.ts' for writing
[hls @ 0x55e6de672180] Opening '/data/transcodes/8604e726c364ab4ad559de37460a42ec293.ts' for writing
[hls @ 0x55e6de672180] Opening '/data/transcodes/8604e726c364ab4ad559de37460a42ec294.ts' for writing
[hls @ 0x55e6de672180] Opening '/data/transcodes/8604e726c364ab4ad559de37460a42ec295.ts' for writing
[hls @ 0x55e6de672180] Opening '/data/transcodes/8604e726c364ab4ad559de37460a42ec296.ts' for writing
[hls @ 0x55e6de672180] Opening '/data/transcodes/8604e726c364ab4ad559de37460a42ec297.ts' for writing
[hls @ 0x55e6de672180] Opening '/data/transcodes/8604e726c364ab4ad559de37460a42ec298.ts' for writing
[hls @ 0x55e6de672180] Opening '/data/transcodes/8604e726c364ab4ad559de37460a42ec299.ts' for writing
[hls @ 0x55e6de672180] Opening '/data/transcodes/8604e726c364ab4ad559de37460a42ec300.ts' for writing
frame=10501 fps=6985 q=-1.0 size=N/A time=00:07:00.00 bitrate=N/A speed= 279x    
[hls @ 0x55e6de672180] Opening '/data/transcodes/8604e726c364ab4ad559de37460a42ec301.ts' for writing
[hls @ 0x55e6de672180] Opening '/data/transcodes/8604e726c364ab4ad559de37460a42ec302.ts' for writing
[hls @ 0x55e6de672180] Opening '/data/transcodes/8604e726c364ab4ad559de37460a42ec303.ts' for writing
[hls @ 0x55e6de672180] Opening '/data/transcodes/8604e726c364ab4ad559de37460a42ec304.ts' for writing
[hls @ 0x55e6de672180] Opening '/data/transcodes/8604e726c364ab4ad559de37460a42ec305.ts' for writing
[hls @ 0x55e6de672180] Opening '/data/transcodes/8604e726c364ab4ad559de37460a42ec306.ts' for writing
[hls @ 0x55e6de672180] Opening '/data/transcodes/8604e726c364ab4ad559de37460a42ec307.ts' for writing
[hls @ 0x55e6de672180] Opening '/data/transcodes/8604e726c364ab4ad559de37460a42ec308.ts' for writing
[hls @ 0x55e6de672180] Opening '/data/transcodes/8604e726c364ab4ad559de37460a42ec309.ts' for writing
[hls @ 0x55e6de672180] Opening '/data/transcodes/8604e726c364ab4ad559de37460a42ec310.ts' for writing
[hls @ 0x55e6de672180] Opening '/data/transcodes/8604e726c364ab4ad559de37460a42ec311.ts' for writing
[hls @ 0x55e6de672180] Opening '/data/transcodes/8604e726c364ab4ad559de37460a42ec312.ts' for writing
[hls @ 0x55e6de672180] Opening '/data/transcodes/8604e726c364ab4ad559de37460a42ec313.ts' for writing
[hls @ 0x55e6de672180] Opening '/data/transcodes/8604e726c364ab4ad559de37460a42ec314.ts' for writing
[hls @ 0x55e6de672180] Opening '/data/transcodes/8604e726c364ab4ad559de37460a42ec315.ts' for writing
[hls @ 0x55e6de672180] Opening '/data/transcodes/8604e726c364ab4ad559de37460a42ec316.ts' for writing
[hls @ 0x55e6de672180] Opening '/data/transcodes/8604e726c364ab4ad559de37460a42ec317.ts' for writing
[hls @ 0x55e6de672180] Opening '/data/transcodes/8604e726c364ab4ad559de37460a42ec318.ts' for writing
[hls @ 0x55e6de672180] Opening '/data/transcodes/8604e726c364ab4ad559de37460a42ec319.ts' for writing
[hls @ 0x55e6de672180] Opening '/data/transcodes/8604e726c364ab4ad559de37460a42ec320.ts' for writing
[hls @ 0x55e6de672180] Opening '/data/transcodes/8604e726c364ab4ad559de37460a42ec321.ts' for writing
[hls @ 0x55e6de672180] Opening '/data/transcodes/8604e726c364ab4ad559de37460a42ec322.ts' for writing
[hls @ 0x55e6de672180] Opening '/data/transcodes/8604e726c364ab4ad559de37460a42ec323.ts' for writing
[hls @ 0x55e6de672180] Opening '/data/transcodes/8604e726c364ab4ad559de37460a42ec324.ts' for writing
[hls @ 0x55e6de672180] Opening '/data/transcodes/8604e726c364ab4ad559de37460a42ec325.ts' for writing
[hls @ 0x55e6de672180] Opening '/data/transcodes/8604e726c364ab4ad559de37460a42ec326.ts' for writing
[hls @ 0x55e6de672180] Opening '/data/transcodes/8604e726c364ab4ad559de37460a42ec327.ts' for writing
frame=14604 fps=7290 q=-1.0 size=N/A time=00:09:44.23 bitrate=N/A speed= 292x    
[hls @ 0x55e6de672180] Opening '/data/transcodes/8604e726c364ab4ad559de37460a42ec328.ts' for writing
[hls @ 0x55e6de672180] Opening '/data/transcodes/8604e726c364ab4ad559de37460a42ec329.ts' for writing
[hls @ 0x55e6de672180] Opening '/data/transcodes/8604e726c364ab4ad559de37460a42ec330.ts' for writing
[hls @ 0x55e6de672180] Opening '/data/transcodes/8604e726c364ab4ad559de37460a42ec331.ts' for writing
[hls @ 0x55e6de672180] Opening '/data/transcodes/8604e726c364ab4ad559de37460a42ec332.ts' for writing
[hls @ 0x55e6de672180] Opening '/data/transcodes/8604e726c364ab4ad559de37460a42ec333.ts' for writing
[hls @ 0x55e6de672180] Opening '/data/transcodes/8604e726c364ab4ad559de37460a42ec334.ts' for writing
[hls @ 0x55e6de672180] Opening '/data/transcodes/8604e726c364ab4ad559de37460a42ec335.ts' for writing
[hls @ 0x55e6de672180] Opening '/data/transcodes/8604e726c364ab4ad559de37460a42ec336.ts' for writing
[hls @ 0x55e6de672180] Opening '/data/transcodes/8604e726c364ab4ad559de37460a42ec337.ts' for writing
[hls @ 0x55e6de672180] Opening '/data/transcodes/8604e726c364ab4ad559de37460a42ec338.ts' for writing
[hls @ 0x55e6de672180] Opening '/data/transcodes/8604e726c364ab4ad559de37460a42ec339.ts' for writing
[hls @ 0x55e6de672180] Opening '/data/transcodes/8604e726c364ab4ad559de37460a42ec340.ts' for writing
[hls @ 0x55e6de672180] Opening '/data/transcodes/8604e726c364ab4ad559de37460a42ec341.ts' for writing
[hls @ 0x55e6de672180] Opening '/data/transcodes/8604e726c364ab4ad559de37460a42ec342.ts' for writing
[hls @ 0x55e6de672180] Opening '/data/transcodes/8604e726c364ab4ad559de37460a42ec343.ts' for writing
[hls @ 0x55e6de672180] Opening '/data/transcodes/8604e726c364ab4ad559de37460a42ec344.ts' for writing
[hls @ 0x55e6de672180] Opening '/data/transcodes/8604e726c364ab4ad559de37460a42ec345.ts' for writing
[hls @ 0x55e6de672180] Opening '/data/transcodes/8604e726c364ab4ad559de37460a42ec346.ts' for writing
[hls @ 0x55e6de672180] Opening '/data/transcodes/8604e726c364ab4ad559de37460a42ec347.ts' for writing
[hls @ 0x55e6de672180] Opening '/data/transcodes/8604e726c364ab4ad559de37460a42ec348.ts' for writing
[hls @ 0x55e6de672180] Opening '/data/transcodes/8604e726c364ab4ad559de37460a42ec349.ts' for writing
[hls @ 0x55e6de672180] Opening '/data/transcodes/8604e726c364ab4ad559de37460a42ec350.ts' for writing
[hls @ 0x55e6de672180] Opening '/data/transcodes/8604e726c364ab4ad559de37460a42ec351.ts' for writing
[hls @ 0x55e6de672180] Opening '/data/transcodes/8604e726c364ab4ad559de37460a42ec352.ts' for writing
frame=18301 fps=7304 q=-1.0 size=N/A time=00:12:12.00 bitrate=N/A speed= 292x    
[hls @ 0x55e6de672180] Opening '/data/transcodes/8604e726c364ab4ad559de37460a42ec353.ts' for writing
[hls @ 0x55e6de672180] Opening '/data/transcodes/8604e726c364ab4ad559de37460a42ec354.ts' for writing
[hls @ 0x55e6de672180] Opening '/data/transcodes/8604e726c364ab4ad559de37460a42ec355.ts' for writing
[hls @ 0x55e6de672180] Opening '/data/transcodes/8604e726c364ab4ad559de37460a42ec356.ts' for writing
[hls @ 0x55e6de672180] Opening '/data/transcodes/8604e726c364ab4ad559de37460a42ec357.ts' for writing
[hls @ 0x55e6de672180] Opening '/data/transcodes/8604e726c364ab4ad559de37460a42ec358.ts' for writing
[hls @ 0x55e6de672180] Opening '/data/transcodes/8604e726c364ab4ad559de37460a42ec359.ts' for writing
[hls @ 0x55e6de672180] Opening '/data/transcodes/8604e726c364ab4ad559de37460a42ec360.ts' for writing
[hls @ 0x55e6de672180] Opening '/data/transcodes/8604e726c364ab4ad559de37460a42ec361.ts' for writing
[hls @ 0x55e6de672180] Opening '/data/transcodes/8604e726c364ab4ad559de37460a42ec362.ts' for writing
[hls @ 0x55e6de672180] Opening '/data/transcodes/8604e726c364ab4ad559de37460a42ec363.ts' for writing
[hls @ 0x55e6de672180] Opening '/data/transcodes/8604e726c364ab4ad559de37460a42ec364.ts' for writing
[hls @ 0x55e6de672180] Opening '/data/transcodes/8604e726c364ab4ad559de37460a42ec365.ts' for writing
[hls @ 0x55e6de672180] Opening '/data/transcodes/8604e726c364ab4ad559de37460a42ec366.ts' for writing
[hls @ 0x55e6de672180] Opening '/data/transcodes/8604e726c364ab4ad559de37460a42ec367.ts' for writing
[hls @ 0x55e6de672180] Opening '/data/transcodes/8604e726c364ab4ad559de37460a42ec368.ts' for writing
[hls @ 0x55e6de672180] Opening '/data/transcodes/8604e726c364ab4ad559de37460a42ec369.ts' for writing
[hls @ 0x55e6de672180] Opening '/data/transcodes/8604e726c364ab4ad559de37460a42ec370.ts' for writing
[hls @ 0x55e6de672180] Opening '/data/transcodes/8604e726c364ab4ad559de37460a42ec371.ts' for writing
[hls @ 0x55e6de672180] Opening '/data/transcodes/8604e726c364ab4ad559de37460a42ec372.ts' for writing
[hls @ 0x55e6de672180] Opening '/data/transcodes/8604e726c364ab4ad559de37460a42ec373.ts' for writing
[hls @ 0x55e6de672180] Opening '/data/transcodes/8604e726c364ab4ad559de37460a42ec374.ts' for writing
[hls @ 0x55e6de672180] Opening '/data/transcodes/8604e726c364ab4ad559de37460a42ec375.ts' for writing
[hls @ 0x55e6de672180] Opening '/data/transcodes/8604e726c364ab4ad559de37460a42ec376.ts' for writing
frame=21981 fps=7312 q=-1.0 size=N/A time=00:14:39.27 bitrate=N/A speed= 292x    
[hls @ 0x55e6de672180] Opening '/data/transcodes/8604e726c364ab4ad559de37460a42ec377.ts' for writing
[hls @ 0x55e6de672180] Opening '/data/transcodes/8604e726c364ab4ad559de37460a42ec378.ts' for writing
[hls @ 0x55e6de672180] Opening '/data/transcodes/8604e726c364ab4ad559de37460a42ec379.ts' for writing
[hls @ 0x55e6de672180] Opening '/data/transcodes/8604e726c364ab4ad559de37460a42ec380.ts' for writing
[hls @ 0x55e6de672180] Opening '/data/transcodes/8604e726c364ab4ad559de37460a42ec381.ts' for writing
[hls @ 0x55e6de672180] Opening '/data/transcodes/8604e726c364ab4ad559de37460a42ec382.ts' for writing
[hls @ 0x55e6de672180] Opening '/data/transcodes/8604e726c364ab4ad559de37460a42ec383.ts' for writing
[hls @ 0x55e6de672180] Opening '/data/transcodes/8604e726c364ab4ad559de37460a42ec384.ts' for writing
[hls @ 0x55e6de672180] Opening '/data/transcodes/8604e726c364ab4ad559de37460a42ec385.ts' for writing
[hls @ 0x55e6de672180] Opening '/data/transcodes/8604e726c364ab4ad559de37460a42ec386.ts' for writing
[hls @ 0x55e6de672180] Opening '/data/transcodes/8604e726c364ab4ad559de37460a42ec387.ts' for writing
[hls @ 0x55e6de672180] Opening '/data/transcodes/8604e726c364ab4ad559de37460a42ec388.ts' for writing
[hls @ 0x55e6de672180] Opening '/data/transcodes/8604e726c364ab4ad559de37460a42ec389.ts' for writing
[hls @ 0x55e6de672180] Opening '/data/transcodes/8604e726c364ab4ad559de37460a42ec390.ts' for writing
[hls @ 0x55e6de672180] Opening '/data/transcodes/8604e726c364ab4ad559de37460a42ec391.ts' for writing
frame=24151 fps=6886 q=-1.0 size=N/A time=00:16:06.02 bitrate=N/A speed= 275x    
[hls @ 0x55e6de672180] Opening '/data/transcodes/8604e726c364ab4ad559de37460a42ec392.ts' for writing
[hls @ 0x55e6de672180] Opening '/data/transcodes/8604e726c364ab4ad559de37460a42ec393.ts' for writing
[hls @ 0x55e6de672180] Opening '/data/transcodes/8604e726c364ab4ad559de37460a42ec394.ts' for writing
[hls @ 0x55e6de672180] Opening '/data/transcodes/8604e726c364ab4ad559de37460a42ec395.ts' for writing
[hls @ 0x55e6de672180] Opening '/data/transcodes/8604e726c364ab4ad559de37460a42ec396.ts' for writing
[hls @ 0x55e6de672180] Opening '/data/transcodes/8604e726c364ab4ad559de37460a42ec397.ts' for writing
[hls @ 0x55e6de672180] Opening '/data/transcodes/8604e726c364ab4ad559de37460a42ec398.ts' for writing
[hls @ 0x55e6de672180] Opening '/data/transcodes/8604e726c364ab4ad559de37460a42ec399.ts' for writing
[hls @ 0x55e6de672180] Opening '/data/transcodes/8604e726c364ab4ad559de37460a42ec400.ts' for writing
[hls @ 0x55e6de672180] Opening '/data/transcodes/8604e726c364ab4ad559de37460a42ec401.ts' for writing
[hls @ 0x55e6de672180] Opening '/data/transcodes/8604e726c364ab4ad559de37460a42ec402.ts' for writing
[hls @ 0x55e6de672180] Opening '/data/transcodes/8604e726c364ab4ad559de37460a42ec403.ts' for writing
[hls @ 0x55e6de672180] Opening '/data/transcodes/8604e726c364ab4ad559de37460a42ec404.ts' for writing
[hls @ 0x55e6de672180] Opening '/data/transcodes/8604e726c364ab4ad559de37460a42ec405.ts' for writing
frame=26356 fps=6569 q=-1.0 size=N/A time=00:17:34.50 bitrate=N/A speed= 263x    
[hls @ 0x55e6de672180] Opening '/data/transcodes/8604e726c364ab4ad559de37460a42ec406.ts' for writing
[hls @ 0x55e6de672180] Opening '/data/transcodes/8604e726c364ab4ad559de37460a42ec407.ts' for writing
[hls @ 0x55e6de672180] Opening '/data/transcodes/8604e726c364ab4ad559de37460a42ec408.ts' for writing
[hls @ 0x55e6de672180] Opening '/data/transcodes/8604e726c364ab4ad559de37460a42ec409.ts' for writing
[hls @ 0x55e6de672180] Opening '/data/transcodes/8604e726c364ab4ad559de37460a42ec410.ts' for writing
[hls @ 0x55e6de672180] Opening '/data/transcodes/8604e726c364ab4ad559de37460a42ec411.ts' for writing
[hls @ 0x55e6de672180] Opening '/data/transcodes/8604e726c364ab4ad559de37460a42ec412.ts' for writing
[hls @ 0x55e6de672180] Opening '/data/transcodes/8604e726c364ab4ad559de37460a42ec413.ts' for writing
[hls @ 0x55e6de672180] Opening '/data/transcodes/8604e726c364ab4ad559de37460a42ec414.ts' for writing
[hls @ 0x55e6de672180] Opening '/data/transcodes/8604e726c364ab4ad559de37460a42ec415.ts' for writing
[hls @ 0x55e6de672180] Opening '/data/transcodes/8604e726c364ab4ad559de37460a42ec416.ts' for writing
[hls @ 0x55e6de672180] Opening '/data/transcodes/8604e726c364ab4ad559de37460a42ec417.ts' for writing
[hls @ 0x55e6de672180] Opening '/data/transcodes/8604e726c364ab4ad559de37460a42ec418.ts' for writing
frame=28350 fps=6278 q=-1.0 size=N/A time=00:18:53.99 bitrate=N/A speed= 251x    
[hls @ 0x55e6de672180] Opening '/data/transcodes/8604e726c364ab4ad559de37460a42ec419.ts' for writing
[hls @ 0x55e6de672180] Opening '/data/transcodes/8604e726c364ab4ad559de37460a42ec420.ts' for writing
[hls @ 0x55e6de672180] Opening '/data/transcodes/8604e726c364ab4ad559de37460a42ec421.ts' for writing
[hls @ 0x55e6de672180] Opening '/data/transcodes/8604e726c364ab4ad559de37460a42ec422.ts' for writing
[hls @ 0x55e6de672180] Opening '/data/transcodes/8604e726c364ab4ad559de37460a42ec423.ts' for writing
[hls @ 0x55e6de672180] Opening '/data/transcodes/8604e726c364ab4ad559de37460a42ec424.ts' for writing
[hls @ 0x55e6de672180] Opening '/data/transcodes/8604e726c364ab4ad559de37460a42ec425.ts' for writing
[hls @ 0x55e6de672180] Opening '/data/transcodes/8604e726c364ab4ad559de37460a42ec426.ts' for writing
[hls @ 0x55e6de672180] Opening '/data/transcodes/8604e726c364ab4ad559de37460a42ec427.ts' for writing
[hls @ 0x55e6de672180] Opening '/data/transcodes/8604e726c364ab4ad559de37460a42ec428.ts' for writing
[hls @ 0x55e6de672180] Opening '/data/transcodes/8604e726c364ab4ad559de37460a42ec429.ts' for writing
[hls @ 0x55e6de672180] Opening '/data/transcodes/8604e726c364ab4ad559de37460a42ec430.ts' for writing
[hls @ 0x55e6de672180] Opening '/data/transcodes/8604e726c364ab4ad559de37460a42ec431.ts' for writing
frame=30228 fps=6026 q=-1.0 size=N/A time=00:20:09.25 bitrate=N/A speed= 241x    
[hls @ 0x55e6de672180] Opening '/data/transcodes/8604e726c364ab4ad559de37460a42ec432.ts' for writing
[hls @ 0x55e6de672180] Opening '/data/transcodes/8604e726c364ab4ad559de37460a42ec433.ts' for writing
[hls @ 0x55e6de672180] Opening '/data/transcodes/8604e726c364ab4ad559de37460a42ec434.ts' for writing
[hls @ 0x55e6de672180] Opening '/data/transcodes/8604e726c364ab4ad559de37460a42ec435.ts' for writing
[hls @ 0x55e6de672180] Opening '/data/transcodes/8604e726c364ab4ad559de37460a42ec436.ts' for writing
[hls @ 0x55e6de672180] Opening '/data/transcodes/8604e726c364ab4ad559de37460a42ec437.ts' for writing
[hls @ 0x55e6de672180] Opening '/data/transcodes/8604e726c364ab4ad559de37460a42ec438.ts' for writing
[hls @ 0x55e6de672180] Opening '/data/transcodes/8604e726c364ab4ad559de37460a42ec439.ts' for writing
[hls @ 0x55e6de672180] Opening '/data/transcodes/8604e726c364ab4ad559de37460a42ec440.ts' for writing
[hls @ 0x55e6de672180] Opening '/data/transcodes/8604e726c364ab4ad559de37460a42ec441.ts' for writing
[hls @ 0x55e6de672180] Opening '/data/transcodes/8604e726c364ab4ad559de37460a42ec442.ts' for writing
[hls @ 0x55e6de672180] Opening '/data/transcodes/8604e726c364ab4ad559de37460a42ec443.ts' for writing
[hls @ 0x55e6de672180] Opening '/data/transcodes/8604e726c364ab4ad559de37460a42ec444.ts' for writing
[hls @ 0x55e6de672180] Opening '/data/transcodes/8604e726c364ab4ad559de37460a42ec445.ts' for writing
[hls @ 0x55e6de672180] Opening '/data/transcodes/8604e726c364ab4ad559de37460a42ec446.ts' for writing
[hls @ 0x55e6de672180] Opening '/data/transcodes/8604e726c364ab4ad559de37460a42ec447.ts' for writing
[hls @ 0x55e6de672180] Opening '/data/transcodes/8604e726c364ab4ad559de37460a42ec448.ts' for writing
frame=32748 fps=5937 q=-1.0 size=N/A time=00:21:49.99 bitrate=N/A speed= 237x    
[hls @ 0x55e6de672180] Opening '/data/transcodes/8604e726c364ab4ad559de37460a42ec449.ts' for writing
[hls @ 0x55e6de672180] Opening '/data/transcodes/8604e726c364ab4ad559de37460a42ec450.ts' for writing
[hls @ 0x55e6de672180] Opening '/data/transcodes/8604e726c364ab4ad559de37460a42ec451.ts' for writing
[hls @ 0x55e6de672180] Opening '/data/transcodes/8604e726c364ab4ad559de37460a42ec452.ts' for writing
[hls @ 0x55e6de672180] Opening '/data/transcodes/8604e726c364ab4ad559de37460a42ec453.ts' for writing
[hls @ 0x55e6de672180] Opening '/data/transcodes/8604e726c364ab4ad559de37460a42ec454.ts' for writing
[hls @ 0x55e6de672180] Opening '/data/transcodes/8604e726c364ab4ad559de37460a42ec455.ts' for writing
[hls @ 0x55e6de672180] Opening '/data/transcodes/8604e726c364ab4ad559de37460a42ec456.ts' for writing
[hls @ 0x55e6de672180] Opening '/data/transcodes/8604e726c364ab4ad559de37460a42ec457.ts' for writing
[hls @ 0x55e6de672180] Opening '/data/transcodes/8604e726c364ab4ad559de37460a42ec458.ts' for writing
[hls @ 0x55e6de672180] Opening '/data/transcodes/8604e726c364ab4ad559de37460a42ec459.ts' for writing
[hls @ 0x55e6de672180] Opening '/data/transcodes/8604e726c364ab4ad559de37460a42ec460.ts' for writing
[hls @ 0x55e6de672180] Opening '/data/transcodes/8604e726c364ab4ad559de37460a42ec461.ts' for writing
frame=34713 fps=5770 q=-1.0 size=N/A time=00:23:08.74 bitrate=N/A speed= 231x    
[hls @ 0x55e6de672180] Opening '/data/transcodes/8604e726c364ab4ad559de37460a42ec462.ts' for writing
[hls @ 0x55e6de672180] Opening '/data/transcodes/8604e726c364ab4ad559de37460a42ec463.ts' for writing
[hls @ 0x55e6de672180] Opening '/data/transcodes/8604e726c364ab4ad559de37460a42ec464.ts' for writing
[hls @ 0x55e6de672180] Opening '/data/transcodes/8604e726c364ab4ad559de37460a42ec465.ts' for writing
[hls @ 0x55e6de672180] Opening '/data/transcodes/8604e726c364ab4ad559de37460a42ec466.ts' for writing
[hls @ 0x55e6de672180] Opening '/data/transcodes/8604e726c364ab4ad559de37460a42ec467.ts' for writing
[hls @ 0x55e6de672180] Opening '/data/transcodes/8604e726c364ab4ad559de37460a42ec468.ts' for writing
[hls @ 0x55e6de672180] Opening '/data/transcodes/8604e726c364ab4ad559de37460a42ec469.ts' for writing
[hls @ 0x55e6de672180] Opening '/data/transcodes/8604e726c364ab4ad559de37460a42ec470.ts' for writing
[hls @ 0x55e6de672180] Opening '/data/transcodes/8604e726c364ab4ad559de37460a42ec471.ts' for writing
frame=36289 fps=5569 q=-1.0 size=N/A time=00:24:11.52 bitrate=N/A speed= 223x    
[hls @ 0x55e6de672180] Opening '/data/transcodes/8604e726c364ab4ad559de37460a42ec472.ts' for writing
[hls @ 0x55e6de672180] Opening '/data/transcodes/8604e726c364ab4ad559de37460a42ec473.ts' for writing
[hls @ 0x55e6de672180] Opening '/data/transcodes/8604e726c364ab4ad559de37460a42ec474.ts' for writing
[hls @ 0x55e6de672180] Opening '/data/transcodes/8604e726c364ab4ad559de37460a42ec475.ts' for writing
[hls @ 0x55e6de672180] Opening '/data/transcodes/8604e726c364ab4ad559de37460a42ec476.ts' for writing
[hls @ 0x55e6de672180] Opening '/data/transcodes/8604e726c364ab4ad559de37460a42ec477.ts' for writing
[hls @ 0x55e6de672180] Opening '/data/transcodes/8604e726c364ab4ad559de37460a42ec478.ts' for writing
[hls @ 0x55e6de672180] Opening '/data/transcodes/8604e726c364ab4ad559de37460a42ec479.ts' for writing
[hls @ 0x55e6de672180] Opening '/data/transcodes/8604e726c364ab4ad559de37460a42ec480.ts' for writing
[hls @ 0x55e6de672180] Opening '/data/transcodes/8604e726c364ab4ad559de37460a42ec481.ts' for writing
[hls @ 0x55e6de672180] Opening '/data/transcodes/8604e726c364ab4ad559de37460a42ec482.ts' for writing
[hls @ 0x55e6de672180] Opening '/data/transcodes/8604e726c364ab4ad559de37460a42ec483.ts' for writing
[hls @ 0x55e6de672180] Opening '/data/transcodes/8604e726c364ab4ad559de37460a42ec484.ts' for writing
[hls @ 0x55e6de672180] Opening '/data/transcodes/8604e726c364ab4ad559de37460a42ec485.ts' for writing
[hls @ 0x55e6de672180] Opening '/data/transcodes/8604e726c364ab4ad559de37460a42ec486.ts' for writing
frame=38525 fps=5488 q=-1.0 size=N/A time=00:25:41.03 bitrate=N/A speed= 220x    
[hls @ 0x55e6de672180] Opening '/data/transcodes/8604e726c364ab4ad559de37460a42ec487.ts' for writing
[hls @ 0x55e6de672180] Opening '/data/transcodes/8604e726c364ab4ad559de37460a42ec488.ts' for writing
[hls @ 0x55e6de672180] Opening '/data/transcodes/8604e726c364ab4ad559de37460a42ec489.ts' for writing
[hls @ 0x55e6de672180] Opening '/data/transcodes/8604e726c364ab4ad559de37460a42ec490.ts' for writing
[hls @ 0x55e6de672180] Opening '/data/transcodes/8604e726c364ab4ad559de37460a42ec491.ts' for writing
[hls @ 0x55e6de672180] Opening '/data/transcodes/8604e726c364ab4ad559de37460a42ec492.ts' for writing
[hls @ 0x55e6de672180] Opening '/data/transcodes/8604e726c364ab4ad559de37460a42ec493.ts' for writing
[hls @ 0x55e6de672180] Opening '/data/transcodes/8604e726c364ab4ad559de37460a42ec494.ts' for writing
[hls @ 0x55e6de672180] Opening '/data/transcodes/8604e726c364ab4ad559de37460a42ec495.ts' for writing
[hls @ 0x55e6de672180] Opening '/data/transcodes/8604e726c364ab4ad559de37460a42ec496.ts' for writing
[hls @ 0x55e6de672180] Opening '/data/transcodes/8604e726c364ab4ad559de37460a42ec497.ts' for writing
[hls @ 0x55e6de672180] Opening '/data/transcodes/8604e726c364ab4ad559de37460a42ec498.ts' for writing
[hls @ 0x55e6de672180] Opening '/data/transcodes/8604e726c364ab4ad559de37460a42ec499.ts' for writing
[hls @ 0x55e6de672180] Opening '/data/transcodes/8604e726c364ab4ad559de37460a42ec500.ts' for writing
[hls @ 0x55e6de672180] Opening '/data/transcodes/8604e726c364ab4ad559de37460a42ec501.ts' for writing
[hls @ 0x55e6de672180] Opening '/data/transcodes/8604e726c364ab4ad559de37460a42ec502.ts' for writing
[hls @ 0x55e6de672180] Opening '/data/transcodes/8604e726c364ab4ad559de37460a42ec503.ts' for writing
[hls @ 0x55e6de672180] Opening '/data/transcodes/8604e726c364ab4ad559de37460a42ec504.ts' for writing
[hls @ 0x55e6de672180] Opening '/data/transcodes/8604e726c364ab4ad559de37460a42ec505.ts' for writing
[hls @ 0x55e6de672180] Opening '/data/transcodes/8604e726c364ab4ad559de37460a42ec506.ts' for writing
frame=41401 fps=5503 q=-1.0 size=N/A time=00:27:36.00 bitrate=N/A speed= 220x    
[hls @ 0x55e6de672180] Opening '/data/transcodes/8604e726c364ab4ad559de37460a42ec507.ts' for writing
[hls @ 0x55e6de672180] Opening '/data/transcodes/8604e726c364ab4ad559de37460a42ec508.ts' for writing
[hls @ 0x55e6de672180] Opening '/data/transcodes/8604e726c364ab4ad559de37460a42ec509.ts' for writing
[hls @ 0x55e6de672180] Opening '/data/transcodes/8604e726c364ab4ad559de37460a42ec510.ts' for writing
[hls @ 0x55e6de672180] Opening '/data/transcodes/8604e726c364ab4ad559de37460a42ec511.ts' for writing
[hls @ 0x55e6de672180] Opening '/data/transcodes/8604e726c364ab4ad559de37460a42ec512.ts' for writing
[hls @ 0x55e6de672180] Opening '/data/transcodes/8604e726c364ab4ad559de37460a42ec513.ts' for writing
[hls @ 0x55e6de672180] Opening '/data/transcodes/8604e726c364ab4ad559de37460a42ec514.ts' for writing
[hls @ 0x55e6de672180] Opening '/data/transcodes/8604e726c364ab4ad559de37460a42ec515.ts' for writing
[hls @ 0x55e6de672180] Opening '/data/transcodes/8604e726c364ab4ad559de37460a42ec516.ts' for writing
[hls @ 0x55e6de672180] Opening '/data/transcodes/8604e726c364ab4ad559de37460a42ec517.ts' for writing
[hls @ 0x55e6de672180] Opening '/data/transcodes/8604e726c364ab4ad559de37460a42ec518.ts' for writing
[hls @ 0x55e6de672180] Opening '/data/transcodes/8604e726c364ab4ad559de37460a42ec519.ts' for writing
[hls @ 0x55e6de672180] Opening '/data/transcodes/8604e726c364ab4ad559de37460a42ec520.ts' for writing
[hls @ 0x55e6de672180] Opening '/data/transcodes/8604e726c364ab4ad559de37460a42ec521.ts' for writing
[hls @ 0x55e6de672180] Opening '/data/transcodes/8604e726c364ab4ad559de37460a42ec522.ts' for writing
frame=43827 fps=5462 q=-1.0 size=N/A time=00:29:13.25 bitrate=N/A speed= 219x    
[hls @ 0x55e6de672180] Opening '/data/transcodes/8604e726c364ab4ad559de37460a42ec523.ts' for writing
[hls @ 0x55e6de672180] Opening '/data/transcodes/8604e726c364ab4ad559de37460a42ec524.ts' for writing
[hls @ 0x55e6de672180] Opening '/data/transcodes/8604e726c364ab4ad559de37460a42ec525.ts' for writing
[hls @ 0x55e6de672180] Opening '/data/transcodes/8604e726c364ab4ad559de37460a42ec526.ts' for writing
[hls @ 0x55e6de672180] Opening '/data/transcodes/8604e726c364ab4ad559de37460a42ec527.ts' for writing
[hls @ 0x55e6de672180] Opening '/data/transcodes/8604e726c364ab4ad559de37460a42ec528.ts' for writing
[hls @ 0x55e6de672180] Opening '/data/transcodes/8604e726c364ab4ad559de37460a42ec529.ts' for writing
[hls @ 0x55e6de672180] Opening '/data/transcodes/8604e726c364ab4ad559de37460a42ec530.ts' for writing
[hls @ 0x55e6de672180] Opening '/data/transcodes/8604e726c364ab4ad559de37460a42ec531.ts' for writing
[hls @ 0x55e6de672180] Opening '/data/transcodes/8604e726c364ab4ad559de37460a42ec532.ts' for writing
[hls @ 0x55e6de672180] Opening '/data/transcodes/8604e726c364ab4ad559de37460a42ec533.ts' for writing
[hls @ 0x55e6de672180] Opening '/data/transcodes/8604e726c364ab4ad559de37460a42ec534.ts' for writing
[hls @ 0x55e6de672180] Opening '/data/transcodes/8604e726c364ab4ad559de37460a42ec535.ts' for writing
[hls @ 0x55e6de672180] Opening '/data/transcodes/8604e726c364ab4ad559de37460a42ec536.ts' for writing
[hls @ 0x55e6de672180] Opening '/data/transcodes/8604e726c364ab4ad559de37460a42ec537.ts' for writing
[hls @ 0x55e6de672180] Opening '/data/transcodes/8604e726c364ab4ad559de37460a42ec538.ts' for writing
[hls @ 0x55e6de672180] Opening '/data/transcodes/8604e726c364ab4ad559de37460a42ec539.ts' for writing
[hls @ 0x55e6de672180] Opening '/data/transcodes/8604e726c364ab4ad559de37460a42ec540.ts' for writing
[hls @ 0x55e6de672180] Opening '/data/transcodes/8604e726c364ab4ad559de37460a42ec541.ts' for writing
[hls @ 0x55e6de672180] Opening '/data/transcodes/8604e726c364ab4ad559de37460a42ec542.ts' for writing
[hls @ 0x55e6de672180] Opening '/data/transcodes/8604e726c364ab4ad559de37460a42ec543.ts' for writing
[hls @ 0x55e6de672180] Opening '/data/transcodes/8604e726c364ab4ad559de37460a42ec544.ts' for writing
[hls @ 0x55e6de672180] Opening '/data/transcodes/8604e726c364ab4ad559de37460a42ec545.ts' for writing
frame=47251 fps=5541 q=-1.0 size=N/A time=00:31:30.02 bitrate=N/A speed= 222x    
[hls @ 0x55e6de672180] Opening '/data/transcodes/8604e726c364ab4ad559de37460a42ec546.ts' for writing
[hls @ 0x55e6de672180] Opening '/data/transcodes/8604e726c364ab4ad559de37460a42ec547.ts' for writing
[hls @ 0x55e6de672180] Opening '/data/transcodes/8604e726c364ab4ad559de37460a42ec548.ts' for writing
[hls @ 0x55e6de672180] Opening '/data/transcodes/8604e726c364ab4ad559de37460a42ec549.ts' for writing
[hls @ 0x55e6de672180] Opening '/data/transcodes/8604e726c364ab4ad559de37460a42ec550.ts' for writing
[hls @ 0x55e6de672180] Opening '/data/transcodes/8604e726c364ab4ad559de37460a42ec551.ts' for writing
[hls @ 0x55e6de672180] Opening '/data/transcodes/8604e726c364ab4ad559de37460a42ec552.ts' for writing
[hls @ 0x55e6de672180] Opening '/data/transcodes/8604e726c364ab4ad559de37460a42ec553.ts' for writing
[hls @ 0x55e6de672180] Opening '/data/transcodes/8604e726c364ab4ad559de37460a42ec554.ts' for writing
[hls @ 0x55e6de672180] Opening '/data/transcodes/8604e726c364ab4ad559de37460a42ec555.ts' for writing
[hls @ 0x55e6de672180] Opening '/data/transcodes/8604e726c364ab4ad559de37460a42ec556.ts' for writing
frame=48906 fps=5417 q=-1.0 size=N/A time=00:32:36.26 bitrate=N/A speed= 217x    
[hls @ 0x55e6de672180] Opening '/data/transcodes/8604e726c364ab4ad559de37460a42ec557.ts' for writing
[hls @ 0x55e6de672180] Opening '/data/transcodes/8604e726c364ab4ad559de37460a42ec558.ts' for writing
[hls @ 0x55e6de672180] Opening '/data/transcodes/8604e726c364ab4ad559de37460a42ec559.ts' for writing
[hls @ 0x55e6de672180] Opening '/data/transcodes/8604e726c364ab4ad559de37460a42ec560.ts' for writing
[hls @ 0x55e6de672180] Opening '/data/transcodes/8604e726c364ab4ad559de37460a42ec561.ts' for writing
[hls @ 0x55e6de672180] Opening '/data/transcodes/8604e726c364ab4ad559de37460a42ec562.ts' for writing
[hls @ 0x55e6de672180] Opening '/data/transcodes/8604e726c364ab4ad559de37460a42ec563.ts' for writing
[hls @ 0x55e6de672180] Opening '/data/transcodes/8604e726c364ab4ad559de37460a42ec564.ts' for writing
[hls @ 0x55e6de672180] Opening '/data/transcodes/8604e726c364ab4ad559de37460a42ec565.ts' for writing
[hls @ 0x55e6de672180] Opening '/data/transcodes/8604e726c364ab4ad559de37460a42ec566.ts' for writing
[hls @ 0x55e6de672180] Opening '/data/transcodes/8604e726c364ab4ad559de37460a42ec567.ts' for writing
[hls @ 0x55e6de672180] Opening '/data/transcodes/8604e726c364ab4ad559de37460a42ec568.ts' for writing
[hls @ 0x55e6de672180] Opening '/data/transcodes/8604e726c364ab4ad559de37460a42ec569.ts' for writing
[hls @ 0x55e6de672180] Opening '/data/transcodes/8604e726c364ab4ad559de37460a42ec570.ts' for writing
[hls @ 0x55e6de672180] Opening '/data/transcodes/8604e726c364ab4ad559de37460a42ec571.ts' for writing
[hls @ 0x55e6de672180] Opening '/data/transcodes/8604e726c364ab4ad559de37460a42ec572.ts' for writing
[hls @ 0x55e6de672180] Opening '/data/transcodes/8604e726c364ab4ad559de37460a42ec573.ts' for writing
frame=51569 fps=5412 q=-1.0 size=N/A time=00:34:22.76 bitrate=N/A speed= 216x    
[hls @ 0x55e6de672180] Opening '/data/transcodes/8604e726c364ab4ad559de37460a42ec574.ts' for writing
[hls @ 0x55e6de672180] Opening '/data/transcodes/8604e726c364ab4ad559de37460a42ec575.ts' for writing
[hls @ 0x55e6de672180] Opening '/data/transcodes/8604e726c364ab4ad559de37460a42ec576.ts' for writing
[hls @ 0x55e6de672180] Opening '/data/transcodes/8604e726c364ab4ad559de37460a42ec577.ts' for writing
[hls @ 0x55e6de672180] Opening '/data/transcodes/8604e726c364ab4ad559de37460a42ec578.ts' for writing
[hls @ 0x55e6de672180] Opening '/data/transcodes/8604e726c364ab4ad559de37460a42ec579.ts' for writing
[hls @ 0x55e6de672180] Opening '/data/transcodes/8604e726c364ab4ad559de37460a42ec580.ts' for writing
[hls @ 0x55e6de672180] Opening '/data/transcodes/8604e726c364ab4ad559de37460a42ec581.ts' for writing
[hls @ 0x55e6de672180] Opening '/data/transcodes/8604e726c364ab4ad559de37460a42ec582.ts' for writing
[hls @ 0x55e6de672180] Opening '/data/transcodes/8604e726c364ab4ad559de37460a42ec583.ts' for writing
frame=52951 fps=5279 q=-1.0 size=N/A time=00:35:18.02 bitrate=N/A speed= 211x    
[hls @ 0x55e6de672180] Opening '/data/transcodes/8604e726c364ab4ad559de37460a42ec584.ts' for writing
[hls @ 0x55e6de672180] Opening '/data/transcodes/8604e726c364ab4ad559de37460a42ec585.ts' for writing
[hls @ 0x55e6de672180] Opening '/data/transcodes/8604e726c364ab4ad559de37460a42ec586.ts' for writing
[hls @ 0x55e6de672180] Opening '/data/transcodes/8604e726c364ab4ad559de37460a42ec587.ts' for writing
[hls @ 0x55e6de672180] Opening '/data/transcodes/8604e726c364ab4ad559de37460a42ec588.ts' for writing
frame=53667 fps=5298 q=-1.0 Lsize=N/A time=00:35:46.72 bitrate=N/A speed= 212x    
video:1543712kB audio:58699kB subtitle:0kB other streams:0kB global headers:0kB muxing overhead: unknown