/videos/2e416665-ec5a-b889-85b6-3636be4c1bfc/hls1/main/0.ts

{"Protocol":0,"Id":"2e416665ec5ab88985b63636be4c1bfc","Path":"/data/tvshows/Jujutsu Kaisen/Season 2/Jujutsu Kaisen - S02E01 - Hidden Inventory WEBRip-1080p.mp4","EncoderPath":null,"EncoderProtocol":null,"Type":0,"Container":"mov,mp4,m4a,3gp,3g2,mj2","Size":340754688,"Name":"Jujutsu Kaisen - S02E01 - Hidden Inventory WEBRip-1080p","IsRemote":false,"ETag":"8d1f9f19190c30f768cebc392d8b4130","RunTimeTicks":14350869504,"ReadAtNativeFramerate":false,"IgnoreDts":false,"IgnoreIndex":false,"GenPtsInput":false,"SupportsTranscoding":true,"SupportsDirectStream":true,"SupportsDirectPlay":true,"IsInfiniteStream":false,"RequiresOpening":false,"OpenToken":null,"RequiresClosing":false,"LiveStreamId":null,"BufferMs":null,"RequiresLooping":false,"SupportsProbing":true,"VideoType":0,"IsoType":null,"Video3DFormat":null,"MediaStreams":[{"Codec":"subrip","CodecTag":null,"Language":"eng","ColorRange":null,"ColorSpace":null,"ColorTransfer":null,"ColorPrimaries":null,"DvVersionMajor":null,"DvVersionMinor":null,"DvProfile":null,"DvLevel":null,"RpuPresentFlag":null,"ElPresentFlag":null,"BlPresentFlag":null,"DvBlSignalCompatibilityId":null,"Comment":null,"TimeBase":"1/1000","CodecTimeBase":null,"Title":null,"VideoRange":null,"VideoRangeType":null,"VideoDoViTitle":null,"LocalizedUndefined":"Undefined","LocalizedDefault":"Default","LocalizedForced":"Forced","LocalizedExternal":"External","DisplayTitle":"English - SUBRIP - External","NalLengthSize":null,"IsInterlaced":false,"IsAVC":null,"ChannelLayout":null,"BitRate":null,"BitDepth":null,"RefFrames":null,"PacketLength":null,"Channels":null,"SampleRate":null,"IsDefault":false,"IsForced":false,"Height":null,"Width":null,"AverageFrameRate":null,"RealFrameRate":null,"Profile":null,"Type":2,"AspectRatio":null,"Index":0,"Score":null,"IsExternal":true,"DeliveryMethod":null,"DeliveryUrl":null,"IsExternalUrl":null,"IsTextSubtitleStream":true,"SupportsExternalStream":true,"Path":"/data/tvshows/Jujutsu Kaisen/Season 2/Jujutsu Kaisen - S02E01 - Hidden Inventory WEBRip-1080p.en.srt","PixelFormat":null,"Level":0,"IsAnamorphic":null},{"Codec":"h264","CodecTag":"avc1","Language":"und","ColorRange":null,"ColorSpace":"bt709","ColorTransfer":"bt709","ColorPrimaries":"bt709","DvVersionMajor":null,"DvVersionMinor":null,"DvProfile":null,"DvLevel":null,"RpuPresentFlag":null,"ElPresentFlag":null,"BlPresentFlag":null,"DvBlSignalCompatibilityId":null,"Comment":null,"TimeBase":"1/24000","CodecTimeBase":null,"Title":null,"VideoRange":"SDR","VideoRangeType":"SDR","VideoDoViTitle":null,"LocalizedUndefined":null,"LocalizedDefault":null,"LocalizedForced":null,"LocalizedExternal":null,"DisplayTitle":"1080p H264 SDR","NalLengthSize":"4","IsInterlaced":false,"IsAVC":true,"ChannelLayout":null,"BitRate":1760777,"BitDepth":10,"RefFrames":1,"PacketLength":null,"Channels":null,"SampleRate":null,"IsDefault":true,"IsForced":false,"Height":1080,"Width":1920,"AverageFrameRate":23.976025,"RealFrameRate":23.976025,"Profile":"High 10","Type":1,"AspectRatio":"16:9","Index":1,"Score":null,"IsExternal":false,"DeliveryMethod":null,"DeliveryUrl":null,"IsExternalUrl":null,"IsTextSubtitleStream":false,"SupportsExternalStream":false,"Path":null,"PixelFormat":"yuv420p10le","Level":40,"IsAnamorphic":null},{"Codec":"mov_text","CodecTag":"tx3g","Language":"eng","ColorRange":null,"ColorSpace":null,"ColorTransfer":null,"ColorPrimaries":null,"DvVersionMajor":null,"DvVersionMinor":null,"DvProfile":null,"DvLevel":null,"RpuPresentFlag":null,"ElPresentFlag":null,"BlPresentFlag":null,"DvBlSignalCompatibilityId":null,"Comment":null,"TimeBase":"1/1000000","CodecTimeBase":null,"Title":null,"VideoRange":null,"VideoRangeType":null,"VideoDoViTitle":null,"LocalizedUndefined":"Undefined","LocalizedDefault":"Default","LocalizedForced":"Forced","LocalizedExternal":"External","DisplayTitle":"English - Default - MOV_TEXT","NalLengthSize":null,"IsInterlaced":false,"IsAVC":null,"ChannelLayout":null,"BitRate":125,"BitDepth":null,"RefFrames":null,"PacketLength":null,"Channels":null,"SampleRate":null,"IsDefault":true,"IsForced":false,"Height":null,"Width":null,"AverageFrameRate":null,"RealFrameRate":null,"Profile":null,"Type":2,"AspectRatio":null,"Index":2,"Score":null,"IsExternal":false,"DeliveryMethod":null,"DeliveryUrl":null,"IsExternalUrl":null,"IsTextSubtitleStream":true,"SupportsExternalStream":true,"Path":null,"PixelFormat":null,"Level":0,"IsAnamorphic":null},{"Codec":"aac","CodecTag":"mp4a","Language":"jpn","ColorRange":null,"ColorSpace":null,"ColorTransfer":null,"ColorPrimaries":null,"DvVersionMajor":null,"DvVersionMinor":null,"DvProfile":null,"DvLevel":null,"RpuPresentFlag":null,"ElPresentFlag":null,"BlPresentFlag":null,"DvBlSignalCompatibilityId":null,"Comment":null,"TimeBase":"1/44100","CodecTimeBase":null,"Title":null,"VideoRange":null,"VideoRangeType":null,"VideoDoViTitle":null,"LocalizedUndefined":null,"LocalizedDefault":null,"LocalizedForced":null,"LocalizedExternal":null,"DisplayTitle":"Japanese - AAC - Stereo - Default","NalLengthSize":null,"IsInterlaced":false,"IsAVC":null,"ChannelLayout":"stereo","BitRate":130594,"BitDepth":null,"RefFrames":null,"PacketLength":null,"Channels":2,"SampleRate":44100,"IsDefault":true,"IsForced":false,"Height":null,"Width":null,"AverageFrameRate":null,"RealFrameRate":null,"Profile":"LC","Type":0,"AspectRatio":null,"Index":3,"Score":null,"IsExternal":false,"DeliveryMethod":null,"DeliveryUrl":null,"IsExternalUrl":null,"IsTextSubtitleStream":false,"SupportsExternalStream":false,"Path":null,"PixelFormat":null,"Level":0,"IsAnamorphic":null},{"Codec":"bin_data","CodecTag":"gpmd","Language":"eng","ColorRange":null,"ColorSpace":null,"ColorTransfer":null,"ColorPrimaries":null,"DvVersionMajor":null,"DvVersionMinor":null,"DvProfile":null,"DvLevel":null,"RpuPresentFlag":null,"ElPresentFlag":null,"BlPresentFlag":null,"DvBlSignalCompatibilityId":null,"Comment":null,"TimeBase":"1/1000","CodecTimeBase":null,"Title":null,"VideoRange":null,"VideoRangeType":null,"VideoDoViTitle":null,"LocalizedUndefined":null,"LocalizedDefault":null,"LocalizedForced":null,"LocalizedExternal":null,"DisplayTitle":null,"NalLengthSize":null,"IsInterlaced":false,"IsAVC":null,"ChannelLayout":null,"BitRate":null,"BitDepth":null,"RefFrames":null,"PacketLength":null,"Channels":null,"SampleRate":null,"IsDefault":false,"IsForced":false,"Height":null,"Width":null,"AverageFrameRate":null,"RealFrameRate":null,"Profile":null,"Type":4,"AspectRatio":null,"Index":4,"Score":null,"IsExternal":false,"DeliveryMethod":null,"DeliveryUrl":null,"IsExternalUrl":null,"IsTextSubtitleStream":false,"SupportsExternalStream":false,"Path":null,"PixelFormat":null,"Level":0,"IsAnamorphic":null},{"Codec":"bin_data","CodecTag":"text","Language":"eng","ColorRange":null,"ColorSpace":null,"ColorTransfer":null,"ColorPrimaries":null,"DvVersionMajor":null,"DvVersionMinor":null,"DvProfile":null,"DvLevel":null,"RpuPresentFlag":null,"ElPresentFlag":null,"BlPresentFlag":null,"DvBlSignalCompatibilityId":null,"Comment":null,"TimeBase":"1/1000","CodecTimeBase":null,"Title":null,"VideoRange":null,"VideoRangeType":null,"VideoDoViTitle":null,"LocalizedUndefined":null,"LocalizedDefault":null,"LocalizedForced":null,"LocalizedExternal":null,"DisplayTitle":null,"NalLengthSize":null,"IsInterlaced":false,"IsAVC":null,"ChannelLayout":null,"BitRate":null,"BitDepth":null,"RefFrames":null,"PacketLength":null,"Channels":null,"SampleRate":null,"IsDefault":false,"IsForced":false,"Height":null,"Width":null,"AverageFrameRate":null,"RealFrameRate":null,"Profile":null,"Type":4,"AspectRatio":null,"Index":5,"Score":null,"IsExternal":false,"DeliveryMethod":null,"DeliveryUrl":null,"IsExternalUrl":null,"IsTextSubtitleStream":false,"SupportsExternalStream":false,"Path":null,"PixelFormat":null,"Level":0,"IsAnamorphic":null}],"MediaAttachments":[],"Formats":[],"Bitrate":1899562,"Timestamp":null,"RequiredHttpHeaders":{},"TranscodingUrl":null,"TranscodingSubProtocol":null,"TranscodingContainer":null,"AnalyzeDurationMs":null,"DefaultAudioStreamIndex":null,"DefaultSubtitleStreamIndex":null}

/usr/lib/jellyfin-ffmpeg/ffmpeg -analyzeduration 200M -f mov,mp4,m4a,3gp,3g2,mj2 -autorotate 0 -i file:"/data/tvshows/Jujutsu Kaisen/Season 2/Jujutsu Kaisen - S02E01 - Hidden Inventory WEBRip-1080p.mp4" -map_metadata -1 -map_chapters -1 -threads 0 -map 0:0 -map 0:2 -map -0:s -codec:v:0 libx264 -preset veryfast -crf 23 -maxrate 292000 -bufsize 584000 -profile:v:0 high -level 40 -x264opts:0 subme=0:me_range=4:rc_lookahead=10:me=dia:no_chroma_me:8x8dct=0:partitions=none -force_key_frames:0 "expr:gte(t,0+n_forced*3)" -sc_threshold:v:0 0 -vf "setparams=color_primaries=bt709:color_trc=bt709:colorspace=bt709,scale=trunc(min(max(iw\,ih*a)\,426)/2)*2:trunc(ow/a/2)*2,format=yuv420p" -codec:a:0 libfdk_aac -ac 2 -ab 128000 -ar 44100 -copyts -avoid_negative_ts disabled -max_muxing_queue_size 2048 -f hls -max_delay 5000000 -hls_time 3 -hls_segment_type mpegts -start_number 0 -hls_segment_filename "/config/data/transcodes/fbb027aab8358eab78af0cef1920c345%d.ts" -hls_playlist_type vod -hls_list_size 0 -y "/config/data/transcodes/fbb027aab8358eab78af0cef1920c345.m3u8"


ffmpeg version 5.1.3-Jellyfin Copyright (c) 2000-2022 the FFmpeg developers
  built with gcc 11 (Ubuntu 11.3.0-1ubuntu1~22.04.1)
  configuration: --prefix=/usr/lib/jellyfin-ffmpeg --target-os=linux --extra-libs=-lfftw3f --extra-version=Jellyfin --disable-doc --disable-ffplay --disable-ptx-compression --disable-static --disable-libxcb --disable-sdl2 --disable-xlib --enable-lto --enable-gpl --enable-version3 --enable-shared --enable-gmp --enable-gnutls --enable-chromaprint --enable-libdrm --enable-libass --enable-libfreetype --enable-libfribidi --enable-libfontconfig --enable-libbluray --enable-libmp3lame --enable-libopus --enable-libtheora --enable-libvorbis --enable-libopenmpt --enable-libdav1d --enable-libwebp --enable-libvpx --enable-libx264 --enable-libx265 --enable-libzvbi --enable-libzimg --enable-libfdk-aac --arch=amd64 --enable-libsvtav1 --enable-libshaderc --enable-libplacebo --enable-vulkan --enable-opencl --enable-vaapi --enable-amf --enable-libmfx --enable-ffnvcodec --enable-cuda --enable-cuda-llvm --enable-cuvid --enable-nvdec --enable-nvenc
  libavutil      57. 28.100 / 57. 28.100
  libavcodec     59. 37.100 / 59. 37.100
  libavformat    59. 27.100 / 59. 27.100
  libavdevice    59.  7.100 / 59.  7.100
  libavfilter     8. 44.100 /  8. 44.100
  libswscale      6.  7.100 /  6.  7.100
  libswresample   4.  7.100 /  4.  7.100
  libpostproc    56.  6.100 / 56.  6.100
Input #0, mov,mp4,m4a,3gp,3g2,mj2, from 'file:/data/tvshows/Jujutsu Kaisen/Season 2/Jujutsu Kaisen - S02E01 - Hidden Inventory WEBRip-1080p.mp4':
  Metadata:
    major_brand     : isom
    minor_version   : 512
    compatible_brands: isomiso2avc1mp41
    encoder         : Lavf60.3.100
  Duration: 00:23:55.09, start: 0.000000, bitrate: 1899 kb/s
  Chapters:
    Chapter #0:0: start 0.000000, end 649.000000
      Metadata:
        title           : Intro
    Chapter #0:1: start 649.000000, end 739.000000
      Metadata:
        title           : OP
    Chapter #0:2: start 739.000000, end 1330.000000
      Metadata:
        title           : Main EP
    Chapter #0:3: start 1330.000000, end 1420.000000
      Metadata:
        title           : ED
    Chapter #0:4: start 1420.000000, end 1435.086000
      Metadata:
        title           : PV
  Stream #0:0[0x1](und): Video: h264 (High 10) (avc1 / 0x31637661), yuv420p10le(tv, bt709, progressive), 1920x1080 [SAR 1:1 DAR 16:9], 1760 kb/s, 23.98 fps, 23.98 tbr, 24k tbn (default)
    Metadata:
      handler_name    : VideoHandler
      vendor_id       : [0][0][0][0]
      encoder         : Lavc60.3.100 libx264
  Stream #0:1[0x2](eng): Subtitle: mov_text (tx3g / 0x67337874), 0 kb/s (default)
    Metadata:
      handler_name    : SubtitleHandler
  Stream #0:2[0x3](jpn): Audio: aac (LC) (mp4a / 0x6134706D), 44100 Hz, stereo, fltp, 130 kb/s (default)
    Metadata:
      handler_name    : SoundHandler
      vendor_id       : [0][0][0][0]
  Stream #0:3[0x4](eng): Data: bin_data (gpmd / 0x646D7067)
    Metadata:
      handler_name    : SubtitleHandler
  Stream #0:4[0x5](eng): Data: bin_data (text / 0x74786574)
    Metadata:
      handler_name    : SubtitleHandler
Stream mapping:
  Stream #0:0 -> #0:0 (h264 (native) -> h264 (libx264))
  Stream #0:2 -> #0:1 (aac (native) -> aac (libfdk_aac))
Press [q] to stop, [?] for help
[libx264 @ 0x55bd2ed3c100] using SAR=1904/1917
[libx264 @ 0x55bd2ed3c100] using cpu capabilities: MMX2 SSE2Fast SSSE3 SSE4.2 AVX FMA3 BMI2 AVX2
[libx264 @ 0x55bd2ed3c100] profile Main, level 4.0, 4:2:0, 8-bit
[libx264 @ 0x55bd2ed3c100] 264 - core 163 r3060 5db6aa6 - H.264/MPEG-4 AVC codec - Copyleft 2003-2021 - http://www.videolan.org/x264.html - options: cabac=1 ref=1 deblock=1:0:0 analyse=0x1:0 me=dia subme=0 psy=1 psy_rd=1.00:0.00 mixed_ref=0 me_range=4 chroma_me=0 trellis=0 8x8dct=0 cqm=0 deadzone=21,11 fast_pskip=1 chroma_qp_offset=0 threads=6 lookahead_threads=1 sliced_threads=0 nr=0 decimate=1 interlaced=0 bluray_compat=0 constrained_intra=0 bframes=3 b_pyramid=2 b_adapt=1 b_bias=0 direct=1 weightb=1 open_gop=0 weightp=1 keyint=250 keyint_min=23 scenecut=0 intra_refresh=0 rc_lookahead=10 rc=crf mbtree=1 crf=23.0 qcomp=0.60 qpmin=0 qpmax=69 qpstep=4 vbv_maxrate=292 vbv_bufsize=584 crf_max=0.0 nal_hrd=none filler=0 ip_ratio=1.40 aq=1:1.00
Output #0, hls, to '/config/data/transcodes/fbb027aab8358eab78af0cef1920c345.m3u8':
  Metadata:
    encoder         : Lavf59.27.100
  Stream #0:0: Video: h264, yuv420p(tv, bt709, progressive), 426x238 [SAR 1904:1917 DAR 16:9], q=2-31, 23.98 fps, 90k tbn (default)
    Metadata:
      encoder         : Lavc59.37.100 libx264
    Side data:
      cpb: bitrate max/min/avg: 292000/0/0 buffer size: 584000 vbv_delay: N/A
  Stream #0:1: Audio: aac, 44100 Hz, stereo, s16, 128 kb/s (default)
    Metadata:
      encoder         : Lavc59.37.100 libfdk_aac
frame=    1 fps=0.0 q=0.0 size=N/A time=00:00:00.00 bitrate=N/A speed=   0x    
frame=   83 fps=0.0 q=28.0 size=N/A time=00:00:03.41 bitrate=N/A speed=5.96x    
[hls @ 0x55bd2ecfe780] Opening '/config/data/transcodes/fbb027aab8358eab78af0cef1920c3450.ts' for writing
frame=  126 fps=117 q=28.0 size=N/A time=00:00:05.22 bitrate=N/A speed=4.85x    
frame=  150 fps= 95 q=28.0 size=N/A time=00:00:06.20 bitrate=N/A speed=3.93x    
[hls @ 0x55bd2ecfe780] Opening '/config/data/transcodes/fbb027aab8358eab78af0cef1920c3451.ts' for writing
frame=  175 fps= 84 q=28.0 size=N/A time=00:00:07.29 bitrate=N/A speed=3.51x    
frame=  225 fps= 87 q=28.0 size=N/A time=00:00:09.35 bitrate=N/A speed=3.63x    
[hls @ 0x55bd2ecfe780] Opening '/config/data/transcodes/fbb027aab8358eab78af0cef1920c3452.ts' for writing
frame=  281 fps= 91 q=28.0 size=N/A time=00:00:11.70 bitrate=N/A speed= 3.8x    
[hls @ 0x55bd2ecfe780] Opening '/config/data/transcodes/fbb027aab8358eab78af0cef1920c3453.ts' for writing
frame=  316 fps= 88 q=28.0 size=N/A time=00:00:13.16 bitrate=N/A speed=3.67x    
frame=  350 fps= 86 q=28.0 size=N/A time=00:00:14.58 bitrate=N/A speed=3.57x    
[hls @ 0x55bd2ecfe780] Opening '/config/data/transcodes/fbb027aab8358eab78af0cef1920c3454.ts' for writing
frame=  391 fps= 85 q=28.0 size=N/A time=00:00:16.27 bitrate=N/A speed=3.55x    
frame=  435 fps= 85 q=28.0 size=N/A time=00:00:18.11 bitrate=N/A speed=3.55x    
[hls @ 0x55bd2ecfe780] Opening '/config/data/transcodes/fbb027aab8358eab78af0cef1920c3455.ts' for writing
frame=  473 fps= 84 q=28.0 size=N/A time=00:00:19.69 bitrate=N/A speed=3.52x    
frame=  520 fps= 85 q=25.0 size=N/A time=00:00:21.68 bitrate=N/A speed=3.56x    
[hls @ 0x55bd2ecfe780] Opening '/config/data/transcodes/fbb027aab8358eab78af0cef1920c3456.ts' for writing
frame=  554 fps= 84 q=28.0 size=N/A time=00:00:23.08 bitrate=N/A speed= 3.5x    
frame=  584 fps= 82 q=28.0 size=N/A time=00:00:24.33 bitrate=N/A speed=3.43x    
[hls @ 0x55bd2ecfe780] Opening '/config/data/transcodes/fbb027aab8358eab78af0cef1920c3457.ts' for writing
frame=  613 fps= 81 q=28.0 size=N/A time=00:00:25.54 bitrate=N/A speed=3.36x    
frame=  650 fps= 80 q=28.0 size=N/A time=00:00:27.07 bitrate=N/A speed=3.34x    
[hls @ 0x55bd2ecfe780] Opening '/config/data/transcodes/fbb027aab8358eab78af0cef1920c3458.ts' for writing
frame=  682 fps= 79 q=28.0 size=N/A time=00:00:28.42 bitrate=N/A speed= 3.3x    
frame=  707 fps= 78 q=28.0 size=N/A time=00:00:29.46 bitrate=N/A speed=3.23x    
frame=  736 fps= 77 q=30.0 size=N/A time=00:00:30.67 bitrate=N/A speed=3.19x    
[hls @ 0x55bd2ecfe780] Opening '/config/data/transcodes/fbb027aab8358eab78af0cef1920c3459.ts' for writing
frame=  773 fps= 76 q=28.0 size=N/A time=00:00:32.20 bitrate=N/A speed=3.18x    
frame=  807 fps= 76 q=28.0 size=N/A time=00:00:33.62 bitrate=N/A speed=3.16x    
[hls @ 0x55bd2ecfe780] Opening '/config/data/transcodes/fbb027aab8358eab78af0cef1920c34510.ts' for writing
frame=  846 fps= 76 q=28.0 size=N/A time=00:00:35.24 bitrate=N/A speed=3.17x    
[hls @ 0x55bd2ecfe780] Opening '/config/data/transcodes/fbb027aab8358eab78af0cef1920c34511.ts' for writing
frame=  885 fps= 76 q=28.0 size=N/A time=00:00:36.89 bitrate=N/A speed=3.17x    
frame=  925 fps= 76 q=28.0 size=N/A time=00:00:38.54 bitrate=N/A speed=3.17x    
frame=  953 fps= 75 q=28.0 size=N/A time=00:00:39.72 bitrate=N/A speed=3.12x    
[hls @ 0x55bd2ecfe780] Opening '/config/data/transcodes/fbb027aab8358eab78af0cef1920c34512.ts' for writing
frame=  970 fps= 73 q=28.0 size=N/A time=00:00:40.42 bitrate=N/A speed=3.06x    
frame=  988 fps= 72 q=28.0 size=N/A time=00:00:41.19 bitrate=N/A speed=   3x    
frame= 1007 fps= 71 q=28.0 size=N/A time=00:00:41.98 bitrate=N/A speed=2.95x    
[hls @ 0x55bd2ecfe780] Opening '/config/data/transcodes/fbb027aab8358eab78af0cef1920c34513.ts' for writing
frame= 1030 fps= 70 q=28.0 size=N/A time=00:00:42.93 bitrate=N/A speed=2.91x    
frame= 1044 fps= 68 q=28.0 size=N/A time=00:00:43.51 bitrate=N/A speed=2.85x    

[q] command received. Exiting.

[hls @ 0x55bd2ecfe780] Opening '/config/data/transcodes/fbb027aab8358eab78af0cef1920c34514.ts' for writing
frame= 1060 fps= 67 q=-1.0 Lsize=N/A time=00:00:44.21 bitrate=N/A speed=2.81x    
video:899kB audio:694kB subtitle:0kB other streams:0kB global headers:0kB muxing overhead: unknown
[libx264 @ 0x55bd2ed3c100] frame I:15    Avg QP:18.80  size:  5276
[libx264 @ 0x55bd2ed3c100] frame P:411   Avg QP:22.13  size:  1525
[libx264 @ 0x55bd2ed3c100] frame B:634   Avg QP:23.83  size:   338
[libx264 @ 0x55bd2ed3c100] consecutive B-frames: 16.9%  8.5%  4.8% 69.8%
[libx264 @ 0x55bd2ed3c100] mb I  I16..4: 44.8%  0.0% 55.2%
[libx264 @ 0x55bd2ed3c100] mb P  I16..4: 22.3%  0.0%  0.0%  P16..4: 34.3%  0.0%  0.0%  0.0%  0.0%    skip:43.4%
[libx264 @ 0x55bd2ed3c100] mb B  I16..4:  3.2%  0.0%  0.0%  B16..8: 15.7%  0.0%  0.0%  direct: 5.1%  skip:76.0%  L0:51.9% L1:40.0% BI: 8.1%
[libx264 @ 0x55bd2ed3c100] coded y,uvDC,uvAC intra: 33.5% 12.0% 0.8% inter: 7.9% 4.9% 0.0%
[libx264 @ 0x55bd2ed3c100] i16 v,h,dc,p: 25% 28% 18% 29%
[libx264 @ 0x55bd2ed3c100] i4 v,h,dc,ddl,ddr,vr,hd,vl,hu: 30% 18% 19%  7%  5%  6%  5%  5%  5%
[libx264 @ 0x55bd2ed3c100] i8c dc,h,v,p: 70% 16% 12%  2%
[libx264 @ 0x55bd2ed3c100] Weighted P-Frames: Y:20.4% UV:8.8%
[libx264 @ 0x55bd2ed3c100] kb/s:166.49