/videos/f0614cd0-0d19-69e6-15ef-ee978a0f6c60/hls1/main/0.ts

{"Protocol":0,"Id":"f0614cd00d1969e615efee978a0f6c60","Path":"/data/movies/Minions The Rise of Gru (2022)/Minions The Rise of Gru (2022) WEBDL-2160p.mkv","EncoderPath":null,"EncoderProtocol":null,"Type":0,"Container":"mkv,webm","Size":2015166464,"Name":"Minions The Rise of Gru (2022) WEBDL-2160p","IsRemote":false,"ETag":"f3a1e71ed6554c4106497e465e7dffa5","RunTimeTicks":52511680000,"ReadAtNativeFramerate":false,"IgnoreDts":false,"IgnoreIndex":false,"GenPtsInput":false,"SupportsTranscoding":true,"SupportsDirectStream":true,"SupportsDirectPlay":true,"IsInfiniteStream":false,"RequiresOpening":false,"OpenToken":null,"RequiresClosing":false,"LiveStreamId":null,"BufferMs":null,"RequiresLooping":false,"SupportsProbing":true,"VideoType":0,"IsoType":null,"Video3DFormat":null,"MediaStreams":[{"Codec":"hevc","CodecTag":null,"Language":null,"ColorRange":null,"ColorSpace":"bt2020nc","ColorTransfer":"smpte2084","ColorPrimaries":"bt2020","DvVersionMajor":null,"DvVersionMinor":null,"DvProfile":null,"DvLevel":null,"RpuPresentFlag":null,"ElPresentFlag":null,"BlPresentFlag":null,"DvBlSignalCompatibilityId":null,"Comment":null,"TimeBase":"1/1000","CodecTimeBase":null,"Title":null,"VideoRange":"HDR","VideoRangeType":"HDR10","VideoDoViTitle":null,"LocalizedUndefined":null,"LocalizedDefault":null,"LocalizedForced":null,"LocalizedExternal":null,"DisplayTitle":"4K HEVC HDR","NalLengthSize":null,"IsInterlaced":false,"IsAVC":null,"ChannelLayout":null,"BitRate":3070046,"BitDepth":10,"RefFrames":1,"PacketLength":null,"Channels":null,"SampleRate":null,"IsDefault":true,"IsForced":false,"Height":1596,"Width":3832,"AverageFrameRate":23.976025,"RealFrameRate":23.976025,"Profile":"Main 10","Type":1,"AspectRatio":"2.40:1","Index":0,"Score":null,"IsExternal":false,"DeliveryMethod":null,"DeliveryUrl":null,"IsExternalUrl":null,"IsTextSubtitleStream":false,"SupportsExternalStream":false,"Path":null,"PixelFormat":"yuv420p10le","Level":150,"IsAnamorphic":null},{"Codec":"eac3","CodecTag":null,"Language":"eng","ColorRange":null,"ColorSpace":null,"ColorTransfer":null,"ColorPrimaries":null,"DvVersionMajor":null,"DvVersionMinor":null,"DvProfile":null,"DvLevel":null,"RpuPresentFlag":null,"ElPresentFlag":null,"BlPresentFlag":null,"DvBlSignalCompatibilityId":null,"Comment":null,"TimeBase":"1/1000","CodecTimeBase":null,"Title":null,"VideoRange":null,"VideoRangeType":null,"VideoDoViTitle":null,"LocalizedUndefined":null,"LocalizedDefault":null,"LocalizedForced":null,"LocalizedExternal":null,"DisplayTitle":"English - Dolby Digital\u002B - 5.1 - Default","NalLengthSize":null,"IsInterlaced":false,"IsAVC":null,"ChannelLayout":"5.1","BitRate":768000,"BitDepth":null,"RefFrames":null,"PacketLength":null,"Channels":6,"SampleRate":48000,"IsDefault":true,"IsForced":false,"Height":null,"Width":null,"AverageFrameRate":null,"RealFrameRate":null,"Profile":null,"Type":0,"AspectRatio":null,"Index":1,"Score":null,"IsExternal":false,"DeliveryMethod":null,"DeliveryUrl":null,"IsExternalUrl":null,"IsTextSubtitleStream":false,"SupportsExternalStream":false,"Path":null,"PixelFormat":null,"Level":0,"IsAnamorphic":null},{"Codec":"subrip","CodecTag":null,"Language":"eng","ColorRange":null,"ColorSpace":null,"ColorTransfer":null,"ColorPrimaries":null,"DvVersionMajor":null,"DvVersionMinor":null,"DvProfile":null,"DvLevel":null,"RpuPresentFlag":null,"ElPresentFlag":null,"BlPresentFlag":null,"DvBlSignalCompatibilityId":null,"Comment":null,"TimeBase":"1/1000","CodecTimeBase":null,"Title":null,"VideoRange":null,"VideoRangeType":null,"VideoDoViTitle":null,"LocalizedUndefined":"Undefined","LocalizedDefault":"Default","LocalizedForced":"Forced","LocalizedExternal":"External","DisplayTitle":"English - SUBRIP","NalLengthSize":null,"IsInterlaced":false,"IsAVC":null,"ChannelLayout":null,"BitRate":null,"BitDepth":null,"RefFrames":null,"PacketLength":null,"Channels":null,"SampleRate":null,"IsDefault":false,"IsForced":false,"Height":null,"Width":null,"AverageFrameRate":null,"RealFrameRate":null,"Profile":null,"Type":2,"AspectRatio":null,"Index":2,"Score":null,"IsExternal":false,"DeliveryMethod":null,"DeliveryUrl":null,"IsExternalUrl":null,"IsTextSubtitleStream":true,"SupportsExternalStream":true,"Path":null,"PixelFormat":null,"Level":0,"IsAnamorphic":null},{"Codec":"subrip","CodecTag":null,"Language":"eng","ColorRange":null,"ColorSpace":null,"ColorTransfer":null,"ColorPrimaries":null,"DvVersionMajor":null,"DvVersionMinor":null,"DvProfile":null,"DvLevel":null,"RpuPresentFlag":null,"ElPresentFlag":null,"BlPresentFlag":null,"DvBlSignalCompatibilityId":null,"Comment":null,"TimeBase":"1/1000","CodecTimeBase":null,"Title":"SDH","VideoRange":null,"VideoRangeType":null,"VideoDoViTitle":null,"LocalizedUndefined":"Undefined","LocalizedDefault":"Default","LocalizedForced":"Forced","LocalizedExternal":"External","DisplayTitle":"SDH - English - SUBRIP","NalLengthSize":null,"IsInterlaced":false,"IsAVC":null,"ChannelLayout":null,"BitRate":null,"BitDepth":null,"RefFrames":null,"PacketLength":null,"Channels":null,"SampleRate":null,"IsDefault":false,"IsForced":false,"Height":null,"Width":null,"AverageFrameRate":null,"RealFrameRate":null,"Profile":null,"Type":2,"AspectRatio":null,"Index":3,"Score":null,"IsExternal":false,"DeliveryMethod":null,"DeliveryUrl":null,"IsExternalUrl":null,"IsTextSubtitleStream":true,"SupportsExternalStream":true,"Path":null,"PixelFormat":null,"Level":0,"IsAnamorphic":null},{"Codec":"subrip","CodecTag":null,"Language":"spa","ColorRange":null,"ColorSpace":null,"ColorTransfer":null,"ColorPrimaries":null,"DvVersionMajor":null,"DvVersionMinor":null,"DvProfile":null,"DvLevel":null,"RpuPresentFlag":null,"ElPresentFlag":null,"BlPresentFlag":null,"DvBlSignalCompatibilityId":null,"Comment":null,"TimeBase":"1/1000","CodecTimeBase":null,"Title":"Latin American","VideoRange":null,"VideoRangeType":null,"VideoDoViTitle":null,"LocalizedUndefined":"Undefined","LocalizedDefault":"Default","LocalizedForced":"Forced","LocalizedExternal":"External","DisplayTitle":"Latin American - Spanish - SUBRIP","NalLengthSize":null,"IsInterlaced":false,"IsAVC":null,"ChannelLayout":null,"BitRate":null,"BitDepth":null,"RefFrames":null,"PacketLength":null,"Channels":null,"SampleRate":null,"IsDefault":false,"IsForced":false,"Height":null,"Width":null,"AverageFrameRate":null,"RealFrameRate":null,"Profile":null,"Type":2,"AspectRatio":null,"Index":4,"Score":null,"IsExternal":false,"DeliveryMethod":null,"DeliveryUrl":null,"IsExternalUrl":null,"IsTextSubtitleStream":true,"SupportsExternalStream":true,"Path":null,"PixelFormat":null,"Level":0,"IsAnamorphic":null},{"Codec":"subrip","CodecTag":null,"Language":"fre","ColorRange":null,"ColorSpace":null,"ColorTransfer":null,"ColorPrimaries":null,"DvVersionMajor":null,"DvVersionMinor":null,"DvProfile":null,"DvLevel":null,"RpuPresentFlag":null,"ElPresentFlag":null,"BlPresentFlag":null,"DvBlSignalCompatibilityId":null,"Comment":null,"TimeBase":"1/1000","CodecTimeBase":null,"Title":"Canadian","VideoRange":null,"VideoRangeType":null,"VideoDoViTitle":null,"LocalizedUndefined":"Undefined","LocalizedDefault":"Default","LocalizedForced":"Forced","LocalizedExternal":"External","DisplayTitle":"Canadian - Fre - SUBRIP","NalLengthSize":null,"IsInterlaced":false,"IsAVC":null,"ChannelLayout":null,"BitRate":null,"BitDepth":null,"RefFrames":null,"PacketLength":null,"Channels":null,"SampleRate":null,"IsDefault":false,"IsForced":false,"Height":null,"Width":null,"AverageFrameRate":null,"RealFrameRate":null,"Profile":null,"Type":2,"AspectRatio":null,"Index":5,"Score":null,"IsExternal":false,"DeliveryMethod":null,"DeliveryUrl":null,"IsExternalUrl":null,"IsTextSubtitleStream":true,"SupportsExternalStream":true,"Path":null,"PixelFormat":null,"Level":0,"IsAnamorphic":null}],"MediaAttachments":[],"Formats":[],"Bitrate":3838046,"Timestamp":null,"RequiredHttpHeaders":{},"TranscodingUrl":null,"TranscodingSubProtocol":null,"TranscodingContainer":null,"AnalyzeDurationMs":null,"DefaultAudioStreamIndex":null,"DefaultSubtitleStreamIndex":null}

/usr/lib/jellyfin-ffmpeg/ffmpeg -analyzeduration 200M -f matroska,webm -autorotate 0 -i file:"/data/movies/Minions The Rise of Gru (2022)/Minions The Rise of Gru (2022) WEBDL-2160p.mkv" -map_metadata -1 -map_chapters -1 -threads 0 -map 0:0 -map 0:1 -map -0:s -codec:v:0 libx264 -preset veryfast -crf 23 -maxrate 3070046 -bufsize 6140092 -x264opts:0 subme=0:me_range=4:rc_lookahead=10:me=dia:no_chroma_me:8x8dct=0:partitions=none -force_key_frames:0 "expr:gte(t,0+n_forced*3)" -sc_threshold:v:0 0 -vf "setparams=color_primaries=bt709:color_trc=bt709:colorspace=bt709,scale=trunc(min(max(iw\,ih*a)\,min(3832\,1596*a))/2)*2:trunc(min(max(iw/a\,ih)\,min(3832/a\,1596))/2)*2,format=yuv420p" -codec:a:0 libfdk_aac -ac 2 -ab 384000 -af "volume=2" -copyts -avoid_negative_ts disabled -max_muxing_queue_size 2048 -f hls -max_delay 5000000 -hls_time 3 -hls_segment_type mpegts -start_number 0 -hls_segment_filename "/data/transcodes/977a505df3f4168624f49ec230d73f74%d.ts" -hls_playlist_type vod -hls_list_size 0 -y "/data/transcodes/977a505df3f4168624f49ec230d73f74.m3u8"


ffmpeg version 5.1.3-Jellyfin Copyright (c) 2000-2022 the FFmpeg developers
  built with gcc 11 (Ubuntu 11.3.0-1ubuntu1~22.04.1)
  configuration: --prefix=/usr/lib/jellyfin-ffmpeg --target-os=linux --extra-libs=-lfftw3f --extra-version=Jellyfin --disable-doc --disable-ffplay --disable-ptx-compression --disable-static --disable-libxcb --disable-sdl2 --disable-xlib --enable-lto --enable-gpl --enable-version3 --enable-shared --enable-gmp --enable-gnutls --enable-chromaprint --enable-libdrm --enable-libass --enable-libfreetype --enable-libfribidi --enable-libfontconfig --enable-libbluray --enable-libmp3lame --enable-libopus --enable-libtheora --enable-libvorbis --enable-libopenmpt --enable-libdav1d --enable-libwebp --enable-libvpx --enable-libx264 --enable-libx265 --enable-libzvbi --enable-libzimg --enable-libfdk-aac --arch=amd64 --enable-libsvtav1 --enable-libshaderc --enable-libplacebo --enable-vulkan --enable-opencl --enable-vaapi --enable-amf --enable-libmfx --enable-ffnvcodec --enable-cuda --enable-cuda-llvm --enable-cuvid --enable-nvdec --enable-nvenc
  libavutil      57. 28.100 / 57. 28.100
  libavcodec     59. 37.100 / 59. 37.100
  libavformat    59. 27.100 / 59. 27.100
  libavdevice    59.  7.100 / 59.  7.100
  libavfilter     8. 44.100 /  8. 44.100
  libswscale      6.  7.100 /  6.  7.100
  libswresample   4.  7.100 /  4.  7.100
  libpostproc    56.  6.100 / 56.  6.100
Input #0, matroska,webm, from 'file:/data/movies/Minions The Rise of Gru (2022)/Minions The Rise of Gru (2022) WEBDL-2160p.mkv':
  Metadata:
    encoder         : libebml v1.4.2 + libmatroska v1.6.4
    creation_time   : 2022-08-02T06:08:55.000000Z
  Duration: 01:27:31.17, start: 0.000000, bitrate: 3070 kb/s
  Chapters:
    Chapter #0:0: start 0.000000, end 141.558000
      Metadata:
        title           : Chapter 01
    Chapter #0:1: start 141.558000, end 458.083000
      Metadata:
        title           : Chapter 02
    Chapter #0:2: start 458.083000, end 767.684000
      Metadata:
        title           : Chapter 03
    Chapter #0:3: start 767.684000, end 1070.528000
      Metadata:
        title           : Chapter 04
    Chapter #0:4: start 1070.528000, end 1246.329000
      Metadata:
        title           : Chapter 05
    Chapter #0:5: start 1246.329000, end 1580.538000
      Metadata:
        title           : Chapter 06
    Chapter #0:6: start 1580.538000, end 1741.658000
      Metadata:
        title           : Chapter 07
    Chapter #0:7: start 1741.658000, end 2013.430000
      Metadata:
        title           : Chapter 08
    Chapter #0:8: start 2013.430000, end 2329.454000
      Metadata:
        title           : Chapter 09
    Chapter #0:9: start 2329.454000, end 2603.770000
      Metadata:
        title           : Chapter 10
    Chapter #0:10: start 2603.770000, end 2939.773000
      Metadata:
        title           : Chapter 11
    Chapter #0:11: start 2939.773000, end 3027.068000
      Metadata:
        title           : Chapter 12
    Chapter #0:12: start 3027.068000, end 3339.631000
      Metadata:
        title           : Chapter 13
    Chapter #0:13: start 3339.631000, end 3600.975000
      Metadata:
        title           : Chapter 14
    Chapter #0:14: start 3600.975000, end 3933.058000
      Metadata:
        title           : Chapter 15
    Chapter #0:15: start 3933.058000, end 4060.977000
      Metadata:
        title           : Chapter 16
    Chapter #0:16: start 4060.977000, end 4258.133000
      Metadata:
        title           : Chapter 17
    Chapter #0:17: start 4258.133000, end 4586.169000
      Metadata:
        title           : Chapter 18
    Chapter #0:18: start 4586.169000, end 4771.104000
      Metadata:
        title           : Chapter 19
    Chapter #0:19: start 4771.104000, end 5251.168000
      Metadata:
        title           : Chapter 20
  Stream #0:0: Video: hevc (Main 10), yuv420p10le(tv, bt2020nc/bt2020/smpte2084), 3832x1596 [SAR 1:1 DAR 958:399], 23.98 fps, 23.98 tbr, 1k tbn (default)
  Stream #0:1(eng): Audio: eac3, 48000 Hz, 5.1(side), fltp, 768 kb/s (default)
  Stream #0:2(eng): Subtitle: subrip
  Stream #0:3(eng): Subtitle: subrip (hearing impaired)
    Metadata:
      title           : SDH
  Stream #0:4(spa): Subtitle: subrip
    Metadata:
      title           : Latin American
  Stream #0:5(fre): Subtitle: subrip
    Metadata:
      title           : Canadian
Stream mapping:
  Stream #0:0 -> #0:0 (hevc (native) -> h264 (libx264))
  Stream #0:1 -> #0:1 (eac3 (native) -> aac (libfdk_aac))
Press [q] to stop, [?] for help
[libx264 @ 0x56179f5cbfc0] using SAR=1/1
[libx264 @ 0x56179f5cbfc0] using cpu capabilities: MMX2 SSE2Fast SSSE3 SSE4.2 AVX FMA3 BMI2 AVX2
[libx264 @ 0x56179f5cbfc0] profile Main, level 5.1, 4:2:0, 8-bit
[libx264 @ 0x56179f5cbfc0] 264 - core 163 r3060 5db6aa6 - H.264/MPEG-4 AVC codec - Copyleft 2003-2021 - http://www.videolan.org/x264.html - options: cabac=1 ref=1 deblock=1:0:0 analyse=0x1:0 me=dia subme=0 psy=1 psy_rd=1.00:0.00 mixed_ref=0 me_range=4 chroma_me=0 trellis=0 8x8dct=0 cqm=0 deadzone=21,11 fast_pskip=1 chroma_qp_offset=0 threads=6 lookahead_threads=1 sliced_threads=0 nr=0 decimate=1 interlaced=0 bluray_compat=0 constrained_intra=0 bframes=3 b_pyramid=2 b_adapt=1 b_bias=0 direct=1 weightb=1 open_gop=0 weightp=1 keyint=250 keyint_min=23 scenecut=0 intra_refresh=0 rc_lookahead=10 rc=crf mbtree=1 crf=23.0 qcomp=0.60 qpmin=0 qpmax=69 qpstep=4 vbv_maxrate=3070 vbv_bufsize=6140 crf_max=0.0 nal_hrd=none filler=0 ip_ratio=1.40 aq=1:1.00
Output #0, hls, to '/data/transcodes/977a505df3f4168624f49ec230d73f74.m3u8':
  Metadata:
    encoder         : Lavf59.27.100
  Stream #0:0: Video: h264, yuv420p(tv, bt709, progressive), 3832x1596 [SAR 1:1 DAR 958:399], q=2-31, 23.98 fps, 90k tbn (default)
    Metadata:
      encoder         : Lavc59.37.100 libx264
    Side data:
      cpb: bitrate max/min/avg: 3070000/0/0 buffer size: 6140000 vbv_delay: N/A
  Stream #0:1: Audio: aac, 48000 Hz, stereo, s16, 384 kb/s (default)
    Metadata:
      encoder         : Lavc59.37.100 libfdk_aac
frame=    1 fps=0.0 q=0.0 size=N/A time=00:00:00.00 bitrate=N/A speed=   0x    
frame=    2 fps=1.5 q=0.0 size=N/A time=00:00:00.00 bitrate=N/A speed=   0x    
frame=    5 fps=1.9 q=0.0 size=N/A time=00:00:00.00 bitrate=N/A speed=   0x    
frame=   17 fps=5.3 q=0.0 size=N/A time=00:00:00.51 bitrate=N/A speed=0.16x    
frame=   32 fps=8.6 q=28.0 size=N/A time=00:00:01.28 bitrate=N/A speed=0.345x    
frame=   52 fps= 12 q=28.0 size=N/A time=00:00:02.04 bitrate=N/A speed=0.485x    
frame=   59 fps= 12 q=28.0 size=N/A time=00:00:02.53 bitrate=N/A speed=0.537x    
frame=   69 fps= 13 q=28.0 size=N/A time=00:00:02.81 bitrate=N/A speed=0.535x    
frame=   77 fps= 13 q=28.0 size=N/A time=00:00:03.07 bitrate=N/A speed=0.524x    
frame=   89 fps= 14 q=28.0 size=N/A time=00:00:03.62 bitrate=N/A speed=0.56x    
[hls @ 0x56179f5a7b40] Opening '/data/transcodes/977a505df3f4168624f49ec230d73f740.ts' for writing
frame=   97 fps= 14 q=28.0 size=N/A time=00:00:03.88 bitrate=N/A speed=0.556x    
frame=  104 fps= 14 q=31.0 size=N/A time=00:00:04.33 bitrate=N/A speed=0.579x    
frame=  112 fps= 14 q=30.0 size=N/A time=00:00:04.58 bitrate=N/A speed=0.571x    
frame=  120 fps= 14 q=32.0 size=N/A time=00:00:04.84 bitrate=N/A speed=0.567x    
frame=  129 fps= 14 q=33.0 size=N/A time=00:00:05.22 bitrate=N/A speed=0.576x    
frame=  139 fps= 14 q=33.0 size=N/A time=00:00:05.73 bitrate=N/A speed=0.592x    
frame=  146 fps= 14 q=33.0 size=N/A time=00:00:05.88 bitrate=N/A speed=0.574x    
frame=  154 fps= 14 q=35.0 size=N/A time=00:00:06.40 bitrate=N/A speed=0.595x    
frame=  158 fps= 14 q=35.0 size=N/A time=00:00:06.40 bitrate=N/A speed=0.562x    
frame=  163 fps= 14 q=35.0 size=N/A time=00:00:06.65 bitrate=N/A speed=0.558x    
[hls @ 0x56179f5a7b40] Opening '/data/transcodes/977a505df3f4168624f49ec230d73f741.ts' for writing
frame=  166 fps= 13 q=35.0 size=N/A time=00:00:06.72 bitrate=N/A speed=0.532x    
frame=  172 fps= 13 q=34.0 size=N/A time=00:00:07.01 bitrate=N/A speed=0.53x    
frame=  181 fps= 13 q=34.0 size=N/A time=00:00:07.48 bitrate=N/A speed=0.543x    
frame=  191 fps= 13 q=34.0 size=N/A time=00:00:07.80 bitrate=N/A speed=0.54x    
frame=  198 fps= 13 q=34.0 size=N/A time=00:00:08.12 bitrate=N/A speed=0.543x    
frame=  206 fps= 13 q=35.0 size=N/A time=00:00:08.42 bitrate=N/A speed=0.542x    
frame=  215 fps= 13 q=35.0 size=N/A time=00:00:08.87 bitrate=N/A speed=0.551x    
frame=  223 fps= 13 q=37.0 size=N/A time=00:00:09.15 bitrate=N/A speed=0.549x    
frame=  233 fps= 13 q=37.0 size=N/A time=00:00:09.51 bitrate=N/A speed=0.55x    
[hls @ 0x56179f5a7b40] Opening '/data/transcodes/977a505df3f4168624f49ec230d73f742.ts' for writing
frame=  238 fps= 12 q=37.0 size=N/A time=00:00:09.77 bitrate=N/A speed=0.509x    
frame=  247 fps= 13 q=36.0 size=N/A time=00:00:10.15 bitrate=N/A speed=0.515x    
frame=  259 fps= 13 q=36.0 size=N/A time=00:00:10.62 bitrate=N/A speed=0.525x    
frame=  272 fps= 13 q=34.0 size=N/A time=00:00:11.20 bitrate=N/A speed=0.537x    
frame=  283 fps= 13 q=34.0 size=N/A time=00:00:11.58 bitrate=N/A speed=0.543x    
frame=  292 fps= 13 q=36.0 size=N/A time=00:00:12.09 bitrate=N/A speed=0.553x    
frame=  299 fps= 13 q=39.0 size=N/A time=00:00:12.28 bitrate=N/A speed=0.549x    
frame=  307 fps= 13 q=35.0 size=N/A time=00:00:12.77 bitrate=N/A speed=0.558x    
[hls @ 0x56179f5a7b40] Opening '/data/transcodes/977a505df3f4168624f49ec230d73f743.ts' for writing
frame=  310 fps= 13 q=35.0 size=N/A time=00:00:12.77 bitrate=N/A speed=0.526x    
frame=  320 fps= 13 q=35.0 size=N/A time=00:00:13.18 bitrate=N/A speed=0.531x    
frame=  326 fps= 13 q=33.0 size=N/A time=00:00:13.44 bitrate=N/A speed=0.53x    
frame=  336 fps= 13 q=33.0 size=N/A time=00:00:14.05 bitrate=N/A speed=0.544x    
frame=  346 fps= 13 q=34.0 size=N/A time=00:00:14.33 bitrate=N/A speed=0.543x    
frame=  354 fps= 13 q=34.0 size=N/A time=00:00:14.59 bitrate=N/A speed=0.541x    
frame=  363 fps= 13 q=32.0 size=N/A time=00:00:15.01 bitrate=N/A speed=0.546x    

[q] command received. Exiting.

[hls @ 0x56179f5a7b40] Opening '/data/transcodes/977a505df3f4168624f49ec230d73f744.ts' for writing
[hls @ 0x56179f5a7b40] Opening '/data/transcodes/977a505df3f4168624f49ec230d73f745.ts' for writing
frame=  372 fps= 13 q=-1.0 Lsize=N/A time=00:00:15.57 bitrate=N/A speed=0.525x    
video:5342kB audio:752kB subtitle:0kB other streams:0kB global headers:0kB muxing overhead: unknown
[libx264 @ 0x56179f5cbfc0] frame I:6     Avg QP:21.86  size: 47548
[libx264 @ 0x56179f5cbfc0] frame P:157   Avg QP:25.83  size: 22505
[libx264 @ 0x56179f5cbfc0] frame B:209   Avg QP:25.57  size:  7900
[libx264 @ 0x56179f5cbfc0] consecutive B-frames: 17.2% 18.3% 16.1% 48.4%
[libx264 @ 0x56179f5cbfc0] mb I  I16..4: 88.7%  0.0% 11.3%
[libx264 @ 0x56179f5cbfc0] mb P  I16..4: 32.0%  0.0%  0.0%  P16..4: 14.5%  0.0%  0.0%  0.0%  0.0%    skip:53.5%
[libx264 @ 0x56179f5cbfc0] mb B  I16..4:  3.6%  0.0%  0.0%  B16..8:  9.6%  0.0%  0.0%  direct: 1.4%  skip:85.3%  L0:44.8% L1:51.9% BI: 3.3%
[libx264 @ 0x56179f5cbfc0] coded y,uvDC,uvAC intra: 2.8% 8.1% 0.1% inter: 0.8% 2.6% 0.0%
[libx264 @ 0x56179f5cbfc0] i16 v,h,dc,p: 35% 32% 15% 17%
[libx264 @ 0x56179f5cbfc0] i4 v,h,dc,ddl,ddr,vr,hd,vl,hu: 19% 31% 29%  7%  4%  2%  5%  1%  3%
[libx264 @ 0x56179f5cbfc0] i8c dc,h,v,p: 64% 22% 11%  3%
[libx264 @ 0x56179f5cbfc0] Weighted P-Frames: Y:20.4% UV:7.0%
[libx264 @ 0x56179f5cbfc0] kb/s:2820.25