/videos/b57d9ddb-fe62-fd71-61a9-008354938ac8/hls1/main/432.ts

{"Protocol":0,"Id":"b57d9ddbfe62fd7161a9008354938ac8","Path":"/data/tvshows/The IT Crowd/Season 3/The IT Crowd - S03E01 - From Hell WEBDL-720p Proper.mp4","EncoderPath":null,"EncoderProtocol":null,"Type":0,"Container":"mov,mp4,m4a,3gp,3g2,mj2","Size":175234352,"Name":"The IT Crowd - S03E01 - From Hell WEBDL-720p Proper","IsRemote":false,"ETag":"96f72b8863c1b5d5e586b5af3ba14e36","RunTimeTicks":13890239488,"ReadAtNativeFramerate":false,"IgnoreDts":false,"IgnoreIndex":false,"GenPtsInput":false,"SupportsTranscoding":true,"SupportsDirectStream":true,"SupportsDirectPlay":true,"IsInfiniteStream":false,"RequiresOpening":false,"OpenToken":null,"RequiresClosing":false,"LiveStreamId":null,"BufferMs":null,"RequiresLooping":false,"SupportsProbing":true,"VideoType":0,"IsoType":null,"Video3DFormat":null,"MediaStreams":[{"Codec":"subrip","CodecTag":null,"Language":"eng","ColorRange":null,"ColorSpace":null,"ColorTransfer":null,"ColorPrimaries":null,"DvVersionMajor":null,"DvVersionMinor":null,"DvProfile":null,"DvLevel":null,"RpuPresentFlag":null,"ElPresentFlag":null,"BlPresentFlag":null,"DvBlSignalCompatibilityId":null,"Comment":null,"TimeBase":"1/1000","CodecTimeBase":null,"Title":null,"VideoRange":null,"VideoRangeType":null,"VideoDoViTitle":null,"LocalizedUndefined":"Undefined","LocalizedDefault":"Default","LocalizedForced":"Forced","LocalizedExternal":"External","DisplayTitle":"English - Forced - SUBRIP - External","NalLengthSize":null,"IsInterlaced":false,"IsAVC":null,"ChannelLayout":null,"BitRate":null,"BitDepth":null,"RefFrames":null,"PacketLength":null,"Channels":null,"SampleRate":null,"IsDefault":false,"IsForced":true,"Height":null,"Width":null,"AverageFrameRate":null,"RealFrameRate":null,"Profile":null,"Type":2,"AspectRatio":null,"Index":0,"Score":null,"IsExternal":true,"DeliveryMethod":null,"DeliveryUrl":null,"IsExternalUrl":null,"IsTextSubtitleStream":true,"SupportsExternalStream":true,"Path":"/data/tvshows/The IT Crowd/Season 3/The IT Crowd - S03E01 - From Hell WEBDL-720p Proper.en.forced.srt","PixelFormat":null,"Level":0,"IsAnamorphic":null},{"Codec":"h264","CodecTag":"avc1","Language":"und","ColorRange":null,"ColorSpace":"bt709","ColorTransfer":"bt709","ColorPrimaries":"bt709","DvVersionMajor":null,"DvVersionMinor":null,"DvProfile":null,"DvLevel":null,"RpuPresentFlag":null,"ElPresentFlag":null,"BlPresentFlag":null,"DvBlSignalCompatibilityId":null,"Comment":null,"TimeBase":"1/16000","CodecTimeBase":null,"Title":null,"VideoRange":"SDR","VideoRangeType":"SDR","VideoDoViTitle":null,"LocalizedUndefined":null,"LocalizedDefault":null,"LocalizedForced":null,"LocalizedExternal":null,"DisplayTitle":"720p H264 SDR","NalLengthSize":"4","IsInterlaced":false,"IsAVC":true,"ChannelLayout":null,"BitRate":873326,"BitDepth":8,"RefFrames":1,"PacketLength":null,"Channels":null,"SampleRate":null,"IsDefault":true,"IsForced":false,"Height":720,"Width":1250,"AverageFrameRate":25,"RealFrameRate":25,"Profile":"Main","Type":1,"AspectRatio":"125:72","Index":1,"Score":null,"IsExternal":false,"DeliveryMethod":null,"DeliveryUrl":null,"IsExternalUrl":null,"IsTextSubtitleStream":false,"SupportsExternalStream":false,"Path":null,"PixelFormat":"yuv420p","Level":52,"IsAnamorphic":null},{"Codec":"mov_text","CodecTag":"tx3g","Language":"eng","ColorRange":null,"ColorSpace":null,"ColorTransfer":null,"ColorPrimaries":null,"DvVersionMajor":null,"DvVersionMinor":null,"DvProfile":null,"DvLevel":null,"RpuPresentFlag":null,"ElPresentFlag":null,"BlPresentFlag":null,"DvBlSignalCompatibilityId":null,"Comment":null,"TimeBase":"1/1000000","CodecTimeBase":null,"Title":null,"VideoRange":null,"VideoRangeType":null,"VideoDoViTitle":null,"LocalizedUndefined":"Undefined","LocalizedDefault":"Default","LocalizedForced":"Forced","LocalizedExternal":"External","DisplayTitle":"English - Default - Forced - MOV_TEXT","NalLengthSize":null,"IsInterlaced":false,"IsAVC":null,"ChannelLayout":null,"BitRate":79,"BitDepth":null,"RefFrames":null,"PacketLength":null,"Channels":null,"SampleRate":null,"IsDefault":true,"IsForced":true,"Height":null,"Width":null,"AverageFrameRate":null,"RealFrameRate":null,"Profile":null,"Type":2,"AspectRatio":null,"Index":2,"Score":null,"IsExternal":false,"DeliveryMethod":null,"DeliveryUrl":null,"IsExternalUrl":null,"IsTextSubtitleStream":true,"SupportsExternalStream":true,"Path":null,"PixelFormat":null,"Level":0,"IsAnamorphic":null},{"Codec":"aac","CodecTag":"mp4a","Language":"eng","ColorRange":null,"ColorSpace":null,"ColorTransfer":null,"ColorPrimaries":null,"DvVersionMajor":null,"DvVersionMinor":null,"DvProfile":null,"DvLevel":null,"RpuPresentFlag":null,"ElPresentFlag":null,"BlPresentFlag":null,"DvBlSignalCompatibilityId":null,"Comment":null,"TimeBase":"1/48000","CodecTimeBase":null,"Title":null,"VideoRange":null,"VideoRangeType":null,"VideoDoViTitle":null,"LocalizedUndefined":null,"LocalizedDefault":null,"LocalizedForced":null,"LocalizedExternal":null,"DisplayTitle":"English - AAC - Stereo - Default","NalLengthSize":null,"IsInterlaced":false,"IsAVC":null,"ChannelLayout":"stereo","BitRate":129721,"BitDepth":null,"RefFrames":null,"PacketLength":null,"Channels":2,"SampleRate":48000,"IsDefault":true,"IsForced":false,"Height":null,"Width":null,"AverageFrameRate":null,"RealFrameRate":null,"Profile":"LC","Type":0,"AspectRatio":null,"Index":3,"Score":null,"IsExternal":false,"DeliveryMethod":null,"DeliveryUrl":null,"IsExternalUrl":null,"IsTextSubtitleStream":false,"SupportsExternalStream":false,"Path":null,"PixelFormat":null,"Level":0,"IsAnamorphic":null}],"MediaAttachments":[],"Formats":[],"Bitrate":1009251,"Timestamp":null,"RequiredHttpHeaders":{},"TranscodingUrl":null,"TranscodingSubProtocol":null,"TranscodingContainer":null,"AnalyzeDurationMs":null,"DefaultAudioStreamIndex":null,"DefaultSubtitleStreamIndex":null}

/usr/lib/jellyfin-ffmpeg/ffmpeg -analyzeduration 200M -ss 00:21:36.000 -f mov,mp4,m4a,3gp,3g2,mj2 -autorotate 0 -i file:"/data/tvshows/The IT Crowd/Season 3/The IT Crowd - S03E01 - From Hell WEBDL-720p Proper.mp4" -map_metadata -1 -map_chapters -1 -threads 0 -map 0:0 -map 0:2 -map -0:s -codec:v:0 libx264 -preset veryfast -crf 23 -maxrate 4366630 -bufsize 8733260 -profile:v:0 main -level 51 -x264opts:0 subme=0:me_range=4:rc_lookahead=10:me=dia:no_chroma_me:8x8dct=0:partitions=none -force_key_frames:0 "expr:gte(t,1296+n_forced*3)" -sc_threshold:v:0 0 -vf "setparams=color_primaries=bt709:color_trc=bt709:colorspace=bt709,scale=trunc(min(max(iw\,ih*a)\,min(1250\,720*a))/2)*2:trunc(min(max(iw/a\,ih)\,min(1250/a\,720))/2)*2,format=yuv420p" -start_at_zero -codec:a:0 copy -copyts -avoid_negative_ts disabled -max_muxing_queue_size 2048 -f hls -max_delay 5000000 -hls_time 3 -hls_segment_type mpegts -start_number 432 -hls_segment_filename "/config/data/transcodes/0c4b53f575966471bf14a2f5007cd63a%d.ts" -hls_playlist_type vod -hls_list_size 0 -y "/config/data/transcodes/0c4b53f575966471bf14a2f5007cd63a.m3u8"


ffmpeg version 5.1.3-Jellyfin Copyright (c) 2000-2022 the FFmpeg developers
  built with gcc 11 (Ubuntu 11.3.0-1ubuntu1~22.04.1)
  configuration: --prefix=/usr/lib/jellyfin-ffmpeg --target-os=linux --extra-libs=-lfftw3f --extra-version=Jellyfin --disable-doc --disable-ffplay --disable-ptx-compression --disable-static --disable-libxcb --disable-sdl2 --disable-xlib --enable-lto --enable-gpl --enable-version3 --enable-shared --enable-gmp --enable-gnutls --enable-chromaprint --enable-libdrm --enable-libass --enable-libfreetype --enable-libfribidi --enable-libfontconfig --enable-libbluray --enable-libmp3lame --enable-libopus --enable-libtheora --enable-libvorbis --enable-libopenmpt --enable-libdav1d --enable-libwebp --enable-libvpx --enable-libx264 --enable-libx265 --enable-libzvbi --enable-libzimg --enable-libfdk-aac --arch=amd64 --enable-libsvtav1 --enable-libshaderc --enable-libplacebo --enable-vulkan --enable-opencl --enable-vaapi --enable-amf --enable-libmfx --enable-ffnvcodec --enable-cuda --enable-cuda-llvm --enable-cuvid --enable-nvdec --enable-nvenc
  libavutil      57. 28.100 / 57. 28.100
  libavcodec     59. 37.100 / 59. 37.100
  libavformat    59. 27.100 / 59. 27.100
  libavdevice    59.  7.100 / 59.  7.100
  libavfilter     8. 44.100 /  8. 44.100
  libswscale      6.  7.100 /  6.  7.100
  libswresample   4.  7.100 /  4.  7.100
  libpostproc    56.  6.100 / 56.  6.100
Input #0, mov,mp4,m4a,3gp,3g2,mj2, from 'file:/data/tvshows/The IT Crowd/Season 3/The IT Crowd - S03E01 - From Hell WEBDL-720p Proper.mp4':
  Metadata:
    major_brand     : isom
    minor_version   : 512
    compatible_brands: isomiso2avc1mp41
    encoder         : Lavf60.3.100
  Duration: 00:23:09.02, start: 0.000000, bitrate: 1009 kb/s
  Stream #0:0[0x1](und): Video: h264 (Main) (avc1 / 0x31637661), yuv420p(tv, bt709, progressive), 1250x720 [SAR 1:1 DAR 125:72], 873 kb/s, 25 fps, 25 tbr, 16k tbn (default)
    Metadata:
      handler_name    : VideoHandler
      vendor_id       : [0][0][0][0]
  Stream #0:1[0x2](eng): Subtitle: mov_text (tx3g / 0x67337874), 0 kb/s (default) (forced)
    Metadata:
      handler_name    : SubtitleHandler
  Stream #0:2[0x3](eng): Audio: aac (LC) (mp4a / 0x6134706D), 48000 Hz, stereo, fltp, 129 kb/s (default)
    Metadata:
      handler_name    : SoundHandler
      vendor_id       : [0][0][0][0]
Stream mapping:
  Stream #0:0 -> #0:0 (h264 (native) -> h264 (libx264))
  Stream #0:2 -> #0:1 (copy)
Press [q] to stop, [?] for help
[libx264 @ 0x561f1abdd200] using SAR=1/1
[libx264 @ 0x561f1abdd200] using cpu capabilities: MMX2 SSE2Fast SSSE3 SSE4.2 AVX FMA3 BMI2 AVX2
[libx264 @ 0x561f1abdd200] profile Main, level 5.1, 4:2:0, 8-bit
[libx264 @ 0x561f1abdd200] 264 - core 163 r3060 5db6aa6 - H.264/MPEG-4 AVC codec - Copyleft 2003-2021 - http://www.videolan.org/x264.html - options: cabac=1 ref=1 deblock=1:0:0 analyse=0x1:0 me=dia subme=0 psy=1 psy_rd=1.00:0.00 mixed_ref=0 me_range=4 chroma_me=0 trellis=0 8x8dct=0 cqm=0 deadzone=21,11 fast_pskip=1 chroma_qp_offset=0 threads=6 lookahead_threads=1 sliced_threads=0 nr=0 decimate=1 interlaced=0 bluray_compat=0 constrained_intra=0 bframes=3 b_pyramid=2 b_adapt=1 b_bias=0 direct=1 weightb=1 open_gop=0 weightp=1 keyint=250 keyint_min=25 scenecut=0 intra_refresh=0 rc_lookahead=10 rc=crf mbtree=1 crf=23.0 qcomp=0.60 qpmin=0 qpmax=69 qpstep=4 vbv_maxrate=4366 vbv_bufsize=8733 crf_max=0.0 nal_hrd=none filler=0 ip_ratio=1.40 aq=1:1.00
Output #0, hls, to '/config/data/transcodes/0c4b53f575966471bf14a2f5007cd63a.m3u8':
  Metadata:
    encoder         : Lavf59.27.100
  Stream #0:0: Video: h264, yuv420p(tv, bt709, progressive), 1250x720 [SAR 1:1 DAR 125:72], q=2-31, 25 fps, 90k tbn (default)
    Metadata:
      encoder         : Lavc59.37.100 libx264
    Side data:
      cpb: bitrate max/min/avg: 4366000/0/0 buffer size: 8733000 vbv_delay: N/A
  Stream #0:1: Audio: aac (LC) (mp4a / 0x6134706D), 48000 Hz, stereo, fltp, 129 kb/s (default)
frame=    1 fps=0.0 q=0.0 size=N/A time=00:00:00.00 bitrate=N/A speed=   0x    
frame=  133 fps=0.0 q=28.0 size=N/A time=00:00:05.31 bitrate=N/A speed=9.43x    
frame=  174 fps=163 q=28.0 size=N/A time=00:00:06.93 bitrate=N/A speed= 6.5x    
frame=  194 fps=123 q=28.0 size=N/A time=00:00:07.74 bitrate=N/A speed=4.92x    
frame=  221 fps=106 q=28.0 size=N/A time=00:00:08.83 bitrate=N/A speed=4.25x    
[hls @ 0x561f1aa317c0] Opening '/config/data/transcodes/0c4b53f575966471bf14a2f5007cd63a432.ts' for writing
frame=  271 fps=104 q=28.0 size=N/A time=00:00:10.81 bitrate=N/A speed=4.16x    
frame=  324 fps=102 q=28.0 size=N/A time=00:00:12.94 bitrate=N/A speed=4.08x    
frame=  351 fps= 95 q=28.0 size=N/A time=00:00:14.01 bitrate=N/A speed=3.81x    
frame=  378 fps= 90 q=28.0 size=N/A time=00:00:15.10 bitrate=N/A speed=3.62x    
frame=  415 fps= 88 q=28.0 size=N/A time=00:00:16.57 bitrate=N/A speed=3.53x    
frame=  449 fps= 86 q=28.0 size=N/A time=00:00:17.94 bitrate=N/A speed=3.45x    
frame=  477 fps= 84 q=28.0 size=N/A time=00:00:19.07 bitrate=N/A speed=3.35x    
frame=  499 fps= 80 q=28.0 size=N/A time=00:00:19.94 bitrate=N/A speed=3.22x    
[hls @ 0x561f1aa317c0] Opening '/config/data/transcodes/0c4b53f575966471bf14a2f5007cd63a433.ts' for writing
frame=  534 fps= 80 q=28.0 size=N/A time=00:00:21.33 bitrate=N/A speed=3.18x    
frame=  589 fps= 82 q=28.0 size=N/A time=00:00:23.55 bitrate=N/A speed=3.27x    
frame=  632 fps= 81 q=28.0 size=N/A time=00:00:25.25 bitrate=N/A speed=3.24x    
frame=  660 fps= 80 q=28.0 size=N/A time=00:00:26.38 bitrate=N/A speed=3.18x    
frame=  698 fps= 79 q=28.0 size=N/A time=00:00:27.90 bitrate=N/A speed=3.17x    
frame=  739 fps= 79 q=28.0 size=N/A time=00:00:29.54 bitrate=N/A speed=3.17x    
[hls @ 0x561f1aa317c0] Opening '/config/data/transcodes/0c4b53f575966471bf14a2f5007cd63a434.ts' for writing
frame=  778 fps= 79 q=28.0 size=N/A time=00:00:31.10 bitrate=N/A speed=3.17x    
frame=  806 fps= 78 q=28.0 size=N/A time=00:00:32.21 bitrate=N/A speed=3.12x    
frame=  847 fps= 78 q=28.0 size=N/A time=00:00:33.85 bitrate=N/A speed=3.13x    
frame=  891 fps= 79 q=28.0 size=N/A time=00:00:35.62 bitrate=N/A speed=3.14x    
frame=  934 fps= 79 q=28.0 size=N/A time=00:00:37.33 bitrate=N/A speed=3.15x    
frame=  968 fps= 78 q=28.0 size=N/A time=00:00:38.69 bitrate=N/A speed=3.12x    
frame= 1008 fps= 78 q=28.0 size=N/A time=00:00:40.29 bitrate=N/A speed=3.12x    
[hls @ 0x561f1aa317c0] Opening '/config/data/transcodes/0c4b53f575966471bf14a2f5007cd63a435.ts' for writing
frame= 1052 fps= 78 q=28.0 size=N/A time=00:00:42.06 bitrate=N/A speed=3.13x    
frame= 1103 fps= 79 q=28.0 size=N/A time=00:00:44.09 bitrate=N/A speed=3.17x    
frame= 1130 fps= 78 q=28.0 size=N/A time=00:00:45.18 bitrate=N/A speed=3.13x    
frame= 1153 fps= 77 q=28.0 size=N/A time=00:00:46.10 bitrate=N/A speed=3.09x    
frame= 1192 fps= 77 q=28.0 size=N/A time=00:00:47.65 bitrate=N/A speed=3.09x    
frame= 1246 fps= 78 q=28.0 size=N/A time=00:00:49.81 bitrate=N/A speed=3.13x    
[hls @ 0x561f1aa317c0] Opening '/config/data/transcodes/0c4b53f575966471bf14a2f5007cd63a436.ts' for writing
frame= 1285 fps= 78 q=28.0 size=N/A time=00:00:51.39 bitrate=N/A speed=3.13x    
frame= 1326 fps= 78 q=28.0 size=N/A time=00:00:53.01 bitrate=N/A speed=3.13x    
frame= 1372 fps= 79 q=28.0 size=N/A time=00:00:54.86 bitrate=N/A speed=3.14x    
frame= 1424 fps= 79 q=28.0 size=N/A time=00:00:56.93 bitrate=N/A speed=3.17x    
frame= 1476 fps= 80 q=28.0 size=N/A time=00:00:59.02 bitrate=N/A speed= 3.2x    
[hls @ 0x561f1aa317c0] Opening '/config/data/transcodes/0c4b53f575966471bf14a2f5007cd63a437.ts' for writing
frame= 1533 fps= 81 q=28.0 size=N/A time=00:01:01.31 bitrate=N/A speed=3.23x    
frame= 1589 fps= 81 q=28.0 size=N/A time=00:01:03.55 bitrate=N/A speed=3.25x    
frame= 1638 fps= 82 q=28.0 size=N/A time=00:01:05.49 bitrate=N/A speed=3.27x    
frame= 1685 fps= 82 q=28.0 size=N/A time=00:01:07.39 bitrate=N/A speed=3.28x    
frame= 1747 fps= 83 q=28.0 size=N/A time=00:01:09.86 bitrate=N/A speed=3.32x    
[hls @ 0x561f1aa317c0] Opening '/config/data/transcodes/0c4b53f575966471bf14a2f5007cd63a438.ts' for writing
frame= 1796 fps= 83 q=28.0 size=N/A time=00:01:11.82 bitrate=N/A speed=3.33x    
frame= 1846 fps= 84 q=28.0 size=N/A time=00:01:13.81 bitrate=N/A speed=3.35x    
frame= 1892 fps= 84 q=28.0 size=N/A time=00:01:15.66 bitrate=N/A speed=3.36x    
frame= 1942 fps= 84 q=28.0 size=N/A time=00:01:17.65 bitrate=N/A speed=3.37x    
frame= 2003 fps= 85 q=28.0 size=N/A time=00:01:20.10 bitrate=N/A speed= 3.4x    
[hls @ 0x561f1aa317c0] Opening '/config/data/transcodes/0c4b53f575966471bf14a2f5007cd63a439.ts' for writing
frame= 2039 fps= 85 q=28.0 size=N/A time=00:01:21.53 bitrate=N/A speed=3.39x    
frame= 2087 fps= 85 q=28.0 size=N/A time=00:01:23.45 bitrate=N/A speed= 3.4x    
frame= 2156 fps= 86 q=28.0 size=N/A time=00:01:26.22 bitrate=N/A speed=3.44x    
frame= 2219 fps= 87 q=28.0 size=N/A time=00:01:28.74 bitrate=N/A speed=3.47x    
frame= 2245 fps= 86 q=28.0 size=N/A time=00:01:29.79 bitrate=N/A speed=3.44x    
[hls @ 0x561f1aa317c0] Opening '/config/data/transcodes/0c4b53f575966471bf14a2f5007cd63a440.ts' for writing
frame= 2292 fps= 86 q=28.0 size=N/A time=00:01:31.69 bitrate=N/A speed=3.45x    
[hls @ 0x561f1aa317c0] Opening '/config/data/transcodes/0c4b53f575966471bf14a2f5007cd63a441.ts' for writing
frame= 2325 fps= 86 q=-1.0 Lsize=N/A time=00:01:32.84 bitrate=N/A speed=3.44x    
video:10211kB audio:1444kB subtitle:0kB other streams:0kB global headers:0kB muxing overhead: unknown
[libx264 @ 0x561f1abdd200] frame I:10    Avg QP:17.47  size: 47320
[libx264 @ 0x561f1abdd200] frame P:719   Avg QP:20.89  size:  9806
[libx264 @ 0x561f1abdd200] frame B:1596  Avg QP:24.51  size:  1837
[libx264 @ 0x561f1abdd200] consecutive B-frames:  4.0% 12.9%  1.5% 81.5%
[libx264 @ 0x561f1abdd200] mb I  I16..4: 29.4%  0.0% 70.6%
[libx264 @ 0x561f1abdd200] mb P  I16..4: 12.9%  0.0%  0.0%  P16..4: 38.4%  0.0%  0.0%  0.0%  0.0%    skip:48.7%
[libx264 @ 0x561f1abdd200] mb B  I16..4:  1.0%  0.0%  0.0%  B16..8:  9.3%  0.0%  0.0%  direct: 2.7%  skip:86.9%  L0:37.1% L1:48.8% BI:14.1%
[libx264 @ 0x561f1abdd200] coded y,uvDC,uvAC intra: 28.4% 34.9% 6.1% inter: 5.6% 6.3% 0.0%
[libx264 @ 0x561f1abdd200] i16 v,h,dc,p: 45% 26% 11% 19%
[libx264 @ 0x561f1abdd200] i4 v,h,dc,ddl,ddr,vr,hd,vl,hu: 26% 27%  9%  7%  6%  6%  7%  6%  6%
[libx264 @ 0x561f1abdd200] i8c dc,h,v,p: 54% 19% 19%  9%
[libx264 @ 0x561f1abdd200] Weighted P-Frames: Y:7.2% UV:3.5%
[libx264 @ 0x561f1abdd200] kb/s:899.41