/Videos/5713ccb098289e0bb0ac6dde31f60311/hls1/main/229.ts

{"Protocol":0,"Id":"5713ccb098289e0bb0ac6dde31f60311","Path":"/data/tvshows/Top Gear/Season 22/Top Gear - S22E02 - Episode 2 WEBDL-720p.mkv","EncoderPath":null,"EncoderProtocol":null,"Type":0,"Container":"mkv,webm","Size":2702997248,"Name":"Top Gear - S22E02 - Episode 2 WEBDL-720p","IsRemote":false,"ETag":"9900ca18a180682f3a35975164f3f144","RunTimeTicks":35307200512,"ReadAtNativeFramerate":false,"IgnoreDts":false,"IgnoreIndex":false,"GenPtsInput":false,"SupportsTranscoding":true,"SupportsDirectStream":true,"SupportsDirectPlay":true,"IsInfiniteStream":false,"RequiresOpening":false,"OpenToken":null,"RequiresClosing":false,"LiveStreamId":null,"BufferMs":null,"RequiresLooping":false,"SupportsProbing":true,"VideoType":0,"IsoType":null,"Video3DFormat":null,"MediaStreams":[{"Codec":"subrip","CodecTag":null,"Language":"hin","ColorRange":null,"ColorSpace":null,"ColorTransfer":null,"ColorPrimaries":null,"DvVersionMajor":null,"DvVersionMinor":null,"DvProfile":null,"DvLevel":null,"RpuPresentFlag":null,"ElPresentFlag":null,"BlPresentFlag":null,"DvBlSignalCompatibilityId":null,"Comment":null,"TimeBase":"1/1000","CodecTimeBase":null,"Title":"en","VideoRange":null,"VideoRangeType":null,"VideoDoViTitle":null,"LocalizedUndefined":"Undefined","LocalizedDefault":"Default","LocalizedForced":"Forced","LocalizedExternal":"External","DisplayTitle":"en - Hindi - SUBRIP - External","NalLengthSize":null,"IsInterlaced":false,"IsAVC":null,"ChannelLayout":null,"BitRate":null,"BitDepth":null,"RefFrames":null,"PacketLength":null,"Channels":null,"SampleRate":null,"IsDefault":false,"IsForced":false,"Height":null,"Width":null,"AverageFrameRate":null,"RealFrameRate":null,"Profile":null,"Type":2,"AspectRatio":null,"Index":0,"Score":null,"IsExternal":true,"DeliveryMethod":null,"DeliveryUrl":null,"IsExternalUrl":null,"IsTextSubtitleStream":true,"SupportsExternalStream":true,"Path":"/data/tvshows/Top Gear/Season 22/Top Gear - S22E02 - Episode 2 WEBDL-720p.en.hi.srt","PixelFormat":null,"Level":0,"IsAnamorphic":null},{"Codec":"h264","CodecTag":null,"Language":"eng","ColorRange":null,"ColorSpace":"bt709","ColorTransfer":"bt709","ColorPrimaries":"bt709","DvVersionMajor":null,"DvVersionMinor":null,"DvProfile":null,"DvLevel":null,"RpuPresentFlag":null,"ElPresentFlag":null,"BlPresentFlag":null,"DvBlSignalCompatibilityId":null,"Comment":null,"TimeBase":"1/1000","CodecTimeBase":null,"Title":null,"VideoRange":"SDR","VideoRangeType":"SDR","VideoDoViTitle":null,"LocalizedUndefined":null,"LocalizedDefault":null,"LocalizedForced":null,"LocalizedExternal":null,"DisplayTitle":"720p H264 SDR","NalLengthSize":"4","IsInterlaced":false,"IsAVC":true,"ChannelLayout":null,"BitRate":6124523,"BitDepth":8,"RefFrames":1,"PacketLength":null,"Channels":null,"SampleRate":null,"IsDefault":true,"IsForced":false,"Height":720,"Width":1280,"AverageFrameRate":25,"RealFrameRate":25,"Profile":"High","Type":1,"AspectRatio":"16:9","Index":1,"Score":null,"IsExternal":false,"DeliveryMethod":null,"DeliveryUrl":null,"IsExternalUrl":null,"IsTextSubtitleStream":false,"SupportsExternalStream":false,"Path":null,"PixelFormat":"yuv420p","Level":31,"IsAnamorphic":null},{"Codec":"eac3","CodecTag":null,"Language":"eng","ColorRange":null,"ColorSpace":null,"ColorTransfer":null,"ColorPrimaries":null,"DvVersionMajor":null,"DvVersionMinor":null,"DvProfile":null,"DvLevel":null,"RpuPresentFlag":null,"ElPresentFlag":null,"BlPresentFlag":null,"DvBlSignalCompatibilityId":null,"Comment":null,"TimeBase":"1/1000","CodecTimeBase":null,"Title":"English","VideoRange":null,"VideoRangeType":null,"VideoDoViTitle":null,"LocalizedUndefined":null,"LocalizedDefault":null,"LocalizedForced":null,"LocalizedExternal":null,"DisplayTitle":"English - Dolby Digital\u002B - Stereo - Default","NalLengthSize":null,"IsInterlaced":false,"IsAVC":null,"ChannelLayout":"stereo","BitRate":224000,"BitDepth":null,"RefFrames":null,"PacketLength":null,"Channels":2,"SampleRate":48000,"IsDefault":true,"IsForced":false,"Height":null,"Width":null,"AverageFrameRate":null,"RealFrameRate":null,"Profile":null,"Type":0,"AspectRatio":null,"Index":2,"Score":null,"IsExternal":false,"DeliveryMethod":null,"DeliveryUrl":null,"IsExternalUrl":null,"IsTextSubtitleStream":false,"SupportsExternalStream":false,"Path":null,"PixelFormat":null,"Level":0,"IsAnamorphic":null},{"Codec":"subrip","CodecTag":null,"Language":"eng","ColorRange":null,"ColorSpace":null,"ColorTransfer":null,"ColorPrimaries":null,"DvVersionMajor":null,"DvVersionMinor":null,"DvProfile":null,"DvLevel":null,"RpuPresentFlag":null,"ElPresentFlag":null,"BlPresentFlag":null,"DvBlSignalCompatibilityId":null,"Comment":null,"TimeBase":"1/1000","CodecTimeBase":null,"Title":"English (SDH)","VideoRange":null,"VideoRangeType":null,"VideoDoViTitle":null,"LocalizedUndefined":"Undefined","LocalizedDefault":"Default","LocalizedForced":"Forced","LocalizedExternal":"External","DisplayTitle":"English (SDH) - SUBRIP","NalLengthSize":null,"IsInterlaced":false,"IsAVC":null,"ChannelLayout":null,"BitRate":null,"BitDepth":null,"RefFrames":null,"PacketLength":null,"Channels":null,"SampleRate":null,"IsDefault":false,"IsForced":false,"Height":null,"Width":null,"AverageFrameRate":null,"RealFrameRate":null,"Profile":null,"Type":2,"AspectRatio":null,"Index":3,"Score":null,"IsExternal":false,"DeliveryMethod":null,"DeliveryUrl":null,"IsExternalUrl":null,"IsTextSubtitleStream":true,"SupportsExternalStream":true,"Path":null,"PixelFormat":null,"Level":0,"IsAnamorphic":null}],"MediaAttachments":[],"Formats":[],"Bitrate":6348523,"Timestamp":null,"RequiredHttpHeaders":{},"TranscodingUrl":null,"TranscodingSubProtocol":null,"TranscodingContainer":null,"AnalyzeDurationMs":null,"DefaultAudioStreamIndex":null,"DefaultSubtitleStreamIndex":null}

/usr/lib/jellyfin-ffmpeg/ffmpeg -analyzeduration 200M -ss 00:22:54.000 -fflags +genpts -f matroska,webm  -i file:"/data/tvshows/Top Gear/Season 22/Top Gear - S22E02 - Episode 2 WEBDL-720p.mkv" -map_metadata -1 -map_chapters -1 -threads 0 -map 0:0 -map 0:1 -map -0:s -codec:v:0 copy -bsf:v h264_mp4toannexb -start_at_zero -codec:a:0 copy -copyts -avoid_negative_ts disabled -max_muxing_queue_size 2048 -f hls -max_delay 5000000 -hls_time 6 -hls_segment_type mpegts -start_number 229 -hls_segment_filename "/data/transcodes/dc27169b75edf360ad125230f2c3f7f7%d.ts" -hls_playlist_type vod -hls_list_size 0 -y "/data/transcodes/dc27169b75edf360ad125230f2c3f7f7.m3u8"


ffmpeg version 5.1.3-Jellyfin Copyright (c) 2000-2022 the FFmpeg developers
  built with gcc 11 (Ubuntu 11.3.0-1ubuntu1~22.04.1)
  configuration: --prefix=/usr/lib/jellyfin-ffmpeg --target-os=linux --extra-libs=-lfftw3f --extra-version=Jellyfin --disable-doc --disable-ffplay --disable-ptx-compression --disable-static --disable-libxcb --disable-sdl2 --disable-xlib --enable-lto --enable-gpl --enable-version3 --enable-shared --enable-gmp --enable-gnutls --enable-chromaprint --enable-libdrm --enable-libass --enable-libfreetype --enable-libfribidi --enable-libfontconfig --enable-libbluray --enable-libmp3lame --enable-libopus --enable-libtheora --enable-libvorbis --enable-libopenmpt --enable-libdav1d --enable-libwebp --enable-libvpx --enable-libx264 --enable-libx265 --enable-libzvbi --enable-libzimg --enable-libfdk-aac --arch=amd64 --enable-libsvtav1 --enable-libshaderc --enable-libplacebo --enable-vulkan --enable-opencl --enable-vaapi --enable-amf --enable-libmfx --enable-ffnvcodec --enable-cuda --enable-cuda-llvm --enable-cuvid --enable-nvdec --enable-nvenc
  libavutil      57. 28.100 / 57. 28.100
  libavcodec     59. 37.100 / 59. 37.100
  libavformat    59. 27.100 / 59. 27.100
  libavdevice    59.  7.100 / 59.  7.100
  libavfilter     8. 44.100 /  8. 44.100
  libswscale      6.  7.100 /  6.  7.100
  libswresample   4.  7.100 /  4.  7.100
  libpostproc    56.  6.100 / 56.  6.100
Input #0, matroska,webm, from 'file:/data/tvshows/Top Gear/Season 22/Top Gear - S22E02 - Episode 2 WEBDL-720p.mkv':
  Metadata:
    encoder         : libebml v1.4.0 + libmatroska v1.6.2
  Duration: 00:58:50.72, start: 0.000000, bitrate: 6124 kb/s
  Stream #0:0(eng): Video: h264 (High), yuv420p(tv, bt709, progressive), 1280x720 [SAR 1:1 DAR 16:9], 25 fps, 25 tbr, 1k tbn (default)
    Metadata:
      BPS-eng         : 5898418
      DURATION-eng    : 00:58:50.680000000
      NUMBER_OF_FRAMES-eng: 88267
      NUMBER_OF_BYTES-eng: 2603178658
      _STATISTICS_WRITING_APP-eng: mkvmerge v51.0.0 ('I Wish') 64-bit
      _STATISTICS_WRITING_DATE_UTC-eng: 2020-12-30 10:29:32
      _STATISTICS_TAGS-eng: BPS DURATION NUMBER_OF_FRAMES NUMBER_OF_BYTES
  Stream #0:1(eng): Audio: eac3, 48000 Hz, stereo, fltp, 224 kb/s (default)
    Metadata:
      title           : English
      BPS-eng         : 224000
      DURATION-eng    : 00:58:50.720000000
      NUMBER_OF_FRAMES-eng: 110335
      NUMBER_OF_BYTES-eng: 98860160
      _STATISTICS_WRITING_APP-eng: mkvmerge v51.0.0 ('I Wish') 64-bit
      _STATISTICS_WRITING_DATE_UTC-eng: 2020-12-30 10:29:32
      _STATISTICS_TAGS-eng: BPS DURATION NUMBER_OF_FRAMES NUMBER_OF_BYTES
  Stream #0:2(eng): Subtitle: subrip
    Metadata:
      title           : English (SDH)
      BPS-eng         : 101
      DURATION-eng    : 00:58:08.800000000
      NUMBER_OF_FRAMES-eng: 1067
      NUMBER_OF_BYTES-eng: 44308
      _STATISTICS_WRITING_APP-eng: mkvmerge v51.0.0 ('I Wish') 64-bit
      _STATISTICS_WRITING_DATE_UTC-eng: 2020-12-30 10:29:32
      _STATISTICS_TAGS-eng: BPS DURATION NUMBER_OF_FRAMES NUMBER_OF_BYTES
Output #0, hls, to '/data/transcodes/dc27169b75edf360ad125230f2c3f7f7.m3u8':
  Metadata:
    encoder         : Lavf59.27.100
  Stream #0:0: Video: h264 (High), yuv420p(tv, bt709, progressive), 1280x720 [SAR 1:1 DAR 16:9], q=2-31, 25 fps, 25 tbr, 90k tbn (default)
  Stream #0:1: Audio: eac3, 48000 Hz, stereo, fltp, 224 kb/s (default)
Stream mapping:
  Stream #0:0 -> #0:0 (copy)
  Stream #0:1 -> #0:1 (copy)
Press [q] to stop, [?] for help
frame=    1 fps=0.0 q=-1.0 size=N/A time=-00:22:51.96 bitrate=N/A speed=N/A    
[hls @ 0x562ad93f9180] Opening '/data/transcodes/dc27169b75edf360ad125230f2c3f7f7229.ts' for writing
[hls @ 0x562ad93f9180] Opening '/data/transcodes/dc27169b75edf360ad125230f2c3f7f7230.ts' for writing
[hls @ 0x562ad93f9180] Opening '/data/transcodes/dc27169b75edf360ad125230f2c3f7f7231.ts' for writing
[hls @ 0x562ad93f9180] Opening '/data/transcodes/dc27169b75edf360ad125230f2c3f7f7232.ts' for writing
[hls @ 0x562ad93f9180] Opening '/data/transcodes/dc27169b75edf360ad125230f2c3f7f7233.ts' for writing
[hls @ 0x562ad93f9180] Opening '/data/transcodes/dc27169b75edf360ad125230f2c3f7f7234.ts' for writing
[hls @ 0x562ad93f9180] Opening '/data/transcodes/dc27169b75edf360ad125230f2c3f7f7235.ts' for writing
[hls @ 0x562ad93f9180] Opening '/data/transcodes/dc27169b75edf360ad125230f2c3f7f7236.ts' for writing
[hls @ 0x562ad93f9180] Opening '/data/transcodes/dc27169b75edf360ad125230f2c3f7f7237.ts' for writing
[hls @ 0x562ad93f9180] Opening '/data/transcodes/dc27169b75edf360ad125230f2c3f7f7238.ts' for writing
[hls @ 0x562ad93f9180] Opening '/data/transcodes/dc27169b75edf360ad125230f2c3f7f7239.ts' for writing
[hls @ 0x562ad93f9180] Opening '/data/transcodes/dc27169b75edf360ad125230f2c3f7f7240.ts' for writing
[hls @ 0x562ad93f9180] Opening '/data/transcodes/dc27169b75edf360ad125230f2c3f7f7241.ts' for writing
[hls @ 0x562ad93f9180] Opening '/data/transcodes/dc27169b75edf360ad125230f2c3f7f7242.ts' for writing
[hls @ 0x562ad93f9180] Opening '/data/transcodes/dc27169b75edf360ad125230f2c3f7f7243.ts' for writing
[hls @ 0x562ad93f9180] Opening '/data/transcodes/dc27169b75edf360ad125230f2c3f7f7244.ts' for writing
[hls @ 0x562ad93f9180] Opening '/data/transcodes/dc27169b75edf360ad125230f2c3f7f7245.ts' for writing
[hls @ 0x562ad93f9180] Opening '/data/transcodes/dc27169b75edf360ad125230f2c3f7f7246.ts' for writing
[hls @ 0x562ad93f9180] Opening '/data/transcodes/dc27169b75edf360ad125230f2c3f7f7247.ts' for writing
[hls @ 0x562ad93f9180] Opening '/data/transcodes/dc27169b75edf360ad125230f2c3f7f7248.ts' for writing
frame= 3001 fps=0.0 q=-1.0 size=N/A time=00:02:00.00 bitrate=N/A speed= 232x    
[hls @ 0x562ad93f9180] Opening '/data/transcodes/dc27169b75edf360ad125230f2c3f7f7249.ts' for writing
[hls @ 0x562ad93f9180] Opening '/data/transcodes/dc27169b75edf360ad125230f2c3f7f7250.ts' for writing
[hls @ 0x562ad93f9180] Opening '/data/transcodes/dc27169b75edf360ad125230f2c3f7f7251.ts' for writing
[hls @ 0x562ad93f9180] Opening '/data/transcodes/dc27169b75edf360ad125230f2c3f7f7252.ts' for writing
[hls @ 0x562ad93f9180] Opening '/data/transcodes/dc27169b75edf360ad125230f2c3f7f7253.ts' for writing
[hls @ 0x562ad93f9180] Opening '/data/transcodes/dc27169b75edf360ad125230f2c3f7f7254.ts' for writing
[hls @ 0x562ad93f9180] Opening '/data/transcodes/dc27169b75edf360ad125230f2c3f7f7255.ts' for writing
[hls @ 0x562ad93f9180] Opening '/data/transcodes/dc27169b75edf360ad125230f2c3f7f7256.ts' for writing
[hls @ 0x562ad93f9180] Opening '/data/transcodes/dc27169b75edf360ad125230f2c3f7f7257.ts' for writing
[hls @ 0x562ad93f9180] Opening '/data/transcodes/dc27169b75edf360ad125230f2c3f7f7258.ts' for writing
[hls @ 0x562ad93f9180] Opening '/data/transcodes/dc27169b75edf360ad125230f2c3f7f7259.ts' for writing
[hls @ 0x562ad93f9180] Opening '/data/transcodes/dc27169b75edf360ad125230f2c3f7f7260.ts' for writing
[hls @ 0x562ad93f9180] Opening '/data/transcodes/dc27169b75edf360ad125230f2c3f7f7261.ts' for writing
[hls @ 0x562ad93f9180] Opening '/data/transcodes/dc27169b75edf360ad125230f2c3f7f7262.ts' for writing
[hls @ 0x562ad93f9180] Opening '/data/transcodes/dc27169b75edf360ad125230f2c3f7f7263.ts' for writing
[hls @ 0x562ad93f9180] Opening '/data/transcodes/dc27169b75edf360ad125230f2c3f7f7264.ts' for writing
[hls @ 0x562ad93f9180] Opening '/data/transcodes/dc27169b75edf360ad125230f2c3f7f7265.ts' for writing
[hls @ 0x562ad93f9180] Opening '/data/transcodes/dc27169b75edf360ad125230f2c3f7f7266.ts' for writing
frame= 5807 fps=5703 q=-1.0 size=N/A time=00:03:52.26 bitrate=N/A speed= 228x    
[hls @ 0x562ad93f9180] Opening '/data/transcodes/dc27169b75edf360ad125230f2c3f7f7267.ts' for writing
[hls @ 0x562ad93f9180] Opening '/data/transcodes/dc27169b75edf360ad125230f2c3f7f7268.ts' for writing
[hls @ 0x562ad93f9180] Opening '/data/transcodes/dc27169b75edf360ad125230f2c3f7f7269.ts' for writing
[hls @ 0x562ad93f9180] Opening '/data/transcodes/dc27169b75edf360ad125230f2c3f7f7270.ts' for writing
[hls @ 0x562ad93f9180] Opening '/data/transcodes/dc27169b75edf360ad125230f2c3f7f7271.ts' for writing
[hls @ 0x562ad93f9180] Opening '/data/transcodes/dc27169b75edf360ad125230f2c3f7f7272.ts' for writing
[hls @ 0x562ad93f9180] Opening '/data/transcodes/dc27169b75edf360ad125230f2c3f7f7273.ts' for writing
[hls @ 0x562ad93f9180] Opening '/data/transcodes/dc27169b75edf360ad125230f2c3f7f7274.ts' for writing
[hls @ 0x562ad93f9180] Opening '/data/transcodes/dc27169b75edf360ad125230f2c3f7f7275.ts' for writing
[hls @ 0x562ad93f9180] Opening '/data/transcodes/dc27169b75edf360ad125230f2c3f7f7276.ts' for writing
[hls @ 0x562ad93f9180] Opening '/data/transcodes/dc27169b75edf360ad125230f2c3f7f7277.ts' for writing
[hls @ 0x562ad93f9180] Opening '/data/transcodes/dc27169b75edf360ad125230f2c3f7f7278.ts' for writing
[hls @ 0x562ad93f9180] Opening '/data/transcodes/dc27169b75edf360ad125230f2c3f7f7279.ts' for writing
frame= 7784 fps=5126 q=-1.0 size=N/A time=00:05:11.52 bitrate=N/A speed= 205x    
[hls @ 0x562ad93f9180] Opening '/data/transcodes/dc27169b75edf360ad125230f2c3f7f7280.ts' for writing
[hls @ 0x562ad93f9180] Opening '/data/transcodes/dc27169b75edf360ad125230f2c3f7f7281.ts' for writing
[hls @ 0x562ad93f9180] Opening '/data/transcodes/dc27169b75edf360ad125230f2c3f7f7282.ts' for writing
[hls @ 0x562ad93f9180] Opening '/data/transcodes/dc27169b75edf360ad125230f2c3f7f7283.ts' for writing
[hls @ 0x562ad93f9180] Opening '/data/transcodes/dc27169b75edf360ad125230f2c3f7f7284.ts' for writing
[hls @ 0x562ad93f9180] Opening '/data/transcodes/dc27169b75edf360ad125230f2c3f7f7285.ts' for writing
[hls @ 0x562ad93f9180] Opening '/data/transcodes/dc27169b75edf360ad125230f2c3f7f7286.ts' for writing
[hls @ 0x562ad93f9180] Opening '/data/transcodes/dc27169b75edf360ad125230f2c3f7f7287.ts' for writing
[hls @ 0x562ad93f9180] Opening '/data/transcodes/dc27169b75edf360ad125230f2c3f7f7288.ts' for writing
[hls @ 0x562ad93f9180] Opening '/data/transcodes/dc27169b75edf360ad125230f2c3f7f7289.ts' for writing
[hls @ 0x562ad93f9180] Opening '/data/transcodes/dc27169b75edf360ad125230f2c3f7f7290.ts' for writing
[hls @ 0x562ad93f9180] Opening '/data/transcodes/dc27169b75edf360ad125230f2c3f7f7291.ts' for writing
[hls @ 0x562ad93f9180] Opening '/data/transcodes/dc27169b75edf360ad125230f2c3f7f7292.ts' for writing
[hls @ 0x562ad93f9180] Opening '/data/transcodes/dc27169b75edf360ad125230f2c3f7f7293.ts' for writing
frame= 9751 fps=4812 q=-1.0 size=N/A time=00:06:30.02 bitrate=N/A speed= 192x    
[hls @ 0x562ad93f9180] Opening '/data/transcodes/dc27169b75edf360ad125230f2c3f7f7294.ts' for writing
[hls @ 0x562ad93f9180] Opening '/data/transcodes/dc27169b75edf360ad125230f2c3f7f7295.ts' for writing
[hls @ 0x562ad93f9180] Opening '/data/transcodes/dc27169b75edf360ad125230f2c3f7f7296.ts' for writing
[hls @ 0x562ad93f9180] Opening '/data/transcodes/dc27169b75edf360ad125230f2c3f7f7297.ts' for writing
[hls @ 0x562ad93f9180] Opening '/data/transcodes/dc27169b75edf360ad125230f2c3f7f7298.ts' for writing
[hls @ 0x562ad93f9180] Opening '/data/transcodes/dc27169b75edf360ad125230f2c3f7f7299.ts' for writing
[hls @ 0x562ad93f9180] Opening '/data/transcodes/dc27169b75edf360ad125230f2c3f7f7300.ts' for writing
[hls @ 0x562ad93f9180] Opening '/data/transcodes/dc27169b75edf360ad125230f2c3f7f7301.ts' for writing
[hls @ 0x562ad93f9180] Opening '/data/transcodes/dc27169b75edf360ad125230f2c3f7f7302.ts' for writing
[hls @ 0x562ad93f9180] Opening '/data/transcodes/dc27169b75edf360ad125230f2c3f7f7303.ts' for writing
[hls @ 0x562ad93f9180] Opening '/data/transcodes/dc27169b75edf360ad125230f2c3f7f7304.ts' for writing
[hls @ 0x562ad93f9180] Opening '/data/transcodes/dc27169b75edf360ad125230f2c3f7f7305.ts' for writing
[hls @ 0x562ad93f9180] Opening '/data/transcodes/dc27169b75edf360ad125230f2c3f7f7306.ts' for writing
[hls @ 0x562ad93f9180] Opening '/data/transcodes/dc27169b75edf360ad125230f2c3f7f7307.ts' for writing
[hls @ 0x562ad93f9180] Opening '/data/transcodes/dc27169b75edf360ad125230f2c3f7f7308.ts' for writing
frame=12001 fps=4727 q=-1.0 size=N/A time=00:08:00.00 bitrate=N/A speed= 189x    
[hls @ 0x562ad93f9180] Opening '/data/transcodes/dc27169b75edf360ad125230f2c3f7f7309.ts' for writing
[hls @ 0x562ad93f9180] Opening '/data/transcodes/dc27169b75edf360ad125230f2c3f7f7310.ts' for writing
[hls @ 0x562ad93f9180] Opening '/data/transcodes/dc27169b75edf360ad125230f2c3f7f7311.ts' for writing
[hls @ 0x562ad93f9180] Opening '/data/transcodes/dc27169b75edf360ad125230f2c3f7f7312.ts' for writing
[hls @ 0x562ad93f9180] Opening '/data/transcodes/dc27169b75edf360ad125230f2c3f7f7313.ts' for writing
[hls @ 0x562ad93f9180] Opening '/data/transcodes/dc27169b75edf360ad125230f2c3f7f7314.ts' for writing
[hls @ 0x562ad93f9180] Opening '/data/transcodes/dc27169b75edf360ad125230f2c3f7f7315.ts' for writing
[hls @ 0x562ad93f9180] Opening '/data/transcodes/dc27169b75edf360ad125230f2c3f7f7316.ts' for writing
[hls @ 0x562ad93f9180] Opening '/data/transcodes/dc27169b75edf360ad125230f2c3f7f7317.ts' for writing
[hls @ 0x562ad93f9180] Opening '/data/transcodes/dc27169b75edf360ad125230f2c3f7f7318.ts' for writing
[hls @ 0x562ad93f9180] Opening '/data/transcodes/dc27169b75edf360ad125230f2c3f7f7319.ts' for writing
[hls @ 0x562ad93f9180] Opening '/data/transcodes/dc27169b75edf360ad125230f2c3f7f7320.ts' for writing
[hls @ 0x562ad93f9180] Opening '/data/transcodes/dc27169b75edf360ad125230f2c3f7f7321.ts' for writing
[hls @ 0x562ad93f9180] Opening '/data/transcodes/dc27169b75edf360ad125230f2c3f7f7322.ts' for writing
[hls @ 0x562ad93f9180] Opening '/data/transcodes/dc27169b75edf360ad125230f2c3f7f7323.ts' for writing
[hls @ 0x562ad93f9180] Opening '/data/transcodes/dc27169b75edf360ad125230f2c3f7f7324.ts' for writing
[hls @ 0x562ad93f9180] Opening '/data/transcodes/dc27169b75edf360ad125230f2c3f7f7325.ts' for writing
[hls @ 0x562ad93f9180] Opening '/data/transcodes/dc27169b75edf360ad125230f2c3f7f7326.ts' for writing
frame=14701 fps=4829 q=-1.0 size=N/A time=00:09:48.00 bitrate=N/A speed= 193x    
[hls @ 0x562ad93f9180] Opening '/data/transcodes/dc27169b75edf360ad125230f2c3f7f7327.ts' for writing
[hls @ 0x562ad93f9180] Opening '/data/transcodes/dc27169b75edf360ad125230f2c3f7f7328.ts' for writing
[hls @ 0x562ad93f9180] Opening '/data/transcodes/dc27169b75edf360ad125230f2c3f7f7329.ts' for writing
[hls @ 0x562ad93f9180] Opening '/data/transcodes/dc27169b75edf360ad125230f2c3f7f7330.ts' for writing
[hls @ 0x562ad93f9180] Opening '/data/transcodes/dc27169b75edf360ad125230f2c3f7f7331.ts' for writing
[hls @ 0x562ad93f9180] Opening '/data/transcodes/dc27169b75edf360ad125230f2c3f7f7332.ts' for writing
[hls @ 0x562ad93f9180] Opening '/data/transcodes/dc27169b75edf360ad125230f2c3f7f7333.ts' for writing
[hls @ 0x562ad93f9180] Opening '/data/transcodes/dc27169b75edf360ad125230f2c3f7f7334.ts' for writing
[hls @ 0x562ad93f9180] Opening '/data/transcodes/dc27169b75edf360ad125230f2c3f7f7335.ts' for writing
[hls @ 0x562ad93f9180] Opening '/data/transcodes/dc27169b75edf360ad125230f2c3f7f7336.ts' for writing
[hls @ 0x562ad93f9180] Opening '/data/transcodes/dc27169b75edf360ad125230f2c3f7f7337.ts' for writing
[hls @ 0x562ad93f9180] Opening '/data/transcodes/dc27169b75edf360ad125230f2c3f7f7338.ts' for writing
[hls @ 0x562ad93f9180] Opening '/data/transcodes/dc27169b75edf360ad125230f2c3f7f7339.ts' for writing
[hls @ 0x562ad93f9180] Opening '/data/transcodes/dc27169b75edf360ad125230f2c3f7f7340.ts' for writing
[hls @ 0x562ad93f9180] Opening '/data/transcodes/dc27169b75edf360ad125230f2c3f7f7341.ts' for writing
frame=16978 fps=4790 q=-1.0 size=N/A time=00:11:19.27 bitrate=N/A speed= 192x    
[hls @ 0x562ad93f9180] Opening '/data/transcodes/dc27169b75edf360ad125230f2c3f7f7342.ts' for writing
[hls @ 0x562ad93f9180] Opening '/data/transcodes/dc27169b75edf360ad125230f2c3f7f7343.ts' for writing
[hls @ 0x562ad93f9180] Opening '/data/transcodes/dc27169b75edf360ad125230f2c3f7f7344.ts' for writing
[hls @ 0x562ad93f9180] Opening '/data/transcodes/dc27169b75edf360ad125230f2c3f7f7345.ts' for writing
[hls @ 0x562ad93f9180] Opening '/data/transcodes/dc27169b75edf360ad125230f2c3f7f7346.ts' for writing
[hls @ 0x562ad93f9180] Opening '/data/transcodes/dc27169b75edf360ad125230f2c3f7f7347.ts' for writing
[hls @ 0x562ad93f9180] Opening '/data/transcodes/dc27169b75edf360ad125230f2c3f7f7348.ts' for writing
[hls @ 0x562ad93f9180] Opening '/data/transcodes/dc27169b75edf360ad125230f2c3f7f7349.ts' for writing
[hls @ 0x562ad93f9180] Opening '/data/transcodes/dc27169b75edf360ad125230f2c3f7f7350.ts' for writing
[hls @ 0x562ad93f9180] Opening '/data/transcodes/dc27169b75edf360ad125230f2c3f7f7351.ts' for writing
[hls @ 0x562ad93f9180] Opening '/data/transcodes/dc27169b75edf360ad125230f2c3f7f7352.ts' for writing
[hls @ 0x562ad93f9180] Opening '/data/transcodes/dc27169b75edf360ad125230f2c3f7f7353.ts' for writing
[hls @ 0x562ad93f9180] Opening '/data/transcodes/dc27169b75edf360ad125230f2c3f7f7354.ts' for writing
[hls @ 0x562ad93f9180] Opening '/data/transcodes/dc27169b75edf360ad125230f2c3f7f7355.ts' for writing
[hls @ 0x562ad93f9180] Opening '/data/transcodes/dc27169b75edf360ad125230f2c3f7f7356.ts' for writing
[hls @ 0x562ad93f9180] Opening '/data/transcodes/dc27169b75edf360ad125230f2c3f7f7357.ts' for writing
[hls @ 0x562ad93f9180] Opening '/data/transcodes/dc27169b75edf360ad125230f2c3f7f7358.ts' for writing
[hls @ 0x562ad93f9180] Opening '/data/transcodes/dc27169b75edf360ad125230f2c3f7f7359.ts' for writing
frame=19651 fps=4853 q=-1.0 size=N/A time=00:13:06.02 bitrate=N/A speed= 194x    
[hls @ 0x562ad93f9180] Opening '/data/transcodes/dc27169b75edf360ad125230f2c3f7f7360.ts' for writing
[hls @ 0x562ad93f9180] Opening '/data/transcodes/dc27169b75edf360ad125230f2c3f7f7361.ts' for writing
[hls @ 0x562ad93f9180] Opening '/data/transcodes/dc27169b75edf360ad125230f2c3f7f7362.ts' for writing
[hls @ 0x562ad93f9180] Opening '/data/transcodes/dc27169b75edf360ad125230f2c3f7f7363.ts' for writing
[hls @ 0x562ad93f9180] Opening '/data/transcodes/dc27169b75edf360ad125230f2c3f7f7364.ts' for writing
[hls @ 0x562ad93f9180] Opening '/data/transcodes/dc27169b75edf360ad125230f2c3f7f7365.ts' for writing
[hls @ 0x562ad93f9180] Opening '/data/transcodes/dc27169b75edf360ad125230f2c3f7f7366.ts' for writing
[hls @ 0x562ad93f9180] Opening '/data/transcodes/dc27169b75edf360ad125230f2c3f7f7367.ts' for writing
[hls @ 0x562ad93f9180] Opening '/data/transcodes/dc27169b75edf360ad125230f2c3f7f7368.ts' for writing
[hls @ 0x562ad93f9180] Opening '/data/transcodes/dc27169b75edf360ad125230f2c3f7f7369.ts' for writing
[hls @ 0x562ad93f9180] Opening '/data/transcodes/dc27169b75edf360ad125230f2c3f7f7370.ts' for writing
[hls @ 0x562ad93f9180] Opening '/data/transcodes/dc27169b75edf360ad125230f2c3f7f7371.ts' for writing
[hls @ 0x562ad93f9180] Opening '/data/transcodes/dc27169b75edf360ad125230f2c3f7f7372.ts' for writing
[hls @ 0x562ad93f9180] Opening '/data/transcodes/dc27169b75edf360ad125230f2c3f7f7373.ts' for writing
frame=21757 fps=4778 q=-1.0 size=N/A time=00:14:30.50 bitrate=N/A speed= 191x    
[hls @ 0x562ad93f9180] Opening '/data/transcodes/dc27169b75edf360ad125230f2c3f7f7374.ts' for writing
[hls @ 0x562ad93f9180] Opening '/data/transcodes/dc27169b75edf360ad125230f2c3f7f7375.ts' for writing
[hls @ 0x562ad93f9180] Opening '/data/transcodes/dc27169b75edf360ad125230f2c3f7f7376.ts' for writing
[hls @ 0x562ad93f9180] Opening '/data/transcodes/dc27169b75edf360ad125230f2c3f7f7377.ts' for writing
[hls @ 0x562ad93f9180] Opening '/data/transcodes/dc27169b75edf360ad125230f2c3f7f7378.ts' for writing
[hls @ 0x562ad93f9180] Opening '/data/transcodes/dc27169b75edf360ad125230f2c3f7f7379.ts' for writing
[hls @ 0x562ad93f9180] Opening '/data/transcodes/dc27169b75edf360ad125230f2c3f7f7380.ts' for writing
[hls @ 0x562ad93f9180] Opening '/data/transcodes/dc27169b75edf360ad125230f2c3f7f7381.ts' for writing
[hls @ 0x562ad93f9180] Opening '/data/transcodes/dc27169b75edf360ad125230f2c3f7f7382.ts' for writing
[hls @ 0x562ad93f9180] Opening '/data/transcodes/dc27169b75edf360ad125230f2c3f7f7383.ts' for writing
[hls @ 0x562ad93f9180] Opening '/data/transcodes/dc27169b75edf360ad125230f2c3f7f7384.ts' for writing
[hls @ 0x562ad93f9180] Opening '/data/transcodes/dc27169b75edf360ad125230f2c3f7f7385.ts' for writing
[hls @ 0x562ad93f9180] Opening '/data/transcodes/dc27169b75edf360ad125230f2c3f7f7386.ts' for writing
[hls @ 0x562ad93f9180] Opening '/data/transcodes/dc27169b75edf360ad125230f2c3f7f7387.ts' for writing
[hls @ 0x562ad93f9180] Opening '/data/transcodes/dc27169b75edf360ad125230f2c3f7f7388.ts' for writing
[hls @ 0x562ad93f9180] Opening '/data/transcodes/dc27169b75edf360ad125230f2c3f7f7389.ts' for writing
[hls @ 0x562ad93f9180] Opening '/data/transcodes/dc27169b75edf360ad125230f2c3f7f7390.ts' for writing
[hls @ 0x562ad93f9180] Opening '/data/transcodes/dc27169b75edf360ad125230f2c3f7f7391.ts' for writing
frame=24600 fps=4868 q=-1.0 size=N/A time=00:16:23.97 bitrate=N/A speed= 195x    
[hls @ 0x562ad93f9180] Opening '/data/transcodes/dc27169b75edf360ad125230f2c3f7f7392.ts' for writing
[hls @ 0x562ad93f9180] Opening '/data/transcodes/dc27169b75edf360ad125230f2c3f7f7393.ts' for writing
[hls @ 0x562ad93f9180] Opening '/data/transcodes/dc27169b75edf360ad125230f2c3f7f7394.ts' for writing
[hls @ 0x562ad93f9180] Opening '/data/transcodes/dc27169b75edf360ad125230f2c3f7f7395.ts' for writing
[hls @ 0x562ad93f9180] Opening '/data/transcodes/dc27169b75edf360ad125230f2c3f7f7396.ts' for writing
[hls @ 0x562ad93f9180] Opening '/data/transcodes/dc27169b75edf360ad125230f2c3f7f7397.ts' for writing
[hls @ 0x562ad93f9180] Opening '/data/transcodes/dc27169b75edf360ad125230f2c3f7f7398.ts' for writing
[hls @ 0x562ad93f9180] Opening '/data/transcodes/dc27169b75edf360ad125230f2c3f7f7399.ts' for writing
[hls @ 0x562ad93f9180] Opening '/data/transcodes/dc27169b75edf360ad125230f2c3f7f7400.ts' for writing
[hls @ 0x562ad93f9180] Opening '/data/transcodes/dc27169b75edf360ad125230f2c3f7f7401.ts' for writing
[hls @ 0x562ad93f9180] Opening '/data/transcodes/dc27169b75edf360ad125230f2c3f7f7402.ts' for writing
[hls @ 0x562ad93f9180] Opening '/data/transcodes/dc27169b75edf360ad125230f2c3f7f7403.ts' for writing
[hls @ 0x562ad93f9180] Opening '/data/transcodes/dc27169b75edf360ad125230f2c3f7f7404.ts' for writing
[hls @ 0x562ad93f9180] Opening '/data/transcodes/dc27169b75edf360ad125230f2c3f7f7405.ts' for writing
[hls @ 0x562ad93f9180] Opening '/data/transcodes/dc27169b75edf360ad125230f2c3f7f7406.ts' for writing
[hls @ 0x562ad93f9180] Opening '/data/transcodes/dc27169b75edf360ad125230f2c3f7f7407.ts' for writing
[hls @ 0x562ad93f9180] Opening '/data/transcodes/dc27169b75edf360ad125230f2c3f7f7408.ts' for writing
[hls @ 0x562ad93f9180] Opening '/data/transcodes/dc27169b75edf360ad125230f2c3f7f7409.ts' for writing
[hls @ 0x562ad93f9180] Opening '/data/transcodes/dc27169b75edf360ad125230f2c3f7f7410.ts' for writing
[hls @ 0x562ad93f9180] Opening '/data/transcodes/dc27169b75edf360ad125230f2c3f7f7411.ts' for writing
[hls @ 0x562ad93f9180] Opening '/data/transcodes/dc27169b75edf360ad125230f2c3f7f7412.ts' for writing
[hls @ 0x562ad93f9180] Opening '/data/transcodes/dc27169b75edf360ad125230f2c3f7f7413.ts' for writing
[hls @ 0x562ad93f9180] Opening '/data/transcodes/dc27169b75edf360ad125230f2c3f7f7414.ts' for writing
[hls @ 0x562ad93f9180] Opening '/data/transcodes/dc27169b75edf360ad125230f2c3f7f7415.ts' for writing
[hls @ 0x562ad93f9180] Opening '/data/transcodes/dc27169b75edf360ad125230f2c3f7f7416.ts' for writing
[hls @ 0x562ad93f9180] Opening '/data/transcodes/dc27169b75edf360ad125230f2c3f7f7417.ts' for writing
frame=28421 fps=5118 q=-1.0 size=N/A time=00:18:57.00 bitrate=N/A speed= 205x    
[hls @ 0x562ad93f9180] Opening '/data/transcodes/dc27169b75edf360ad125230f2c3f7f7418.ts' for writing
[hls @ 0x562ad93f9180] Opening '/data/transcodes/dc27169b75edf360ad125230f2c3f7f7419.ts' for writing
[hls @ 0x562ad93f9180] Opening '/data/transcodes/dc27169b75edf360ad125230f2c3f7f7420.ts' for writing
[hls @ 0x562ad93f9180] Opening '/data/transcodes/dc27169b75edf360ad125230f2c3f7f7421.ts' for writing
[hls @ 0x562ad93f9180] Opening '/data/transcodes/dc27169b75edf360ad125230f2c3f7f7422.ts' for writing
[hls @ 0x562ad93f9180] Opening '/data/transcodes/dc27169b75edf360ad125230f2c3f7f7423.ts' for writing
[hls @ 0x562ad93f9180] Opening '/data/transcodes/dc27169b75edf360ad125230f2c3f7f7424.ts' for writing
[hls @ 0x562ad93f9180] Opening '/data/transcodes/dc27169b75edf360ad125230f2c3f7f7425.ts' for writing
[hls @ 0x562ad93f9180] Opening '/data/transcodes/dc27169b75edf360ad125230f2c3f7f7426.ts' for writing
[hls @ 0x562ad93f9180] Opening '/data/transcodes/dc27169b75edf360ad125230f2c3f7f7427.ts' for writing
[hls @ 0x562ad93f9180] Opening '/data/transcodes/dc27169b75edf360ad125230f2c3f7f7428.ts' for writing
[hls @ 0x562ad93f9180] Opening '/data/transcodes/dc27169b75edf360ad125230f2c3f7f7429.ts' for writing
[hls @ 0x562ad93f9180] Opening '/data/transcodes/dc27169b75edf360ad125230f2c3f7f7430.ts' for writing
[hls @ 0x562ad93f9180] Opening '/data/transcodes/dc27169b75edf360ad125230f2c3f7f7431.ts' for writing
[hls @ 0x562ad93f9180] Opening '/data/transcodes/dc27169b75edf360ad125230f2c3f7f7432.ts' for writing
[hls @ 0x562ad93f9180] Opening '/data/transcodes/dc27169b75edf360ad125230f2c3f7f7433.ts' for writing
[hls @ 0x562ad93f9180] Opening '/data/transcodes/dc27169b75edf360ad125230f2c3f7f7434.ts' for writing
[hls @ 0x562ad93f9180] Opening '/data/transcodes/dc27169b75edf360ad125230f2c3f7f7435.ts' for writing
[hls @ 0x562ad93f9180] Opening '/data/transcodes/dc27169b75edf360ad125230f2c3f7f7436.ts' for writing
[hls @ 0x562ad93f9180] Opening '/data/transcodes/dc27169b75edf360ad125230f2c3f7f7437.ts' for writing
[hls @ 0x562ad93f9180] Opening '/data/transcodes/dc27169b75edf360ad125230f2c3f7f7438.ts' for writing
frame=31551 fps=5212 q=-1.0 size=N/A time=00:21:02.05 bitrate=N/A speed= 208x    
[hls @ 0x562ad93f9180] Opening '/data/transcodes/dc27169b75edf360ad125230f2c3f7f7439.ts' for writing
[hls @ 0x562ad93f9180] Opening '/data/transcodes/dc27169b75edf360ad125230f2c3f7f7440.ts' for writing
[hls @ 0x562ad93f9180] Opening '/data/transcodes/dc27169b75edf360ad125230f2c3f7f7441.ts' for writing
[hls @ 0x562ad93f9180] Opening '/data/transcodes/dc27169b75edf360ad125230f2c3f7f7442.ts' for writing
[hls @ 0x562ad93f9180] Opening '/data/transcodes/dc27169b75edf360ad125230f2c3f7f7443.ts' for writing
[hls @ 0x562ad93f9180] Opening '/data/transcodes/dc27169b75edf360ad125230f2c3f7f7444.ts' for writing
[hls @ 0x562ad93f9180] Opening '/data/transcodes/dc27169b75edf360ad125230f2c3f7f7445.ts' for writing
[hls @ 0x562ad93f9180] Opening '/data/transcodes/dc27169b75edf360ad125230f2c3f7f7446.ts' for writing
[hls @ 0x562ad93f9180] Opening '/data/transcodes/dc27169b75edf360ad125230f2c3f7f7447.ts' for writing
[hls @ 0x562ad93f9180] Opening '/data/transcodes/dc27169b75edf360ad125230f2c3f7f7448.ts' for writing
[hls @ 0x562ad93f9180] Opening '/data/transcodes/dc27169b75edf360ad125230f2c3f7f7449.ts' for writing
[hls @ 0x562ad93f9180] Opening '/data/transcodes/dc27169b75edf360ad125230f2c3f7f7450.ts' for writing
[hls @ 0x562ad93f9180] Opening '/data/transcodes/dc27169b75edf360ad125230f2c3f7f7451.ts' for writing
[hls @ 0x562ad93f9180] Opening '/data/transcodes/dc27169b75edf360ad125230f2c3f7f7452.ts' for writing
[hls @ 0x562ad93f9180] Opening '/data/transcodes/dc27169b75edf360ad125230f2c3f7f7453.ts' for writing
[hls @ 0x562ad93f9180] Opening '/data/transcodes/dc27169b75edf360ad125230f2c3f7f7454.ts' for writing
[hls @ 0x562ad93f9180] Opening '/data/transcodes/dc27169b75edf360ad125230f2c3f7f7455.ts' for writing
[hls @ 0x562ad93f9180] Opening '/data/transcodes/dc27169b75edf360ad125230f2c3f7f7456.ts' for writing
[hls @ 0x562ad93f9180] Opening '/data/transcodes/dc27169b75edf360ad125230f2c3f7f7457.ts' for writing
[hls @ 0x562ad93f9180] Opening '/data/transcodes/dc27169b75edf360ad125230f2c3f7f7458.ts' for writing
frame=34501 fps=5258 q=-1.0 size=N/A time=00:23:00.00 bitrate=N/A speed= 210x    
[hls @ 0x562ad93f9180] Opening '/data/transcodes/dc27169b75edf360ad125230f2c3f7f7459.ts' for writing
[hls @ 0x562ad93f9180] Opening '/data/transcodes/dc27169b75edf360ad125230f2c3f7f7460.ts' for writing
[hls @ 0x562ad93f9180] Opening '/data/transcodes/dc27169b75edf360ad125230f2c3f7f7461.ts' for writing
[hls @ 0x562ad93f9180] Opening '/data/transcodes/dc27169b75edf360ad125230f2c3f7f7462.ts' for writing
[hls @ 0x562ad93f9180] Opening '/data/transcodes/dc27169b75edf360ad125230f2c3f7f7463.ts' for writing
[hls @ 0x562ad93f9180] Opening '/data/transcodes/dc27169b75edf360ad125230f2c3f7f7464.ts' for writing
[hls @ 0x562ad93f9180] Opening '/data/transcodes/dc27169b75edf360ad125230f2c3f7f7465.ts' for writing
[hls @ 0x562ad93f9180] Opening '/data/transcodes/dc27169b75edf360ad125230f2c3f7f7466.ts' for writing
[hls @ 0x562ad93f9180] Opening '/data/transcodes/dc27169b75edf360ad125230f2c3f7f7467.ts' for writing
[hls @ 0x562ad93f9180] Opening '/data/transcodes/dc27169b75edf360ad125230f2c3f7f7468.ts' for writing
[hls @ 0x562ad93f9180] Opening '/data/transcodes/dc27169b75edf360ad125230f2c3f7f7469.ts' for writing
[hls @ 0x562ad93f9180] Opening '/data/transcodes/dc27169b75edf360ad125230f2c3f7f7470.ts' for writing
[hls @ 0x562ad93f9180] Opening '/data/transcodes/dc27169b75edf360ad125230f2c3f7f7471.ts' for writing
[hls @ 0x562ad93f9180] Opening '/data/transcodes/dc27169b75edf360ad125230f2c3f7f7472.ts' for writing
[hls @ 0x562ad93f9180] Opening '/data/transcodes/dc27169b75edf360ad125230f2c3f7f7473.ts' for writing
[hls @ 0x562ad93f9180] Opening '/data/transcodes/dc27169b75edf360ad125230f2c3f7f7474.ts' for writing
[hls @ 0x562ad93f9180] Opening '/data/transcodes/dc27169b75edf360ad125230f2c3f7f7475.ts' for writing
[hls @ 0x562ad93f9180] Opening '/data/transcodes/dc27169b75edf360ad125230f2c3f7f7476.ts' for writing
[hls @ 0x562ad93f9180] Opening '/data/transcodes/dc27169b75edf360ad125230f2c3f7f7477.ts' for writing
[hls @ 0x562ad93f9180] Opening '/data/transcodes/dc27169b75edf360ad125230f2c3f7f7478.ts' for writing
[hls @ 0x562ad93f9180] Opening '/data/transcodes/dc27169b75edf360ad125230f2c3f7f7479.ts' for writing
frame=37651 fps=5331 q=-1.0 size=N/A time=00:25:06.02 bitrate=N/A speed= 213x    
[hls @ 0x562ad93f9180] Opening '/data/transcodes/dc27169b75edf360ad125230f2c3f7f7480.ts' for writing
[hls @ 0x562ad93f9180] Opening '/data/transcodes/dc27169b75edf360ad125230f2c3f7f7481.ts' for writing
[hls @ 0x562ad93f9180] Opening '/data/transcodes/dc27169b75edf360ad125230f2c3f7f7482.ts' for writing
[hls @ 0x562ad93f9180] Opening '/data/transcodes/dc27169b75edf360ad125230f2c3f7f7483.ts' for writing
[hls @ 0x562ad93f9180] Opening '/data/transcodes/dc27169b75edf360ad125230f2c3f7f7484.ts' for writing
[hls @ 0x562ad93f9180] Opening '/data/transcodes/dc27169b75edf360ad125230f2c3f7f7485.ts' for writing
[hls @ 0x562ad93f9180] Opening '/data/transcodes/dc27169b75edf360ad125230f2c3f7f7486.ts' for writing
[hls @ 0x562ad93f9180] Opening '/data/transcodes/dc27169b75edf360ad125230f2c3f7f7487.ts' for writing
[hls @ 0x562ad93f9180] Opening '/data/transcodes/dc27169b75edf360ad125230f2c3f7f7488.ts' for writing
[hls @ 0x562ad93f9180] Opening '/data/transcodes/dc27169b75edf360ad125230f2c3f7f7489.ts' for writing
[hls @ 0x562ad93f9180] Opening '/data/transcodes/dc27169b75edf360ad125230f2c3f7f7490.ts' for writing
[hls @ 0x562ad93f9180] Opening '/data/transcodes/dc27169b75edf360ad125230f2c3f7f7491.ts' for writing
[hls @ 0x562ad93f9180] Opening '/data/transcodes/dc27169b75edf360ad125230f2c3f7f7492.ts' for writing
[hls @ 0x562ad93f9180] Opening '/data/transcodes/dc27169b75edf360ad125230f2c3f7f7493.ts' for writing
[hls @ 0x562ad93f9180] Opening '/data/transcodes/dc27169b75edf360ad125230f2c3f7f7494.ts' for writing
[hls @ 0x562ad93f9180] Opening '/data/transcodes/dc27169b75edf360ad125230f2c3f7f7495.ts' for writing
frame=40120 fps=5300 q=-1.0 size=N/A time=00:26:44.74 bitrate=N/A speed= 212x    
[hls @ 0x562ad93f9180] Opening '/data/transcodes/dc27169b75edf360ad125230f2c3f7f7496.ts' for writing
[hls @ 0x562ad93f9180] Opening '/data/transcodes/dc27169b75edf360ad125230f2c3f7f7497.ts' for writing
[hls @ 0x562ad93f9180] Opening '/data/transcodes/dc27169b75edf360ad125230f2c3f7f7498.ts' for writing
[hls @ 0x562ad93f9180] Opening '/data/transcodes/dc27169b75edf360ad125230f2c3f7f7499.ts' for writing
[hls @ 0x562ad93f9180] Opening '/data/transcodes/dc27169b75edf360ad125230f2c3f7f7500.ts' for writing
[hls @ 0x562ad93f9180] Opening '/data/transcodes/dc27169b75edf360ad125230f2c3f7f7501.ts' for writing
[hls @ 0x562ad93f9180] Opening '/data/transcodes/dc27169b75edf360ad125230f2c3f7f7502.ts' for writing
[hls @ 0x562ad93f9180] Opening '/data/transcodes/dc27169b75edf360ad125230f2c3f7f7503.ts' for writing
[hls @ 0x562ad93f9180] Opening '/data/transcodes/dc27169b75edf360ad125230f2c3f7f7504.ts' for writing
[hls @ 0x562ad93f9180] Opening '/data/transcodes/dc27169b75edf360ad125230f2c3f7f7505.ts' for writing
[hls @ 0x562ad93f9180] Opening '/data/transcodes/dc27169b75edf360ad125230f2c3f7f7506.ts' for writing
[hls @ 0x562ad93f9180] Opening '/data/transcodes/dc27169b75edf360ad125230f2c3f7f7507.ts' for writing
[hls @ 0x562ad93f9180] Opening '/data/transcodes/dc27169b75edf360ad125230f2c3f7f7508.ts' for writing
[hls @ 0x562ad93f9180] Opening '/data/transcodes/dc27169b75edf360ad125230f2c3f7f7509.ts' for writing
[hls @ 0x562ad93f9180] Opening '/data/transcodes/dc27169b75edf360ad125230f2c3f7f7510.ts' for writing
[hls @ 0x562ad93f9180] Opening '/data/transcodes/dc27169b75edf360ad125230f2c3f7f7511.ts' for writing
[hls @ 0x562ad93f9180] Opening '/data/transcodes/dc27169b75edf360ad125230f2c3f7f7512.ts' for writing
[hls @ 0x562ad93f9180] Opening '/data/transcodes/dc27169b75edf360ad125230f2c3f7f7513.ts' for writing
[hls @ 0x562ad93f9180] Opening '/data/transcodes/dc27169b75edf360ad125230f2c3f7f7514.ts' for writing
frame=43007 fps=5329 q=-1.0 size=N/A time=00:28:40.48 bitrate=N/A speed= 213x    
[hls @ 0x562ad93f9180] Opening '/data/transcodes/dc27169b75edf360ad125230f2c3f7f7515.ts' for writing
[hls @ 0x562ad93f9180] Opening '/data/transcodes/dc27169b75edf360ad125230f2c3f7f7516.ts' for writing
[hls @ 0x562ad93f9180] Opening '/data/transcodes/dc27169b75edf360ad125230f2c3f7f7517.ts' for writing
[hls @ 0x562ad93f9180] Opening '/data/transcodes/dc27169b75edf360ad125230f2c3f7f7518.ts' for writing
[hls @ 0x562ad93f9180] Opening '/data/transcodes/dc27169b75edf360ad125230f2c3f7f7519.ts' for writing
[hls @ 0x562ad93f9180] Opening '/data/transcodes/dc27169b75edf360ad125230f2c3f7f7520.ts' for writing
[hls @ 0x562ad93f9180] Opening '/data/transcodes/dc27169b75edf360ad125230f2c3f7f7521.ts' for writing
[hls @ 0x562ad93f9180] Opening '/data/transcodes/dc27169b75edf360ad125230f2c3f7f7522.ts' for writing
[hls @ 0x562ad93f9180] Opening '/data/transcodes/dc27169b75edf360ad125230f2c3f7f7523.ts' for writing
[hls @ 0x562ad93f9180] Opening '/data/transcodes/dc27169b75edf360ad125230f2c3f7f7524.ts' for writing
[hls @ 0x562ad93f9180] Opening '/data/transcodes/dc27169b75edf360ad125230f2c3f7f7525.ts' for writing
[hls @ 0x562ad93f9180] Opening '/data/transcodes/dc27169b75edf360ad125230f2c3f7f7526.ts' for writing
[hls @ 0x562ad93f9180] Opening '/data/transcodes/dc27169b75edf360ad125230f2c3f7f7527.ts' for writing
[hls @ 0x562ad93f9180] Opening '/data/transcodes/dc27169b75edf360ad125230f2c3f7f7528.ts' for writing
[hls @ 0x562ad93f9180] Opening '/data/transcodes/dc27169b75edf360ad125230f2c3f7f7529.ts' for writing
[hls @ 0x562ad93f9180] Opening '/data/transcodes/dc27169b75edf360ad125230f2c3f7f7530.ts' for writing
[hls @ 0x562ad93f9180] Opening '/data/transcodes/dc27169b75edf360ad125230f2c3f7f7531.ts' for writing
[hls @ 0x562ad93f9180] Opening '/data/transcodes/dc27169b75edf360ad125230f2c3f7f7532.ts' for writing
[hls @ 0x562ad93f9180] Opening '/data/transcodes/dc27169b75edf360ad125230f2c3f7f7533.ts' for writing
[hls @ 0x562ad93f9180] Opening '/data/transcodes/dc27169b75edf360ad125230f2c3f7f7534.ts' for writing
[hls @ 0x562ad93f9180] Opening '/data/transcodes/dc27169b75edf360ad125230f2c3f7f7535.ts' for writing
[hls @ 0x562ad93f9180] Opening '/data/transcodes/dc27169b75edf360ad125230f2c3f7f7536.ts' for writing
[hls @ 0x562ad93f9180] Opening '/data/transcodes/dc27169b75edf360ad125230f2c3f7f7537.ts' for writing
[hls @ 0x562ad93f9180] Opening '/data/transcodes/dc27169b75edf360ad125230f2c3f7f7538.ts' for writing
[hls @ 0x562ad93f9180] Opening '/data/transcodes/dc27169b75edf360ad125230f2c3f7f7539.ts' for writing
[hls @ 0x562ad93f9180] Opening '/data/transcodes/dc27169b75edf360ad125230f2c3f7f7540.ts' for writing
[hls @ 0x562ad93f9180] Opening '/data/transcodes/dc27169b75edf360ad125230f2c3f7f7541.ts' for writing
[hls @ 0x562ad93f9180] Opening '/data/transcodes/dc27169b75edf360ad125230f2c3f7f7542.ts' for writing
[hls @ 0x562ad93f9180] Opening '/data/transcodes/dc27169b75edf360ad125230f2c3f7f7543.ts' for writing
[hls @ 0x562ad93f9180] Opening '/data/transcodes/dc27169b75edf360ad125230f2c3f7f7544.ts' for writing
frame=47417 fps=5532 q=-1.0 size=N/A time=00:31:36.80 bitrate=N/A speed= 221x    
[hls @ 0x562ad93f9180] Opening '/data/transcodes/dc27169b75edf360ad125230f2c3f7f7545.ts' for writing
[hls @ 0x562ad93f9180] Opening '/data/transcodes/dc27169b75edf360ad125230f2c3f7f7546.ts' for writing
[hls @ 0x562ad93f9180] Opening '/data/transcodes/dc27169b75edf360ad125230f2c3f7f7547.ts' for writing
[hls @ 0x562ad93f9180] Opening '/data/transcodes/dc27169b75edf360ad125230f2c3f7f7548.ts' for writing
[hls @ 0x562ad93f9180] Opening '/data/transcodes/dc27169b75edf360ad125230f2c3f7f7549.ts' for writing
[hls @ 0x562ad93f9180] Opening '/data/transcodes/dc27169b75edf360ad125230f2c3f7f7550.ts' for writing
[hls @ 0x562ad93f9180] Opening '/data/transcodes/dc27169b75edf360ad125230f2c3f7f7551.ts' for writing
[hls @ 0x562ad93f9180] Opening '/data/transcodes/dc27169b75edf360ad125230f2c3f7f7552.ts' for writing
[hls @ 0x562ad93f9180] Opening '/data/transcodes/dc27169b75edf360ad125230f2c3f7f7553.ts' for writing
[hls @ 0x562ad93f9180] Opening '/data/transcodes/dc27169b75edf360ad125230f2c3f7f7554.ts' for writing
[hls @ 0x562ad93f9180] Opening '/data/transcodes/dc27169b75edf360ad125230f2c3f7f7555.ts' for writing
[hls @ 0x562ad93f9180] Opening '/data/transcodes/dc27169b75edf360ad125230f2c3f7f7556.ts' for writing
[hls @ 0x562ad93f9180] Opening '/data/transcodes/dc27169b75edf360ad125230f2c3f7f7557.ts' for writing
[hls @ 0x562ad93f9180] Opening '/data/transcodes/dc27169b75edf360ad125230f2c3f7f7558.ts' for writing
[hls @ 0x562ad93f9180] Opening '/data/transcodes/dc27169b75edf360ad125230f2c3f7f7559.ts' for writing
[hls @ 0x562ad93f9180] Opening '/data/transcodes/dc27169b75edf360ad125230f2c3f7f7560.ts' for writing
[hls @ 0x562ad93f9180] Opening '/data/transcodes/dc27169b75edf360ad125230f2c3f7f7561.ts' for writing
[hls @ 0x562ad93f9180] Opening '/data/transcodes/dc27169b75edf360ad125230f2c3f7f7562.ts' for writing
[hls @ 0x562ad93f9180] Opening '/data/transcodes/dc27169b75edf360ad125230f2c3f7f7563.ts' for writing
[hls @ 0x562ad93f9180] Opening '/data/transcodes/dc27169b75edf360ad125230f2c3f7f7564.ts' for writing
[hls @ 0x562ad93f9180] Opening '/data/transcodes/dc27169b75edf360ad125230f2c3f7f7565.ts' for writing
[hls @ 0x562ad93f9180] Opening '/data/transcodes/dc27169b75edf360ad125230f2c3f7f7566.ts' for writing
[hls @ 0x562ad93f9180] Opening '/data/transcodes/dc27169b75edf360ad125230f2c3f7f7567.ts' for writing
[hls @ 0x562ad93f9180] Opening '/data/transcodes/dc27169b75edf360ad125230f2c3f7f7568.ts' for writing
frame=51032 fps=5626 q=-1.0 size=N/A time=00:34:01.25 bitrate=N/A speed= 225x    
[hls @ 0x562ad93f9180] Opening '/data/transcodes/dc27169b75edf360ad125230f2c3f7f7569.ts' for writing
[hls @ 0x562ad93f9180] Opening '/data/transcodes/dc27169b75edf360ad125230f2c3f7f7570.ts' for writing
[hls @ 0x562ad93f9180] Opening '/data/transcodes/dc27169b75edf360ad125230f2c3f7f7571.ts' for writing
[hls @ 0x562ad93f9180] Opening '/data/transcodes/dc27169b75edf360ad125230f2c3f7f7572.ts' for writing
[hls @ 0x562ad93f9180] Opening '/data/transcodes/dc27169b75edf360ad125230f2c3f7f7573.ts' for writing
[hls @ 0x562ad93f9180] Opening '/data/transcodes/dc27169b75edf360ad125230f2c3f7f7574.ts' for writing
[hls @ 0x562ad93f9180] Opening '/data/transcodes/dc27169b75edf360ad125230f2c3f7f7575.ts' for writing
[hls @ 0x562ad93f9180] Opening '/data/transcodes/dc27169b75edf360ad125230f2c3f7f7576.ts' for writing
[hls @ 0x562ad93f9180] Opening '/data/transcodes/dc27169b75edf360ad125230f2c3f7f7577.ts' for writing
[hls @ 0x562ad93f9180] Opening '/data/transcodes/dc27169b75edf360ad125230f2c3f7f7578.ts' for writing
[hls @ 0x562ad93f9180] Opening '/data/transcodes/dc27169b75edf360ad125230f2c3f7f7579.ts' for writing
[hls @ 0x562ad93f9180] Opening '/data/transcodes/dc27169b75edf360ad125230f2c3f7f7580.ts' for writing
[hls @ 0x562ad93f9180] Opening '/data/transcodes/dc27169b75edf360ad125230f2c3f7f7581.ts' for writing
[hls @ 0x562ad93f9180] Opening '/data/transcodes/dc27169b75edf360ad125230f2c3f7f7582.ts' for writing
[hls @ 0x562ad93f9180] Opening '/data/transcodes/dc27169b75edf360ad125230f2c3f7f7583.ts' for writing
[hls @ 0x562ad93f9180] Opening '/data/transcodes/dc27169b75edf360ad125230f2c3f7f7584.ts' for writing
[hls @ 0x562ad93f9180] Opening '/data/transcodes/dc27169b75edf360ad125230f2c3f7f7585.ts' for writing
[hls @ 0x562ad93f9180] Opening '/data/transcodes/dc27169b75edf360ad125230f2c3f7f7586.ts' for writing
[hls @ 0x562ad93f9180] Opening '/data/transcodes/dc27169b75edf360ad125230f2c3f7f7587.ts' for writing
[hls @ 0x562ad93f9180] Opening '/data/transcodes/dc27169b75edf360ad125230f2c3f7f7588.ts' for writing
frame=53967 fps=5734 q=-1.0 Lsize=N/A time=00:35:58.72 bitrate=N/A speed= 229x    
video:1552188kB audio:59028kB subtitle:0kB other streams:0kB global headers:0kB muxing overhead: unknown