/videos/cf74c6c4-468d-c51d-935b-df1fe29f7f4c/hls1/main/0.ts

{"Protocol":0,"Id":"cf74c6c4468dc51d935bdf1fe29f7f4c","Path":"/data/movies/Oppenheimer (2023)/Oppenheimer (2023) CAM Proper.mkv","EncoderPath":null,"EncoderProtocol":null,"Type":0,"Container":"mkv,webm","Size":5589638656,"Name":"Oppenheimer (2023) CAM Proper","IsRemote":false,"ETag":"ac9cdf8b614f7f696f069abd882d0bcb","RunTimeTicks":105082806272,"ReadAtNativeFramerate":false,"IgnoreDts":false,"IgnoreIndex":false,"GenPtsInput":false,"SupportsTranscoding":true,"SupportsDirectStream":true,"SupportsDirectPlay":true,"IsInfiniteStream":false,"RequiresOpening":false,"OpenToken":null,"RequiresClosing":false,"LiveStreamId":null,"BufferMs":null,"RequiresLooping":false,"SupportsProbing":true,"VideoType":0,"IsoType":null,"Video3DFormat":null,"MediaStreams":[{"Codec":"h264","CodecTag":null,"Language":null,"ColorRange":null,"ColorSpace":"bt709","ColorTransfer":"bt709","ColorPrimaries":"bt709","DvVersionMajor":null,"DvVersionMinor":null,"DvProfile":null,"DvLevel":null,"RpuPresentFlag":null,"ElPresentFlag":null,"BlPresentFlag":null,"DvBlSignalCompatibilityId":null,"Comment":null,"TimeBase":"1/1000","CodecTimeBase":null,"Title":null,"VideoRange":"SDR","VideoRangeType":"SDR","VideoDoViTitle":null,"LocalizedUndefined":null,"LocalizedDefault":null,"LocalizedForced":null,"LocalizedExternal":null,"DisplayTitle":"1080p H264 SDR","NalLengthSize":"4","IsInterlaced":false,"IsAVC":true,"ChannelLayout":null,"BitRate":4255416,"BitDepth":8,"RefFrames":1,"PacketLength":null,"Channels":null,"SampleRate":null,"IsDefault":true,"IsForced":false,"Height":858,"Width":1920,"AverageFrameRate":24,"RealFrameRate":24,"Profile":"High","Type":1,"AspectRatio":"320:143","Index":0,"Score":null,"IsExternal":false,"DeliveryMethod":null,"DeliveryUrl":null,"IsExternalUrl":null,"IsTextSubtitleStream":false,"SupportsExternalStream":false,"Path":null,"PixelFormat":"yuv420p","Level":51,"IsAnamorphic":null},{"Codec":"aac","CodecTag":null,"Language":"hin","ColorRange":null,"ColorSpace":null,"ColorTransfer":null,"ColorPrimaries":null,"DvVersionMajor":null,"DvVersionMinor":null,"DvProfile":null,"DvLevel":null,"RpuPresentFlag":null,"ElPresentFlag":null,"BlPresentFlag":null,"DvBlSignalCompatibilityId":null,"Comment":null,"TimeBase":"1/1000","CodecTimeBase":null,"Title":null,"VideoRange":null,"VideoRangeType":null,"VideoDoViTitle":null,"LocalizedUndefined":null,"LocalizedDefault":null,"LocalizedForced":null,"LocalizedExternal":null,"DisplayTitle":"Hindi - AAC - Stereo - Default","NalLengthSize":null,"IsInterlaced":false,"IsAVC":null,"ChannelLayout":"stereo","BitRate":128000,"BitDepth":null,"RefFrames":null,"PacketLength":null,"Channels":2,"SampleRate":44100,"IsDefault":true,"IsForced":false,"Height":null,"Width":null,"AverageFrameRate":null,"RealFrameRate":null,"Profile":"LC","Type":0,"AspectRatio":null,"Index":1,"Score":null,"IsExternal":false,"DeliveryMethod":null,"DeliveryUrl":null,"IsExternalUrl":null,"IsTextSubtitleStream":false,"SupportsExternalStream":false,"Path":null,"PixelFormat":null,"Level":0,"IsAnamorphic":null},{"Codec":"mp3","CodecTag":null,"Language":"eng","ColorRange":null,"ColorSpace":null,"ColorTransfer":null,"ColorPrimaries":null,"DvVersionMajor":null,"DvVersionMinor":null,"DvProfile":null,"DvLevel":null,"RpuPresentFlag":null,"ElPresentFlag":null,"BlPresentFlag":null,"DvBlSignalCompatibilityId":null,"Comment":null,"TimeBase":"1/1000","CodecTimeBase":null,"Title":null,"VideoRange":null,"VideoRangeType":null,"VideoDoViTitle":null,"LocalizedUndefined":null,"LocalizedDefault":null,"LocalizedForced":null,"LocalizedExternal":null,"DisplayTitle":"English - MP3 - Stereo","NalLengthSize":null,"IsInterlaced":false,"IsAVC":null,"ChannelLayout":"stereo","BitRate":128000,"BitDepth":null,"RefFrames":null,"PacketLength":null,"Channels":2,"SampleRate":48000,"IsDefault":false,"IsForced":false,"Height":null,"Width":null,"AverageFrameRate":null,"RealFrameRate":null,"Profile":null,"Type":0,"AspectRatio":null,"Index":2,"Score":null,"IsExternal":false,"DeliveryMethod":null,"DeliveryUrl":null,"IsExternalUrl":null,"IsTextSubtitleStream":false,"SupportsExternalStream":false,"Path":null,"PixelFormat":null,"Level":0,"IsAnamorphic":null}],"MediaAttachments":[],"Formats":[],"Bitrate":4511416,"Timestamp":null,"RequiredHttpHeaders":{},"TranscodingUrl":null,"TranscodingSubProtocol":null,"TranscodingContainer":null,"AnalyzeDurationMs":null,"DefaultAudioStreamIndex":null,"DefaultSubtitleStreamIndex":null}

/usr/lib/jellyfin-ffmpeg/ffmpeg -analyzeduration 200M -fflags +genpts -f matroska,webm  -i file:"/data/movies/Oppenheimer (2023)/Oppenheimer (2023) CAM Proper.mkv" -map_metadata -1 -map_chapters -1 -threads 0 -map 0:0 -map 0:1 -map -0:s -codec:v:0 copy -bsf:v h264_mp4toannexb -start_at_zero -codec:a:0 copy -copyts -avoid_negative_ts disabled -max_muxing_queue_size 2048 -f hls -max_delay 5000000 -hls_time 6 -hls_segment_type mpegts -start_number 0 -hls_segment_filename "/config/data/transcodes/1910f15a5afb3799a5512f4c8808ed32%d.ts" -hls_playlist_type vod -hls_list_size 0 -y "/config/data/transcodes/1910f15a5afb3799a5512f4c8808ed32.m3u8"


ffmpeg version 5.1.3-Jellyfin Copyright (c) 2000-2022 the FFmpeg developers
  built with gcc 11 (Ubuntu 11.3.0-1ubuntu1~22.04.1)
  configuration: --prefix=/usr/lib/jellyfin-ffmpeg --target-os=linux --extra-libs=-lfftw3f --extra-version=Jellyfin --disable-doc --disable-ffplay --disable-ptx-compression --disable-static --disable-libxcb --disable-sdl2 --disable-xlib --enable-lto --enable-gpl --enable-version3 --enable-shared --enable-gmp --enable-gnutls --enable-chromaprint --enable-libdrm --enable-libass --enable-libfreetype --enable-libfribidi --enable-libfontconfig --enable-libbluray --enable-libmp3lame --enable-libopus --enable-libtheora --enable-libvorbis --enable-libopenmpt --enable-libdav1d --enable-libwebp --enable-libvpx --enable-libx264 --enable-libx265 --enable-libzvbi --enable-libzimg --enable-libfdk-aac --arch=amd64 --enable-libsvtav1 --enable-libshaderc --enable-libplacebo --enable-vulkan --enable-opencl --enable-vaapi --enable-amf --enable-libmfx --enable-ffnvcodec --enable-cuda --enable-cuda-llvm --enable-cuvid --enable-nvdec --enable-nvenc
  libavutil      57. 28.100 / 57. 28.100
  libavcodec     59. 37.100 / 59. 37.100
  libavformat    59. 27.100 / 59. 27.100
  libavdevice    59.  7.100 / 59.  7.100
  libavfilter     8. 44.100 /  8. 44.100
  libswscale      6.  7.100 /  6.  7.100
  libswresample   4.  7.100 /  4.  7.100
  libpostproc    56.  6.100 / 56.  6.100
Input #0, matroska,webm, from 'file:/data/movies/Oppenheimer (2023)/Oppenheimer (2023) CAM Proper.mkv':
  Metadata:
    encoder         : libebml v1.3.7 + libmatroska v1.5.0
    creation_time   : 2023-07-23T08:48:57.000000Z
  Duration: 02:55:08.28, start: 0.000000, bitrate: 4255 kb/s
  Stream #0:0: Video: h264 (High), yuv420p(tv, bt709, progressive), 1920x858 [SAR 1:1 DAR 320:143], 24 fps, 24 tbr, 1k tbn (default)
    Metadata:
      BPS-eng         : 3996560
      DURATION-eng    : 02:55:08.250000000
      NUMBER_OF_FRAMES-eng: 252198
      NUMBER_OF_BYTES-eng: 5249606730
      _STATISTICS_WRITING_APP-eng: mkvmerge v32.0.0 ('Astral Progressions') 64-bit
      _STATISTICS_WRITING_DATE_UTC-eng: 2023-07-23 08:48:57
      _STATISTICS_TAGS-eng: BPS DURATION NUMBER_OF_FRAMES NUMBER_OF_BYTES
  Stream #0:1(hin): Audio: aac (LC), 44100 Hz, stereo, fltp (default)
    Metadata:
      BPS-eng         : 128000
      DURATION-eng    : 02:55:08.278000000
      NUMBER_OF_FRAMES-eng: 452554
      NUMBER_OF_BYTES-eng: 168132651
      _STATISTICS_WRITING_APP-eng: mkvmerge v32.0.0 ('Astral Progressions') 64-bit
      _STATISTICS_WRITING_DATE_UTC-eng: 2023-07-23 08:48:57
      _STATISTICS_TAGS-eng: BPS DURATION NUMBER_OF_FRAMES NUMBER_OF_BYTES
  Stream #0:2(eng): Audio: mp3, 48000 Hz, stereo, fltp, 128 kb/s
    Metadata:
      BPS-eng         : 128000
      DURATION-eng    : 02:55:08.256000000
      NUMBER_OF_FRAMES-eng: 437844
      NUMBER_OF_BYTES-eng: 168132096
      _STATISTICS_WRITING_APP-eng: mkvmerge v32.0.0 ('Astral Progressions') 64-bit
      _STATISTICS_WRITING_DATE_UTC-eng: 2023-07-23 08:48:57
      _STATISTICS_TAGS-eng: BPS DURATION NUMBER_OF_FRAMES NUMBER_OF_BYTES
Output #0, hls, to '/config/data/transcodes/1910f15a5afb3799a5512f4c8808ed32.m3u8':
  Metadata:
    encoder         : Lavf59.27.100
  Stream #0:0: Video: h264 (High), yuv420p(tv, bt709, progressive), 1920x858 [SAR 1:1 DAR 320:143], q=2-31, 24 fps, 24 tbr, 90k tbn (default)
  Stream #0:1: Audio: aac (LC), 44100 Hz, stereo, fltp (default)
Stream mapping:
  Stream #0:0 -> #0:0 (copy)
  Stream #0:1 -> #0:1 (copy)
Press [q] to stop, [?] for help
frame=    1 fps=0.0 q=-1.0 size=N/A time=-00:00:00.04 bitrate=N/A speed=N/A    
[hls @ 0x55cfd07cebc0] Opening '/config/data/transcodes/1910f15a5afb3799a5512f4c8808ed320.ts' for writing
[hls @ 0x55cfd07cebc0] Opening '/config/data/transcodes/1910f15a5afb3799a5512f4c8808ed321.ts' for writing
[hls @ 0x55cfd07cebc0] Opening '/config/data/transcodes/1910f15a5afb3799a5512f4c8808ed322.ts' for writing
[hls @ 0x55cfd07cebc0] Opening '/config/data/transcodes/1910f15a5afb3799a5512f4c8808ed323.ts' for writing
frame=  588 fps=0.0 q=-1.0 size=N/A time=00:00:24.48 bitrate=N/A speed=47.9x    
[hls @ 0x55cfd07cebc0] Opening '/config/data/transcodes/1910f15a5afb3799a5512f4c8808ed324.ts' for writing
[hls @ 0x55cfd07cebc0] Opening '/config/data/transcodes/1910f15a5afb3799a5512f4c8808ed325.ts' for writing
[hls @ 0x55cfd07cebc0] Opening '/config/data/transcodes/1910f15a5afb3799a5512f4c8808ed326.ts' for writing
[hls @ 0x55cfd07cebc0] Opening '/config/data/transcodes/1910f15a5afb3799a5512f4c8808ed327.ts' for writing
frame= 1156 fps=1130 q=-1.0 size=N/A time=00:00:48.14 bitrate=N/A speed=  47x    
[hls @ 0x55cfd07cebc0] Opening '/config/data/transcodes/1910f15a5afb3799a5512f4c8808ed328.ts' for writing
[hls @ 0x55cfd07cebc0] Opening '/config/data/transcodes/1910f15a5afb3799a5512f4c8808ed329.ts' for writing
[hls @ 0x55cfd07cebc0] Opening '/config/data/transcodes/1910f15a5afb3799a5512f4c8808ed3210.ts' for writing
[hls @ 0x55cfd07cebc0] Opening '/config/data/transcodes/1910f15a5afb3799a5512f4c8808ed3211.ts' for writing
frame= 1801 fps=1153 q=-1.0 size=N/A time=00:01:15.03 bitrate=N/A speed=  48x    
[hls @ 0x55cfd07cebc0] Opening '/config/data/transcodes/1910f15a5afb3799a5512f4c8808ed3212.ts' for writing
[hls @ 0x55cfd07cebc0] Opening '/config/data/transcodes/1910f15a5afb3799a5512f4c8808ed3213.ts' for writing
[hls @ 0x55cfd07cebc0] Opening '/config/data/transcodes/1910f15a5afb3799a5512f4c8808ed3214.ts' for writing
frame= 2264 fps=1096 q=-1.0 size=N/A time=00:01:34.34 bitrate=N/A speed=45.7x    
[hls @ 0x55cfd07cebc0] Opening '/config/data/transcodes/1910f15a5afb3799a5512f4c8808ed3215.ts' for writing
[hls @ 0x55cfd07cebc0] Opening '/config/data/transcodes/1910f15a5afb3799a5512f4c8808ed3216.ts' for writing
frame= 2470 fps=924 q=-1.0 size=N/A time=00:01:42.89 bitrate=N/A speed=38.5x    
[hls @ 0x55cfd07cebc0] Opening '/config/data/transcodes/1910f15a5afb3799a5512f4c8808ed3217.ts' for writing
[hls @ 0x55cfd07cebc0] Opening '/config/data/transcodes/1910f15a5afb3799a5512f4c8808ed3218.ts' for writing
frame= 2737 fps=844 q=-1.0 size=N/A time=00:01:54.01 bitrate=N/A speed=35.2x    
[hls @ 0x55cfd07cebc0] Opening '/config/data/transcodes/1910f15a5afb3799a5512f4c8808ed3219.ts' for writing
frame= 2890 fps=772 q=-1.0 size=N/A time=00:02:00.40 bitrate=N/A speed=32.2x    
[hls @ 0x55cfd07cebc0] Opening '/config/data/transcodes/1910f15a5afb3799a5512f4c8808ed3220.ts' for writing
frame= 3052 fps=719 q=-1.0 size=N/A time=00:02:07.08 bitrate=N/A speed=29.9x    
[hls @ 0x55cfd07cebc0] Opening '/config/data/transcodes/1910f15a5afb3799a5512f4c8808ed3221.ts' for writing
frame= 3181 fps=655 q=-1.0 size=N/A time=00:02:12.52 bitrate=N/A speed=27.3x    
[hls @ 0x55cfd07cebc0] Opening '/config/data/transcodes/1910f15a5afb3799a5512f4c8808ed3222.ts' for writing
frame= 3419 fps=637 q=-1.0 size=N/A time=00:02:22.39 bitrate=N/A speed=26.5x    
[hls @ 0x55cfd07cebc0] Opening '/config/data/transcodes/1910f15a5afb3799a5512f4c8808ed3223.ts' for writing
[hls @ 0x55cfd07cebc0] Opening '/config/data/transcodes/1910f15a5afb3799a5512f4c8808ed3224.ts' for writing
frame= 3619 fps=613 q=-1.0 size=N/A time=00:02:30.77 bitrate=N/A speed=25.6x    

[q] command received. Exiting.

[hls @ 0x55cfd07cebc0] Opening '/config/data/transcodes/1910f15a5afb3799a5512f4c8808ed3225.ts' for writing
frame= 3691 fps=615 q=-1.0 Lsize=N/A time=00:02:33.72 bitrate=N/A speed=25.6x    
video:74205kB audio:2403kB subtitle:0kB other streams:0kB global headers:2kB muxing overhead: unknown