/videos/f13b4b66-a0cc-1a42-7497-39df2d48d492/hls1/main/153.ts

{"Protocol":0,"Id":"f13b4b66a0cc1a42749739df2d48d492","Path":"/data/tvshows/Come Fly With Me/Season 1/Come Fly With Me - S01E03 - Episode 3 Bluray-1080p.mkv","EncoderPath":null,"EncoderProtocol":null,"Type":0,"Container":"mkv,webm","Size":825961768,"Name":"Come Fly With Me - S01E03 - Episode 3 Bluray-1080p","IsRemote":false,"ETag":"d1305e6cd1643a91859bb2d942ba9efa","RunTimeTicks":16830080000,"ReadAtNativeFramerate":false,"IgnoreDts":false,"IgnoreIndex":false,"GenPtsInput":false,"SupportsTranscoding":true,"SupportsDirectStream":true,"SupportsDirectPlay":true,"IsInfiniteStream":false,"RequiresOpening":false,"OpenToken":null,"RequiresClosing":false,"LiveStreamId":null,"BufferMs":null,"RequiresLooping":false,"SupportsProbing":true,"VideoType":0,"IsoType":null,"Video3DFormat":null,"MediaStreams":[{"Codec":"hevc","CodecTag":null,"Language":null,"ColorRange":null,"ColorSpace":null,"ColorTransfer":null,"ColorPrimaries":null,"DvVersionMajor":null,"DvVersionMinor":null,"DvProfile":null,"DvLevel":null,"RpuPresentFlag":null,"ElPresentFlag":null,"BlPresentFlag":null,"DvBlSignalCompatibilityId":null,"Comment":null,"TimeBase":"1/1000","CodecTimeBase":null,"Title":null,"VideoRange":"SDR","VideoRangeType":"SDR","VideoDoViTitle":null,"LocalizedUndefined":null,"LocalizedDefault":null,"LocalizedForced":null,"LocalizedExternal":null,"DisplayTitle":"1080p HEVC SDR","NalLengthSize":null,"IsInterlaced":false,"IsAVC":null,"ChannelLayout":null,"BitRate":3926121,"BitDepth":10,"RefFrames":1,"PacketLength":null,"Channels":null,"SampleRate":null,"IsDefault":true,"IsForced":false,"Height":1080,"Width":1920,"AverageFrameRate":25,"RealFrameRate":25,"Profile":"Main 10","Type":1,"AspectRatio":"16:9","Index":0,"Score":null,"IsExternal":false,"DeliveryMethod":null,"DeliveryUrl":null,"IsExternalUrl":null,"IsTextSubtitleStream":false,"SupportsExternalStream":false,"Path":null,"PixelFormat":"yuv420p10le","Level":120,"IsAnamorphic":null},{"Codec":"ac3","CodecTag":null,"Language":"eng","ColorRange":null,"ColorSpace":null,"ColorTransfer":null,"ColorPrimaries":null,"DvVersionMajor":null,"DvVersionMinor":null,"DvProfile":null,"DvLevel":null,"RpuPresentFlag":null,"ElPresentFlag":null,"BlPresentFlag":null,"DvBlSignalCompatibilityId":null,"Comment":null,"TimeBase":"1/1000","CodecTimeBase":null,"Title":null,"VideoRange":null,"VideoRangeType":null,"VideoDoViTitle":null,"LocalizedUndefined":null,"LocalizedDefault":null,"LocalizedForced":null,"LocalizedExternal":null,"DisplayTitle":"English - Dolby Digital - Stereo","NalLengthSize":null,"IsInterlaced":false,"IsAVC":null,"ChannelLayout":"stereo","BitRate":448000,"BitDepth":null,"RefFrames":null,"PacketLength":null,"Channels":2,"SampleRate":48000,"IsDefault":false,"IsForced":false,"Height":null,"Width":null,"AverageFrameRate":null,"RealFrameRate":null,"Profile":null,"Type":0,"AspectRatio":null,"Index":1,"Score":null,"IsExternal":false,"DeliveryMethod":null,"DeliveryUrl":null,"IsExternalUrl":null,"IsTextSubtitleStream":false,"SupportsExternalStream":false,"Path":null,"PixelFormat":null,"Level":0,"IsAnamorphic":null}],"MediaAttachments":[],"Formats":[],"Bitrate":4374121,"Timestamp":null,"RequiredHttpHeaders":{},"TranscodingUrl":null,"TranscodingSubProtocol":null,"TranscodingContainer":null,"AnalyzeDurationMs":null,"DefaultAudioStreamIndex":null,"DefaultSubtitleStreamIndex":null}

/usr/lib/jellyfin-ffmpeg/ffmpeg -analyzeduration 200M -ss 00:07:39.000 -f matroska,webm -autorotate 0 -i file:"/data/tvshows/Come Fly With Me/Season 1/Come Fly With Me - S01E03 - Episode 3 Bluray-1080p.mkv" -map_metadata -1 -map_chapters -1 -threads 0 -map 0:0 -map 0:1 -map -0:s -codec:v:0 libx264 -preset veryfast -crf 23 -maxrate 3926121 -bufsize 7852242 -x264opts:0 subme=0:me_range=4:rc_lookahead=10:me=dia:no_chroma_me:8x8dct=0:partitions=none -force_key_frames:0 "expr:gte(t,459+n_forced*3)" -sc_threshold:v:0 0 -vf "setparams=color_primaries=bt709:color_trc=bt709:colorspace=bt709,scale=trunc(min(max(iw\,ih*a)\,min(1920\,1080*a))/2)*2:trunc(min(max(iw/a\,ih)\,min(1920/a\,1080))/2)*2,format=yuv420p" -codec:a:0 libfdk_aac -ac 2 -ab 256000 -copyts -avoid_negative_ts disabled -max_muxing_queue_size 2048 -f hls -max_delay 5000000 -hls_time 3 -hls_segment_type mpegts -start_number 153 -hls_segment_filename "/config/data/transcodes/37aa0be24a3348b8c6cd2f5aa00cb6cf%d.ts" -hls_playlist_type vod -hls_list_size 0 -y "/config/data/transcodes/37aa0be24a3348b8c6cd2f5aa00cb6cf.m3u8"


ffmpeg version 5.1.3-Jellyfin Copyright (c) 2000-2022 the FFmpeg developers
  built with gcc 11 (Ubuntu 11.3.0-1ubuntu1~22.04.1)
  configuration: --prefix=/usr/lib/jellyfin-ffmpeg --target-os=linux --extra-libs=-lfftw3f --extra-version=Jellyfin --disable-doc --disable-ffplay --disable-ptx-compression --disable-static --disable-libxcb --disable-sdl2 --disable-xlib --enable-lto --enable-gpl --enable-version3 --enable-shared --enable-gmp --enable-gnutls --enable-chromaprint --enable-libdrm --enable-libass --enable-libfreetype --enable-libfribidi --enable-libfontconfig --enable-libbluray --enable-libmp3lame --enable-libopus --enable-libtheora --enable-libvorbis --enable-libopenmpt --enable-libdav1d --enable-libwebp --enable-libvpx --enable-libx264 --enable-libx265 --enable-libzvbi --enable-libzimg --enable-libfdk-aac --arch=amd64 --enable-libsvtav1 --enable-libshaderc --enable-libplacebo --enable-vulkan --enable-opencl --enable-vaapi --enable-amf --enable-libmfx --enable-ffnvcodec --enable-cuda --enable-cuda-llvm --enable-cuvid --enable-nvdec --enable-nvenc
  libavutil      57. 28.100 / 57. 28.100
  libavcodec     59. 37.100 / 59. 37.100
  libavformat    59. 27.100 / 59. 27.100
  libavdevice    59.  7.100 / 59.  7.100
  libavfilter     8. 44.100 /  8. 44.100
  libswscale      6.  7.100 /  6.  7.100
  libswresample   4.  7.100 /  4.  7.100
  libpostproc    56.  6.100 / 56.  6.100
Input #0, matroska,webm, from 'file:/data/tvshows/Come Fly With Me/Season 1/Come Fly With Me - S01E03 - Episode 3 Bluray-1080p.mkv':
  Metadata:
    title           : Come Fly With Me Disc 1
    ENCODER         : Lavf60.3.100
  Duration: 00:28:03.01, start: 0.000000, bitrate: 3926 kb/s
  Chapters:
    Chapter #0:0: start 0.000000, end 437.840000
      Metadata:
        title           : Chapter 01
    Chapter #0:1: start 437.840000, end 889.000000
      Metadata:
        title           : Chapter 02
    Chapter #0:2: start 889.000000, end 1303.320000
      Metadata:
        title           : Chapter 03
    Chapter #0:3: start 1303.320000, end 1683.008000
      Metadata:
        title           : Chapter 04
  Stream #0:0: Video: hevc (Main 10), yuv420p10le(tv), 1920x1080, SAR 1:1 DAR 16:9, 25 fps, 25 tbr, 1k tbn (default)
    Metadata:
      BPS             : 3474824
      BPS-eng         : 3474824
      DURATION-eng    : 00:28:03.000000000
      NUMBER_OF_FRAMES: 42075
      NUMBER_OF_FRAMES-eng: 42075
      NUMBER_OF_BYTES : 731016210
      NUMBER_OF_BYTES-eng: 731016210
      _STATISTICS_WRITING_APP: mkvmerge v20.0.0 ('I Am The Sun') 64-bit
      _STATISTICS_WRITING_APP-eng: mkvmerge v20.0.0 ('I Am The Sun') 64-bit
      _STATISTICS_WRITING_DATE_UTC: 2020-09-25 17:35:11
      _STATISTICS_WRITING_DATE_UTC-eng: 2020-09-25 17:35:11
      _STATISTICS_TAGS: BPS DURATION NUMBER_OF_FRAMES NUMBER_OF_BYTES
      _STATISTICS_TAGS-eng: BPS DURATION NUMBER_OF_FRAMES NUMBER_OF_BYTES
      DURATION        : 00:28:03.000000000
  Stream #0:1(eng): Audio: ac3, 48000 Hz, stereo, fltp, 448 kb/s
    Metadata:
      BPS             : 448000
      BPS-eng         : 448000
      DURATION-eng    : 00:28:03.008000000
      NUMBER_OF_FRAMES: 52594
      NUMBER_OF_FRAMES-eng: 52594
      NUMBER_OF_BYTES : 94248448
      NUMBER_OF_BYTES-eng: 94248448
      _STATISTICS_WRITING_APP: mkvmerge v20.0.0 ('I Am The Sun') 64-bit
      _STATISTICS_WRITING_APP-eng: mkvmerge v20.0.0 ('I Am The Sun') 64-bit
      _STATISTICS_WRITING_DATE_UTC: 2020-09-25 17:35:11
      _STATISTICS_WRITING_DATE_UTC-eng: 2020-09-25 17:35:11
      _STATISTICS_TAGS: BPS DURATION NUMBER_OF_FRAMES NUMBER_OF_BYTES
      _STATISTICS_TAGS-eng: BPS DURATION NUMBER_OF_FRAMES NUMBER_OF_BYTES
      DURATION        : 00:28:03.008000000
Stream mapping:
  Stream #0:0 -> #0:0 (hevc (native) -> h264 (libx264))
  Stream #0:1 -> #0:1 (ac3 (native) -> aac (libfdk_aac))
Press [q] to stop, [?] for help
[libx264 @ 0x55f79fb76640] using SAR=1/1
[libx264 @ 0x55f79fb76640] using cpu capabilities: MMX2 SSE2Fast SSSE3 SSE4.2 AVX FMA3 BMI2 AVX2
[libx264 @ 0x55f79fb76640] profile Main, level 4.0, 4:2:0, 8-bit
[libx264 @ 0x55f79fb76640] 264 - core 163 r3060 5db6aa6 - H.264/MPEG-4 AVC codec - Copyleft 2003-2021 - http://www.videolan.org/x264.html - options: cabac=1 ref=1 deblock=1:0:0 analyse=0x1:0 me=dia subme=0 psy=1 psy_rd=1.00:0.00 mixed_ref=0 me_range=4 chroma_me=0 trellis=0 8x8dct=0 cqm=0 deadzone=21,11 fast_pskip=1 chroma_qp_offset=0 threads=6 lookahead_threads=1 sliced_threads=0 nr=0 decimate=1 interlaced=0 bluray_compat=0 constrained_intra=0 bframes=3 b_pyramid=2 b_adapt=1 b_bias=0 direct=1 weightb=1 open_gop=0 weightp=1 keyint=250 keyint_min=25 scenecut=0 intra_refresh=0 rc_lookahead=10 rc=crf mbtree=1 crf=23.0 qcomp=0.60 qpmin=0 qpmax=69 qpstep=4 vbv_maxrate=3926 vbv_bufsize=7852 crf_max=0.0 nal_hrd=none filler=0 ip_ratio=1.40 aq=1:1.00
Output #0, hls, to '/config/data/transcodes/37aa0be24a3348b8c6cd2f5aa00cb6cf.m3u8':
  Metadata:
    encoder         : Lavf59.27.100
  Stream #0:0: Video: h264, yuv420p(tv, bt709, progressive), 1920x1080 [SAR 1:1 DAR 16:9], q=2-31, 25 fps, 90k tbn (default)
    Metadata:
      encoder         : Lavc59.37.100 libx264
    Side data:
      cpb: bitrate max/min/avg: 3926000/0/0 buffer size: 7852000 vbv_delay: N/A
  Stream #0:1: Audio: aac, 48000 Hz, stereo, s16, 256 kb/s
    Metadata:
      encoder         : Lavc59.37.100 libfdk_aac
frame=    1 fps=0.4 q=0.0 size=N/A time=00:00:00.00 bitrate=N/A speed=   0x    
frame=   19 fps=6.4 q=0.0 size=N/A time=00:00:00.76 bitrate=N/A speed=0.258x    
frame=   39 fps= 11 q=28.0 size=N/A time=00:00:01.55 bitrate=N/A speed=0.447x    
frame=   53 fps= 13 q=28.0 size=N/A time=00:00:02.11 bitrate=N/A speed=0.529x    
frame=   64 fps= 14 q=28.0 size=N/A time=00:00:02.56 bitrate=N/A speed=0.569x    
frame=   78 fps= 16 q=28.0 size=N/A time=00:00:03.09 bitrate=N/A speed=0.617x    
frame=   97 fps= 18 q=28.0 size=N/A time=00:00:03.86 bitrate=N/A speed= 0.7x    
frame=  116 fps= 19 q=28.0 size=N/A time=00:00:04.62 bitrate=N/A speed=0.761x    
frame=  126 fps= 19 q=28.0 size=N/A time=00:00:04.99 bitrate=N/A speed=0.757x    
frame=  136 fps= 19 q=28.0 size=N/A time=00:00:05.44 bitrate=N/A speed=0.766x    
frame=  146 fps= 19 q=28.0 size=N/A time=00:00:05.82 bitrate=N/A speed=0.766x    
frame=  159 fps= 20 q=28.0 size=N/A time=00:00:06.33 bitrate=N/A speed=0.782x    
frame=  168 fps= 19 q=28.0 size=N/A time=00:00:06.72 bitrate=N/A speed=0.763x    
frame=  178 fps= 19 q=28.0 size=N/A time=00:00:07.10 bitrate=N/A speed=0.762x    
frame=  194 fps= 20 q=28.0 size=N/A time=00:00:07.74 bitrate=N/A speed=0.782x    
frame=  210 fps= 20 q=28.0 size=N/A time=00:00:08.38 bitrate=N/A speed=0.806x    
frame=  227 fps= 21 q=28.0 size=N/A time=00:00:09.08 bitrate=N/A speed=0.832x    
frame=  245 fps= 21 q=28.0 size=N/A time=00:00:09.79 bitrate=N/A speed=0.85x    
frame=  257 fps= 21 q=28.0 size=N/A time=00:00:10.26 bitrate=N/A speed=0.854x    
frame=  266 fps= 21 q=25.0 size=N/A time=00:00:10.64 bitrate=N/A speed=0.85x    
[hls @ 0x55f79fb6b240] Opening '/config/data/transcodes/37aa0be24a3348b8c6cd2f5aa00cb6cf153.ts' for writing
frame=  281 fps= 22 q=28.0 size=N/A time=00:00:11.22 bitrate=N/A speed=0.862x    
frame=  296 fps= 22 q=28.0 size=N/A time=00:00:11.84 bitrate=N/A speed=0.875x    
frame=  309 fps= 22 q=28.0 size=N/A time=00:00:12.35 bitrate=N/A speed=0.875x    
frame=  321 fps= 22 q=28.0 size=N/A time=00:00:12.82 bitrate=N/A speed=0.877x    
frame=  335 fps= 22 q=28.0 size=N/A time=00:00:13.39 bitrate=N/A speed=0.885x    
frame=  353 fps= 23 q=28.0 size=N/A time=00:00:14.10 bitrate=N/A speed=0.901x    
frame=  374 fps= 23 q=28.0 size=N/A time=00:00:14.93 bitrate=N/A speed=0.925x    
frame=  391 fps= 23 q=28.0 size=N/A time=00:00:15.63 bitrate=N/A speed=0.934x    
frame=  403 fps= 23 q=28.0 size=N/A time=00:00:16.12 bitrate=N/A speed=0.936x    
frame=  415 fps= 23 q=28.0 size=N/A time=00:00:16.59 bitrate=N/A speed=0.935x    
frame=  428 fps= 23 q=28.0 size=N/A time=00:00:17.10 bitrate=N/A speed=0.938x    
frame=  441 fps= 24 q=28.0 size=N/A time=00:00:17.62 bitrate=N/A speed=0.939x    
frame=  453 fps= 23 q=28.0 size=N/A time=00:00:18.11 bitrate=N/A speed=0.935x    
frame=  464 fps= 23 q=28.0 size=N/A time=00:00:18.56 bitrate=N/A speed=0.934x    
frame=  476 fps= 23 q=28.0 size=N/A time=00:00:19.02 bitrate=N/A speed=0.931x    
frame=  485 fps= 23 q=28.0 size=N/A time=00:00:19.39 bitrate=N/A speed=0.926x    
frame=  495 fps= 23 q=28.0 size=N/A time=00:00:19.79 bitrate=N/A speed=0.922x    
frame=  506 fps= 23 q=28.0 size=N/A time=00:00:20.22 bitrate=N/A speed=0.921x    
[hls @ 0x55f79fb6b240] Opening '/config/data/transcodes/37aa0be24a3348b8c6cd2f5aa00cb6cf154.ts' for writing
frame=  521 fps= 23 q=28.0 size=N/A time=00:00:20.82 bitrate=N/A speed=0.927x    
frame=  534 fps= 23 q=28.0 size=N/A time=00:00:21.31 bitrate=N/A speed=0.928x    
frame=  544 fps= 23 q=28.0 size=N/A time=00:00:21.71 bitrate=N/A speed=0.925x    
frame=  557 fps= 23 q=28.0 size=N/A time=00:00:22.27 bitrate=N/A speed=0.929x    
frame=  571 fps= 23 q=28.0 size=N/A time=00:00:22.84 bitrate=N/A speed=0.934x    
frame=  585 fps= 23 q=28.0 size=N/A time=00:00:23.36 bitrate=N/A speed=0.935x    
frame=  597 fps= 23 q=28.0 size=N/A time=00:00:23.87 bitrate=N/A speed=0.937x    
frame=  613 fps= 24 q=28.0 size=N/A time=00:00:24.51 bitrate=N/A speed=0.94x    
frame=  625 fps= 24 q=28.0 size=N/A time=00:00:24.98 bitrate=N/A speed=0.94x    
frame=  639 fps= 24 q=28.0 size=N/A time=00:00:25.55 bitrate=N/A speed=0.944x    
frame=  656 fps= 24 q=28.0 size=N/A time=00:00:26.24 bitrate=N/A speed=0.948x    
frame=  668 fps= 24 q=28.0 size=N/A time=00:00:26.70 bitrate=N/A speed=0.948x    
frame=  681 fps= 24 q=28.0 size=N/A time=00:00:27.22 bitrate=N/A speed=0.949x    
frame=  692 fps= 24 q=28.0 size=N/A time=00:00:27.66 bitrate=N/A speed=0.948x    

[q] command received. Exiting.

[hls @ 0x55f79fb6b240] Opening '/config/data/transcodes/37aa0be24a3348b8c6cd2f5aa00cb6cf155.ts' for writing
frame=  699 fps= 23 q=-1.0 Lsize=N/A time=00:00:27.96 bitrate=N/A speed=0.935x    
video:6475kB audio:878kB subtitle:0kB other streams:0kB global headers:0kB muxing overhead: unknown
[libx264 @ 0x55f79fb76640] frame I:3     Avg QP:18.50  size:115246
[libx264 @ 0x55f79fb76640] frame P:176   Avg QP:21.28  size: 25234
[libx264 @ 0x55f79fb76640] frame B:520   Avg QP:25.27  size:  3543
[libx264 @ 0x55f79fb76640] consecutive B-frames:  0.6%  0.3%  1.3% 97.9%
[libx264 @ 0x55f79fb76640] mb I  I16..4: 48.6%  0.0% 51.4%
[libx264 @ 0x55f79fb76640] mb P  I16..4: 12.6%  0.0%  0.0%  P16..4: 27.6%  0.0%  0.0%  0.0%  0.0%    skip:59.8%
[libx264 @ 0x55f79fb76640] mb B  I16..4:  0.6%  0.0%  0.0%  B16..8:  7.9%  0.0%  0.0%  direct: 3.6%  skip:87.9%  L0:36.7% L1:46.5% BI:16.9%
[libx264 @ 0x55f79fb76640] coded y,uvDC,uvAC intra: 53.2% 35.7% 9.6% inter: 4.8% 2.9% 0.1%
[libx264 @ 0x55f79fb76640] i16 v,h,dc,p: 27% 26% 26% 21%
[libx264 @ 0x55f79fb76640] i4 v,h,dc,ddl,ddr,vr,hd,vl,hu: 22% 25% 15%  7%  7%  6%  7%  5%  6%
[libx264 @ 0x55f79fb76640] i8c dc,h,v,p: 46% 27% 19%  8%
[libx264 @ 0x55f79fb76640] Weighted P-Frames: Y:0.6% UV:0.6%
[libx264 @ 0x55f79fb76640] kb/s:1896.86