/videos/b57d9ddb-fe62-fd71-61a9-008354938ac8/hls1/main/418.ts

{"Protocol":0,"Id":"b57d9ddbfe62fd7161a9008354938ac8","Path":"/data/tvshows/The IT Crowd/Season 3/The IT Crowd - S03E01 - From Hell WEBDL-720p Proper.mp4","EncoderPath":null,"EncoderProtocol":null,"Type":0,"Container":"mov,mp4,m4a,3gp,3g2,mj2","Size":175234352,"Name":"The IT Crowd - S03E01 - From Hell WEBDL-720p Proper","IsRemote":false,"ETag":"96f72b8863c1b5d5e586b5af3ba14e36","RunTimeTicks":13890239488,"ReadAtNativeFramerate":false,"IgnoreDts":false,"IgnoreIndex":false,"GenPtsInput":false,"SupportsTranscoding":true,"SupportsDirectStream":true,"SupportsDirectPlay":true,"IsInfiniteStream":false,"RequiresOpening":false,"OpenToken":null,"RequiresClosing":false,"LiveStreamId":null,"BufferMs":null,"RequiresLooping":false,"SupportsProbing":true,"VideoType":0,"IsoType":null,"Video3DFormat":null,"MediaStreams":[{"Codec":"subrip","CodecTag":null,"Language":"eng","ColorRange":null,"ColorSpace":null,"ColorTransfer":null,"ColorPrimaries":null,"DvVersionMajor":null,"DvVersionMinor":null,"DvProfile":null,"DvLevel":null,"RpuPresentFlag":null,"ElPresentFlag":null,"BlPresentFlag":null,"DvBlSignalCompatibilityId":null,"Comment":null,"TimeBase":"1/1000","CodecTimeBase":null,"Title":null,"VideoRange":null,"VideoRangeType":null,"VideoDoViTitle":null,"LocalizedUndefined":"Undefined","LocalizedDefault":"Default","LocalizedForced":"Forced","LocalizedExternal":"External","DisplayTitle":"English - Forced - SUBRIP - External","NalLengthSize":null,"IsInterlaced":false,"IsAVC":null,"ChannelLayout":null,"BitRate":null,"BitDepth":null,"RefFrames":null,"PacketLength":null,"Channels":null,"SampleRate":null,"IsDefault":false,"IsForced":true,"Height":null,"Width":null,"AverageFrameRate":null,"RealFrameRate":null,"Profile":null,"Type":2,"AspectRatio":null,"Index":0,"Score":null,"IsExternal":true,"DeliveryMethod":null,"DeliveryUrl":null,"IsExternalUrl":null,"IsTextSubtitleStream":true,"SupportsExternalStream":true,"Path":"/data/tvshows/The IT Crowd/Season 3/The IT Crowd - S03E01 - From Hell WEBDL-720p Proper.en.forced.srt","PixelFormat":null,"Level":0,"IsAnamorphic":null},{"Codec":"h264","CodecTag":"avc1","Language":"und","ColorRange":null,"ColorSpace":"bt709","ColorTransfer":"bt709","ColorPrimaries":"bt709","DvVersionMajor":null,"DvVersionMinor":null,"DvProfile":null,"DvLevel":null,"RpuPresentFlag":null,"ElPresentFlag":null,"BlPresentFlag":null,"DvBlSignalCompatibilityId":null,"Comment":null,"TimeBase":"1/16000","CodecTimeBase":null,"Title":null,"VideoRange":"SDR","VideoRangeType":"SDR","VideoDoViTitle":null,"LocalizedUndefined":null,"LocalizedDefault":null,"LocalizedForced":null,"LocalizedExternal":null,"DisplayTitle":"720p H264 SDR","NalLengthSize":"4","IsInterlaced":false,"IsAVC":true,"ChannelLayout":null,"BitRate":873326,"BitDepth":8,"RefFrames":1,"PacketLength":null,"Channels":null,"SampleRate":null,"IsDefault":true,"IsForced":false,"Height":720,"Width":1250,"AverageFrameRate":25,"RealFrameRate":25,"Profile":"Main","Type":1,"AspectRatio":"125:72","Index":1,"Score":null,"IsExternal":false,"DeliveryMethod":null,"DeliveryUrl":null,"IsExternalUrl":null,"IsTextSubtitleStream":false,"SupportsExternalStream":false,"Path":null,"PixelFormat":"yuv420p","Level":52,"IsAnamorphic":null},{"Codec":"mov_text","CodecTag":"tx3g","Language":"eng","ColorRange":null,"ColorSpace":null,"ColorTransfer":null,"ColorPrimaries":null,"DvVersionMajor":null,"DvVersionMinor":null,"DvProfile":null,"DvLevel":null,"RpuPresentFlag":null,"ElPresentFlag":null,"BlPresentFlag":null,"DvBlSignalCompatibilityId":null,"Comment":null,"TimeBase":"1/1000000","CodecTimeBase":null,"Title":null,"VideoRange":null,"VideoRangeType":null,"VideoDoViTitle":null,"LocalizedUndefined":"Undefined","LocalizedDefault":"Default","LocalizedForced":"Forced","LocalizedExternal":"External","DisplayTitle":"English - Default - Forced - MOV_TEXT","NalLengthSize":null,"IsInterlaced":false,"IsAVC":null,"ChannelLayout":null,"BitRate":79,"BitDepth":null,"RefFrames":null,"PacketLength":null,"Channels":null,"SampleRate":null,"IsDefault":true,"IsForced":true,"Height":null,"Width":null,"AverageFrameRate":null,"RealFrameRate":null,"Profile":null,"Type":2,"AspectRatio":null,"Index":2,"Score":null,"IsExternal":false,"DeliveryMethod":null,"DeliveryUrl":null,"IsExternalUrl":null,"IsTextSubtitleStream":true,"SupportsExternalStream":true,"Path":null,"PixelFormat":null,"Level":0,"IsAnamorphic":null},{"Codec":"aac","CodecTag":"mp4a","Language":"eng","ColorRange":null,"ColorSpace":null,"ColorTransfer":null,"ColorPrimaries":null,"DvVersionMajor":null,"DvVersionMinor":null,"DvProfile":null,"DvLevel":null,"RpuPresentFlag":null,"ElPresentFlag":null,"BlPresentFlag":null,"DvBlSignalCompatibilityId":null,"Comment":null,"TimeBase":"1/48000","CodecTimeBase":null,"Title":null,"VideoRange":null,"VideoRangeType":null,"VideoDoViTitle":null,"LocalizedUndefined":null,"LocalizedDefault":null,"LocalizedForced":null,"LocalizedExternal":null,"DisplayTitle":"English - AAC - Stereo - Default","NalLengthSize":null,"IsInterlaced":false,"IsAVC":null,"ChannelLayout":"stereo","BitRate":129721,"BitDepth":null,"RefFrames":null,"PacketLength":null,"Channels":2,"SampleRate":48000,"IsDefault":true,"IsForced":false,"Height":null,"Width":null,"AverageFrameRate":null,"RealFrameRate":null,"Profile":"LC","Type":0,"AspectRatio":null,"Index":3,"Score":null,"IsExternal":false,"DeliveryMethod":null,"DeliveryUrl":null,"IsExternalUrl":null,"IsTextSubtitleStream":false,"SupportsExternalStream":false,"Path":null,"PixelFormat":null,"Level":0,"IsAnamorphic":null}],"MediaAttachments":[],"Formats":[],"Bitrate":1009251,"Timestamp":null,"RequiredHttpHeaders":{},"TranscodingUrl":null,"TranscodingSubProtocol":null,"TranscodingContainer":null,"AnalyzeDurationMs":null,"DefaultAudioStreamIndex":null,"DefaultSubtitleStreamIndex":null}

/usr/lib/jellyfin-ffmpeg/ffmpeg -analyzeduration 200M -ss 00:20:54.000 -f mov,mp4,m4a,3gp,3g2,mj2 -autorotate 0 -i file:"/data/tvshows/The IT Crowd/Season 3/The IT Crowd - S03E01 - From Hell WEBDL-720p Proper.mp4" -map_metadata -1 -map_chapters -1 -threads 0 -map 0:0 -map 0:2 -map -0:s -codec:v:0 libx264 -preset veryfast -crf 23 -maxrate 4366630 -bufsize 8733260 -profile:v:0 main -level 51 -x264opts:0 subme=0:me_range=4:rc_lookahead=10:me=dia:no_chroma_me:8x8dct=0:partitions=none -force_key_frames:0 "expr:gte(t,1254+n_forced*3)" -sc_threshold:v:0 0 -vf "setparams=color_primaries=bt709:color_trc=bt709:colorspace=bt709,scale=trunc(min(max(iw\,ih*a)\,min(1250\,720*a))/2)*2:trunc(min(max(iw/a\,ih)\,min(1250/a\,720))/2)*2,format=yuv420p" -start_at_zero -codec:a:0 copy -copyts -avoid_negative_ts disabled -max_muxing_queue_size 2048 -f hls -max_delay 5000000 -hls_time 3 -hls_segment_type mpegts -start_number 418 -hls_segment_filename "/config/data/transcodes/0c4b53f575966471bf14a2f5007cd63a%d.ts" -hls_playlist_type vod -hls_list_size 0 -y "/config/data/transcodes/0c4b53f575966471bf14a2f5007cd63a.m3u8"


ffmpeg version 5.1.3-Jellyfin Copyright (c) 2000-2022 the FFmpeg developers
  built with gcc 11 (Ubuntu 11.3.0-1ubuntu1~22.04.1)
  configuration: --prefix=/usr/lib/jellyfin-ffmpeg --target-os=linux --extra-libs=-lfftw3f --extra-version=Jellyfin --disable-doc --disable-ffplay --disable-ptx-compression --disable-static --disable-libxcb --disable-sdl2 --disable-xlib --enable-lto --enable-gpl --enable-version3 --enable-shared --enable-gmp --enable-gnutls --enable-chromaprint --enable-libdrm --enable-libass --enable-libfreetype --enable-libfribidi --enable-libfontconfig --enable-libbluray --enable-libmp3lame --enable-libopus --enable-libtheora --enable-libvorbis --enable-libopenmpt --enable-libdav1d --enable-libwebp --enable-libvpx --enable-libx264 --enable-libx265 --enable-libzvbi --enable-libzimg --enable-libfdk-aac --arch=amd64 --enable-libsvtav1 --enable-libshaderc --enable-libplacebo --enable-vulkan --enable-opencl --enable-vaapi --enable-amf --enable-libmfx --enable-ffnvcodec --enable-cuda --enable-cuda-llvm --enable-cuvid --enable-nvdec --enable-nvenc
  libavutil      57. 28.100 / 57. 28.100
  libavcodec     59. 37.100 / 59. 37.100
  libavformat    59. 27.100 / 59. 27.100
  libavdevice    59.  7.100 / 59.  7.100
  libavfilter     8. 44.100 /  8. 44.100
  libswscale      6.  7.100 /  6.  7.100
  libswresample   4.  7.100 /  4.  7.100
  libpostproc    56.  6.100 / 56.  6.100
Input #0, mov,mp4,m4a,3gp,3g2,mj2, from 'file:/data/tvshows/The IT Crowd/Season 3/The IT Crowd - S03E01 - From Hell WEBDL-720p Proper.mp4':
  Metadata:
    major_brand     : isom
    minor_version   : 512
    compatible_brands: isomiso2avc1mp41
    encoder         : Lavf60.3.100
  Duration: 00:23:09.02, start: 0.000000, bitrate: 1009 kb/s
  Stream #0:0[0x1](und): Video: h264 (Main) (avc1 / 0x31637661), yuv420p(tv, bt709, progressive), 1250x720 [SAR 1:1 DAR 125:72], 873 kb/s, 25 fps, 25 tbr, 16k tbn (default)
    Metadata:
      handler_name    : VideoHandler
      vendor_id       : [0][0][0][0]
  Stream #0:1[0x2](eng): Subtitle: mov_text (tx3g / 0x67337874), 0 kb/s (default) (forced)
    Metadata:
      handler_name    : SubtitleHandler
  Stream #0:2[0x3](eng): Audio: aac (LC) (mp4a / 0x6134706D), 48000 Hz, stereo, fltp, 129 kb/s (default)
    Metadata:
      handler_name    : SoundHandler
      vendor_id       : [0][0][0][0]
Stream mapping:
  Stream #0:0 -> #0:0 (h264 (native) -> h264 (libx264))
  Stream #0:2 -> #0:1 (copy)
Press [q] to stop, [?] for help
[libx264 @ 0x555a226ca200] using SAR=1/1
[libx264 @ 0x555a226ca200] using cpu capabilities: MMX2 SSE2Fast SSSE3 SSE4.2 AVX FMA3 BMI2 AVX2
[libx264 @ 0x555a226ca200] profile Main, level 5.1, 4:2:0, 8-bit
[libx264 @ 0x555a226ca200] 264 - core 163 r3060 5db6aa6 - H.264/MPEG-4 AVC codec - Copyleft 2003-2021 - http://www.videolan.org/x264.html - options: cabac=1 ref=1 deblock=1:0:0 analyse=0x1:0 me=dia subme=0 psy=1 psy_rd=1.00:0.00 mixed_ref=0 me_range=4 chroma_me=0 trellis=0 8x8dct=0 cqm=0 deadzone=21,11 fast_pskip=1 chroma_qp_offset=0 threads=6 lookahead_threads=1 sliced_threads=0 nr=0 decimate=1 interlaced=0 bluray_compat=0 constrained_intra=0 bframes=3 b_pyramid=2 b_adapt=1 b_bias=0 direct=1 weightb=1 open_gop=0 weightp=1 keyint=250 keyint_min=25 scenecut=0 intra_refresh=0 rc_lookahead=10 rc=crf mbtree=1 crf=23.0 qcomp=0.60 qpmin=0 qpmax=69 qpstep=4 vbv_maxrate=4366 vbv_bufsize=8733 crf_max=0.0 nal_hrd=none filler=0 ip_ratio=1.40 aq=1:1.00
Output #0, hls, to '/config/data/transcodes/0c4b53f575966471bf14a2f5007cd63a.m3u8':
  Metadata:
    encoder         : Lavf59.27.100
  Stream #0:0: Video: h264, yuv420p(tv, bt709, progressive), 1250x720 [SAR 1:1 DAR 125:72], q=2-31, 25 fps, 90k tbn (default)
    Metadata:
      encoder         : Lavc59.37.100 libx264
    Side data:
      cpb: bitrate max/min/avg: 4366000/0/0 buffer size: 8733000 vbv_delay: N/A
  Stream #0:1: Audio: aac (LC) (mp4a / 0x6134706D), 48000 Hz, stereo, fltp, 129 kb/s (default)
frame=    1 fps=0.0 q=0.0 size=N/A time=00:00:00.00 bitrate=N/A speed=   0x    
frame=  132 fps=0.0 q=28.0 size=N/A time=00:00:05.26 bitrate=N/A speed=9.55x    
frame=  189 fps=179 q=28.0 size=N/A time=00:00:07.55 bitrate=N/A speed=7.17x    
frame=  207 fps=133 q=28.0 size=N/A time=00:00:08.27 bitrate=N/A speed=5.32x    
frame=  231 fps=112 q=28.0 size=N/A time=00:00:09.23 bitrate=N/A speed=4.49x    
[hls @ 0x555a2251e7c0] Opening '/config/data/transcodes/0c4b53f575966471bf14a2f5007cd63a418.ts' for writing
frame=  293 fps=114 q=28.0 size=N/A time=00:00:11.71 bitrate=N/A speed=4.56x    
frame=  333 fps=109 q=28.0 size=N/A time=00:00:13.31 bitrate=N/A speed=4.34x    
frame=  372 fps=104 q=28.0 size=N/A time=00:00:14.86 bitrate=N/A speed=4.17x    
frame=  404 fps= 99 q=28.0 size=N/A time=00:00:16.14 bitrate=N/A speed=3.97x    
frame=  435 fps= 95 q=28.0 size=N/A time=00:00:17.38 bitrate=N/A speed=3.81x    
frame=  471 fps= 93 q=28.0 size=N/A time=00:00:18.83 bitrate=N/A speed=3.71x    
frame=  513 fps= 92 q=28.0 size=N/A time=00:00:20.50 bitrate=N/A speed=3.68x    
[hls @ 0x555a2251e7c0] Opening '/config/data/transcodes/0c4b53f575966471bf14a2f5007cd63a419.ts' for writing
frame=  553 fps= 91 q=28.0 size=N/A time=00:00:22.10 bitrate=N/A speed=3.63x    
frame=  587 fps= 89 q=28.0 size=N/A time=00:00:23.46 bitrate=N/A speed=3.56x    
frame=  631 fps= 89 q=28.0 size=N/A time=00:00:25.23 bitrate=N/A speed=3.56x    
frame=  682 fps= 90 q=28.0 size=N/A time=00:00:27.26 bitrate=N/A speed=3.59x    
frame=  732 fps= 90 q=28.0 size=N/A time=00:00:29.26 bitrate=N/A speed=3.61x    
[hls @ 0x555a2251e7c0] Opening '/config/data/transcodes/0c4b53f575966471bf14a2f5007cd63a420.ts' for writing
frame=  779 fps= 91 q=28.0 size=N/A time=00:00:31.14 bitrate=N/A speed=3.62x    
frame=  824 fps= 90 q=28.0 size=N/A time=00:00:32.93 bitrate=N/A speed=3.62x    
frame=  873 fps= 91 q=28.0 size=N/A time=00:00:34.90 bitrate=N/A speed=3.63x    
frame=  918 fps= 91 q=28.0 size=N/A time=00:00:36.71 bitrate=N/A speed=3.63x    
frame=  962 fps= 91 q=28.0 size=N/A time=00:00:38.46 bitrate=N/A speed=3.62x    
frame= 1002 fps= 90 q=28.0 size=N/A time=00:00:40.06 bitrate=N/A speed=3.58x    
[hls @ 0x555a2251e7c0] Opening '/config/data/transcodes/0c4b53f575966471bf14a2f5007cd63a421.ts' for writing
frame= 1045 fps= 89 q=28.0 size=N/A time=00:00:41.79 bitrate=N/A speed=3.57x    
frame= 1097 fps= 90 q=28.0 size=N/A time=00:00:43.86 bitrate=N/A speed= 3.6x    
frame= 1142 fps= 90 q=28.0 size=N/A time=00:00:45.67 bitrate=N/A speed= 3.6x    
frame= 1197 fps= 91 q=28.0 size=N/A time=00:00:47.87 bitrate=N/A speed=3.63x    
frame= 1253 fps= 91 q=28.0 size=N/A time=00:00:50.11 bitrate=N/A speed=3.66x    
[hls @ 0x555a2251e7c0] Opening '/config/data/transcodes/0c4b53f575966471bf14a2f5007cd63a422.ts' for writing
frame= 1296 fps= 91 q=28.0 size=N/A time=00:00:51.81 bitrate=N/A speed=3.65x    
frame= 1335 fps= 91 q=28.0 size=N/A time=00:00:53.39 bitrate=N/A speed=3.63x    
frame= 1364 fps= 90 q=28.0 size=N/A time=00:00:54.54 bitrate=N/A speed=3.59x    
frame= 1400 fps= 89 q=28.0 size=N/A time=00:00:55.97 bitrate=N/A speed=3.56x    
frame= 1436 fps= 88 q=28.0 size=N/A time=00:00:57.42 bitrate=N/A speed=3.52x    
frame= 1465 fps= 87 q=28.0 size=N/A time=00:00:58.58 bitrate=N/A speed=3.48x    
frame= 1498 fps= 86 q=28.0 size=N/A time=00:00:59.90 bitrate=N/A speed=3.46x    
[hls @ 0x555a2251e7c0] Opening '/config/data/transcodes/0c4b53f575966471bf14a2f5007cd63a423.ts' for writing
frame= 1525 fps= 86 q=28.0 size=N/A time=00:01:00.99 bitrate=N/A speed=3.42x    
frame= 1547 fps= 84 q=28.0 size=N/A time=00:01:01.86 bitrate=N/A speed=3.37x    
frame= 1579 fps= 84 q=28.0 size=N/A time=00:01:03.14 bitrate=N/A speed=3.35x    
frame= 1627 fps= 84 q=28.0 size=N/A time=00:01:05.06 bitrate=N/A speed=3.36x    
frame= 1676 fps= 84 q=28.0 size=N/A time=00:01:07.02 bitrate=N/A speed=3.38x    
frame= 1720 fps= 85 q=28.0 size=N/A time=00:01:08.77 bitrate=N/A speed=3.38x    
frame= 1757 fps= 84 q=28.0 size=N/A time=00:01:10.27 bitrate=N/A speed=3.37x    
[hls @ 0x555a2251e7c0] Opening '/config/data/transcodes/0c4b53f575966471bf14a2f5007cd63a424.ts' for writing
frame= 1787 fps= 84 q=28.0 size=N/A time=00:01:11.46 bitrate=N/A speed=3.35x    
frame= 1815 fps= 83 q=28.0 size=N/A time=00:01:12.59 bitrate=N/A speed=3.32x    
frame= 1853 fps= 83 q=28.0 size=N/A time=00:01:14.11 bitrate=N/A speed= 3.3x    
frame= 1892 fps= 82 q=28.0 size=N/A time=00:01:15.66 bitrate=N/A speed= 3.3x    
frame= 1939 fps= 83 q=28.0 size=N/A time=00:01:17.54 bitrate=N/A speed=3.31x    
frame= 1978 fps= 83 q=28.0 size=N/A time=00:01:19.10 bitrate=N/A speed= 3.3x    
frame= 2012 fps= 82 q=28.0 size=N/A time=00:01:20.46 bitrate=N/A speed=3.29x    
[hls @ 0x555a2251e7c0] Opening '/config/data/transcodes/0c4b53f575966471bf14a2f5007cd63a425.ts' for writing
frame= 2055 fps= 82 q=28.0 size=N/A time=00:01:22.19 bitrate=N/A speed=3.29x    
frame= 2094 fps= 82 q=28.0 size=N/A time=00:01:23.75 bitrate=N/A speed=3.29x    
frame= 2141 fps= 82 q=28.0 size=N/A time=00:01:25.63 bitrate=N/A speed= 3.3x    
frame= 2169 fps= 82 q=28.0 size=N/A time=00:01:26.74 bitrate=N/A speed=3.28x    
frame= 2201 fps= 82 q=28.0 size=N/A time=00:01:28.02 bitrate=N/A speed=3.26x    
frame= 2259 fps= 82 q=28.0 size=N/A time=00:01:30.34 bitrate=N/A speed=3.29x    
[hls @ 0x555a2251e7c0] Opening '/config/data/transcodes/0c4b53f575966471bf14a2f5007cd63a426.ts' for writing
frame= 2305 fps= 82 q=28.0 size=N/A time=00:01:32.18 bitrate=N/A speed=3.29x    
frame= 2349 fps= 82 q=28.0 size=N/A time=00:01:33.95 bitrate=N/A speed=3.29x    
frame= 2398 fps= 83 q=28.0 size=N/A time=00:01:35.91 bitrate=N/A speed= 3.3x    
frame= 2452 fps= 83 q=28.0 size=N/A time=00:01:38.06 bitrate=N/A speed=3.32x    
frame= 2506 fps= 83 q=28.0 size=N/A time=00:01:40.22 bitrate=N/A speed=3.33x    
[hls @ 0x555a2251e7c0] Opening '/config/data/transcodes/0c4b53f575966471bf14a2f5007cd63a427.ts' for writing
frame= 2538 fps= 83 q=28.0 size=N/A time=00:01:41.50 bitrate=N/A speed=3.32x    
frame= 2573 fps= 83 q=28.0 size=N/A time=00:01:42.91 bitrate=N/A speed=3.31x    
frame= 2610 fps= 83 q=28.0 size=N/A time=00:01:44.38 bitrate=N/A speed= 3.3x    
frame= 2673 fps= 83 q=28.0 size=N/A time=00:01:46.90 bitrate=N/A speed=3.33x    
frame= 2726 fps= 84 q=28.0 size=N/A time=00:01:49.03 bitrate=N/A speed=3.35x    
frame= 2767 fps= 84 q=28.0 size=N/A time=00:01:50.67 bitrate=N/A speed=3.34x    
[hls @ 0x555a2251e7c0] Opening '/config/data/transcodes/0c4b53f575966471bf14a2f5007cd63a428.ts' for writing
frame= 2806 fps= 84 q=28.0 size=N/A time=00:01:52.23 bitrate=N/A speed=3.34x    
frame= 2857 fps= 84 q=28.0 size=N/A time=00:01:54.26 bitrate=N/A speed=3.35x    
frame= 2903 fps= 84 q=28.0 size=N/A time=00:01:56.11 bitrate=N/A speed=3.36x    
frame= 2958 fps= 84 q=28.0 size=N/A time=00:01:58.31 bitrate=N/A speed=3.37x    
frame= 3005 fps= 84 q=28.0 size=N/A time=00:02:00.19 bitrate=N/A speed=3.37x    
[hls @ 0x555a2251e7c0] Opening '/config/data/transcodes/0c4b53f575966471bf14a2f5007cd63a429.ts' for writing
frame= 3045 fps= 84 q=28.0 size=N/A time=00:02:01.79 bitrate=N/A speed=3.37x    
frame= 3092 fps= 84 q=28.0 size=N/A time=00:02:03.66 bitrate=N/A speed=3.38x    
frame= 3139 fps= 85 q=28.0 size=N/A time=00:02:05.54 bitrate=N/A speed=3.38x    
frame= 3202 fps= 85 q=28.0 size=N/A time=00:02:08.06 bitrate=N/A speed= 3.4x    
frame= 3261 fps= 85 q=28.0 size=N/A time=00:02:10.43 bitrate=N/A speed=3.41x    
[hls @ 0x555a2251e7c0] Opening '/config/data/transcodes/0c4b53f575966471bf14a2f5007cd63a430.ts' for writing
frame= 3285 fps= 85 q=28.0 size=N/A time=00:02:11.39 bitrate=N/A speed=3.39x    
frame= 3312 fps= 84 q=28.0 size=N/A time=00:02:12.45 bitrate=N/A speed=3.38x    
frame= 3335 fps= 84 q=28.0 size=N/A time=00:02:13.39 bitrate=N/A speed=3.36x    
frame= 3365 fps= 84 q=28.0 size=N/A time=00:02:14.59 bitrate=N/A speed=3.35x    
[hls @ 0x555a2251e7c0] Opening '/config/data/transcodes/0c4b53f575966471bf14a2f5007cd63a431.ts' for writing
frame= 3375 fps= 84 q=-1.0 Lsize=N/A time=00:02:14.84 bitrate=N/A speed=3.34x    
video:13725kB audio:2110kB subtitle:0kB other streams:0kB global headers:0kB muxing overhead: unknown
[libx264 @ 0x555a226ca200] frame I:14    Avg QP:16.15  size: 45571
[libx264 @ 0x555a226ca200] frame P:1008  Avg QP:20.32  size:  9235
[libx264 @ 0x555a226ca200] frame B:2353  Avg QP:23.35  size:  1745
[libx264 @ 0x555a226ca200] consecutive B-frames:  3.0% 11.3%  2.4% 83.3%
[libx264 @ 0x555a226ca200] mb I  I16..4: 34.3%  0.0% 65.7%
[libx264 @ 0x555a226ca200] mb P  I16..4: 13.8%  0.0%  0.0%  P16..4: 39.1%  0.0%  0.0%  0.0%  0.0%    skip:47.1%
[libx264 @ 0x555a226ca200] mb B  I16..4:  1.2%  0.0%  0.0%  B16..8:  8.9%  0.0%  0.0%  direct: 3.3%  skip:86.6%  L0:37.4% L1:49.7% BI:12.9%
[libx264 @ 0x555a226ca200] coded y,uvDC,uvAC intra: 23.7% 35.9% 5.8% inter: 4.8% 7.4% 0.0%
[libx264 @ 0x555a226ca200] i16 v,h,dc,p: 48% 23% 10% 18%
[libx264 @ 0x555a226ca200] i4 v,h,dc,ddl,ddr,vr,hd,vl,hu: 27% 23%  9%  8%  7%  7%  6%  6%  7%
[libx264 @ 0x555a226ca200] i8c dc,h,v,p: 52% 19% 21%  8%
[libx264 @ 0x555a226ca200] Weighted P-Frames: Y:8.6% UV:4.4%
[libx264 @ 0x555a226ca200] kb/s:832.83