/videos/47fdaa01-1ea9-d69b-9ea5-11742b3a6a8e/hls1/main/15.ts

{"Protocol":0,"Id":"47fdaa011ea9d69b9ea511742b3a6a8e","Path":"/data/tvshows/The IT Crowd/Season 1/The IT Crowd - S01E01 - Yesterday\u0027s Jam WEBDL-720p Proper.mkv","EncoderPath":null,"EncoderProtocol":null,"Type":0,"Container":"mkv,webm","Size":213612160,"Name":"The IT Crowd - S01E01 - Yesterday\u0027s Jam WEBDL-720p Proper","IsRemote":false,"ETag":"8e1972a90a132835a2604978c37d3cb4","RunTimeTicks":14000610000,"ReadAtNativeFramerate":false,"IgnoreDts":false,"IgnoreIndex":false,"GenPtsInput":false,"SupportsTranscoding":true,"SupportsDirectStream":true,"SupportsDirectPlay":true,"IsInfiniteStream":false,"RequiresOpening":false,"OpenToken":null,"RequiresClosing":false,"LiveStreamId":null,"BufferMs":null,"RequiresLooping":false,"SupportsProbing":true,"VideoType":0,"IsoType":null,"Video3DFormat":null,"MediaStreams":[{"Codec":"h264","CodecTag":null,"Language":null,"ColorRange":null,"ColorSpace":"bt709","ColorTransfer":"bt709","ColorPrimaries":"bt709","DvVersionMajor":null,"DvVersionMinor":null,"DvProfile":null,"DvLevel":null,"RpuPresentFlag":null,"ElPresentFlag":null,"BlPresentFlag":null,"DvBlSignalCompatibilityId":null,"Comment":null,"TimeBase":"1/1000","CodecTimeBase":null,"Title":null,"VideoRange":"SDR","VideoRangeType":"SDR","VideoDoViTitle":null,"LocalizedUndefined":null,"LocalizedDefault":null,"LocalizedForced":null,"LocalizedExternal":null,"DisplayTitle":"720p H264 SDR","NalLengthSize":"4","IsInterlaced":false,"IsAVC":true,"ChannelLayout":null,"BitRate":1220587,"BitDepth":8,"RefFrames":1,"PacketLength":null,"Channels":null,"SampleRate":null,"IsDefault":true,"IsForced":false,"Height":720,"Width":1256,"AverageFrameRate":25,"RealFrameRate":25,"Profile":"Main","Type":1,"AspectRatio":"157:90","Index":0,"Score":null,"IsExternal":false,"DeliveryMethod":null,"DeliveryUrl":null,"IsExternalUrl":null,"IsTextSubtitleStream":false,"SupportsExternalStream":false,"Path":null,"PixelFormat":"yuv420p","Level":52,"IsAnamorphic":null},{"Codec":"aac","CodecTag":null,"Language":"eng","ColorRange":null,"ColorSpace":null,"ColorTransfer":null,"ColorPrimaries":null,"DvVersionMajor":null,"DvVersionMinor":null,"DvProfile":null,"DvLevel":null,"RpuPresentFlag":null,"ElPresentFlag":null,"BlPresentFlag":null,"DvBlSignalCompatibilityId":null,"Comment":null,"TimeBase":"1/1000","CodecTimeBase":null,"Title":"English","VideoRange":null,"VideoRangeType":null,"VideoDoViTitle":null,"LocalizedUndefined":null,"LocalizedDefault":null,"LocalizedForced":null,"LocalizedExternal":null,"DisplayTitle":"English - AAC - Stereo - Default","NalLengthSize":null,"IsInterlaced":false,"IsAVC":null,"ChannelLayout":"stereo","BitRate":192000,"BitDepth":null,"RefFrames":null,"PacketLength":null,"Channels":2,"SampleRate":48000,"IsDefault":true,"IsForced":false,"Height":null,"Width":null,"AverageFrameRate":null,"RealFrameRate":null,"Profile":"LC","Type":0,"AspectRatio":null,"Index":1,"Score":null,"IsExternal":false,"DeliveryMethod":null,"DeliveryUrl":null,"IsExternalUrl":null,"IsTextSubtitleStream":false,"SupportsExternalStream":false,"Path":null,"PixelFormat":null,"Level":0,"IsAnamorphic":null},{"Codec":"ass","CodecTag":null,"Language":"eng","ColorRange":null,"ColorSpace":null,"ColorTransfer":null,"ColorPrimaries":null,"DvVersionMajor":null,"DvVersionMinor":null,"DvProfile":null,"DvLevel":null,"RpuPresentFlag":null,"ElPresentFlag":null,"BlPresentFlag":null,"DvBlSignalCompatibilityId":null,"Comment":null,"TimeBase":"1/1000","CodecTimeBase":null,"Title":"English","VideoRange":null,"VideoRangeType":null,"VideoDoViTitle":null,"LocalizedUndefined":"Undefined","LocalizedDefault":"Default","LocalizedForced":"Forced","LocalizedExternal":"External","DisplayTitle":"English - Default - Forced - ASS","NalLengthSize":null,"IsInterlaced":false,"IsAVC":null,"ChannelLayout":null,"BitRate":null,"BitDepth":null,"RefFrames":null,"PacketLength":null,"Channels":null,"SampleRate":null,"IsDefault":true,"IsForced":true,"Height":null,"Width":null,"AverageFrameRate":null,"RealFrameRate":null,"Profile":null,"Type":2,"AspectRatio":null,"Index":2,"Score":null,"IsExternal":false,"DeliveryMethod":null,"DeliveryUrl":null,"IsExternalUrl":null,"IsTextSubtitleStream":true,"SupportsExternalStream":true,"Path":null,"PixelFormat":null,"Level":0,"IsAnamorphic":null}],"MediaAttachments":[],"Formats":[],"Bitrate":1412587,"Timestamp":null,"RequiredHttpHeaders":{},"TranscodingUrl":null,"TranscodingSubProtocol":null,"TranscodingContainer":null,"AnalyzeDurationMs":null,"DefaultAudioStreamIndex":null,"DefaultSubtitleStreamIndex":null}

/usr/lib/jellyfin-ffmpeg/ffmpeg -analyzeduration 200M -ss 00:01:31.023 -fflags +genpts -f matroska,webm  -i file:"/data/tvshows/The IT Crowd/Season 1/The IT Crowd - S01E01 - Yesterday's Jam WEBDL-720p Proper.mkv" -map_metadata -1 -map_chapters -1 -threads 0 -map 0:0 -map 0:1 -map -0:s -codec:v:0 copy -bsf:v h264_mp4toannexb -start_at_zero -codec:a:0 copy -copyts -avoid_negative_ts disabled -max_muxing_queue_size 2048 -f hls -max_delay 5000000 -hls_time 6 -hls_segment_type mpegts -start_number 15 -hls_segment_filename "/data/transcodes/4463b64d8edcc99e90b90663fc1a24b1%d.ts" -hls_playlist_type vod -hls_list_size 0 -y "/data/transcodes/4463b64d8edcc99e90b90663fc1a24b1.m3u8"


ffmpeg version 5.1.3-Jellyfin Copyright (c) 2000-2022 the FFmpeg developers
  built with gcc 11 (Ubuntu 11.3.0-1ubuntu1~22.04.1)
  configuration: --prefix=/usr/lib/jellyfin-ffmpeg --target-os=linux --extra-libs=-lfftw3f --extra-version=Jellyfin --disable-doc --disable-ffplay --disable-ptx-compression --disable-static --disable-libxcb --disable-sdl2 --disable-xlib --enable-lto --enable-gpl --enable-version3 --enable-shared --enable-gmp --enable-gnutls --enable-chromaprint --enable-libdrm --enable-libass --enable-libfreetype --enable-libfribidi --enable-libfontconfig --enable-libbluray --enable-libmp3lame --enable-libopus --enable-libtheora --enable-libvorbis --enable-libopenmpt --enable-libdav1d --enable-libwebp --enable-libvpx --enable-libx264 --enable-libx265 --enable-libzvbi --enable-libzimg --enable-libfdk-aac --arch=amd64 --enable-libsvtav1 --enable-libshaderc --enable-libplacebo --enable-vulkan --enable-opencl --enable-vaapi --enable-amf --enable-libmfx --enable-ffnvcodec --enable-cuda --enable-cuda-llvm --enable-cuvid --enable-nvdec --enable-nvenc
  libavutil      57. 28.100 / 57. 28.100
  libavcodec     59. 37.100 / 59. 37.100
  libavformat    59. 27.100 / 59. 27.100
  libavdevice    59.  7.100 / 59.  7.100
  libavfilter     8. 44.100 /  8. 44.100
  libswscale      6.  7.100 /  6.  7.100
  libswresample   4.  7.100 /  4.  7.100
  libpostproc    56.  6.100 / 56.  6.100
Input #0, matroska,webm, from 'file:/data/tvshows/The IT Crowd/Season 1/The IT Crowd - S01E01 - Yesterday's Jam WEBDL-720p Proper.mkv':
  Metadata:
    ENCODER         : Lavf60.3.100
  Duration: 00:23:20.06, start: -0.021000, bitrate: 1220 kb/s
  Stream #0:0: Video: h264 (Main), yuv420p(tv, bt709, progressive), 1256x720 [SAR 1:1 DAR 157:90], 25 fps, 25 tbr, 1k tbn (default)
    Metadata:
      DURATION        : 00:23:20.023000000
  Stream #0:1(eng): Audio: aac (LC), 48000 Hz, stereo, fltp (default)
    Metadata:
      title           : English
      ENCODER         : Lavc60.3.100 aac
      DURATION        : 00:23:20.061000000
  Stream #0:2(eng): Subtitle: ass (default) (forced)
    Metadata:
      title           : English
      DURATION        : 00:23:14.583000000
Output #0, hls, to '/data/transcodes/4463b64d8edcc99e90b90663fc1a24b1.m3u8':
  Metadata:
    encoder         : Lavf59.27.100
  Stream #0:0: Video: h264 (Main), yuv420p(tv, bt709, progressive), 1256x720 [SAR 1:1 DAR 157:90], q=2-31, 25 fps, 25 tbr, 90k tbn (default)
  Stream #0:1: Audio: aac (LC), 48000 Hz, stereo, fltp (default)
Stream mapping:
  Stream #0:0 -> #0:0 (copy)
  Stream #0:1 -> #0:1 (copy)
Press [q] to stop, [?] for help
frame=    1 fps=0.0 q=-1.0 size=N/A time=-00:01:26.24 bitrate=N/A speed=N/A    
frame=    1 fps=0.8 q=-1.0 size=N/A time=00:00:00.02 bitrate=N/A speed=0.0212x    
[hls @ 0x563a244c0b40] Opening '/data/transcodes/4463b64d8edcc99e90b90663fc1a24b115.ts' for writing
frame=  223 fps= 81 q=-1.0 size=N/A time=00:00:08.87 bitrate=N/A speed=3.21x    
[hls @ 0x563a244c0b40] Opening '/data/transcodes/4463b64d8edcc99e90b90663fc1a24b116.ts' for writing
frame=  513 fps=134 q=-1.0 size=N/A time=00:00:20.52 bitrate=N/A speed=5.37x    
[hls @ 0x563a244c0b40] Opening '/data/transcodes/4463b64d8edcc99e90b90663fc1a24b117.ts' for writing
frame=  583 fps=131 q=-1.0 size=N/A time=00:00:23.32 bitrate=N/A speed=5.23x    
[hls @ 0x563a244c0b40] Opening '/data/transcodes/4463b64d8edcc99e90b90663fc1a24b118.ts' for writing
frame=  624 fps=119 q=-1.0 size=N/A time=00:00:24.96 bitrate=N/A speed=4.78x    
[hls @ 0x563a244c0b40] Opening '/data/transcodes/4463b64d8edcc99e90b90663fc1a24b119.ts' for writing
frame=  874 fps=149 q=-1.0 size=N/A time=00:00:34.97 bitrate=N/A speed=5.96x    
[hls @ 0x563a244c0b40] Opening '/data/transcodes/4463b64d8edcc99e90b90663fc1a24b120.ts' for writing
frame=  972 fps=133 q=-1.0 size=N/A time=00:00:38.89 bitrate=N/A speed=5.31x    
[hls @ 0x563a244c0b40] Opening '/data/transcodes/4463b64d8edcc99e90b90663fc1a24b121.ts' for writing
frame= 1202 fps=143 q=-1.0 size=N/A time=00:00:48.09 bitrate=N/A speed=5.72x    
[hls @ 0x563a244c0b40] Opening '/data/transcodes/4463b64d8edcc99e90b90663fc1a24b122.ts' for writing
frame= 1288 fps=144 q=-1.0 size=N/A time=00:00:51.52 bitrate=N/A speed=5.78x    
[hls @ 0x563a244c0b40] Opening '/data/transcodes/4463b64d8edcc99e90b90663fc1a24b123.ts' for writing
frame= 1360 fps=135 q=-1.0 size=N/A time=00:00:54.40 bitrate=N/A speed= 5.4x    
[hls @ 0x563a244c0b40] Opening '/data/transcodes/4463b64d8edcc99e90b90663fc1a24b124.ts' for writing
[hls @ 0x563a244c0b40] Opening '/data/transcodes/4463b64d8edcc99e90b90663fc1a24b125.ts' for writing
frame= 1860 fps=164 q=-1.0 size=N/A time=00:01:14.41 bitrate=N/A speed=6.57x    
[hls @ 0x563a244c0b40] Opening '/data/transcodes/4463b64d8edcc99e90b90663fc1a24b126.ts' for writing
frame= 2111 fps=175 q=-1.0 size=N/A time=00:01:24.39 bitrate=N/A speed=6.98x    
[hls @ 0x563a244c0b40] Opening '/data/transcodes/4463b64d8edcc99e90b90663fc1a24b127.ts' for writing
frame= 2360 fps=181 q=-1.0 size=N/A time=00:01:34.40 bitrate=N/A speed=7.23x    
[hls @ 0x563a244c0b40] Opening '/data/transcodes/4463b64d8edcc99e90b90663fc1a24b128.ts' for writing
frame= 2610 fps=187 q=-1.0 size=N/A time=00:01:44.41 bitrate=N/A speed=7.47x    
[hls @ 0x563a244c0b40] Opening '/data/transcodes/4463b64d8edcc99e90b90663fc1a24b129.ts' for writing
frame= 2860 fps=197 q=-1.0 size=N/A time=00:01:54.41 bitrate=N/A speed= 7.9x    
[hls @ 0x563a244c0b40] Opening '/data/transcodes/4463b64d8edcc99e90b90663fc1a24b130.ts' for writing
[hls @ 0x563a244c0b40] Opening '/data/transcodes/4463b64d8edcc99e90b90663fc1a24b131.ts' for writing
[hls @ 0x563a244c0b40] Opening '/data/transcodes/4463b64d8edcc99e90b90663fc1a24b132.ts' for writing
[hls @ 0x563a244c0b40] Opening '/data/transcodes/4463b64d8edcc99e90b90663fc1a24b133.ts' for writing
[hls @ 0x563a244c0b40] Opening '/data/transcodes/4463b64d8edcc99e90b90663fc1a24b134.ts' for writing
[hls @ 0x563a244c0b40] Opening '/data/transcodes/4463b64d8edcc99e90b90663fc1a24b135.ts' for writing
[hls @ 0x563a244c0b40] Opening '/data/transcodes/4463b64d8edcc99e90b90663fc1a24b136.ts' for writing
frame= 4047 fps=268 q=-1.0 size=N/A time=00:02:41.88 bitrate=N/A speed=10.7x    
[hls @ 0x563a244c0b40] Opening '/data/transcodes/4463b64d8edcc99e90b90663fc1a24b137.ts' for writing
[hls @ 0x563a244c0b40] Opening '/data/transcodes/4463b64d8edcc99e90b90663fc1a24b138.ts' for writing
[hls @ 0x563a244c0b40] Opening '/data/transcodes/4463b64d8edcc99e90b90663fc1a24b139.ts' for writing
[hls @ 0x563a244c0b40] Opening '/data/transcodes/4463b64d8edcc99e90b90663fc1a24b140.ts' for writing
[hls @ 0x563a244c0b40] Opening '/data/transcodes/4463b64d8edcc99e90b90663fc1a24b141.ts' for writing
[hls @ 0x563a244c0b40] Opening '/data/transcodes/4463b64d8edcc99e90b90663fc1a24b142.ts' for writing
[hls @ 0x563a244c0b40] Opening '/data/transcodes/4463b64d8edcc99e90b90663fc1a24b143.ts' for writing
frame= 4655 fps=298 q=-1.0 size=N/A time=00:03:06.20 bitrate=N/A speed=11.9x    
[hls @ 0x563a244c0b40] Opening '/data/transcodes/4463b64d8edcc99e90b90663fc1a24b144.ts' for writing
[hls @ 0x563a244c0b40] Opening '/data/transcodes/4463b64d8edcc99e90b90663fc1a24b145.ts' for writing
[hls @ 0x563a244c0b40] Opening '/data/transcodes/4463b64d8edcc99e90b90663fc1a24b146.ts' for writing
[hls @ 0x563a244c0b40] Opening '/data/transcodes/4463b64d8edcc99e90b90663fc1a24b147.ts' for writing
[hls @ 0x563a244c0b40] Opening '/data/transcodes/4463b64d8edcc99e90b90663fc1a24b148.ts' for writing
[hls @ 0x563a244c0b40] Opening '/data/transcodes/4463b64d8edcc99e90b90663fc1a24b149.ts' for writing
[hls @ 0x563a244c0b40] Opening '/data/transcodes/4463b64d8edcc99e90b90663fc1a24b150.ts' for writing
[hls @ 0x563a244c0b40] Opening '/data/transcodes/4463b64d8edcc99e90b90663fc1a24b151.ts' for writing
frame= 5762 fps=355 q=-1.0 size=N/A time=00:03:50.49 bitrate=N/A speed=14.2x    
[hls @ 0x563a244c0b40] Opening '/data/transcodes/4463b64d8edcc99e90b90663fc1a24b152.ts' for writing
[hls @ 0x563a244c0b40] Opening '/data/transcodes/4463b64d8edcc99e90b90663fc1a24b153.ts' for writing
[hls @ 0x563a244c0b40] Opening '/data/transcodes/4463b64d8edcc99e90b90663fc1a24b154.ts' for writing
[hls @ 0x563a244c0b40] Opening '/data/transcodes/4463b64d8edcc99e90b90663fc1a24b155.ts' for writing
[hls @ 0x563a244c0b40] Opening '/data/transcodes/4463b64d8edcc99e90b90663fc1a24b156.ts' for writing
[hls @ 0x563a244c0b40] Opening '/data/transcodes/4463b64d8edcc99e90b90663fc1a24b157.ts' for writing
[hls @ 0x563a244c0b40] Opening '/data/transcodes/4463b64d8edcc99e90b90663fc1a24b158.ts' for writing
frame= 6698 fps=400 q=-1.0 size=N/A time=00:04:27.93 bitrate=N/A speed=  16x    
[hls @ 0x563a244c0b40] Opening '/data/transcodes/4463b64d8edcc99e90b90663fc1a24b159.ts' for writing
[hls @ 0x563a244c0b40] Opening '/data/transcodes/4463b64d8edcc99e90b90663fc1a24b160.ts' for writing
[hls @ 0x563a244c0b40] Opening '/data/transcodes/4463b64d8edcc99e90b90663fc1a24b161.ts' for writing
[hls @ 0x563a244c0b40] Opening '/data/transcodes/4463b64d8edcc99e90b90663fc1a24b162.ts' for writing
[hls @ 0x563a244c0b40] Opening '/data/transcodes/4463b64d8edcc99e90b90663fc1a24b163.ts' for writing
[hls @ 0x563a244c0b40] Opening '/data/transcodes/4463b64d8edcc99e90b90663fc1a24b164.ts' for writing
[hls @ 0x563a244c0b40] Opening '/data/transcodes/4463b64d8edcc99e90b90663fc1a24b165.ts' for writing
frame= 8009 fps=461 q=-1.0 size=N/A time=00:05:20.36 bitrate=N/A speed=18.5x    
[hls @ 0x563a244c0b40] Opening '/data/transcodes/4463b64d8edcc99e90b90663fc1a24b166.ts' for writing
[hls @ 0x563a244c0b40] Opening '/data/transcodes/4463b64d8edcc99e90b90663fc1a24b167.ts' for writing
[hls @ 0x563a244c0b40] Opening '/data/transcodes/4463b64d8edcc99e90b90663fc1a24b168.ts' for writing
frame= 8391 fps=466 q=-1.0 size=N/A time=00:05:35.59 bitrate=N/A speed=18.6x    
[hls @ 0x563a244c0b40] Opening '/data/transcodes/4463b64d8edcc99e90b90663fc1a24b169.ts' for writing
[hls @ 0x563a244c0b40] Opening '/data/transcodes/4463b64d8edcc99e90b90663fc1a24b170.ts' for writing
frame= 8545 fps=461 q=-1.0 size=N/A time=00:05:41.80 bitrate=N/A speed=18.4x    
[hls @ 0x563a244c0b40] Opening '/data/transcodes/4463b64d8edcc99e90b90663fc1a24b171.ts' for writing
[hls @ 0x563a244c0b40] Opening '/data/transcodes/4463b64d8edcc99e90b90663fc1a24b172.ts' for writing
[hls @ 0x563a244c0b40] Opening '/data/transcodes/4463b64d8edcc99e90b90663fc1a24b173.ts' for writing
[hls @ 0x563a244c0b40] Opening '/data/transcodes/4463b64d8edcc99e90b90663fc1a24b174.ts' for writing
[hls @ 0x563a244c0b40] Opening '/data/transcodes/4463b64d8edcc99e90b90663fc1a24b175.ts' for writing
frame= 9375 fps=492 q=-1.0 size=N/A time=00:06:14.95 bitrate=N/A speed=19.7x    
[hls @ 0x563a244c0b40] Opening '/data/transcodes/4463b64d8edcc99e90b90663fc1a24b176.ts' for writing
[hls @ 0x563a244c0b40] Opening '/data/transcodes/4463b64d8edcc99e90b90663fc1a24b177.ts' for writing
[hls @ 0x563a244c0b40] Opening '/data/transcodes/4463b64d8edcc99e90b90663fc1a24b178.ts' for writing
[hls @ 0x563a244c0b40] Opening '/data/transcodes/4463b64d8edcc99e90b90663fc1a24b179.ts' for writing
[hls @ 0x563a244c0b40] Opening '/data/transcodes/4463b64d8edcc99e90b90663fc1a24b180.ts' for writing
[hls @ 0x563a244c0b40] Opening '/data/transcodes/4463b64d8edcc99e90b90663fc1a24b181.ts' for writing
[hls @ 0x563a244c0b40] Opening '/data/transcodes/4463b64d8edcc99e90b90663fc1a24b182.ts' for writing
frame=10217 fps=510 q=-1.0 size=N/A time=00:06:48.68 bitrate=N/A speed=20.4x    
[hls @ 0x563a244c0b40] Opening '/data/transcodes/4463b64d8edcc99e90b90663fc1a24b183.ts' for writing
[hls @ 0x563a244c0b40] Opening '/data/transcodes/4463b64d8edcc99e90b90663fc1a24b184.ts' for writing
[hls @ 0x563a244c0b40] Opening '/data/transcodes/4463b64d8edcc99e90b90663fc1a24b185.ts' for writing
[hls @ 0x563a244c0b40] Opening '/data/transcodes/4463b64d8edcc99e90b90663fc1a24b186.ts' for writing
[hls @ 0x563a244c0b40] Opening '/data/transcodes/4463b64d8edcc99e90b90663fc1a24b187.ts' for writing
frame=10996 fps=535 q=-1.0 size=N/A time=00:07:19.85 bitrate=N/A speed=21.4x    
[hls @ 0x563a244c0b40] Opening '/data/transcodes/4463b64d8edcc99e90b90663fc1a24b188.ts' for writing
[hls @ 0x563a244c0b40] Opening '/data/transcodes/4463b64d8edcc99e90b90663fc1a24b189.ts' for writing
[hls @ 0x563a244c0b40] Opening '/data/transcodes/4463b64d8edcc99e90b90663fc1a24b190.ts' for writing
[hls @ 0x563a244c0b40] Opening '/data/transcodes/4463b64d8edcc99e90b90663fc1a24b191.ts' for writing
[hls @ 0x563a244c0b40] Opening '/data/transcodes/4463b64d8edcc99e90b90663fc1a24b192.ts' for writing
frame=11738 fps=557 q=-1.0 size=N/A time=00:07:49.53 bitrate=N/A speed=22.3x    
[hls @ 0x563a244c0b40] Opening '/data/transcodes/4463b64d8edcc99e90b90663fc1a24b193.ts' for writing
[hls @ 0x563a244c0b40] Opening '/data/transcodes/4463b64d8edcc99e90b90663fc1a24b194.ts' for writing
[hls @ 0x563a244c0b40] Opening '/data/transcodes/4463b64d8edcc99e90b90663fc1a24b195.ts' for writing
[hls @ 0x563a244c0b40] Opening '/data/transcodes/4463b64d8edcc99e90b90663fc1a24b196.ts' for writing
frame=12308 fps=569 q=-1.0 size=N/A time=00:08:12.33 bitrate=N/A speed=22.8x    
[hls @ 0x563a244c0b40] Opening '/data/transcodes/4463b64d8edcc99e90b90663fc1a24b197.ts' for writing
[hls @ 0x563a244c0b40] Opening '/data/transcodes/4463b64d8edcc99e90b90663fc1a24b198.ts' for writing
[hls @ 0x563a244c0b40] Opening '/data/transcodes/4463b64d8edcc99e90b90663fc1a24b199.ts' for writing


[q] command received. Exiting.

[hls @ 0x563a244c0b40] Opening '/data/transcodes/4463b64d8edcc99e90b90663fc1a24b1100.ts' for writing
frame=12901 fps=582 q=-1.0 Lsize=N/A time=00:08:36.03 bitrate=N/A speed=23.3x    
video:67052kB audio:8144kB subtitle:0kB other streams:0kB global headers:0kB muxing overhead: unknown