/videos/5c689a6e-10ba-3a0e-97c9-064b171ea9bd/hls1/main/30.ts

{"Protocol":0,"Id":"5c689a6e10ba3a0e97c9064b171ea9bd","Path":"/data/tvshows/The IT Crowd/Season 3/The IT Crowd - S03E04 - The Speech DVD Proper.mkv","EncoderPath":null,"EncoderProtocol":null,"Type":0,"Container":"mkv,webm","Size":207253904,"Name":"The IT Crowd - S03E04 - The Speech DVD Proper","IsRemote":false,"ETag":"ddac35dff8d3102155332744fd0dd0ee","RunTimeTicks":14550819840,"ReadAtNativeFramerate":false,"IgnoreDts":false,"IgnoreIndex":false,"GenPtsInput":false,"SupportsTranscoding":true,"SupportsDirectStream":true,"SupportsDirectPlay":true,"IsInfiniteStream":false,"RequiresOpening":false,"OpenToken":null,"RequiresClosing":false,"LiveStreamId":null,"BufferMs":null,"RequiresLooping":false,"SupportsProbing":true,"VideoType":0,"IsoType":null,"Video3DFormat":null,"MediaStreams":[{"Codec":"h264","CodecTag":null,"Language":null,"ColorRange":null,"ColorSpace":"smpte170m","ColorTransfer":"bt709","ColorPrimaries":"bt470bg","DvVersionMajor":null,"DvVersionMinor":null,"DvProfile":null,"DvLevel":null,"RpuPresentFlag":null,"ElPresentFlag":null,"BlPresentFlag":null,"DvBlSignalCompatibilityId":null,"Comment":null,"TimeBase":"1/1000","CodecTimeBase":null,"Title":null,"VideoRange":"SDR","VideoRangeType":"SDR","VideoDoViTitle":null,"LocalizedUndefined":null,"LocalizedDefault":null,"LocalizedForced":null,"LocalizedExternal":null,"DisplayTitle":"480p H264 SDR","NalLengthSize":"4","IsInterlaced":false,"IsAVC":true,"ChannelLayout":null,"BitRate":1139476,"BitDepth":8,"RefFrames":1,"PacketLength":null,"Channels":null,"SampleRate":null,"IsDefault":true,"IsForced":false,"Height":412,"Width":720,"AverageFrameRate":25,"RealFrameRate":25,"Profile":"High","Type":1,"AspectRatio":"180:103","Index":0,"Score":null,"IsExternal":false,"DeliveryMethod":null,"DeliveryUrl":null,"IsExternalUrl":null,"IsTextSubtitleStream":false,"SupportsExternalStream":false,"Path":null,"PixelFormat":"yuv420p","Level":50,"IsAnamorphic":null},{"Codec":"aac","CodecTag":null,"Language":"eng","ColorRange":null,"ColorSpace":null,"ColorTransfer":null,"ColorPrimaries":null,"DvVersionMajor":null,"DvVersionMinor":null,"DvProfile":null,"DvLevel":null,"RpuPresentFlag":null,"ElPresentFlag":null,"BlPresentFlag":null,"DvBlSignalCompatibilityId":null,"Comment":null,"TimeBase":"1/1000","CodecTimeBase":null,"Title":"Stereo","VideoRange":null,"VideoRangeType":null,"VideoDoViTitle":null,"LocalizedUndefined":null,"LocalizedDefault":null,"LocalizedForced":null,"LocalizedExternal":null,"DisplayTitle":"Stereo - English - AAC - Default","NalLengthSize":null,"IsInterlaced":false,"IsAVC":null,"ChannelLayout":"stereo","BitRate":192000,"BitDepth":null,"RefFrames":null,"PacketLength":null,"Channels":2,"SampleRate":48000,"IsDefault":true,"IsForced":false,"Height":null,"Width":null,"AverageFrameRate":null,"RealFrameRate":null,"Profile":"LC","Type":0,"AspectRatio":null,"Index":1,"Score":null,"IsExternal":false,"DeliveryMethod":null,"DeliveryUrl":null,"IsExternalUrl":null,"IsTextSubtitleStream":false,"SupportsExternalStream":false,"Path":null,"PixelFormat":null,"Level":0,"IsAnamorphic":null},{"Codec":"DVDSUB","CodecTag":null,"Language":"eng","ColorRange":null,"ColorSpace":null,"ColorTransfer":null,"ColorPrimaries":null,"DvVersionMajor":null,"DvVersionMinor":null,"DvProfile":null,"DvLevel":null,"RpuPresentFlag":null,"ElPresentFlag":null,"BlPresentFlag":null,"DvBlSignalCompatibilityId":null,"Comment":null,"TimeBase":"1/1000","CodecTimeBase":null,"Title":null,"VideoRange":null,"VideoRangeType":null,"VideoDoViTitle":null,"LocalizedUndefined":"Undefined","LocalizedDefault":"Default","LocalizedForced":"Forced","LocalizedExternal":"External","DisplayTitle":"English - Default - DVDSUB","NalLengthSize":null,"IsInterlaced":false,"IsAVC":null,"ChannelLayout":null,"BitRate":null,"BitDepth":null,"RefFrames":null,"PacketLength":null,"Channels":null,"SampleRate":null,"IsDefault":true,"IsForced":false,"Height":null,"Width":null,"AverageFrameRate":null,"RealFrameRate":null,"Profile":null,"Type":2,"AspectRatio":null,"Index":2,"Score":null,"IsExternal":false,"DeliveryMethod":null,"DeliveryUrl":null,"IsExternalUrl":null,"IsTextSubtitleStream":false,"SupportsExternalStream":false,"Path":null,"PixelFormat":null,"Level":0,"IsAnamorphic":null}],"MediaAttachments":[],"Formats":[],"Bitrate":1331476,"Timestamp":null,"RequiredHttpHeaders":{},"TranscodingUrl":null,"TranscodingSubProtocol":null,"TranscodingContainer":null,"AnalyzeDurationMs":null,"DefaultAudioStreamIndex":null,"DefaultSubtitleStreamIndex":null}

/usr/lib/jellyfin-ffmpeg/ffmpeg -analyzeduration 200M -ss 00:01:30.000 -f matroska,webm -autorotate 0 -i file:"/data/tvshows/The IT Crowd/Season 3/The IT Crowd - S03E04 - The Speech DVD Proper.mkv" -map_metadata -1 -map_chapters -1 -threads 0 -map 0:0 -map 0:1 -map -0:0 -codec:v:0 libx264 -preset veryfast -crf 23 -maxrate 5697380 -bufsize 11394760 -profile:v:0 high -level 50 -x264opts:0 subme=0:me_range=4:rc_lookahead=10:me=dia:no_chroma_me:8x8dct=0:partitions=none -force_key_frames:0 "expr:gte(t,90+n_forced*3)" -sc_threshold:v:0 0 -filter_complex "[0:2]scale=s=720x412:flags=fast_bilinear[sub];[0:0]setparams=color_primaries=bt709:color_trc=bt709:colorspace=bt709,scale=trunc(min(max(iw\,ih*a)\,min(720\,412*a))/2)*2:trunc(min(max(iw/a\,ih)\,min(720/a\,412))/2)*2,format=yuv420p[main];[main][sub]overlay=eof_action=endall:shortest=1:repeatlast=0" -start_at_zero -codec:a:0 copy -copyts -avoid_negative_ts disabled -max_muxing_queue_size 2048 -f hls -max_delay 5000000 -hls_time 3 -hls_segment_type mpegts -start_number 30 -hls_segment_filename "/config/data/transcodes/d5789d2c9509f960933b9c84b5249f53%d.ts" -hls_playlist_type vod -hls_list_size 0 -y "/config/data/transcodes/d5789d2c9509f960933b9c84b5249f53.m3u8"


ffmpeg version 5.1.3-Jellyfin Copyright (c) 2000-2022 the FFmpeg developers
  built with gcc 11 (Ubuntu 11.3.0-1ubuntu1~22.04.1)
  configuration: --prefix=/usr/lib/jellyfin-ffmpeg --target-os=linux --extra-libs=-lfftw3f --extra-version=Jellyfin --disable-doc --disable-ffplay --disable-ptx-compression --disable-static --disable-libxcb --disable-sdl2 --disable-xlib --enable-lto --enable-gpl --enable-version3 --enable-shared --enable-gmp --enable-gnutls --enable-chromaprint --enable-libdrm --enable-libass --enable-libfreetype --enable-libfribidi --enable-libfontconfig --enable-libbluray --enable-libmp3lame --enable-libopus --enable-libtheora --enable-libvorbis --enable-libopenmpt --enable-libdav1d --enable-libwebp --enable-libvpx --enable-libx264 --enable-libx265 --enable-libzvbi --enable-libzimg --enable-libfdk-aac --arch=amd64 --enable-libsvtav1 --enable-libshaderc --enable-libplacebo --enable-vulkan --enable-opencl --enable-vaapi --enable-amf --enable-libmfx --enable-ffnvcodec --enable-cuda --enable-cuda-llvm --enable-cuvid --enable-nvdec --enable-nvenc
  libavutil      57. 28.100 / 57. 28.100
  libavcodec     59. 37.100 / 59. 37.100
  libavformat    59. 27.100 / 59. 27.100
  libavdevice    59.  7.100 / 59.  7.100
  libavfilter     8. 44.100 /  8. 44.100
  libswscale      6.  7.100 /  6.  7.100
  libswresample   4.  7.100 /  4.  7.100
  libpostproc    56.  6.100 / 56.  6.100
Input #0, matroska,webm, from 'file:/data/tvshows/The IT Crowd/Season 3/The IT Crowd - S03E04 - The Speech DVD Proper.mkv':
  Metadata:
    COMPATIBLE_BRANDS: isomiso2avc1mp41
    MAJOR_BRAND     : mp42
    MINOR_VERSION   : 512
    ENCODER         : Lavf60.3.100
  Duration: 00:24:15.08, start: 0.000000, bitrate: 1139 kb/s
  Stream #0:0: Video: h264 (High), yuv420p(tv, smpte170m/bt470bg/bt709, progressive), 720x412 [SAR 1:1 DAR 180:103], 25 fps, 25 tbr, 1k tbn (default)
    Metadata:
      HANDLER_NAME    : VideoHandler
      VENDOR_ID       : [0][0][0][0]
      DURATION        : 00:24:15.061000000
  Stream #0:1(eng): Audio: aac (LC), 48000 Hz, stereo, fltp (default)
    Metadata:
      HANDLER_NAME    : Stereo
      VENDOR_ID       : [0][0][0][0]
      DURATION        : 00:24:15.082000000
  Stream #0:2(eng): Subtitle: dvd_subtitle, 720x576 (default)
    Metadata:
      HANDLER_NAME    : SubtitleHandler
      DURATION        : 00:23:45.179000000
Stream mapping:
  Stream #0:0 (h264) -> setparams:default
  Stream #0:2 (dvdsub) -> scale:default
  overlay:default -> Stream #0:0 (libx264)
  Stream #0:1 -> #0:1 (copy)
Press [q] to stop, [?] for help
[matroska,webm @ 0x56127a612e80] sub2video: using 720x412 canvas
[libx264 @ 0x56127a649c40] using SAR=1/1
[libx264 @ 0x56127a649c40] using cpu capabilities: MMX2 SSE2Fast SSSE3 SSE4.2 AVX FMA3 BMI2 AVX2
[libx264 @ 0x56127a649c40] profile Main, level 5.0, 4:2:0, 8-bit
[libx264 @ 0x56127a649c40] 264 - core 163 r3060 5db6aa6 - H.264/MPEG-4 AVC codec - Copyleft 2003-2021 - http://www.videolan.org/x264.html - options: cabac=1 ref=1 deblock=1:0:0 analyse=0x1:0 me=dia subme=0 psy=1 psy_rd=1.00:0.00 mixed_ref=0 me_range=4 chroma_me=0 trellis=0 8x8dct=0 cqm=0 deadzone=21,11 fast_pskip=1 chroma_qp_offset=0 threads=6 lookahead_threads=1 sliced_threads=0 nr=0 decimate=1 interlaced=0 bluray_compat=0 constrained_intra=0 bframes=3 b_pyramid=2 b_adapt=1 b_bias=0 direct=1 weightb=1 open_gop=0 weightp=1 keyint=250 keyint_min=25 scenecut=0 intra_refresh=0 rc_lookahead=10 rc=crf mbtree=1 crf=23.0 qcomp=0.60 qpmin=0 qpmax=69 qpstep=4 vbv_maxrate=5697 vbv_bufsize=11394 crf_max=0.0 nal_hrd=none filler=0 ip_ratio=1.40 aq=1:1.00
Output #0, hls, to '/config/data/transcodes/d5789d2c9509f960933b9c84b5249f53.m3u8':
  Metadata:
    encoder         : Lavf59.27.100
  Stream #0:0: Video: h264, yuv420p(tv, bt709, progressive), 720x412 [SAR 1:1 DAR 180:103], q=2-31, 25 fps, 90k tbn
    Metadata:
      encoder         : Lavc59.37.100 libx264
    Side data:
      cpb: bitrate max/min/avg: 5697000/0/0 buffer size: 11394000 vbv_delay: N/A
  Stream #0:1: Audio: aac (LC), 48000 Hz, stereo, fltp (default)
frame=    1 fps=0.5 q=0.0 size=N/A time=00:00:00.00 bitrate=N/A speed=   0x    
frame=   26 fps= 10 q=28.0 size=N/A time=00:00:00.98 bitrate=N/A speed=0.377x    
frame=   57 fps= 18 q=28.0 size=N/A time=00:00:02.24 bitrate=N/A speed=0.703x    
frame=   63 fps= 17 q=28.0 size=N/A time=00:00:02.47 bitrate=N/A speed=0.672x    
frame=   71 fps= 17 q=28.0 size=N/A time=00:00:02.79 bitrate=N/A speed=0.667x    
frame=   80 fps= 17 q=28.0 size=N/A time=00:00:03.15 bitrate=N/A speed=0.672x    
frame=  112 fps= 22 q=28.0 size=N/A time=00:00:04.43 bitrate=N/A speed=0.852x    
frame=  128 fps= 22 q=28.0 size=N/A time=00:00:05.07 bitrate=N/A speed=0.888x    
frame=  136 fps= 22 q=28.0 size=N/A time=00:00:05.39 bitrate=N/A speed=0.856x    
frame=  141 fps= 21 q=28.0 size=N/A time=00:00:05.58 bitrate=N/A speed=0.821x    
frame=  152 fps= 21 q=28.0 size=N/A time=00:00:06.03 bitrate=N/A speed=0.824x    
frame=  182 fps= 23 q=28.0 size=N/A time=00:00:07.25 bitrate=N/A speed=0.923x    
frame=  196 fps= 23 q=28.0 size=N/A time=00:00:07.80 bitrate=N/A speed=0.929x    
frame=  204 fps= 23 q=28.0 size=N/A time=00:00:08.10 bitrate=N/A speed=0.91x    
frame=  211 fps= 22 q=28.0 size=N/A time=00:00:08.36 bitrate=N/A speed=0.889x    
frame=  225 fps= 23 q=28.0 size=N/A time=00:00:08.98 bitrate=N/A speed=0.905x    
frame=  233 fps= 22 q=28.0 size=N/A time=00:00:09.28 bitrate=N/A speed=0.882x    
frame=  239 fps= 22 q=28.0 size=N/A time=00:00:09.53 bitrate=N/A speed=0.866x    
frame=  243 fps= 21 q=28.0 size=N/A time=00:00:09.66 bitrate=N/A speed=0.823x    
frame=  247 fps= 20 q=28.0 size=N/A time=00:00:09.83 bitrate=N/A speed=0.791x    
frame=  251 fps= 19 q=28.0 size=N/A time=00:00:10.00 bitrate=N/A speed=0.772x    
frame=  261 fps= 19 q=28.0 size=N/A time=00:00:10.38 bitrate=N/A speed=0.768x    
[hls @ 0x56127a64bf80] Opening '/config/data/transcodes/d5789d2c9509f960933b9c84b5249f5330.ts' for writing
frame=  273 fps= 19 q=28.0 size=N/A time=00:00:10.88 bitrate=N/A speed=0.775x    
frame=  280 fps= 19 q=28.0 size=N/A time=00:00:11.15 bitrate=N/A speed=0.766x    
frame=  289 fps= 19 q=28.0 size=N/A time=00:00:11.52 bitrate=N/A speed=0.765x    
frame=  298 fps= 19 q=28.0 size=N/A time=00:00:11.88 bitrate=N/A speed=0.763x    
frame=  308 fps= 19 q=28.0 size=N/A time=00:00:12.26 bitrate=N/A speed=0.76x    
frame=  320 fps= 19 q=28.0 size=N/A time=00:00:12.75 bitrate=N/A speed=0.766x    
frame=  326 fps= 19 q=28.0 size=N/A time=00:00:12.99 bitrate=N/A speed=0.758x    
frame=  339 fps= 19 q=28.0 size=N/A time=00:00:13.50 bitrate=N/A speed=0.765x    
frame=  348 fps= 19 q=28.0 size=N/A time=00:00:13.86 bitrate=N/A speed=0.76x    
frame=  358 fps= 19 q=28.0 size=N/A time=00:00:14.29 bitrate=N/A speed=0.762x    
frame=  376 fps= 20 q=28.0 size=N/A time=00:00:14.99 bitrate=N/A speed=0.778x    
frame=  401 fps= 20 q=28.0 size=N/A time=00:00:16.00 bitrate=N/A speed=0.809x    
frame=  431 fps= 21 q=28.0 size=N/A time=00:00:17.21 bitrate=N/A speed=0.845x    
frame=  453 fps= 22 q=28.0 size=N/A time=00:00:18.06 bitrate=N/A speed=0.866x    
frame=  483 fps= 23 q=28.0 size=N/A time=00:00:19.26 bitrate=N/A speed=0.901x    
frame=  507 fps= 23 q=28.0 size=N/A time=00:00:20.22 bitrate=N/A speed=0.924x    
[hls @ 0x56127a64bf80] Opening '/config/data/transcodes/d5789d2c9509f960933b9c84b5249f5331.ts' for writing
frame=  521 fps= 23 q=28.0 size=N/A time=00:00:20.80 bitrate=N/A speed=0.909x    
frame=  529 fps= 23 q=28.0 size=N/A time=00:00:21.12 bitrate=N/A speed=0.903x    
frame=  536 fps= 22 q=28.0 size=N/A time=00:00:21.39 bitrate=N/A speed=0.888x    
frame=  550 fps= 22 q=28.0 size=N/A time=00:00:21.95 bitrate=N/A speed=0.889x    
frame=  576 fps= 23 q=28.0 size=N/A time=00:00:22.99 bitrate=N/A speed=0.913x    
frame=  611 fps= 24 q=28.0 size=N/A time=00:00:24.38 bitrate=N/A speed=0.949x    
frame=  649 fps= 25 q=28.0 size=N/A time=00:00:25.92 bitrate=N/A speed=0.99x    
frame=  670 fps= 25 q=28.0 size=N/A time=00:00:26.75 bitrate=N/A speed=   1x    
frame=  683 fps= 25 q=28.0 size=N/A time=00:00:27.26 bitrate=N/A speed=   1x    
frame=  709 fps= 26 q=28.0 size=N/A time=00:00:28.30 bitrate=N/A speed=1.02x    
frame=  754 fps= 27 q=28.0 size=N/A time=00:00:30.12 bitrate=N/A speed=1.07x    
[hls @ 0x56127a64bf80] Opening '/config/data/transcodes/d5789d2c9509f960933b9c84b5249f5332.ts' for writing
frame=  771 fps= 27 q=28.0 size=N/A time=00:00:30.78 bitrate=N/A speed=1.07x    
frame=  795 fps= 27 q=28.0 size=N/A time=00:00:31.74 bitrate=N/A speed=1.08x    
frame=  817 fps= 27 q=28.0 size=N/A time=00:00:32.64 bitrate=N/A speed=1.09x    
frame=  841 fps= 28 q=28.0 size=N/A time=00:00:33.60 bitrate=N/A speed= 1.1x    
frame=  859 fps= 28 q=28.0 size=N/A time=00:00:34.32 bitrate=N/A speed=1.11x    
frame=  878 fps= 28 q=28.0 size=N/A time=00:00:35.09 bitrate=N/A speed=1.11x    
frame=  893 fps= 28 q=28.0 size=N/A time=00:00:35.66 bitrate=N/A speed=1.11x    
frame=  910 fps= 28 q=28.0 size=N/A time=00:00:36.37 bitrate=N/A speed=1.12x    
frame=  925 fps= 28 q=28.0 size=N/A time=00:00:36.94 bitrate=N/A speed=1.12x    
frame=  937 fps= 28 q=28.0 size=N/A time=00:00:37.44 bitrate=N/A speed=1.11x    
frame=  951 fps= 28 q=28.0 size=N/A time=00:00:37.99 bitrate=N/A speed=1.11x    
frame=  976 fps= 28 q=28.0 size=N/A time=00:00:38.99 bitrate=N/A speed=1.13x    
frame= 1001 fps= 28 q=28.0 size=N/A time=00:00:40.00 bitrate=N/A speed=1.14x    
frame= 1015 fps= 28 q=28.0 size=N/A time=00:00:40.55 bitrate=N/A speed=1.13x    
[hls @ 0x56127a64bf80] Opening '/config/data/transcodes/d5789d2c9509f960933b9c84b5249f5333.ts' for writing
frame= 1026 fps= 28 q=28.0 size=N/A time=00:00:41.00 bitrate=N/A speed=1.13x    
frame= 1062 fps= 29 q=28.0 size=N/A time=00:00:42.43 bitrate=N/A speed=1.15x    
frame= 1088 fps= 29 q=28.0 size=N/A time=00:00:43.47 bitrate=N/A speed=1.17x    
frame= 1108 fps= 29 q=28.0 size=N/A time=00:00:44.26 bitrate=N/A speed=1.17x    
frame= 1118 fps= 29 q=28.0 size=N/A time=00:00:44.67 bitrate=N/A speed=1.17x    
frame= 1132 fps= 29 q=28.0 size=N/A time=00:00:45.22 bitrate=N/A speed=1.16x    
frame= 1153 fps= 29 q=28.0 size=N/A time=00:00:46.10 bitrate=N/A speed=1.17x    
frame= 1182 fps= 30 q=28.0 size=N/A time=00:00:47.25 bitrate=N/A speed=1.19x    
frame= 1210 fps= 30 q=28.0 size=N/A time=00:00:48.36 bitrate=N/A speed= 1.2x    
frame= 1255 fps= 31 q=28.0 size=N/A time=00:00:50.15 bitrate=N/A speed=1.22x    
[hls @ 0x56127a64bf80] Opening '/config/data/transcodes/d5789d2c9509f960933b9c84b5249f5334.ts' for writing
frame= 1286 fps= 31 q=28.0 size=N/A time=00:00:51.39 bitrate=N/A speed=1.24x    
frame= 1333 fps= 32 q=28.0 size=N/A time=00:00:53.26 bitrate=N/A speed=1.27x    
frame= 1363 fps= 32 q=28.0 size=N/A time=00:00:54.46 bitrate=N/A speed=1.28x    
frame= 1388 fps= 32 q=28.0 size=N/A time=00:00:55.48 bitrate=N/A speed=1.29x    
frame= 1419 fps= 33 q=28.0 size=N/A time=00:00:56.70 bitrate=N/A speed= 1.3x    
frame= 1474 fps= 33 q=28.0 size=N/A time=00:00:58.92 bitrate=N/A speed=1.34x    
[hls @ 0x56127a64bf80] Opening '/config/data/transcodes/d5789d2c9509f960933b9c84b5249f5335.ts' for writing
frame= 1523 fps= 34 q=28.0 size=N/A time=00:01:00.86 bitrate=N/A speed=1.36x    
frame= 1566 fps= 35 q=28.0 size=N/A time=00:01:02.59 bitrate=N/A speed=1.39x    
frame= 1613 fps= 35 q=28.0 size=N/A time=00:01:04.46 bitrate=N/A speed=1.41x    
frame= 1640 fps= 36 q=28.0 size=N/A time=00:01:05.55 bitrate=N/A speed=1.42x    
frame= 1680 fps= 36 q=28.0 size=N/A time=00:01:07.15 bitrate=N/A speed=1.44x    
frame= 1712 fps= 36 q=28.0 size=N/A time=00:01:08.43 bitrate=N/A speed=1.45x    
frame= 1752 fps= 37 q=28.0 size=N/A time=00:01:10.03 bitrate=N/A speed=1.47x    
[hls @ 0x56127a64bf80] Opening '/config/data/transcodes/d5789d2c9509f960933b9c84b5249f5336.ts' for writing
frame= 1785 fps= 37 q=28.0 size=N/A time=00:01:11.36 bitrate=N/A speed=1.48x    
frame= 1809 fps= 37 q=28.0 size=N/A time=00:01:12.34 bitrate=N/A speed=1.49x    
frame= 1841 fps= 37 q=28.0 size=N/A time=00:01:13.60 bitrate=N/A speed= 1.5x    
frame= 1892 fps= 38 q=28.0 size=N/A time=00:01:15.64 bitrate=N/A speed=1.52x    
frame= 1915 fps= 38 q=28.0 size=N/A time=00:01:16.54 bitrate=N/A speed=1.52x    
frame= 1949 fps= 38 q=28.0 size=N/A time=00:01:17.90 bitrate=N/A speed=1.54x    
frame= 1982 fps= 39 q=28.0 size=N/A time=00:01:19.23 bitrate=N/A speed=1.55x    
[hls @ 0x56127a64bf80] Opening '/config/data/transcodes/d5789d2c9509f960933b9c84b5249f5337.ts' for writing
frame= 2021 fps= 39 q=28.0 size=N/A time=00:01:20.78 bitrate=N/A speed=1.56x    
frame= 2063 fps= 39 q=28.0 size=N/A time=00:01:22.47 bitrate=N/A speed=1.57x    
frame= 2094 fps= 40 q=28.0 size=N/A time=00:01:23.71 bitrate=N/A speed=1.58x    
frame= 2120 fps= 40 q=28.0 size=N/A time=00:01:24.75 bitrate=N/A speed=1.59x    
frame= 2148 fps= 40 q=28.0 size=N/A time=00:01:25.88 bitrate=N/A speed=1.59x    
frame= 2164 fps= 40 q=28.0 size=N/A time=00:01:26.50 bitrate=N/A speed=1.59x    
frame= 2189 fps= 40 q=28.0 size=N/A time=00:01:27.50 bitrate=N/A speed=1.59x    
frame= 2206 fps= 40 q=28.0 size=N/A time=00:01:28.19 bitrate=N/A speed=1.59x    
frame= 2231 fps= 40 q=28.0 size=N/A time=00:01:29.19 bitrate=N/A speed=1.59x    
frame= 2247 fps= 40 q=28.0 size=N/A time=00:01:29.85 bitrate=N/A speed=1.59x    
frame= 2263 fps= 40 q=28.0 size=N/A time=00:01:30.47 bitrate=N/A speed=1.59x    
[hls @ 0x56127a64bf80] Opening '/config/data/transcodes/d5789d2c9509f960933b9c84b5249f5338.ts' for writing
frame= 2274 fps= 40 q=28.0 size=N/A time=00:01:30.92 bitrate=N/A speed=1.58x    
frame= 2299 fps= 40 q=28.0 size=N/A time=00:01:31.90 bitrate=N/A speed=1.58x    
frame= 2315 fps= 40 q=28.0 size=N/A time=00:01:32.54 bitrate=N/A speed=1.58x    
frame= 2338 fps= 39 q=28.0 size=N/A time=00:01:33.48 bitrate=N/A speed=1.58x    
[hls @ 0x56127a64bf80] Opening '/config/data/transcodes/d5789d2c9509f960933b9c84b5249f5339.ts' for writing
frame= 2348 fps= 39 q=28.0 size=N/A time=00:01:33.88 bitrate=N/A speed=1.57x    
frame= 2360 fps= 39 q=28.0 size=N/A time=00:01:34.35 bitrate=N/A speed=1.56x    
frame= 2379 fps= 39 q=28.0 size=N/A time=00:01:35.10 bitrate=N/A speed=1.56x    
frame= 2412 fps= 39 q=28.0 size=N/A time=00:01:36.42 bitrate=N/A speed=1.57x    
[hls @ 0x56127a64bf80] Opening '/config/data/transcodes/d5789d2c9509f960933b9c84b5249f5340.ts' for writing
frame= 2449 fps= 40 q=28.0 size=N/A time=00:01:37.92 bitrate=N/A speed=1.58x    
frame= 2468 fps= 40 q=28.0 size=N/A time=00:01:38.66 bitrate=N/A speed=1.58x    
[hls @ 0x56127a64bf80] Opening '/config/data/transcodes/d5789d2c9509f960933b9c84b5249f5341.ts' for writing
frame= 2496 fps= 40 q=28.0 size=N/A time=00:01:39.79 bitrate=N/A speed=1.59x    
frame= 2522 fps= 40 q=28.0 size=N/A time=00:01:40.84 bitrate=N/A speed=1.59x    
frame= 2558 fps= 40 q=28.0 size=N/A time=00:01:42.29 bitrate=N/A speed= 1.6x    
[hls @ 0x56127a64bf80] Opening '/config/data/transcodes/d5789d2c9509f960933b9c84b5249f5342.ts' for writing
frame= 2579 fps= 40 q=28.0 size=N/A time=00:01:43.10 bitrate=N/A speed= 1.6x    
frame= 2606 fps= 40 q=28.0 size=N/A time=00:01:44.21 bitrate=N/A speed= 1.6x    
frame= 2633 fps= 40 q=28.0 size=N/A time=00:01:45.30 bitrate=N/A speed=1.61x    
[hls @ 0x56127a64bf80] Opening '/config/data/transcodes/d5789d2c9509f960933b9c84b5249f5343.ts' for writing
frame= 2662 fps= 40 q=28.0 size=N/A time=00:01:46.45 bitrate=N/A speed=1.61x    
frame= 2712 fps= 41 q=28.0 size=N/A time=00:01:48.43 bitrate=N/A speed=1.63x    
[hls @ 0x56127a64bf80] Opening '/config/data/transcodes/d5789d2c9509f960933b9c84b5249f5344.ts' for writing
frame= 2737 fps= 41 q=28.0 size=N/A time=00:01:49.46 bitrate=N/A speed=1.63x    
frame= 2776 fps= 41 q=28.0 size=N/A time=00:01:50.99 bitrate=N/A speed=1.64x    
[hls @ 0x56127a64bf80] Opening '/config/data/transcodes/d5789d2c9509f960933b9c84b5249f5345.ts' for writing
frame= 2806 fps= 41 q=28.0 size=N/A time=00:01:52.19 bitrate=N/A speed=1.65x    
frame= 2834 fps= 41 q=28.0 size=N/A time=00:01:53.32 bitrate=N/A speed=1.65x    
frame= 2854 fps= 41 q=28.0 size=N/A time=00:01:54.11 bitrate=N/A speed=1.65x    
frame= 2870 fps= 41 q=28.0 size=N/A time=00:01:54.77 bitrate=N/A speed=1.65x    
[hls @ 0x56127a64bf80] Opening '/config/data/transcodes/d5789d2c9509f960933b9c84b5249f5346.ts' for writing
frame= 2891 fps= 41 q=28.0 size=N/A time=00:01:55.58 bitrate=N/A speed=1.65x    
frame= 2906 fps= 41 q=28.0 size=N/A time=00:01:56.20 bitrate=N/A speed=1.65x    
frame= 2933 fps= 41 q=28.0 size=N/A time=00:01:57.26 bitrate=N/A speed=1.65x    
[hls @ 0x56127a64bf80] Opening '/config/data/transcodes/d5789d2c9509f960933b9c84b5249f5347.ts' for writing
frame= 2957 fps= 41 q=28.0 size=N/A time=00:01:58.22 bitrate=N/A speed=1.65x    
frame= 2986 fps= 41 q=28.0 size=N/A time=00:01:59.40 bitrate=N/A speed=1.66x    
frame= 3010 fps= 41 q=28.0 size=N/A time=00:02:00.36 bitrate=N/A speed=1.66x    
[hls @ 0x56127a64bf80] Opening '/config/data/transcodes/d5789d2c9509f960933b9c84b5249f5348.ts' for writing
frame= 3055 fps= 42 q=28.0 size=N/A time=00:02:02.15 bitrate=N/A speed=1.67x    
[hls @ 0x56127a64bf80] Opening '/config/data/transcodes/d5789d2c9509f960933b9c84b5249f5349.ts' for writing
frame= 3108 fps= 42 q=28.0 size=N/A time=00:02:04.26 bitrate=N/A speed=1.69x    
frame= 3156 fps= 43 q=28.0 size=N/A time=00:02:06.18 bitrate=N/A speed= 1.7x    
[hls @ 0x56127a64bf80] Opening '/config/data/transcodes/d5789d2c9509f960933b9c84b5249f5350.ts' for writing
frame= 3205 fps= 43 q=28.0 size=N/A time=00:02:08.14 bitrate=N/A speed=1.72x    
[hls @ 0x56127a64bf80] Opening '/config/data/transcodes/d5789d2c9509f960933b9c84b5249f5351.ts' for writing
frame= 3254 fps= 43 q=28.0 size=N/A time=00:02:10.11 bitrate=N/A speed=1.73x    
frame= 3304 fps= 44 q=28.0 size=N/A time=00:02:12.11 bitrate=N/A speed=1.75x    
[hls @ 0x56127a64bf80] Opening '/config/data/transcodes/d5789d2c9509f960933b9c84b5249f5352.ts' for writing
frame= 3348 fps= 44 q=28.0 size=N/A time=00:02:13.88 bitrate=N/A speed=1.76x    
frame= 3377 fps= 44 q=28.0 size=N/A time=00:02:15.06 bitrate=N/A speed=1.76x    
[hls @ 0x56127a64bf80] Opening '/config/data/transcodes/d5789d2c9509f960933b9c84b5249f5353.ts' for writing
frame= 3421 fps= 44 q=28.0 size=N/A time=00:02:16.78 bitrate=N/A speed=1.77x    
[hls @ 0x56127a64bf80] Opening '/config/data/transcodes/d5789d2c9509f960933b9c84b5249f5354.ts' for writing
frame= 3482 fps= 45 q=28.0 size=N/A time=00:02:19.24 bitrate=N/A speed=1.79x    
frame= 3509 fps= 45 q=28.0 size=N/A time=00:02:20.30 bitrate=N/A speed=1.79x    
[hls @ 0x56127a64bf80] Opening '/config/data/transcodes/d5789d2c9509f960933b9c84b5249f5355.ts' for writing
frame= 3550 fps= 45 q=28.0 size=N/A time=00:02:21.97 bitrate=N/A speed= 1.8x    
frame= 3597 fps= 45 q=28.0 size=N/A time=00:02:23.82 bitrate=N/A speed=1.82x    
[hls @ 0x56127a64bf80] Opening '/config/data/transcodes/d5789d2c9509f960933b9c84b5249f5356.ts' for writing
frame= 3642 fps= 46 q=28.0 size=N/A time=00:02:25.64 bitrate=N/A speed=1.83x    
frame= 3688 fps= 46 q=28.0 size=N/A time=00:02:27.47 bitrate=N/A speed=1.84x    
[hls @ 0x56127a64bf80] Opening '/config/data/transcodes/d5789d2c9509f960933b9c84b5249f5357.ts' for writing
frame= 3724 fps= 46 q=28.0 size=N/A time=00:02:28.90 bitrate=N/A speed=1.84x    
[hls @ 0x56127a64bf80] Opening '/config/data/transcodes/d5789d2c9509f960933b9c84b5249f5358.ts' for writing
frame= 3772 fps= 46 q=28.0 size=N/A time=00:02:30.84 bitrate=N/A speed=1.86x    
frame= 3825 fps= 47 q=28.0 size=N/A time=00:02:32.98 bitrate=N/A speed=1.87x    
[hls @ 0x56127a64bf80] Opening '/config/data/transcodes/d5789d2c9509f960933b9c84b5249f5359.ts' for writing
frame= 3862 fps= 47 q=28.0 size=N/A time=00:02:34.43 bitrate=N/A speed=1.88x    
frame= 3910 fps= 47 q=28.0 size=N/A time=00:02:36.37 bitrate=N/A speed=1.89x    
[hls @ 0x56127a64bf80] Opening '/config/data/transcodes/d5789d2c9509f960933b9c84b5249f5360.ts' for writing
frame= 3954 fps= 47 q=28.0 size=N/A time=00:02:38.12 bitrate=N/A speed= 1.9x    
[hls @ 0x56127a64bf80] Opening '/config/data/transcodes/d5789d2c9509f960933b9c84b5249f5361.ts' for writing
frame= 4004 fps= 48 q=28.0 size=N/A time=00:02:40.12 bitrate=N/A speed=1.91x    
frame= 4042 fps= 48 q=28.0 size=N/A time=00:02:41.64 bitrate=N/A speed=1.92x    
[hls @ 0x56127a64bf80] Opening '/config/data/transcodes/d5789d2c9509f960933b9c84b5249f5362.ts' for writing
frame= 4078 fps= 48 q=28.0 size=N/A time=00:02:43.07 bitrate=N/A speed=1.92x    
frame= 4102 fps= 48 q=28.0 size=N/A time=00:02:44.05 bitrate=N/A speed=1.92x    
frame= 4122 fps= 48 q=28.0 size=N/A time=00:02:44.84 bitrate=N/A speed=1.92x    
frame= 4133 fps= 48 q=28.0 size=N/A time=00:02:45.26 bitrate=N/A speed=1.92x    
[hls @ 0x56127a64bf80] Opening '/config/data/transcodes/d5789d2c9509f960933b9c84b5249f5363.ts' for writing
frame= 4150 fps= 48 q=28.0 size=N/A time=00:02:45.95 bitrate=N/A speed=1.91x    
frame= 4188 fps= 48 q=28.0 size=N/A time=00:02:47.46 bitrate=N/A speed=1.92x    
[hls @ 0x56127a64bf80] Opening '/config/data/transcodes/d5789d2c9509f960933b9c84b5249f5364.ts' for writing
frame= 4245 fps= 48 q=28.0 size=N/A time=00:02:49.74 bitrate=N/A speed=1.93x    
frame= 4292 fps= 49 q=28.0 size=N/A time=00:02:51.64 bitrate=N/A speed=1.94x    
[hls @ 0x56127a64bf80] Opening '/config/data/transcodes/d5789d2c9509f960933b9c84b5249f5365.ts' for writing
frame= 4313 fps= 49 q=28.0 size=N/A time=00:02:52.48 bitrate=N/A speed=1.94x    
frame= 4349 fps= 49 q=28.0 size=N/A time=00:02:53.90 bitrate=N/A speed=1.95x    
[hls @ 0x56127a64bf80] Opening '/config/data/transcodes/d5789d2c9509f960933b9c84b5249f5366.ts' for writing
frame= 4385 fps= 49 q=28.0 size=N/A time=00:02:55.36 bitrate=N/A speed=1.95x    
frame= 4427 fps= 49 q=28.0 size=N/A time=00:02:57.02 bitrate=N/A speed=1.96x    
[hls @ 0x56127a64bf80] Opening '/config/data/transcodes/d5789d2c9509f960933b9c84b5249f5367.ts' for writing
frame= 4467 fps= 49 q=28.0 size=N/A time=00:02:58.64 bitrate=N/A speed=1.96x    
frame= 4506 fps= 49 q=28.0 size=N/A time=00:03:00.20 bitrate=N/A speed=1.97x    
[hls @ 0x56127a64bf80] Opening '/config/data/transcodes/d5789d2c9509f960933b9c84b5249f5368.ts' for writing
frame= 4556 fps= 50 q=28.0 size=N/A time=00:03:02.18 bitrate=N/A speed=1.98x    
[hls @ 0x56127a64bf80] Opening '/config/data/transcodes/d5789d2c9509f960933b9c84b5249f5369.ts' for writing
frame= 4601 fps= 50 q=28.0 size=N/A time=00:03:04.00 bitrate=N/A speed=1.99x    
frame= 4642 fps= 50 q=28.0 size=N/A time=00:03:05.64 bitrate=N/A speed=   2x    
[hls @ 0x56127a64bf80] Opening '/config/data/transcodes/d5789d2c9509f960933b9c84b5249f5370.ts' for writing
frame= 4672 fps= 50 q=28.0 size=N/A time=00:03:06.83 bitrate=N/A speed=   2x    
frame= 4708 fps= 50 q=28.0 size=N/A time=00:03:08.28 bitrate=N/A speed=   2x    
[hls @ 0x56127a64bf80] Opening '/config/data/transcodes/d5789d2c9509f960933b9c84b5249f5371.ts' for writing
frame= 4747 fps= 50 q=28.0 size=N/A time=00:03:09.82 bitrate=N/A speed=2.01x    
frame= 4800 fps= 51 q=28.0 size=N/A time=00:03:11.95 bitrate=N/A speed=2.02x    
[hls @ 0x56127a64bf80] Opening '/config/data/transcodes/d5789d2c9509f960933b9c84b5249f5372.ts' for writing
frame= 4833 fps= 51 q=28.0 size=N/A time=00:03:13.30 bitrate=N/A speed=2.02x    
frame= 4869 fps= 51 q=28.0 size=N/A time=00:03:14.70 bitrate=N/A speed=2.03x    
[hls @ 0x56127a64bf80] Opening '/config/data/transcodes/d5789d2c9509f960933b9c84b5249f5373.ts' for writing
frame= 4896 fps= 51 q=28.0 size=N/A time=00:03:15.79 bitrate=N/A speed=2.03x    
frame= 4931 fps= 51 q=28.0 size=N/A time=00:03:17.20 bitrate=N/A speed=2.03x    
frame= 4964 fps= 51 q=28.0 size=N/A time=00:03:18.52 bitrate=N/A speed=2.04x    
[hls @ 0x56127a64bf80] Opening '/config/data/transcodes/d5789d2c9509f960933b9c84b5249f5374.ts' for writing
frame= 5001 fps= 51 q=28.0 size=N/A time=00:03:20.00 bitrate=N/A speed=2.04x    
frame= 5032 fps= 51 q=28.0 size=N/A time=00:03:21.23 bitrate=N/A speed=2.04x    
[hls @ 0x56127a64bf80] Opening '/config/data/transcodes/d5789d2c9509f960933b9c84b5249f5375.ts' for writing
frame= 5050 fps= 51 q=28.0 size=N/A time=00:03:21.96 bitrate=N/A speed=2.04x    
frame= 5065 fps= 51 q=28.0 size=N/A time=00:03:22.56 bitrate=N/A speed=2.03x    
frame= 5081 fps= 51 q=28.0 size=N/A time=00:03:23.20 bitrate=N/A speed=2.03x    

[q] command received. Exiting.

[hls @ 0x56127a64bf80] Opening '/config/data/transcodes/d5789d2c9509f960933b9c84b5249f5376.ts' for writing
frame= 5086 fps= 50 q=-1.0 Lsize=N/A time=00:03:23.39 bitrate=N/A speed=2.01x    
video:17158kB audio:3211kB subtitle:0kB other streams:0kB global headers:0kB muxing overhead: unknown
[libx264 @ 0x56127a649c40] frame I:47    Avg QP:20.08  size: 33080
[libx264 @ 0x56127a649c40] frame P:1426  Avg QP:23.22  size:  8274
[libx264 @ 0x56127a649c40] frame B:3613  Avg QP:25.81  size:  1167
[libx264 @ 0x56127a649c40] consecutive B-frames:  1.4% 10.3%  3.6% 84.6%
[libx264 @ 0x56127a649c40] mb I  I16..4: 18.6%  0.0% 81.4%
[libx264 @ 0x56127a649c40] mb P  I16..4: 11.0%  0.0%  0.0%  P16..4: 58.2%  0.0%  0.0%  0.0%  0.0%    skip:30.8%
[libx264 @ 0x56127a649c40] mb B  I16..4:  0.6%  0.0%  0.0%  B16..8: 11.9%  0.0%  0.0%  direct: 8.0%  skip:79.5%  L0:30.6% L1:42.7% BI:26.8%
[libx264 @ 0x56127a649c40] coded y,uvDC,uvAC intra: 60.8% 64.0% 25.6% inter: 10.5% 10.8% 0.2%
[libx264 @ 0x56127a649c40] i16 v,h,dc,p: 45% 25% 14% 15%
[libx264 @ 0x56127a649c40] i4 v,h,dc,ddl,ddr,vr,hd,vl,hu: 34% 21%  9%  6%  5%  7%  5%  7%  6%
[libx264 @ 0x56127a649c40] i8c dc,h,v,p: 30% 25% 34% 10%
[libx264 @ 0x56127a649c40] Weighted P-Frames: Y:2.0% UV:1.3%
[libx264 @ 0x56127a649c40] kb/s:690.87