/videos/e0140b79-d19f-7c62-2c83-c619d031efe3/hls1/main/0.ts

{"Protocol":0,"Id":"e0140b79d19f7c622c83c619d031efe3","Path":"/data/tvshows/The IT Crowd/Season 1/The IT Crowd - S01E01 - Yesterday\u0027s Jam WEBDL-720p Proper.mp4","EncoderPath":null,"EncoderProtocol":null,"Type":0,"Container":"mov,mp4,m4a,3gp,3g2,mj2","Size":175816016,"Name":"The IT Crowd - S01E01 - Yesterday\u0027s Jam WEBDL-720p Proper","IsRemote":false,"ETag":"7718537e9a784770f0b60c9fef6ae339","RunTimeTicks":14000220160,"ReadAtNativeFramerate":false,"IgnoreDts":false,"IgnoreIndex":false,"GenPtsInput":false,"SupportsTranscoding":true,"SupportsDirectStream":true,"SupportsDirectPlay":true,"IsInfiniteStream":false,"RequiresOpening":false,"OpenToken":null,"RequiresClosing":false,"LiveStreamId":null,"BufferMs":null,"RequiresLooping":false,"SupportsProbing":true,"VideoType":0,"IsoType":null,"Video3DFormat":null,"MediaStreams":[{"Codec":"hevc","CodecTag":"hvc1","Language":"und","ColorRange":null,"ColorSpace":"bt709","ColorTransfer":"bt709","ColorPrimaries":"bt709","DvVersionMajor":null,"DvVersionMinor":null,"DvProfile":null,"DvLevel":null,"RpuPresentFlag":null,"ElPresentFlag":null,"BlPresentFlag":null,"DvBlSignalCompatibilityId":null,"Comment":null,"TimeBase":"1/90000","CodecTimeBase":null,"Title":null,"VideoRange":"SDR","VideoRangeType":"SDR","VideoDoViTitle":null,"LocalizedUndefined":null,"LocalizedDefault":null,"LocalizedForced":null,"LocalizedExternal":null,"DisplayTitle":"720p HEVC SDR","NalLengthSize":null,"IsInterlaced":false,"IsAVC":null,"ChannelLayout":null,"BitRate":885427,"BitDepth":8,"RefFrames":1,"PacketLength":null,"Channels":null,"SampleRate":null,"IsDefault":true,"IsForced":false,"Height":720,"Width":1256,"AverageFrameRate":25,"RealFrameRate":25,"Profile":"Main","Type":1,"AspectRatio":"157:90","Index":0,"Score":null,"IsExternal":false,"DeliveryMethod":null,"DeliveryUrl":null,"IsExternalUrl":null,"IsTextSubtitleStream":false,"SupportsExternalStream":false,"Path":null,"PixelFormat":"yuv420p","Level":93,"IsAnamorphic":null},{"Codec":"aac","CodecTag":"mp4a","Language":"eng","ColorRange":null,"ColorSpace":null,"ColorTransfer":null,"ColorPrimaries":null,"DvVersionMajor":null,"DvVersionMinor":null,"DvProfile":null,"DvLevel":null,"RpuPresentFlag":null,"ElPresentFlag":null,"BlPresentFlag":null,"DvBlSignalCompatibilityId":null,"Comment":null,"TimeBase":"1/48000","CodecTimeBase":null,"Title":"English","VideoRange":null,"VideoRangeType":null,"VideoDoViTitle":null,"LocalizedUndefined":null,"LocalizedDefault":null,"LocalizedForced":null,"LocalizedExternal":null,"DisplayTitle":"English - AAC - Stereo - Default","NalLengthSize":null,"IsInterlaced":false,"IsAVC":null,"ChannelLayout":"stereo","BitRate":112692,"BitDepth":null,"RefFrames":null,"PacketLength":null,"Channels":2,"SampleRate":48000,"IsDefault":true,"IsForced":false,"Height":null,"Width":null,"AverageFrameRate":null,"RealFrameRate":null,"Profile":"LC","Type":0,"AspectRatio":null,"Index":1,"Score":null,"IsExternal":false,"DeliveryMethod":null,"DeliveryUrl":null,"IsExternalUrl":null,"IsTextSubtitleStream":false,"SupportsExternalStream":false,"Path":null,"PixelFormat":null,"Level":0,"IsAnamorphic":null},{"Codec":"mov_text","CodecTag":"tx3g","Language":"eng","ColorRange":null,"ColorSpace":null,"ColorTransfer":null,"ColorPrimaries":null,"DvVersionMajor":null,"DvVersionMinor":null,"DvProfile":null,"DvLevel":null,"RpuPresentFlag":null,"ElPresentFlag":null,"BlPresentFlag":null,"DvBlSignalCompatibilityId":null,"Comment":null,"TimeBase":"1/90000","CodecTimeBase":null,"Title":"English","VideoRange":null,"VideoRangeType":null,"VideoDoViTitle":null,"LocalizedUndefined":"Undefined","LocalizedDefault":"Default","LocalizedForced":"Forced","LocalizedExternal":"External","DisplayTitle":"English - Default - MOV_TEXT","NalLengthSize":null,"IsInterlaced":false,"IsAVC":null,"ChannelLayout":null,"BitRate":130,"BitDepth":null,"RefFrames":null,"PacketLength":null,"Channels":null,"SampleRate":null,"IsDefault":true,"IsForced":false,"Height":null,"Width":null,"AverageFrameRate":null,"RealFrameRate":null,"Profile":null,"Type":2,"AspectRatio":null,"Index":2,"Score":null,"IsExternal":false,"DeliveryMethod":null,"DeliveryUrl":null,"IsExternalUrl":null,"IsTextSubtitleStream":true,"SupportsExternalStream":true,"Path":null,"PixelFormat":null,"Level":0,"IsAnamorphic":null}],"MediaAttachments":[],"Formats":[],"Bitrate":1004647,"Timestamp":null,"RequiredHttpHeaders":{},"TranscodingUrl":null,"TranscodingSubProtocol":null,"TranscodingContainer":null,"AnalyzeDurationMs":null,"DefaultAudioStreamIndex":null,"DefaultSubtitleStreamIndex":null}

/usr/lib/jellyfin-ffmpeg/ffmpeg -analyzeduration 200M -f mov,mp4,m4a,3gp,3g2,mj2 -autorotate 0 -i file:"/data/tvshows/The IT Crowd/Season 1/The IT Crowd - S01E01 - Yesterday's Jam WEBDL-720p Proper.mp4" -map_metadata -1 -map_chapters -1 -threads 0 -map 0:0 -map 0:1 -map -0:s -codec:v:0 libx264 -preset veryfast -crf 23 -maxrate 4427136 -bufsize 8854272 -x264opts:0 subme=0:me_range=4:rc_lookahead=10:me=dia:no_chroma_me:8x8dct=0:partitions=none -force_key_frames:0 "expr:gte(t,0+n_forced*3)" -sc_threshold:v:0 0 -vf "setparams=color_primaries=bt709:color_trc=bt709:colorspace=bt709,scale=trunc(min(max(iw\,ih*a)\,min(1256\,720*a))/2)*2:trunc(min(max(iw/a\,ih)\,min(1256/a\,720))/2)*2,format=yuv420p" -codec:a:0 copy -copyts -avoid_negative_ts disabled -max_muxing_queue_size 2048 -f hls -max_delay 5000000 -hls_time 3 -hls_segment_type mpegts -start_number 0 -hls_segment_filename "/data/transcodes/77785c863769016a306d3fb3e9cc5b21%d.ts" -hls_playlist_type vod -hls_list_size 0 -y "/data/transcodes/77785c863769016a306d3fb3e9cc5b21.m3u8"


ffmpeg version 5.1.3-Jellyfin Copyright (c) 2000-2022 the FFmpeg developers
  built with gcc 11 (Ubuntu 11.3.0-1ubuntu1~22.04.1)
  configuration: --prefix=/usr/lib/jellyfin-ffmpeg --target-os=linux --extra-libs=-lfftw3f --extra-version=Jellyfin --disable-doc --disable-ffplay --disable-ptx-compression --disable-static --disable-libxcb --disable-sdl2 --disable-xlib --enable-lto --enable-gpl --enable-version3 --enable-shared --enable-gmp --enable-gnutls --enable-chromaprint --enable-libdrm --enable-libass --enable-libfreetype --enable-libfribidi --enable-libfontconfig --enable-libbluray --enable-libmp3lame --enable-libopus --enable-libtheora --enable-libvorbis --enable-libopenmpt --enable-libdav1d --enable-libwebp --enable-libvpx --enable-libx264 --enable-libx265 --enable-libzvbi --enable-libzimg --enable-libfdk-aac --arch=amd64 --enable-libsvtav1 --enable-libshaderc --enable-libplacebo --enable-vulkan --enable-opencl --enable-vaapi --enable-amf --enable-libmfx --enable-ffnvcodec --enable-cuda --enable-cuda-llvm --enable-cuvid --enable-nvdec --enable-nvenc
  libavutil      57. 28.100 / 57. 28.100
  libavcodec     59. 37.100 / 59. 37.100
  libavformat    59. 27.100 / 59. 27.100
  libavdevice    59.  7.100 / 59.  7.100
  libavfilter     8. 44.100 /  8. 44.100
  libswscale      6.  7.100 /  6.  7.100
  libswresample   4.  7.100 /  4.  7.100
  libpostproc    56.  6.100 / 56.  6.100
Input #0, mov,mp4,m4a,3gp,3g2,mj2, from 'file:/data/tvshows/The IT Crowd/Season 1/The IT Crowd - S01E01 - Yesterday's Jam WEBDL-720p Proper.mp4':
  Metadata:
    major_brand     : mp42
    minor_version   : 512
    compatible_brands: mp42iso2mp41
    creation_time   : 2023-05-08T22:15:36.000000Z
    encoder         : HandBrake 1.6.1 2023012300
  Duration: 00:23:20.02, start: 0.000000, bitrate: 1004 kb/s
  Stream #0:0[0x1](und): Video: hevc (Main) (hvc1 / 0x31637668), yuv420p(tv, bt709), 1256x720 [SAR 1:1 DAR 157:90], 885 kb/s, 25 fps, 25 tbr, 90k tbn (default)
    Metadata:
      creation_time   : 2023-05-08T22:15:36.000000Z
      handler_name    : VideoHandler
      vendor_id       : [0][0][0][0]
  Stream #0:1[0x2](eng): Audio: aac (LC) (mp4a / 0x6134706D), 48000 Hz, stereo, fltp, 112 kb/s (default)
    Metadata:
      creation_time   : 2023-05-08T22:15:36.000000Z
      handler_name    : English
      vendor_id       : [0][0][0][0]
  Stream #0:2[0x3](eng): Subtitle: mov_text (tx3g / 0x67337874), 1256x108, 0 kb/s (default)
    Metadata:
      creation_time   : 2023-05-08T22:15:36.000000Z
      handler_name    : English
Stream mapping:
  Stream #0:0 -> #0:0 (hevc (native) -> h264 (libx264))
  Stream #0:1 -> #0:1 (copy)
Press [q] to stop, [?] for help
[libx264 @ 0x558490aa7e40] using SAR=1/1
[libx264 @ 0x558490aa7e40] using cpu capabilities: MMX2 SSE2Fast SSSE3 SSE4.2 AVX FMA3 BMI2 AVX2
[libx264 @ 0x558490aa7e40] profile Main, level 3.1, 4:2:0, 8-bit
[libx264 @ 0x558490aa7e40] 264 - core 163 r3060 5db6aa6 - H.264/MPEG-4 AVC codec - Copyleft 2003-2021 - http://www.videolan.org/x264.html - options: cabac=1 ref=1 deblock=1:0:0 analyse=0x1:0 me=dia subme=0 psy=1 psy_rd=1.00:0.00 mixed_ref=0 me_range=4 chroma_me=0 trellis=0 8x8dct=0 cqm=0 deadzone=21,11 fast_pskip=1 chroma_qp_offset=0 threads=6 lookahead_threads=1 sliced_threads=0 nr=0 decimate=1 interlaced=0 bluray_compat=0 constrained_intra=0 bframes=3 b_pyramid=2 b_adapt=1 b_bias=0 direct=1 weightb=1 open_gop=0 weightp=1 keyint=250 keyint_min=25 scenecut=0 intra_refresh=0 rc_lookahead=10 rc=crf mbtree=1 crf=23.0 qcomp=0.60 qpmin=0 qpmax=69 qpstep=4 vbv_maxrate=4427 vbv_bufsize=8854 crf_max=0.0 nal_hrd=none filler=0 ip_ratio=1.40 aq=1:1.00
Output #0, hls, to '/data/transcodes/77785c863769016a306d3fb3e9cc5b21.m3u8':
  Metadata:
    encoder         : Lavf59.27.100
  Stream #0:0: Video: h264, yuv420p(tv, bt709, progressive), 1256x720 [SAR 1:1 DAR 157:90], q=2-31, 25 fps, 90k tbn (default)
    Metadata:
      encoder         : Lavc59.37.100 libx264
    Side data:
      cpb: bitrate max/min/avg: 4427000/0/0 buffer size: 8854000 vbv_delay: N/A
  Stream #0:1: Audio: aac (LC) (mp4a / 0x6134706D), 48000 Hz, stereo, fltp, 112 kb/s (default)
frame=    1 fps=0.0 q=0.0 size=N/A time=00:00:00.00 bitrate=N/A speed=   0x    
frame=   61 fps=0.0 q=28.0 size=N/A time=00:00:02.41 bitrate=N/A speed=4.62x    
[hls @ 0x558490aa7180] Opening '/data/transcodes/77785c863769016a306d3fb3e9cc5b210.ts' for writing
frame=   96 fps= 42 q=28.0 size=N/A time=00:00:03.81 bitrate=N/A speed=1.69x    
[hls @ 0x558490aa7180] Opening '/data/transcodes/77785c863769016a306d3fb3e9cc5b211.ts' for writing
frame=  171 fps= 54 q=28.0 size=N/A time=00:00:06.82 bitrate=N/A speed=2.14x    
frame=  233 fps= 63 q=28.0 size=N/A time=00:00:09.30 bitrate=N/A speed=2.51x    
frame=  236 fps= 55 q=28.0 size=N/A time=00:00:09.42 bitrate=N/A speed=2.21x    
[hls @ 0x558490aa7180] Opening '/data/transcodes/77785c863769016a306d3fb3e9cc5b212.ts' for writing
frame=  246 fps= 36 q=28.0 size=N/A time=00:00:09.81 bitrate=N/A speed=1.45x    
[hls @ 0x558490aa7180] Opening '/data/transcodes/77785c863769016a306d3fb3e9cc5b213.ts' for writing
frame=  321 fps= 42 q=28.0 size=N/A time=00:00:12.82 bitrate=N/A speed=1.66x    
[hls @ 0x558490aa7180] Opening '/data/transcodes/77785c863769016a306d3fb3e9cc5b214.ts' for writing
frame=  396 fps= 44 q=28.0 size=N/A time=00:00:15.82 bitrate=N/A speed=1.76x    
frame=  459 fps= 48 q=28.0 size=N/A time=00:00:18.34 bitrate=N/A speed=1.93x    
[hls @ 0x558490aa7180] Opening '/data/transcodes/77785c863769016a306d3fb3e9cc5b215.ts' for writing
frame=  471 fps= 44 q=28.0 size=N/A time=00:00:18.81 bitrate=N/A speed=1.78x    
[hls @ 0x558490aa7180] Opening '/data/transcodes/77785c863769016a306d3fb3e9cc5b216.ts' for writing
frame=  546 fps= 44 q=28.0 size=N/A time=00:00:21.82 bitrate=N/A speed=1.78x    
frame=  617 fps= 48 q=28.0 size=N/A time=00:00:24.66 bitrate=N/A speed=1.93x    
[hls @ 0x558490aa7180] Opening '/data/transcodes/77785c863769016a306d3fb3e9cc5b217.ts' for writing
frame=  621 fps= 44 q=28.0 size=N/A time=00:00:24.81 bitrate=N/A speed=1.75x    
[hls @ 0x558490aa7180] Opening '/data/transcodes/77785c863769016a306d3fb3e9cc5b218.ts' for writing
frame=  696 fps= 47 q=28.0 size=N/A time=00:00:27.81 bitrate=N/A speed=1.87x    
[hls @ 0x558490aa7180] Opening '/data/transcodes/77785c863769016a306d3fb3e9cc5b219.ts' for writing
frame=  771 fps= 48 q=28.0 size=N/A time=00:00:30.82 bitrate=N/A speed= 1.9x    
[hls @ 0x558490aa7180] Opening '/data/transcodes/77785c863769016a306d3fb3e9cc5b2110.ts' for writing
frame=  846 fps= 47 q=28.0 size=N/A time=00:00:33.81 bitrate=N/A speed=1.87x    
[hls @ 0x558490aa7180] Opening '/data/transcodes/77785c863769016a306d3fb3e9cc5b2111.ts' for writing
frame=  921 fps= 49 q=28.0 size=N/A time=00:00:36.82 bitrate=N/A speed=1.97x    
frame=  993 fps= 52 q=28.0 size=N/A time=00:00:39.70 bitrate=N/A speed=2.07x    
[hls @ 0x558490aa7180] Opening '/data/transcodes/77785c863769016a306d3fb3e9cc5b2112.ts' for writing
frame=  996 fps= 48 q=28.0 size=N/A time=00:00:39.82 bitrate=N/A speed=1.92x    
frame= 1065 fps= 50 q=28.0 size=N/A time=00:00:42.58 bitrate=N/A speed=   2x    
[hls @ 0x558490aa7180] Opening '/data/transcodes/77785c863769016a306d3fb3e9cc5b2113.ts' for writing
frame= 1071 fps= 46 q=28.0 size=N/A time=00:00:42.81 bitrate=N/A speed=1.86x    
[hls @ 0x558490aa7180] Opening '/data/transcodes/77785c863769016a306d3fb3e9cc5b2114.ts' for writing
frame= 1146 fps= 48 q=28.0 size=N/A time=00:00:45.82 bitrate=N/A speed=1.93x    
[hls @ 0x558490aa7180] Opening '/data/transcodes/77785c863769016a306d3fb3e9cc5b2115.ts' for writing
frame= 1221 fps= 50 q=28.0 size=N/A time=00:00:48.81 bitrate=N/A speed=2.01x    
[hls @ 0x558490aa7180] Opening '/data/transcodes/77785c863769016a306d3fb3e9cc5b2116.ts' for writing
frame= 1296 fps= 52 q=28.0 size=N/A time=00:00:51.81 bitrate=N/A speed=2.07x    
[hls @ 0x558490aa7180] Opening '/data/transcodes/77785c863769016a306d3fb3e9cc5b2117.ts' for writing
frame= 1371 fps= 52 q=28.0 size=N/A time=00:00:54.82 bitrate=N/A speed=2.08x    
[hls @ 0x558490aa7180] Opening '/data/transcodes/77785c863769016a306d3fb3e9cc5b2118.ts' for writing
frame= 1446 fps= 53 q=28.0 size=N/A time=00:00:57.81 bitrate=N/A speed= 2.1x    
[hls @ 0x558490aa7180] Opening '/data/transcodes/77785c863769016a306d3fb3e9cc5b2119.ts' for writing
frame= 1521 fps= 53 q=28.0 size=N/A time=00:01:00.82 bitrate=N/A speed=2.13x    
[hls @ 0x558490aa7180] Opening '/data/transcodes/77785c863769016a306d3fb3e9cc5b2120.ts' for writing
frame= 1596 fps= 54 q=28.0 size=N/A time=00:01:03.82 bitrate=N/A speed=2.17x    
[hls @ 0x558490aa7180] Opening '/data/transcodes/77785c863769016a306d3fb3e9cc5b2121.ts' for writing
frame= 1671 fps= 54 q=28.0 size=N/A time=00:01:06.81 bitrate=N/A speed=2.18x    
[hls @ 0x558490aa7180] Opening '/data/transcodes/77785c863769016a306d3fb3e9cc5b2122.ts' for writing
frame= 1779 fps= 57 q=28.0 size=N/A time=00:01:11.14 bitrate=N/A speed=2.28x    
[hls @ 0x558490aa7180] Opening '/data/transcodes/77785c863769016a306d3fb3e9cc5b2123.ts' for writing
frame= 1821 fps= 56 q=28.0 size=N/A time=00:01:12.81 bitrate=N/A speed=2.25x    
[hls @ 0x558490aa7180] Opening '/data/transcodes/77785c863769016a306d3fb3e9cc5b2124.ts' for writing
frame= 1896 fps= 57 q=28.0 size=N/A time=00:01:15.81 bitrate=N/A speed=2.29x    
[hls @ 0x558490aa7180] Opening '/data/transcodes/77785c863769016a306d3fb3e9cc5b2125.ts' for writing
frame= 1984 fps= 59 q=28.0 size=N/A time=00:01:19.33 bitrate=N/A speed=2.36x    
[hls @ 0x558490aa7180] Opening '/data/transcodes/77785c863769016a306d3fb3e9cc5b2126.ts' for writing
frame= 2046 fps= 60 q=28.0 size=N/A time=00:01:21.81 bitrate=N/A speed=2.39x    
[hls @ 0x558490aa7180] Opening '/data/transcodes/77785c863769016a306d3fb3e9cc5b2127.ts' for writing
frame= 2121 fps= 61 q=28.0 size=N/A time=00:01:24.82 bitrate=N/A speed=2.44x    
[hls @ 0x558490aa7180] Opening '/data/transcodes/77785c863769016a306d3fb3e9cc5b2128.ts' for writing
frame= 2196 fps= 62 q=28.0 size=N/A time=00:01:27.82 bitrate=N/A speed=2.48x    
[hls @ 0x558490aa7180] Opening '/data/transcodes/77785c863769016a306d3fb3e9cc5b2129.ts' for writing
frame= 2271 fps= 63 q=28.0 size=N/A time=00:01:30.81 bitrate=N/A speed=2.52x    
[hls @ 0x558490aa7180] Opening '/data/transcodes/77785c863769016a306d3fb3e9cc5b2130.ts' for writing
frame= 2346 fps= 64 q=28.0 size=N/A time=00:01:33.82 bitrate=N/A speed=2.56x    
[hls @ 0x558490aa7180] Opening '/data/transcodes/77785c863769016a306d3fb3e9cc5b2131.ts' for writing
frame= 2421 fps= 65 q=28.0 size=N/A time=00:01:36.81 bitrate=N/A speed= 2.6x    
[hls @ 0x558490aa7180] Opening '/data/transcodes/77785c863769016a306d3fb3e9cc5b2132.ts' for writing
frame= 2496 fps= 66 q=28.0 size=N/A time=00:01:39.81 bitrate=N/A speed=2.63x    
[hls @ 0x558490aa7180] Opening '/data/transcodes/77785c863769016a306d3fb3e9cc5b2133.ts' for writing
frame= 2571 fps= 66 q=28.0 size=N/A time=00:01:42.82 bitrate=N/A speed=2.65x    
[hls @ 0x558490aa7180] Opening '/data/transcodes/77785c863769016a306d3fb3e9cc5b2134.ts' for writing
frame= 2646 fps= 67 q=28.0 size=N/A time=00:01:45.81 bitrate=N/A speed=2.68x    
[hls @ 0x558490aa7180] Opening '/data/transcodes/77785c863769016a306d3fb3e9cc5b2135.ts' for writing
frame= 2721 fps= 68 q=28.0 size=N/A time=00:01:48.82 bitrate=N/A speed=2.71x    
[hls @ 0x558490aa7180] Opening '/data/transcodes/77785c863769016a306d3fb3e9cc5b2136.ts' for writing
frame= 2796 fps= 68 q=28.0 size=N/A time=00:01:51.82 bitrate=N/A speed=2.73x    
[hls @ 0x558490aa7180] Opening '/data/transcodes/77785c863769016a306d3fb3e9cc5b2137.ts' for writing


[q] command received. Exiting.

[hls @ 0x558490aa7180] Opening '/data/transcodes/77785c863769016a306d3fb3e9cc5b2138.ts' for writing
frame= 2871 fps= 65 q=-1.0 Lsize=N/A time=00:01:54.79 bitrate=N/A speed=2.59x    
video:14503kB audio:1581kB subtitle:0kB other streams:0kB global headers:0kB muxing overhead: unknown
[libx264 @ 0x558490aa7e40] frame I:39    Avg QP:17.57  size: 47841
[libx264 @ 0x558490aa7e40] frame P:955   Avg QP:21.44  size: 10659
[libx264 @ 0x558490aa7e40] frame B:1877  Avg QP:24.30  size:  1494
[libx264 @ 0x558490aa7e40] consecutive B-frames:  8.4% 11.6%  5.3% 74.7%
[libx264 @ 0x558490aa7e40] mb I  I16..4: 33.0%  0.0% 67.0%
[libx264 @ 0x558490aa7e40] mb P  I16..4: 19.8%  0.0%  0.0%  P16..4: 33.6%  0.0%  0.0%  0.0%  0.0%    skip:46.6%
[libx264 @ 0x558490aa7e40] mb B  I16..4:  1.6%  0.0%  0.0%  B16..8:  8.5%  0.0%  0.0%  direct: 3.4%  skip:86.6%  L0:35.5% L1:50.4% BI:14.1%
[libx264 @ 0x558490aa7e40] coded y,uvDC,uvAC intra: 29.5% 49.7% 19.5% inter: 4.6% 8.4% 0.5%
[libx264 @ 0x558490aa7e40] i16 v,h,dc,p: 40% 36% 11% 13%
[libx264 @ 0x558490aa7e40] i4 v,h,dc,ddl,ddr,vr,hd,vl,hu: 31% 26% 10%  7%  6%  6%  5%  5%  5%
[libx264 @ 0x558490aa7e40] i8c dc,h,v,p: 33% 33% 26%  9%
[libx264 @ 0x558490aa7e40] Weighted P-Frames: Y:2.2% UV:1.4%
[libx264 @ 0x558490aa7e40] kb/s:1034.51