/videos/2e416665-ec5a-b889-85b6-3636be4c1bfc/hls1/main/0.ts

{"Protocol":0,"Id":"2e416665ec5ab88985b63636be4c1bfc","Path":"/data/tvshows/Jujutsu Kaisen/Season 2/Jujutsu Kaisen - S02E01 - Hidden Inventory WEBRip-1080p.mp4","EncoderPath":null,"EncoderProtocol":null,"Type":0,"Container":"mov,mp4,m4a,3gp,3g2,mj2","Size":340753263,"Name":"Jujutsu Kaisen - S02E01 - Hidden Inventory WEBRip-1080p","IsRemote":false,"ETag":"2046356a0fe94d803ac5197914b5edcb","RunTimeTicks":14350870000,"ReadAtNativeFramerate":false,"IgnoreDts":false,"IgnoreIndex":false,"GenPtsInput":false,"SupportsTranscoding":true,"SupportsDirectStream":true,"SupportsDirectPlay":true,"IsInfiniteStream":false,"RequiresOpening":false,"OpenToken":null,"RequiresClosing":false,"LiveStreamId":null,"BufferMs":null,"RequiresLooping":false,"SupportsProbing":true,"VideoType":0,"IsoType":null,"Video3DFormat":null,"MediaStreams":[{"Codec":"h264","CodecTag":"avc1","Language":"und","ColorRange":null,"ColorSpace":"bt709","ColorTransfer":"bt709","ColorPrimaries":"bt709","DvVersionMajor":null,"DvVersionMinor":null,"DvProfile":null,"DvLevel":null,"RpuPresentFlag":null,"ElPresentFlag":null,"BlPresentFlag":null,"DvBlSignalCompatibilityId":null,"Comment":null,"TimeBase":"1/24000","CodecTimeBase":null,"Title":null,"VideoRange":"SDR","VideoRangeType":"SDR","VideoDoViTitle":null,"LocalizedUndefined":null,"LocalizedDefault":null,"LocalizedForced":null,"LocalizedExternal":null,"DisplayTitle":"1080p H264 SDR","NalLengthSize":"4","IsInterlaced":false,"IsAVC":true,"ChannelLayout":null,"BitRate":1760777,"BitDepth":10,"RefFrames":1,"PacketLength":null,"Channels":null,"SampleRate":null,"IsDefault":true,"IsForced":false,"Height":1080,"Width":1920,"AverageFrameRate":23.976025,"RealFrameRate":23.976025,"Profile":"High 10","Type":1,"AspectRatio":"16:9","Index":0,"Score":null,"IsExternal":false,"DeliveryMethod":null,"DeliveryUrl":null,"IsExternalUrl":null,"IsTextSubtitleStream":false,"SupportsExternalStream":false,"Path":null,"PixelFormat":"yuv420p10le","Level":40,"IsAnamorphic":null},{"Codec":"mov_text","CodecTag":"tx3g","Language":"eng","ColorRange":null,"ColorSpace":null,"ColorTransfer":null,"ColorPrimaries":null,"DvVersionMajor":null,"DvVersionMinor":null,"DvProfile":null,"DvLevel":null,"RpuPresentFlag":null,"ElPresentFlag":null,"BlPresentFlag":null,"DvBlSignalCompatibilityId":null,"Comment":null,"TimeBase":"1/1000000","CodecTimeBase":null,"Title":null,"VideoRange":null,"VideoRangeType":null,"VideoDoViTitle":null,"LocalizedUndefined":"Undefined","LocalizedDefault":"Default","LocalizedForced":"Forced","LocalizedExternal":"External","DisplayTitle":"English - Default - MOV_TEXT","NalLengthSize":null,"IsInterlaced":false,"IsAVC":null,"ChannelLayout":null,"BitRate":125,"BitDepth":null,"RefFrames":null,"PacketLength":null,"Channels":null,"SampleRate":null,"IsDefault":true,"IsForced":false,"Height":null,"Width":null,"AverageFrameRate":null,"RealFrameRate":null,"Profile":null,"Type":2,"AspectRatio":null,"Index":1,"Score":null,"IsExternal":false,"DeliveryMethod":null,"DeliveryUrl":null,"IsExternalUrl":null,"IsTextSubtitleStream":true,"SupportsExternalStream":true,"Path":null,"PixelFormat":null,"Level":0,"IsAnamorphic":null},{"Codec":"aac","CodecTag":"mp4a","Language":"jpn","ColorRange":null,"ColorSpace":null,"ColorTransfer":null,"ColorPrimaries":null,"DvVersionMajor":null,"DvVersionMinor":null,"DvProfile":null,"DvLevel":null,"RpuPresentFlag":null,"ElPresentFlag":null,"BlPresentFlag":null,"DvBlSignalCompatibilityId":null,"Comment":null,"TimeBase":"1/44100","CodecTimeBase":null,"Title":null,"VideoRange":null,"VideoRangeType":null,"VideoDoViTitle":null,"LocalizedUndefined":null,"LocalizedDefault":null,"LocalizedForced":null,"LocalizedExternal":null,"DisplayTitle":"Japanese - AAC - Stereo - Default","NalLengthSize":null,"IsInterlaced":false,"IsAVC":null,"ChannelLayout":"stereo","BitRate":130594,"BitDepth":null,"RefFrames":null,"PacketLength":null,"Channels":2,"SampleRate":44100,"IsDefault":true,"IsForced":false,"Height":null,"Width":null,"AverageFrameRate":null,"RealFrameRate":null,"Profile":"LC","Type":0,"AspectRatio":null,"Index":2,"Score":null,"IsExternal":false,"DeliveryMethod":null,"DeliveryUrl":null,"IsExternalUrl":null,"IsTextSubtitleStream":false,"SupportsExternalStream":false,"Path":null,"PixelFormat":null,"Level":0,"IsAnamorphic":null},{"Codec":"bin_data","CodecTag":"text","Language":"eng","ColorRange":null,"ColorSpace":null,"ColorTransfer":null,"ColorPrimaries":null,"DvVersionMajor":null,"DvVersionMinor":null,"DvProfile":null,"DvLevel":null,"RpuPresentFlag":null,"ElPresentFlag":null,"BlPresentFlag":null,"DvBlSignalCompatibilityId":null,"Comment":null,"TimeBase":"1/1000","CodecTimeBase":null,"Title":null,"VideoRange":null,"VideoRangeType":null,"VideoDoViTitle":null,"LocalizedUndefined":null,"LocalizedDefault":null,"LocalizedForced":null,"LocalizedExternal":null,"DisplayTitle":null,"NalLengthSize":null,"IsInterlaced":false,"IsAVC":null,"ChannelLayout":null,"BitRate":null,"BitDepth":null,"RefFrames":null,"PacketLength":null,"Channels":null,"SampleRate":null,"IsDefault":false,"IsForced":false,"Height":null,"Width":null,"AverageFrameRate":null,"RealFrameRate":null,"Profile":null,"Type":4,"AspectRatio":null,"Index":3,"Score":null,"IsExternal":false,"DeliveryMethod":null,"DeliveryUrl":null,"IsExternalUrl":null,"IsTextSubtitleStream":false,"SupportsExternalStream":false,"Path":null,"PixelFormat":null,"Level":0,"IsAnamorphic":null}],"MediaAttachments":[],"Formats":[],"Bitrate":1899554,"Timestamp":null,"RequiredHttpHeaders":{},"TranscodingUrl":null,"TranscodingSubProtocol":null,"TranscodingContainer":null,"AnalyzeDurationMs":null,"DefaultAudioStreamIndex":null,"DefaultSubtitleStreamIndex":null}

/usr/lib/jellyfin-ffmpeg/ffmpeg -analyzeduration 200M -f mov,mp4,m4a,3gp,3g2,mj2 -autorotate 0 -i file:"/data/tvshows/Jujutsu Kaisen/Season 2/Jujutsu Kaisen - S02E01 - Hidden Inventory WEBRip-1080p.mp4" -map_metadata -1 -map_chapters -1 -threads 0 -map 0:0 -map 0:2 -map -0:s -codec:v:0 libx264 -preset veryfast -crf 23 -maxrate 4401942 -bufsize 8803884 -profile:v:0 high -level 40 -x264opts:0 subme=0:me_range=4:rc_lookahead=10:me=dia:no_chroma_me:8x8dct=0:partitions=none -force_key_frames:0 "expr:gte(t,0+n_forced*3)" -sc_threshold:v:0 0 -vf "setparams=color_primaries=bt709:color_trc=bt709:colorspace=bt709,scale=trunc(min(max(iw\,ih*a)\,min(1920\,1080*a))/2)*2:trunc(min(max(iw/a\,ih)\,min(1920/a\,1080))/2)*2,format=yuv420p" -start_at_zero -codec:a:0 copy -copyts -avoid_negative_ts disabled -max_muxing_queue_size 2048 -f hls -max_delay 5000000 -hls_time 3 -hls_segment_type mpegts -start_number 0 -hls_segment_filename "/config/data/transcodes/785ccf647ef38e6d165d951c5ff500e3%d.ts" -hls_playlist_type vod -hls_list_size 0 -y "/config/data/transcodes/785ccf647ef38e6d165d951c5ff500e3.m3u8"


ffmpeg version 5.1.3-Jellyfin Copyright (c) 2000-2022 the FFmpeg developers
  built with gcc 11 (Ubuntu 11.3.0-1ubuntu1~22.04.1)
  configuration: --prefix=/usr/lib/jellyfin-ffmpeg --target-os=linux --extra-libs=-lfftw3f --extra-version=Jellyfin --disable-doc --disable-ffplay --disable-ptx-compression --disable-static --disable-libxcb --disable-sdl2 --disable-xlib --enable-lto --enable-gpl --enable-version3 --enable-shared --enable-gmp --enable-gnutls --enable-chromaprint --enable-libdrm --enable-libass --enable-libfreetype --enable-libfribidi --enable-libfontconfig --enable-libbluray --enable-libmp3lame --enable-libopus --enable-libtheora --enable-libvorbis --enable-libopenmpt --enable-libdav1d --enable-libwebp --enable-libvpx --enable-libx264 --enable-libx265 --enable-libzvbi --enable-libzimg --enable-libfdk-aac --arch=amd64 --enable-libsvtav1 --enable-libshaderc --enable-libplacebo --enable-vulkan --enable-opencl --enable-vaapi --enable-amf --enable-libmfx --enable-ffnvcodec --enable-cuda --enable-cuda-llvm --enable-cuvid --enable-nvdec --enable-nvenc
  libavutil      57. 28.100 / 57. 28.100
  libavcodec     59. 37.100 / 59. 37.100
  libavformat    59. 27.100 / 59. 27.100
  libavdevice    59.  7.100 / 59.  7.100
  libavfilter     8. 44.100 /  8. 44.100
  libswscale      6.  7.100 /  6.  7.100
  libswresample   4.  7.100 /  4.  7.100
  libpostproc    56.  6.100 / 56.  6.100
Input #0, mov,mp4,m4a,3gp,3g2,mj2, from 'file:/data/tvshows/Jujutsu Kaisen/Season 2/Jujutsu Kaisen - S02E01 - Hidden Inventory WEBRip-1080p.mp4':
  Metadata:
    major_brand     : isom
    minor_version   : 512
    compatible_brands: isomiso2avc1mp41
    encoder         : Lavf60.3.100
  Duration: 00:23:55.09, start: 0.000000, bitrate: 1899 kb/s
  Chapters:
    Chapter #0:0: start 0.000000, end 649.000000
      Metadata:
        title           : Intro
    Chapter #0:1: start 649.000000, end 739.000000
      Metadata:
        title           : OP
    Chapter #0:2: start 739.000000, end 1330.000000
      Metadata:
        title           : Main EP
    Chapter #0:3: start 1330.000000, end 1420.000000
      Metadata:
        title           : ED
    Chapter #0:4: start 1420.000000, end 1435.086000
      Metadata:
        title           : PV
  Stream #0:0[0x1](und): Video: h264 (High 10) (avc1 / 0x31637661), yuv420p10le(tv, bt709, progressive), 1920x1080 [SAR 1:1 DAR 16:9], 1760 kb/s, 23.98 fps, 23.98 tbr, 24k tbn (default)
    Metadata:
      handler_name    : VideoHandler
      vendor_id       : [0][0][0][0]
      encoder         : Lavc60.3.100 libx264
  Stream #0:1[0x2](eng): Subtitle: mov_text (tx3g / 0x67337874), 0 kb/s (default)
    Metadata:
      handler_name    : SubtitleHandler
  Stream #0:2[0x3](jpn): Audio: aac (LC) (mp4a / 0x6134706D), 44100 Hz, stereo, fltp, 130 kb/s (default)
    Metadata:
      handler_name    : SoundHandler
      vendor_id       : [0][0][0][0]
  Stream #0:3[0x4](eng): Data: bin_data (text / 0x74786574)
    Metadata:
      handler_name    : SubtitleHandler
Stream mapping:
  Stream #0:0 -> #0:0 (h264 (native) -> h264 (libx264))
  Stream #0:2 -> #0:1 (copy)
Press [q] to stop, [?] for help
[libx264 @ 0x55ca847aa580] using SAR=1/1
[libx264 @ 0x55ca847aa580] using cpu capabilities: MMX2 SSE2Fast SSSE3 SSE4.2 AVX FMA3 BMI2 AVX2
[libx264 @ 0x55ca847aa580] profile Main, level 4.0, 4:2:0, 8-bit
[libx264 @ 0x55ca847aa580] 264 - core 163 r3060 5db6aa6 - H.264/MPEG-4 AVC codec - Copyleft 2003-2021 - http://www.videolan.org/x264.html - options: cabac=1 ref=1 deblock=1:0:0 analyse=0x1:0 me=dia subme=0 psy=1 psy_rd=1.00:0.00 mixed_ref=0 me_range=4 chroma_me=0 trellis=0 8x8dct=0 cqm=0 deadzone=21,11 fast_pskip=1 chroma_qp_offset=0 threads=6 lookahead_threads=1 sliced_threads=0 nr=0 decimate=1 interlaced=0 bluray_compat=0 constrained_intra=0 bframes=3 b_pyramid=2 b_adapt=1 b_bias=0 direct=1 weightb=1 open_gop=0 weightp=1 keyint=250 keyint_min=23 scenecut=0 intra_refresh=0 rc_lookahead=10 rc=crf mbtree=1 crf=23.0 qcomp=0.60 qpmin=0 qpmax=69 qpstep=4 vbv_maxrate=4401 vbv_bufsize=8803 crf_max=0.0 nal_hrd=none filler=0 ip_ratio=1.40 aq=1:1.00
Output #0, hls, to '/config/data/transcodes/785ccf647ef38e6d165d951c5ff500e3.m3u8':
  Metadata:
    encoder         : Lavf59.27.100
  Stream #0:0: Video: h264, yuv420p(tv, bt709, progressive), 1920x1080 [SAR 1:1 DAR 16:9], q=2-31, 23.98 fps, 90k tbn (default)
    Metadata:
      encoder         : Lavc59.37.100 libx264
    Side data:
      cpb: bitrate max/min/avg: 4401000/0/0 buffer size: 8803000 vbv_delay: N/A
  Stream #0:1: Audio: aac (LC) (mp4a / 0x6134706D), 44100 Hz, stereo, fltp, 130 kb/s (default)
frame=    1 fps=0.0 q=0.0 size=N/A time=00:00:00.00 bitrate=N/A speed=   0x    
frame=    1 fps=0.0 q=0.0 size=N/A time=00:00:00.02 bitrate=N/A speed=0.044x    
frame=    7 fps=6.3 q=0.0 size=N/A time=00:00:00.25 bitrate=N/A speed=0.23x    
frame=   14 fps=8.6 q=0.0 size=N/A time=00:00:00.55 bitrate=N/A speed=0.342x    
frame=   19 fps=8.8 q=0.0 size=N/A time=00:00:00.76 bitrate=N/A speed=0.355x    
frame=   24 fps=8.8 q=28.0 size=N/A time=00:00:00.97 bitrate=N/A speed=0.357x    
frame=   42 fps= 13 q=28.0 size=N/A time=00:00:01.71 bitrate=N/A speed=0.53x    
frame=   52 fps= 14 q=28.0 size=N/A time=00:00:02.13 bitrate=N/A speed=0.559x    
frame=   60 fps= 14 q=28.0 size=N/A time=00:00:02.48 bitrate=N/A speed=0.574x    
frame=   72 fps= 15 q=28.0 size=N/A time=00:00:02.97 bitrate=N/A speed=0.615x    
frame=   88 fps= 17 q=25.0 size=N/A time=00:00:03.64 bitrate=N/A speed=0.684x    
[hls @ 0x55ca84707dc0] Opening '/config/data/transcodes/785ccf647ef38e6d165d951c5ff500e30.ts' for writing
frame=   97 fps= 17 q=28.0 size=N/A time=00:00:04.04 bitrate=N/A speed=0.692x    
frame=  108 fps= 17 q=28.0 size=N/A time=00:00:04.48 bitrate=N/A speed=0.706x    
frame=  117 fps= 17 q=28.0 size=N/A time=00:00:04.85 bitrate=N/A speed=0.697x    
frame=  127 fps= 17 q=28.0 size=N/A time=00:00:05.27 bitrate=N/A speed=0.705x    
frame=  138 fps= 17 q=28.0 size=N/A time=00:00:05.73 bitrate=N/A speed=0.713x    
frame=  146 fps= 17 q=28.0 size=N/A time=00:00:06.06 bitrate=N/A speed=0.702x    
frame=  158 fps= 17 q=28.0 size=N/A time=00:00:06.57 bitrate=N/A speed=0.719x    
[hls @ 0x55ca84707dc0] Opening '/config/data/transcodes/785ccf647ef38e6d165d951c5ff500e31.ts' for writing
frame=  173 fps= 18 q=28.0 size=N/A time=00:00:07.19 bitrate=N/A speed=0.744x    
frame=  189 fps= 19 q=28.0 size=N/A time=00:00:07.84 bitrate=N/A speed=0.771x    
frame=  200 fps= 19 q=28.0 size=N/A time=00:00:08.31 bitrate=N/A speed=0.773x    
frame=  211 fps= 19 q=28.0 size=N/A time=00:00:08.77 bitrate=N/A speed=0.78x    
frame=  220 fps= 19 q=28.0 size=N/A time=00:00:09.14 bitrate=N/A speed=0.778x    
frame=  235 fps= 19 q=28.0 size=N/A time=00:00:09.77 bitrate=N/A speed=0.797x    
[hls @ 0x55ca84707dc0] Opening '/config/data/transcodes/785ccf647ef38e6d165d951c5ff500e32.ts' for writing
frame=  247 fps= 19 q=28.0 size=N/A time=00:00:10.28 bitrate=N/A speed=0.805x    
frame=  261 fps= 20 q=28.0 size=N/A time=00:00:10.86 bitrate=N/A speed=0.813x    
frame=  273 fps= 20 q=28.0 size=N/A time=00:00:11.35 bitrate=N/A speed=0.818x    
frame=  285 fps= 20 q=28.0 size=N/A time=00:00:11.86 bitrate=N/A speed=0.825x    
frame=  298 fps= 20 q=28.0 size=N/A time=00:00:12.40 bitrate=N/A speed=0.832x    
[hls @ 0x55ca84707dc0] Opening '/config/data/transcodes/785ccf647ef38e6d165d951c5ff500e33.ts' for writing
frame=  309 fps= 20 q=28.0 size=N/A time=00:00:12.86 bitrate=N/A speed=0.832x    
frame=  320 fps= 20 q=28.0 size=N/A time=00:00:13.32 bitrate=N/A speed=0.834x    
frame=  331 fps= 20 q=28.0 size=N/A time=00:00:13.77 bitrate=N/A speed=0.835x    
frame=  345 fps= 20 q=28.0 size=N/A time=00:00:14.37 bitrate=N/A speed=0.842x    
frame=  361 fps= 21 q=28.0 size=N/A time=00:00:15.02 bitrate=N/A speed=0.854x    
frame=  373 fps= 21 q=28.0 size=N/A time=00:00:15.53 bitrate=N/A speed=0.854x    
[hls @ 0x55ca84707dc0] Opening '/config/data/transcodes/785ccf647ef38e6d165d951c5ff500e34.ts' for writing
frame=  386 fps= 21 q=28.0 size=N/A time=00:00:16.06 bitrate=N/A speed=0.856x    
frame=  404 fps= 21 q=28.0 size=N/A time=00:00:16.83 bitrate=N/A speed=0.873x    
frame=  422 fps= 21 q=28.0 size=N/A time=00:00:17.57 bitrate=N/A speed=0.887x    
frame=  434 fps= 21 q=28.0 size=N/A time=00:00:18.06 bitrate=N/A speed=0.886x    
frame=  444 fps= 21 q=28.0 size=N/A time=00:00:18.48 bitrate=N/A speed=0.885x    
[hls @ 0x55ca84707dc0] Opening '/config/data/transcodes/785ccf647ef38e6d165d951c5ff500e35.ts' for writing
frame=  453 fps= 21 q=28.0 size=N/A time=00:00:18.87 bitrate=N/A speed=0.882x    
frame=  461 fps= 21 q=28.0 size=N/A time=00:00:19.20 bitrate=N/A speed=0.877x    
frame=  473 fps= 21 q=28.0 size=N/A time=00:00:19.69 bitrate=N/A speed=0.879x    
frame=  486 fps= 21 q=28.0 size=N/A time=00:00:20.24 bitrate=N/A speed=0.884x    
frame=  499 fps= 21 q=28.0 size=N/A time=00:00:20.78 bitrate=N/A speed=0.887x    
frame=  514 fps= 21 q=28.0 size=N/A time=00:00:21.40 bitrate=N/A speed=0.892x    
[hls @ 0x55ca84707dc0] Opening '/config/data/transcodes/785ccf647ef38e6d165d951c5ff500e36.ts' for writing
frame=  527 fps= 22 q=28.0 size=N/A time=00:00:21.96 bitrate=N/A speed=0.896x    
frame=  541 fps= 22 q=28.0 size=N/A time=00:00:22.54 bitrate=N/A speed=0.901x    
frame=  559 fps= 22 q=28.0 size=N/A time=00:00:23.28 bitrate=N/A speed=0.913x    
frame=  574 fps= 22 q=28.0 size=N/A time=00:00:23.91 bitrate=N/A speed=0.919x    
frame=  588 fps= 22 q=28.0 size=N/A time=00:00:24.49 bitrate=N/A speed=0.923x    
[hls @ 0x55ca84707dc0] Opening '/config/data/transcodes/785ccf647ef38e6d165d951c5ff500e37.ts' for writing
frame=  599 fps= 22 q=28.0 size=N/A time=00:00:24.96 bitrate=N/A speed=0.921x    
frame=  614 fps= 22 q=28.0 size=N/A time=00:00:25.58 bitrate=N/A speed=0.923x    
frame=  629 fps= 22 q=28.0 size=N/A time=00:00:26.21 bitrate=N/A speed=0.929x    
frame=  640 fps= 22 q=28.0 size=N/A time=00:00:26.65 bitrate=N/A speed=0.925x    
frame=  651 fps= 22 q=28.0 size=N/A time=00:00:27.12 bitrate=N/A speed=0.925x    
frame=  663 fps= 22 q=28.0 size=N/A time=00:00:27.63 bitrate=N/A speed=0.923x    
[hls @ 0x55ca84707dc0] Opening '/config/data/transcodes/785ccf647ef38e6d165d951c5ff500e38.ts' for writing
frame=  676 fps= 22 q=28.0 size=N/A time=00:00:28.16 bitrate=N/A speed=0.925x    
frame=  688 fps= 22 q=28.0 size=N/A time=00:00:28.67 bitrate=N/A speed=0.927x    
frame=  701 fps= 22 q=28.0 size=N/A time=00:00:29.21 bitrate=N/A speed=0.926x    
frame=  710 fps= 22 q=28.0 size=N/A time=00:00:29.58 bitrate=N/A speed=0.923x    
frame=  719 fps= 22 q=28.0 size=N/A time=00:00:29.95 bitrate=N/A speed=0.92x    
frame=  726 fps= 22 q=28.0 size=N/A time=00:00:30.25 bitrate=N/A speed=0.913x    
frame=  736 fps= 22 q=25.0 size=N/A time=00:00:30.67 bitrate=N/A speed=0.912x    
[hls @ 0x55ca84707dc0] Opening '/config/data/transcodes/785ccf647ef38e6d165d951c5ff500e39.ts' for writing
frame=  743 fps= 22 q=28.0 size=N/A time=00:00:30.97 bitrate=N/A speed=0.907x    
frame=  757 fps= 22 q=28.0 size=N/A time=00:00:31.55 bitrate=N/A speed=0.911x    
frame=  776 fps= 22 q=28.0 size=N/A time=00:00:32.34 bitrate=N/A speed=0.92x    
frame=  791 fps= 22 q=28.0 size=N/A time=00:00:32.97 bitrate=N/A speed=0.922x    
frame=  805 fps= 22 q=28.0 size=N/A time=00:00:33.55 bitrate=N/A speed=0.925x    
[hls @ 0x55ca84707dc0] Opening '/config/data/transcodes/785ccf647ef38e6d165d951c5ff500e310.ts' for writing
frame=  822 fps= 22 q=28.0 size=N/A time=00:00:34.24 bitrate=N/A speed=0.931x    
frame=  844 fps= 23 q=28.0 size=N/A time=00:00:35.17 bitrate=N/A speed=0.944x    
frame=  863 fps= 23 q=28.0 size=N/A time=00:00:35.96 bitrate=N/A speed=0.95x    
frame=  881 fps= 23 q=28.0 size=N/A time=00:00:36.71 bitrate=N/A speed=0.957x    
[hls @ 0x55ca84707dc0] Opening '/config/data/transcodes/785ccf647ef38e6d165d951c5ff500e311.ts' for writing
frame=  894 fps= 23 q=28.0 size=N/A time=00:00:37.26 bitrate=N/A speed=0.959x    
frame=  904 fps= 23 q=28.0 size=N/A time=00:00:37.68 bitrate=N/A speed=0.957x    
frame=  915 fps= 23 q=28.0 size=N/A time=00:00:38.12 bitrate=N/A speed=0.954x    
frame=  927 fps= 23 q=28.0 size=N/A time=00:00:38.63 bitrate=N/A speed=0.953x    
frame=  937 fps= 23 q=28.0 size=N/A time=00:00:39.05 bitrate=N/A speed=0.951x    
frame=  949 fps= 23 q=28.0 size=N/A time=00:00:39.56 bitrate=N/A speed=0.949x    
[hls @ 0x55ca84707dc0] Opening '/config/data/transcodes/785ccf647ef38e6d165d951c5ff500e312.ts' for writing
frame=  957 fps= 23 q=28.0 size=N/A time=00:00:39.89 bitrate=N/A speed=0.939x    
frame=  969 fps= 23 q=28.0 size=N/A time=00:00:40.38 bitrate=N/A speed=0.94x    
frame=  982 fps= 23 q=28.0 size=N/A time=00:00:40.93 bitrate=N/A speed=0.942x    
frame=  993 fps= 23 q=28.0 size=N/A time=00:00:41.40 bitrate=N/A speed=0.941x    
frame= 1001 fps= 22 q=28.0 size=N/A time=00:00:41.72 bitrate=N/A speed=0.936x    
frame= 1013 fps= 22 q=28.0 size=N/A time=00:00:42.21 bitrate=N/A speed=0.934x    
frame= 1021 fps= 22 q=28.0 size=N/A time=00:00:42.56 bitrate=N/A speed=0.929x    
[hls @ 0x55ca84707dc0] Opening '/config/data/transcodes/785ccf647ef38e6d165d951c5ff500e313.ts' for writing
frame= 1033 fps= 22 q=28.0 size=N/A time=00:00:43.05 bitrate=N/A speed=0.929x    
frame= 1045 fps= 22 q=28.0 size=N/A time=00:00:43.56 bitrate=N/A speed=0.929x    
frame= 1058 fps= 22 q=28.0 size=N/A time=00:00:44.09 bitrate=N/A speed=0.93x    
frame= 1070 fps= 22 q=28.0 size=N/A time=00:00:44.60 bitrate=N/A speed=0.929x    
frame= 1088 fps= 22 q=28.0 size=N/A time=00:00:45.34 bitrate=N/A speed=0.935x    
[hls @ 0x55ca84707dc0] Opening '/config/data/transcodes/785ccf647ef38e6d165d951c5ff500e314.ts' for writing
frame= 1104 fps= 23 q=28.0 size=N/A time=00:00:46.02 bitrate=N/A speed=0.939x    
frame= 1122 fps= 23 q=28.0 size=N/A time=00:00:46.76 bitrate=N/A speed=0.945x    
frame= 1138 fps= 23 q=28.0 size=N/A time=00:00:47.43 bitrate=N/A speed=0.949x    
frame= 1156 fps= 23 q=28.0 size=N/A time=00:00:48.18 bitrate=N/A speed=0.953x    
[hls @ 0x55ca84707dc0] Opening '/config/data/transcodes/785ccf647ef38e6d165d951c5ff500e315.ts' for writing
frame= 1172 fps= 23 q=28.0 size=N/A time=00:00:48.85 bitrate=N/A speed=0.956x    
frame= 1197 fps= 23 q=28.0 size=N/A time=00:00:49.90 bitrate=N/A speed=0.967x    
frame= 1221 fps= 23 q=28.0 size=N/A time=00:00:50.89 bitrate=N/A speed=0.976x    
frame= 1242 fps= 24 q=28.0 size=N/A time=00:00:51.78 bitrate=N/A speed=0.984x    
[hls @ 0x55ca84707dc0] Opening '/config/data/transcodes/785ccf647ef38e6d165d951c5ff500e316.ts' for writing
frame= 1256 fps= 24 q=28.0 size=N/A time=00:00:52.36 bitrate=N/A speed=0.985x    
frame= 1270 fps= 24 q=28.0 size=N/A time=00:00:52.94 bitrate=N/A speed=0.987x    
frame= 1283 fps= 24 q=28.0 size=N/A time=00:00:53.47 bitrate=N/A speed=0.988x    
frame= 1297 fps= 24 q=28.0 size=N/A time=00:00:54.07 bitrate=N/A speed=0.988x    
frame= 1309 fps= 24 q=32.0 size=N/A time=00:00:54.56 bitrate=N/A speed=0.987x    
[hls @ 0x55ca84707dc0] Opening '/config/data/transcodes/785ccf647ef38e6d165d951c5ff500e317.ts' for writing
frame= 1320 fps= 24 q=35.0 size=N/A time=00:00:55.03 bitrate=N/A speed=0.985x    
frame= 1330 fps= 24 q=36.0 size=N/A time=00:00:55.44 bitrate=N/A speed=0.984x    
frame= 1343 fps= 24 q=34.0 size=N/A time=00:00:55.98 bitrate=N/A speed=0.984x    
frame= 1362 fps= 24 q=28.0 size=N/A time=00:00:56.77 bitrate=N/A speed=0.988x    
frame= 1379 fps= 24 q=28.0 size=N/A time=00:00:57.49 bitrate=N/A speed=0.992x    
[hls @ 0x55ca84707dc0] Opening '/config/data/transcodes/785ccf647ef38e6d165d951c5ff500e318.ts' for writing
frame= 1388 fps= 24 q=28.0 size=N/A time=00:00:57.86 bitrate=N/A speed=0.99x    
frame= 1398 fps= 24 q=29.0 size=N/A time=00:00:58.28 bitrate=N/A speed=0.987x    
frame= 1408 fps= 24 q=33.0 size=N/A time=00:00:58.70 bitrate=N/A speed=0.985x    
frame= 1417 fps= 24 q=28.0 size=N/A time=00:00:59.07 bitrate=N/A speed=0.983x    
frame= 1426 fps= 24 q=28.0 size=N/A time=00:00:59.44 bitrate=N/A speed=0.981x    
frame= 1439 fps= 24 q=28.0 size=N/A time=00:01:00.00 bitrate=N/A speed=0.982x    
[hls @ 0x55ca84707dc0] Opening '/config/data/transcodes/785ccf647ef38e6d165d951c5ff500e319.ts' for writing
frame= 1460 fps= 24 q=30.0 size=N/A time=00:01:00.86 bitrate=N/A speed=0.987x    
frame= 1477 fps= 24 q=28.0 size=N/A time=00:01:01.58 bitrate=N/A speed=0.991x    
frame= 1493 fps= 24 q=28.0 size=N/A time=00:01:02.25 bitrate=N/A speed=0.993x    
frame= 1512 fps= 24 q=28.0 size=N/A time=00:01:03.04 bitrate=N/A speed=0.998x    
[hls @ 0x55ca84707dc0] Opening '/config/data/transcodes/785ccf647ef38e6d165d951c5ff500e320.ts' for writing
frame= 1532 fps= 24 q=28.0 size=N/A time=00:01:03.87 bitrate=N/A speed=   1x    
frame= 1554 fps= 24 q=28.0 size=N/A time=00:01:04.78 bitrate=N/A speed=1.01x    
frame= 1575 fps= 24 q=28.0 size=N/A time=00:01:05.66 bitrate=N/A speed=1.01x    
frame= 1597 fps= 24 q=28.0 size=N/A time=00:01:06.57 bitrate=N/A speed=1.02x    
[hls @ 0x55ca84707dc0] Opening '/config/data/transcodes/785ccf647ef38e6d165d951c5ff500e321.ts' for writing
frame= 1625 fps= 25 q=28.0 size=N/A time=00:01:07.75 bitrate=N/A speed=1.03x    
frame= 1654 fps= 25 q=28.0 size=N/A time=00:01:08.96 bitrate=N/A speed=1.04x    
[hls @ 0x55ca84707dc0] Opening '/config/data/transcodes/785ccf647ef38e6d165d951c5ff500e322.ts' for writing
frame= 1677 fps= 25 q=28.0 size=N/A time=00:01:09.91 bitrate=N/A speed=1.05x    
frame= 1689 fps= 25 q=28.0 size=N/A time=00:01:10.42 bitrate=N/A speed=1.05x    
frame= 1704 fps= 25 q=28.0 size=N/A time=00:01:11.05 bitrate=N/A speed=1.05x    
frame= 1719 fps= 25 q=28.0 size=N/A time=00:01:11.68 bitrate=N/A speed=1.05x    
frame= 1737 fps= 25 q=28.0 size=N/A time=00:01:12.42 bitrate=N/A speed=1.05x    
[hls @ 0x55ca84707dc0] Opening '/config/data/transcodes/785ccf647ef38e6d165d951c5ff500e323.ts' for writing
frame= 1753 fps= 25 q=28.0 size=N/A time=00:01:13.09 bitrate=N/A speed=1.05x    
frame= 1773 fps= 25 q=28.0 size=N/A time=00:01:13.93 bitrate=N/A speed=1.06x    
frame= 1793 fps= 25 q=28.0 size=N/A time=00:01:14.76 bitrate=N/A speed=1.06x    
frame= 1815 fps= 26 q=25.0 size=N/A time=00:01:15.67 bitrate=N/A speed=1.07x    
[hls @ 0x55ca84707dc0] Opening '/config/data/transcodes/785ccf647ef38e6d165d951c5ff500e324.ts' for writing
frame= 1831 fps= 26 q=28.0 size=N/A time=00:01:16.34 bitrate=N/A speed=1.07x    
frame= 1847 fps= 26 q=28.0 size=N/A time=00:01:17.02 bitrate=N/A speed=1.07x    
frame= 1864 fps= 26 q=28.0 size=N/A time=00:01:17.71 bitrate=N/A speed=1.07x    
frame= 1881 fps= 26 q=28.0 size=N/A time=00:01:18.43 bitrate=N/A speed=1.08x    
[hls @ 0x55ca84707dc0] Opening '/config/data/transcodes/785ccf647ef38e6d165d951c5ff500e325.ts' for writing
frame= 1896 fps= 26 q=28.0 size=N/A time=00:01:19.06 bitrate=N/A speed=1.08x    
frame= 1912 fps= 26 q=28.0 size=N/A time=00:01:19.71 bitrate=N/A speed=1.08x    
frame= 1931 fps= 26 q=28.0 size=N/A time=00:01:20.50 bitrate=N/A speed=1.08x    
frame= 1947 fps= 26 q=28.0 size=N/A time=00:01:21.17 bitrate=N/A speed=1.08x    
frame= 1959 fps= 26 q=25.0 size=N/A time=00:01:21.68 bitrate=N/A speed=1.08x    
[hls @ 0x55ca84707dc0] Opening '/config/data/transcodes/785ccf647ef38e6d165d951c5ff500e326.ts' for writing
frame= 1968 fps= 26 q=28.0 size=N/A time=00:01:22.06 bitrate=N/A speed=1.08x    
frame= 1978 fps= 26 q=28.0 size=N/A time=00:01:22.47 bitrate=N/A speed=1.08x    
frame= 1990 fps= 26 q=28.0 size=N/A time=00:01:22.96 bitrate=N/A speed=1.08x    
frame= 2002 fps= 26 q=28.0 size=N/A time=00:01:23.47 bitrate=N/A speed=1.08x    
frame= 2014 fps= 26 q=28.0 size=N/A time=00:01:23.96 bitrate=N/A speed=1.07x    
frame= 2026 fps= 26 q=28.0 size=N/A time=00:01:24.47 bitrate=N/A speed=1.07x    
[hls @ 0x55ca84707dc0] Opening '/config/data/transcodes/785ccf647ef38e6d165d951c5ff500e327.ts' for writing
frame= 2035 fps= 26 q=28.0 size=N/A time=00:01:24.84 bitrate=N/A speed=1.07x    
frame= 2051 fps= 26 q=28.0 size=N/A time=00:01:25.51 bitrate=N/A speed=1.07x    
frame= 2073 fps= 26 q=28.0 size=N/A time=00:01:26.42 bitrate=N/A speed=1.08x    
frame= 2088 fps= 26 q=28.0 size=N/A time=00:01:27.05 bitrate=N/A speed=1.08x    
frame= 2100 fps= 26 q=28.0 size=N/A time=00:01:27.56 bitrate=N/A speed=1.08x    
[hls @ 0x55ca84707dc0] Opening '/config/data/transcodes/785ccf647ef38e6d165d951c5ff500e328.ts' for writing
frame= 2118 fps= 26 q=28.0 size=N/A time=00:01:28.30 bitrate=N/A speed=1.08x    
frame= 2141 fps= 26 q=28.0 size=N/A time=00:01:29.28 bitrate=N/A speed=1.08x    
frame= 2161 fps= 26 q=28.0 size=N/A time=00:01:30.11 bitrate=N/A speed=1.09x    
[hls @ 0x55ca84707dc0] Opening '/config/data/transcodes/785ccf647ef38e6d165d951c5ff500e329.ts' for writing
frame= 2179 fps= 26 q=28.0 size=N/A time=00:01:30.86 bitrate=N/A speed=1.09x    
frame= 2199 fps= 26 q=28.0 size=N/A time=00:01:31.69 bitrate=N/A speed=1.09x    
frame= 2228 fps= 26 q=28.0 size=N/A time=00:01:32.90 bitrate=N/A speed= 1.1x    
[hls @ 0x55ca84707dc0] Opening '/config/data/transcodes/785ccf647ef38e6d165d951c5ff500e330.ts' for writing
frame= 2251 fps= 26 q=28.0 size=N/A time=00:01:33.85 bitrate=N/A speed= 1.1x    
frame= 2265 fps= 26 q=28.0 size=N/A time=00:01:34.43 bitrate=N/A speed= 1.1x    
frame= 2276 fps= 26 q=28.0 size=N/A time=00:01:34.90 bitrate=N/A speed= 1.1x    
frame= 2286 fps= 26 q=28.0 size=N/A time=00:01:35.31 bitrate=N/A speed= 1.1x    
frame= 2301 fps= 26 q=28.0 size=N/A time=00:01:35.94 bitrate=N/A speed= 1.1x    
frame= 2314 fps= 26 q=28.0 size=N/A time=00:01:36.47 bitrate=N/A speed= 1.1x    
[hls @ 0x55ca84707dc0] Opening '/config/data/transcodes/785ccf647ef38e6d165d951c5ff500e331.ts' for writing
frame= 2323 fps= 26 q=28.0 size=N/A time=00:01:36.87 bitrate=N/A speed= 1.1x    
frame= 2335 fps= 26 q=28.0 size=N/A time=00:01:37.36 bitrate=N/A speed= 1.1x    
frame= 2350 fps= 26 q=28.0 size=N/A time=00:01:37.98 bitrate=N/A speed= 1.1x    
frame= 2364 fps= 26 q=28.0 size=N/A time=00:01:38.56 bitrate=N/A speed= 1.1x    
frame= 2374 fps= 26 q=28.0 size=N/A time=00:01:38.98 bitrate=N/A speed= 1.1x    
frame= 2385 fps= 26 q=28.0 size=N/A time=00:01:39.45 bitrate=N/A speed=1.09x    
frame= 2394 fps= 26 q=28.0 size=N/A time=00:01:39.82 bitrate=N/A speed=1.09x    
[hls @ 0x55ca84707dc0] Opening '/config/data/transcodes/785ccf647ef38e6d165d951c5ff500e332.ts' for writing
frame= 2395 fps= 26 q=28.0 size=N/A time=00:01:39.86 bitrate=N/A speed=1.09x    
frame= 2415 fps= 26 q=28.0 size=N/A time=00:01:40.70 bitrate=N/A speed=1.09x    
frame= 2427 fps= 26 q=28.0 size=N/A time=00:01:41.19 bitrate=N/A speed=1.09x    
frame= 2434 fps= 26 q=28.0 size=N/A time=00:01:41.49 bitrate=N/A speed=1.08x    
frame= 2441 fps= 26 q=28.0 size=N/A time=00:01:41.77 bitrate=N/A speed=1.08x    
frame= 2457 fps= 26 q=28.0 size=N/A time=00:01:42.44 bitrate=N/A speed=1.08x    
[hls @ 0x55ca84707dc0] Opening '/config/data/transcodes/785ccf647ef38e6d165d951c5ff500e333.ts' for writing
frame= 2467 fps= 26 q=28.0 size=N/A time=00:01:42.86 bitrate=N/A speed=1.08x    
frame= 2479 fps= 26 q=28.0 size=N/A time=00:01:43.37 bitrate=N/A speed=1.08x    
frame= 2491 fps= 26 q=28.0 size=N/A time=00:01:43.86 bitrate=N/A speed=1.08x    
frame= 2505 fps= 26 q=28.0 size=N/A time=00:01:44.44 bitrate=N/A speed=1.08x    
frame= 2515 fps= 26 q=28.0 size=N/A time=00:01:44.86 bitrate=N/A speed=1.08x    
frame= 2525 fps= 26 q=28.0 size=N/A time=00:01:45.28 bitrate=N/A speed=1.08x    
frame= 2537 fps= 26 q=28.0 size=N/A time=00:01:45.78 bitrate=N/A speed=1.08x    
[hls @ 0x55ca84707dc0] Opening '/config/data/transcodes/785ccf647ef38e6d165d951c5ff500e334.ts' for writing
frame= 2548 fps= 26 q=28.0 size=N/A time=00:01:46.25 bitrate=N/A speed=1.07x    
frame= 2557 fps= 26 q=28.0 size=N/A time=00:01:46.62 bitrate=N/A speed=1.07x    
frame= 2567 fps= 26 q=28.0 size=N/A time=00:01:47.04 bitrate=N/A speed=1.07x    
frame= 2581 fps= 26 q=28.0 size=N/A time=00:01:47.62 bitrate=N/A speed=1.07x    
frame= 2591 fps= 26 q=28.0 size=N/A time=00:01:48.04 bitrate=N/A speed=1.07x    
frame= 2603 fps= 26 q=28.0 size=N/A time=00:01:48.50 bitrate=N/A speed=1.07x    
[hls @ 0x55ca84707dc0] Opening '/config/data/transcodes/785ccf647ef38e6d165d951c5ff500e335.ts' for writing
frame= 2611 fps= 26 q=28.0 size=N/A time=00:01:48.87 bitrate=N/A speed=1.06x    
frame= 2626 fps= 26 q=28.0 size=N/A time=00:01:49.50 bitrate=N/A speed=1.06x    
frame= 2639 fps= 25 q=28.0 size=N/A time=00:01:50.03 bitrate=N/A speed=1.06x    
frame= 2649 fps= 25 q=28.0 size=N/A time=00:01:50.45 bitrate=N/A speed=1.06x    

[q] command received. Exiting.

[hls @ 0x55ca84707dc0] Opening '/config/data/transcodes/785ccf647ef38e6d165d951c5ff500e336.ts' for writing
frame= 2651 fps= 25 q=-1.0 Lsize=N/A time=00:01:50.52 bitrate=N/A speed=1.06x    
video:31226kB audio:1749kB subtitle:0kB other streams:0kB global headers:0kB muxing overhead: unknown
[libx264 @ 0x55ca847aa580] frame I:37    Avg QP:16.74  size: 75908
[libx264 @ 0x55ca847aa580] frame P:933   Avg QP:20.82  size: 19443
[libx264 @ 0x55ca847aa580] frame B:1681  Avg QP:22.61  size:  6559
[libx264 @ 0x55ca847aa580] consecutive B-frames: 11.8%  9.5%  4.6% 74.1%
[libx264 @ 0x55ca847aa580] mb I  I16..4: 49.9%  0.0% 50.1%
[libx264 @ 0x55ca847aa580] mb P  I16..4: 28.8%  0.0%  0.0%  P16..4: 26.6%  0.0%  0.0%  0.0%  0.0%    skip:44.6%
[libx264 @ 0x55ca847aa580] mb B  I16..4:  5.2%  0.0%  0.0%  B16..8: 14.7%  0.0%  0.0%  direct: 4.8%  skip:75.4%  L0:43.6% L1:50.0% BI: 6.4%
[libx264 @ 0x55ca847aa580] coded y,uvDC,uvAC intra: 19.6% 27.4% 4.1% inter: 5.2% 9.8% 0.1%
[libx264 @ 0x55ca847aa580] i16 v,h,dc,p: 38% 27% 15% 20%
[libx264 @ 0x55ca847aa580] i4 v,h,dc,ddl,ddr,vr,hd,vl,hu: 29% 20% 15%  8%  6%  6%  5%  5%  5%
[libx264 @ 0x55ca847aa580] i8c dc,h,v,p: 61% 16% 17%  6%
[libx264 @ 0x55ca847aa580] Weighted P-Frames: Y:13.6% UV:8.1%
[libx264 @ 0x55ca847aa580] kb/s:2313.48