/videos/22c2e494-3c59-16fd-4472-e6a41f11f470/hls1/main/0.ts

{"Protocol":0,"Id":"22c2e4943c5916fd4472e6a41f11f470","Path":"/data/tvshows/Top Gear/Season 22/Top Gear - S22E04 - Episode 4 WEBDL-720p.mkv","EncoderPath":null,"EncoderProtocol":null,"Type":0,"Container":"mkv,webm","Size":2811516160,"Name":"Top Gear - S22E04 - Episode 4 WEBDL-720p","IsRemote":false,"ETag":"9d682387ae1c9db606daab459553d553","RunTimeTicks":37516689408,"ReadAtNativeFramerate":false,"IgnoreDts":false,"IgnoreIndex":false,"GenPtsInput":false,"SupportsTranscoding":true,"SupportsDirectStream":true,"SupportsDirectPlay":true,"IsInfiniteStream":false,"RequiresOpening":false,"OpenToken":null,"RequiresClosing":false,"LiveStreamId":null,"BufferMs":null,"RequiresLooping":false,"SupportsProbing":true,"VideoType":0,"IsoType":null,"Video3DFormat":null,"MediaStreams":[{"Codec":"h264","CodecTag":null,"Language":"eng","ColorRange":null,"ColorSpace":"bt709","ColorTransfer":"bt709","ColorPrimaries":"bt709","DvVersionMajor":null,"DvVersionMinor":null,"DvProfile":null,"DvLevel":null,"RpuPresentFlag":null,"ElPresentFlag":null,"BlPresentFlag":null,"DvBlSignalCompatibilityId":null,"Comment":null,"TimeBase":"1/1000","CodecTimeBase":null,"Title":null,"VideoRange":"SDR","VideoRangeType":"SDR","VideoDoViTitle":null,"LocalizedUndefined":null,"LocalizedDefault":null,"LocalizedForced":null,"LocalizedExternal":null,"DisplayTitle":"720p H264 SDR","NalLengthSize":"4","IsInterlaced":false,"IsAVC":true,"ChannelLayout":null,"BitRate":5995232,"BitDepth":8,"RefFrames":1,"PacketLength":null,"Channels":null,"SampleRate":null,"IsDefault":true,"IsForced":false,"Height":720,"Width":1280,"AverageFrameRate":25,"RealFrameRate":25,"Profile":"High","Type":1,"AspectRatio":"16:9","Index":0,"Score":null,"IsExternal":false,"DeliveryMethod":null,"DeliveryUrl":null,"IsExternalUrl":null,"IsTextSubtitleStream":false,"SupportsExternalStream":false,"Path":null,"PixelFormat":"yuv420p","Level":31,"IsAnamorphic":null},{"Codec":"aac","CodecTag":null,"Language":"eng","ColorRange":null,"ColorSpace":null,"ColorTransfer":null,"ColorPrimaries":null,"DvVersionMajor":null,"DvVersionMinor":null,"DvProfile":null,"DvLevel":null,"RpuPresentFlag":null,"ElPresentFlag":null,"BlPresentFlag":null,"DvBlSignalCompatibilityId":null,"Comment":null,"TimeBase":"1/1000","CodecTimeBase":null,"Title":"English","VideoRange":null,"VideoRangeType":null,"VideoDoViTitle":null,"LocalizedUndefined":null,"LocalizedDefault":null,"LocalizedForced":null,"LocalizedExternal":null,"DisplayTitle":"English - AAC - Stereo - Default","NalLengthSize":null,"IsInterlaced":false,"IsAVC":null,"ChannelLayout":"stereo","BitRate":224000,"BitDepth":null,"RefFrames":null,"PacketLength":null,"Channels":2,"SampleRate":48000,"IsDefault":true,"IsForced":false,"Height":null,"Width":null,"AverageFrameRate":null,"RealFrameRate":null,"Profile":"LC","Type":0,"AspectRatio":null,"Index":1,"Score":null,"IsExternal":false,"DeliveryMethod":null,"DeliveryUrl":null,"IsExternalUrl":null,"IsTextSubtitleStream":false,"SupportsExternalStream":false,"Path":null,"PixelFormat":null,"Level":0,"IsAnamorphic":null},{"Codec":"subrip","CodecTag":null,"Language":"eng","ColorRange":null,"ColorSpace":null,"ColorTransfer":null,"ColorPrimaries":null,"DvVersionMajor":null,"DvVersionMinor":null,"DvProfile":null,"DvLevel":null,"RpuPresentFlag":null,"ElPresentFlag":null,"BlPresentFlag":null,"DvBlSignalCompatibilityId":null,"Comment":null,"TimeBase":"1/1000","CodecTimeBase":null,"Title":"English (SDH)","VideoRange":null,"VideoRangeType":null,"VideoDoViTitle":null,"LocalizedUndefined":"Undefined","LocalizedDefault":"Default","LocalizedForced":"Forced","LocalizedExternal":"External","DisplayTitle":"English (SDH) - SUBRIP","NalLengthSize":null,"IsInterlaced":false,"IsAVC":null,"ChannelLayout":null,"BitRate":null,"BitDepth":null,"RefFrames":null,"PacketLength":null,"Channels":null,"SampleRate":null,"IsDefault":false,"IsForced":false,"Height":null,"Width":null,"AverageFrameRate":null,"RealFrameRate":null,"Profile":null,"Type":2,"AspectRatio":null,"Index":2,"Score":null,"IsExternal":false,"DeliveryMethod":null,"DeliveryUrl":null,"IsExternalUrl":null,"IsTextSubtitleStream":true,"SupportsExternalStream":true,"Path":null,"PixelFormat":null,"Level":0,"IsAnamorphic":null}],"MediaAttachments":[],"Formats":[],"Bitrate":6219232,"Timestamp":null,"RequiredHttpHeaders":{},"TranscodingUrl":null,"TranscodingSubProtocol":null,"TranscodingContainer":null,"AnalyzeDurationMs":null,"DefaultAudioStreamIndex":null,"DefaultSubtitleStreamIndex":null}

/usr/lib/jellyfin-ffmpeg/ffmpeg -analyzeduration 200M -fflags +genpts -f matroska,webm  -i file:"/data/tvshows/Top Gear/Season 22/Top Gear - S22E04 - Episode 4 WEBDL-720p.mkv" -map_metadata -1 -map_chapters -1 -threads 0 -map 0:0 -map 0:1 -map -0:s -codec:v:0 copy -bsf:v h264_mp4toannexb -start_at_zero -codec:a:0 copy -copyts -avoid_negative_ts disabled -max_muxing_queue_size 2048 -f hls -max_delay 5000000 -hls_time 6 -hls_segment_type mpegts -start_number 0 -hls_segment_filename "/data/transcodes/777622c5d41bcd85c0ac6879f918ff60%d.ts" -hls_playlist_type vod -hls_list_size 0 -y "/data/transcodes/777622c5d41bcd85c0ac6879f918ff60.m3u8"


ffmpeg version 5.1.3-Jellyfin Copyright (c) 2000-2022 the FFmpeg developers
  built with gcc 11 (Ubuntu 11.3.0-1ubuntu1~22.04.1)
  configuration: --prefix=/usr/lib/jellyfin-ffmpeg --target-os=linux --extra-libs=-lfftw3f --extra-version=Jellyfin --disable-doc --disable-ffplay --disable-ptx-compression --disable-static --disable-libxcb --disable-sdl2 --disable-xlib --enable-lto --enable-gpl --enable-version3 --enable-shared --enable-gmp --enable-gnutls --enable-chromaprint --enable-libdrm --enable-libass --enable-libfreetype --enable-libfribidi --enable-libfontconfig --enable-libbluray --enable-libmp3lame --enable-libopus --enable-libtheora --enable-libvorbis --enable-libopenmpt --enable-libdav1d --enable-libwebp --enable-libvpx --enable-libx264 --enable-libx265 --enable-libzvbi --enable-libzimg --enable-libfdk-aac --arch=amd64 --enable-libsvtav1 --enable-libshaderc --enable-libplacebo --enable-vulkan --enable-opencl --enable-vaapi --enable-amf --enable-libmfx --enable-ffnvcodec --enable-cuda --enable-cuda-llvm --enable-cuvid --enable-nvdec --enable-nvenc
  libavutil      57. 28.100 / 57. 28.100
  libavcodec     59. 37.100 / 59. 37.100
  libavformat    59. 27.100 / 59. 27.100
  libavdevice    59.  7.100 / 59.  7.100
  libavfilter     8. 44.100 /  8. 44.100
  libswscale      6.  7.100 /  6.  7.100
  libswresample   4.  7.100 /  4.  7.100
  libpostproc    56.  6.100 / 56.  6.100
Input #0, matroska,webm, from 'file:/data/tvshows/Top Gear/Season 22/Top Gear - S22E04 - Episode 4 WEBDL-720p.mkv':
  Metadata:
    ENCODER         : Lavf60.3.100
  Duration: 01:02:31.67, start: -0.021000, bitrate: 5995 kb/s
  Stream #0:0(eng): Video: h264 (High), yuv420p(tv, bt709, progressive), 1280x720 [SAR 1:1 DAR 16:9], 25 fps, 25 tbr, 1k tbn (default)
    Metadata:
      BPS-eng         : 5861208
      DURATION-eng    : 01:02:31.600000000
      NUMBER_OF_FRAMES-eng: 93790
      NUMBER_OF_BYTES-eng: 2748613510
      _STATISTICS_WRITING_APP-eng: mkvmerge v51.0.0 ('I Wish') 64-bit
      _STATISTICS_WRITING_DATE_UTC-eng: 2020-12-30 10:31:06
      _STATISTICS_TAGS-eng: BPS DURATION NUMBER_OF_FRAMES NUMBER_OF_BYTES
      DURATION        : 01:02:31.600000000
  Stream #0:1(eng): Audio: aac (LC), 48000 Hz, stereo, fltp (default)
    Metadata:
      title           : English
      BPS-eng         : 224000
      DURATION-eng    : 01:02:31.648000000
      NUMBER_OF_FRAMES-eng: 117239
      NUMBER_OF_BYTES-eng: 105046144
      _STATISTICS_WRITING_APP-eng: mkvmerge v51.0.0 ('I Wish') 64-bit
      _STATISTICS_WRITING_DATE_UTC-eng: 2020-12-30 10:31:06
      _STATISTICS_TAGS-eng: BPS DURATION NUMBER_OF_FRAMES NUMBER_OF_BYTES
      ENCODER         : Lavc60.3.100 aac
      DURATION        : 01:02:31.669000000
  Stream #0:2(eng): Subtitle: subrip
    Metadata:
      title           : English (SDH)
      BPS-eng         : 99
      DURATION-eng    : 01:01:52.167000000
      NUMBER_OF_FRAMES-eng: 1214
      NUMBER_OF_BYTES-eng: 46028
      _STATISTICS_WRITING_APP-eng: mkvmerge v51.0.0 ('I Wish') 64-bit
      _STATISTICS_WRITING_DATE_UTC-eng: 2020-12-30 10:31:06
      _STATISTICS_TAGS-eng: BPS DURATION NUMBER_OF_FRAMES NUMBER_OF_BYTES
      DURATION        : 01:01:59.267000000
Output #0, hls, to '/data/transcodes/777622c5d41bcd85c0ac6879f918ff60.m3u8':
  Metadata:
    encoder         : Lavf59.27.100
  Stream #0:0: Video: h264 (High), yuv420p(tv, bt709, progressive), 1280x720 [SAR 1:1 DAR 16:9], q=2-31, 25 fps, 25 tbr, 90k tbn (default)
  Stream #0:1: Audio: aac (LC), 48000 Hz, stereo, fltp (default)
Stream mapping:
  Stream #0:0 -> #0:0 (copy)
  Stream #0:1 -> #0:1 (copy)
Press [q] to stop, [?] for help
frame=    1 fps=0.0 q=-1.0 size=N/A time=00:00:00.00 bitrate=N/A speed=N/A    
[hls @ 0x55eee7405b00] Opening '/data/transcodes/777622c5d41bcd85c0ac6879f918ff600.ts' for writing
[hls @ 0x55eee7405b00] Opening '/data/transcodes/777622c5d41bcd85c0ac6879f918ff601.ts' for writing
[hls @ 0x55eee7405b00] Opening '/data/transcodes/777622c5d41bcd85c0ac6879f918ff602.ts' for writing
[hls @ 0x55eee7405b00] Opening '/data/transcodes/777622c5d41bcd85c0ac6879f918ff603.ts' for writing
[hls @ 0x55eee7405b00] Opening '/data/transcodes/777622c5d41bcd85c0ac6879f918ff604.ts' for writing
[hls @ 0x55eee7405b00] Opening '/data/transcodes/777622c5d41bcd85c0ac6879f918ff605.ts' for writing
[hls @ 0x55eee7405b00] Opening '/data/transcodes/777622c5d41bcd85c0ac6879f918ff606.ts' for writing
[hls @ 0x55eee7405b00] Opening '/data/transcodes/777622c5d41bcd85c0ac6879f918ff607.ts' for writing
[hls @ 0x55eee7405b00] Opening '/data/transcodes/777622c5d41bcd85c0ac6879f918ff608.ts' for writing
[hls @ 0x55eee7405b00] Opening '/data/transcodes/777622c5d41bcd85c0ac6879f918ff609.ts' for writing
[hls @ 0x55eee7405b00] Opening '/data/transcodes/777622c5d41bcd85c0ac6879f918ff6010.ts' for writing
[hls @ 0x55eee7405b00] Opening '/data/transcodes/777622c5d41bcd85c0ac6879f918ff6011.ts' for writing
[hls @ 0x55eee7405b00] Opening '/data/transcodes/777622c5d41bcd85c0ac6879f918ff6012.ts' for writing
[hls @ 0x55eee7405b00] Opening '/data/transcodes/777622c5d41bcd85c0ac6879f918ff6013.ts' for writing
[hls @ 0x55eee7405b00] Opening '/data/transcodes/777622c5d41bcd85c0ac6879f918ff6014.ts' for writing
[hls @ 0x55eee7405b00] Opening '/data/transcodes/777622c5d41bcd85c0ac6879f918ff6015.ts' for writing
[hls @ 0x55eee7405b00] Opening '/data/transcodes/777622c5d41bcd85c0ac6879f918ff6016.ts' for writing
[hls @ 0x55eee7405b00] Opening '/data/transcodes/777622c5d41bcd85c0ac6879f918ff6017.ts' for writing
[hls @ 0x55eee7405b00] Opening '/data/transcodes/777622c5d41bcd85c0ac6879f918ff6018.ts' for writing
[hls @ 0x55eee7405b00] Opening '/data/transcodes/777622c5d41bcd85c0ac6879f918ff6019.ts' for writing
[hls @ 0x55eee7405b00] Opening '/data/transcodes/777622c5d41bcd85c0ac6879f918ff6020.ts' for writing
[hls @ 0x55eee7405b00] Opening '/data/transcodes/777622c5d41bcd85c0ac6879f918ff6021.ts' for writing
[hls @ 0x55eee7405b00] Opening '/data/transcodes/777622c5d41bcd85c0ac6879f918ff6022.ts' for writing
[hls @ 0x55eee7405b00] Opening '/data/transcodes/777622c5d41bcd85c0ac6879f918ff6023.ts' for writing
[hls @ 0x55eee7405b00] Opening '/data/transcodes/777622c5d41bcd85c0ac6879f918ff6024.ts' for writing
[hls @ 0x55eee7405b00] Opening '/data/transcodes/777622c5d41bcd85c0ac6879f918ff6025.ts' for writing
frame= 3909 fps=0.0 q=-1.0 size=N/A time=-00:00:00.01 bitrate=N/A speed=N/A    
[hls @ 0x55eee7405b00] Opening '/data/transcodes/777622c5d41bcd85c0ac6879f918ff6026.ts' for writing
[hls @ 0x55eee7405b00] Opening '/data/transcodes/777622c5d41bcd85c0ac6879f918ff6027.ts' for writing
[hls @ 0x55eee7405b00] Opening '/data/transcodes/777622c5d41bcd85c0ac6879f918ff6028.ts' for writing
[hls @ 0x55eee7405b00] Opening '/data/transcodes/777622c5d41bcd85c0ac6879f918ff6029.ts' for writing
[hls @ 0x55eee7405b00] Opening '/data/transcodes/777622c5d41bcd85c0ac6879f918ff6030.ts' for writing
[hls @ 0x55eee7405b00] Opening '/data/transcodes/777622c5d41bcd85c0ac6879f918ff6031.ts' for writing
[hls @ 0x55eee7405b00] Opening '/data/transcodes/777622c5d41bcd85c0ac6879f918ff6032.ts' for writing
[hls @ 0x55eee7405b00] Opening '/data/transcodes/777622c5d41bcd85c0ac6879f918ff6033.ts' for writing
[hls @ 0x55eee7405b00] Opening '/data/transcodes/777622c5d41bcd85c0ac6879f918ff6034.ts' for writing
[hls @ 0x55eee7405b00] Opening '/data/transcodes/777622c5d41bcd85c0ac6879f918ff6035.ts' for writing
[hls @ 0x55eee7405b00] Opening '/data/transcodes/777622c5d41bcd85c0ac6879f918ff6036.ts' for writing
[hls @ 0x55eee7405b00] Opening '/data/transcodes/777622c5d41bcd85c0ac6879f918ff6037.ts' for writing
[hls @ 0x55eee7405b00] Opening '/data/transcodes/777622c5d41bcd85c0ac6879f918ff6038.ts' for writing
[hls @ 0x55eee7405b00] Opening '/data/transcodes/777622c5d41bcd85c0ac6879f918ff6039.ts' for writing
[hls @ 0x55eee7405b00] Opening '/data/transcodes/777622c5d41bcd85c0ac6879f918ff6040.ts' for writing
[hls @ 0x55eee7405b00] Opening '/data/transcodes/777622c5d41bcd85c0ac6879f918ff6041.ts' for writing
[hls @ 0x55eee7405b00] Opening '/data/transcodes/777622c5d41bcd85c0ac6879f918ff6042.ts' for writing
[hls @ 0x55eee7405b00] Opening '/data/transcodes/777622c5d41bcd85c0ac6879f918ff6043.ts' for writing
[hls @ 0x55eee7405b00] Opening '/data/transcodes/777622c5d41bcd85c0ac6879f918ff6044.ts' for writing
[hls @ 0x55eee7405b00] Opening '/data/transcodes/777622c5d41bcd85c0ac6879f918ff6045.ts' for writing
[hls @ 0x55eee7405b00] Opening '/data/transcodes/777622c5d41bcd85c0ac6879f918ff6046.ts' for writing
[hls @ 0x55eee7405b00] Opening '/data/transcodes/777622c5d41bcd85c0ac6879f918ff6047.ts' for writing
[hls @ 0x55eee7405b00] Opening '/data/transcodes/777622c5d41bcd85c0ac6879f918ff6048.ts' for writing
frame= 7367 fps=7275 q=-1.0 size=N/A time=00:02:18.31 bitrate=N/A speed= 137x    
[hls @ 0x55eee7405b00] Opening '/data/transcodes/777622c5d41bcd85c0ac6879f918ff6049.ts' for writing
[hls @ 0x55eee7405b00] Opening '/data/transcodes/777622c5d41bcd85c0ac6879f918ff6050.ts' for writing
[hls @ 0x55eee7405b00] Opening '/data/transcodes/777622c5d41bcd85c0ac6879f918ff6051.ts' for writing
[hls @ 0x55eee7405b00] Opening '/data/transcodes/777622c5d41bcd85c0ac6879f918ff6052.ts' for writing
[hls @ 0x55eee7405b00] Opening '/data/transcodes/777622c5d41bcd85c0ac6879f918ff6053.ts' for writing
[hls @ 0x55eee7405b00] Opening '/data/transcodes/777622c5d41bcd85c0ac6879f918ff6054.ts' for writing
[hls @ 0x55eee7405b00] Opening '/data/transcodes/777622c5d41bcd85c0ac6879f918ff6055.ts' for writing
[hls @ 0x55eee7405b00] Opening '/data/transcodes/777622c5d41bcd85c0ac6879f918ff6056.ts' for writing
[hls @ 0x55eee7405b00] Opening '/data/transcodes/777622c5d41bcd85c0ac6879f918ff6057.ts' for writing
[hls @ 0x55eee7405b00] Opening '/data/transcodes/777622c5d41bcd85c0ac6879f918ff6058.ts' for writing
[hls @ 0x55eee7405b00] Opening '/data/transcodes/777622c5d41bcd85c0ac6879f918ff6059.ts' for writing
[hls @ 0x55eee7405b00] Opening '/data/transcodes/777622c5d41bcd85c0ac6879f918ff6060.ts' for writing
[hls @ 0x55eee7405b00] Opening '/data/transcodes/777622c5d41bcd85c0ac6879f918ff6061.ts' for writing
[hls @ 0x55eee7405b00] Opening '/data/transcodes/777622c5d41bcd85c0ac6879f918ff6062.ts' for writing
[hls @ 0x55eee7405b00] Opening '/data/transcodes/777622c5d41bcd85c0ac6879f918ff6063.ts' for writing
[hls @ 0x55eee7405b00] Opening '/data/transcodes/777622c5d41bcd85c0ac6879f918ff6064.ts' for writing
[hls @ 0x55eee7405b00] Opening '/data/transcodes/777622c5d41bcd85c0ac6879f918ff6065.ts' for writing
[hls @ 0x55eee7405b00] Opening '/data/transcodes/777622c5d41bcd85c0ac6879f918ff6066.ts' for writing
[hls @ 0x55eee7405b00] Opening '/data/transcodes/777622c5d41bcd85c0ac6879f918ff6067.ts' for writing
[hls @ 0x55eee7405b00] Opening '/data/transcodes/777622c5d41bcd85c0ac6879f918ff6068.ts' for writing
[hls @ 0x55eee7405b00] Opening '/data/transcodes/777622c5d41bcd85c0ac6879f918ff6069.ts' for writing
[hls @ 0x55eee7405b00] Opening '/data/transcodes/777622c5d41bcd85c0ac6879f918ff6070.ts' for writing
[hls @ 0x55eee7405b00] Opening '/data/transcodes/777622c5d41bcd85c0ac6879f918ff6071.ts' for writing
[hls @ 0x55eee7405b00] Opening '/data/transcodes/777622c5d41bcd85c0ac6879f918ff6072.ts' for writing
frame=11073 fps=7320 q=-1.0 size=N/A time=00:04:46.55 bitrate=N/A speed= 189x    
[hls @ 0x55eee7405b00] Opening '/data/transcodes/777622c5d41bcd85c0ac6879f918ff6073.ts' for writing
[hls @ 0x55eee7405b00] Opening '/data/transcodes/777622c5d41bcd85c0ac6879f918ff6074.ts' for writing
[hls @ 0x55eee7405b00] Opening '/data/transcodes/777622c5d41bcd85c0ac6879f918ff6075.ts' for writing
[hls @ 0x55eee7405b00] Opening '/data/transcodes/777622c5d41bcd85c0ac6879f918ff6076.ts' for writing
[hls @ 0x55eee7405b00] Opening '/data/transcodes/777622c5d41bcd85c0ac6879f918ff6077.ts' for writing
[hls @ 0x55eee7405b00] Opening '/data/transcodes/777622c5d41bcd85c0ac6879f918ff6078.ts' for writing
[hls @ 0x55eee7405b00] Opening '/data/transcodes/777622c5d41bcd85c0ac6879f918ff6079.ts' for writing
[hls @ 0x55eee7405b00] Opening '/data/transcodes/777622c5d41bcd85c0ac6879f918ff6080.ts' for writing
[hls @ 0x55eee7405b00] Opening '/data/transcodes/777622c5d41bcd85c0ac6879f918ff6081.ts' for writing
[hls @ 0x55eee7405b00] Opening '/data/transcodes/777622c5d41bcd85c0ac6879f918ff6082.ts' for writing
[hls @ 0x55eee7405b00] Opening '/data/transcodes/777622c5d41bcd85c0ac6879f918ff6083.ts' for writing
[hls @ 0x55eee7405b00] Opening '/data/transcodes/777622c5d41bcd85c0ac6879f918ff6084.ts' for writing
[hls @ 0x55eee7405b00] Opening '/data/transcodes/777622c5d41bcd85c0ac6879f918ff6085.ts' for writing
[hls @ 0x55eee7405b00] Opening '/data/transcodes/777622c5d41bcd85c0ac6879f918ff6086.ts' for writing
[hls @ 0x55eee7405b00] Opening '/data/transcodes/777622c5d41bcd85c0ac6879f918ff6087.ts' for writing
[hls @ 0x55eee7405b00] Opening '/data/transcodes/777622c5d41bcd85c0ac6879f918ff6088.ts' for writing
[hls @ 0x55eee7405b00] Opening '/data/transcodes/777622c5d41bcd85c0ac6879f918ff6089.ts' for writing
[hls @ 0x55eee7405b00] Opening '/data/transcodes/777622c5d41bcd85c0ac6879f918ff6090.ts' for writing
[hls @ 0x55eee7405b00] Opening '/data/transcodes/777622c5d41bcd85c0ac6879f918ff6091.ts' for writing
[hls @ 0x55eee7405b00] Opening '/data/transcodes/777622c5d41bcd85c0ac6879f918ff6092.ts' for writing
[hls @ 0x55eee7405b00] Opening '/data/transcodes/777622c5d41bcd85c0ac6879f918ff6093.ts' for writing
[hls @ 0x55eee7405b00] Opening '/data/transcodes/777622c5d41bcd85c0ac6879f918ff6094.ts' for writing
frame=14257 fps=7063 q=-1.0 size=N/A time=00:06:53.91 bitrate=N/A speed= 205x    
[hls @ 0x55eee7405b00] Opening '/data/transcodes/777622c5d41bcd85c0ac6879f918ff6095.ts' for writing
[hls @ 0x55eee7405b00] Opening '/data/transcodes/777622c5d41bcd85c0ac6879f918ff6096.ts' for writing
[hls @ 0x55eee7405b00] Opening '/data/transcodes/777622c5d41bcd85c0ac6879f918ff6097.ts' for writing
[hls @ 0x55eee7405b00] Opening '/data/transcodes/777622c5d41bcd85c0ac6879f918ff6098.ts' for writing
[hls @ 0x55eee7405b00] Opening '/data/transcodes/777622c5d41bcd85c0ac6879f918ff6099.ts' for writing
[hls @ 0x55eee7405b00] Opening '/data/transcodes/777622c5d41bcd85c0ac6879f918ff60100.ts' for writing
[hls @ 0x55eee7405b00] Opening '/data/transcodes/777622c5d41bcd85c0ac6879f918ff60101.ts' for writing
[hls @ 0x55eee7405b00] Opening '/data/transcodes/777622c5d41bcd85c0ac6879f918ff60102.ts' for writing
[hls @ 0x55eee7405b00] Opening '/data/transcodes/777622c5d41bcd85c0ac6879f918ff60103.ts' for writing
[hls @ 0x55eee7405b00] Opening '/data/transcodes/777622c5d41bcd85c0ac6879f918ff60104.ts' for writing
[hls @ 0x55eee7405b00] Opening '/data/transcodes/777622c5d41bcd85c0ac6879f918ff60105.ts' for writing
[hls @ 0x55eee7405b00] Opening '/data/transcodes/777622c5d41bcd85c0ac6879f918ff60106.ts' for writing
[hls @ 0x55eee7405b00] Opening '/data/transcodes/777622c5d41bcd85c0ac6879f918ff60107.ts' for writing
[hls @ 0x55eee7405b00] Opening '/data/transcodes/777622c5d41bcd85c0ac6879f918ff60108.ts' for writing
[hls @ 0x55eee7405b00] Opening '/data/transcodes/777622c5d41bcd85c0ac6879f918ff60109.ts' for writing
[hls @ 0x55eee7405b00] Opening '/data/transcodes/777622c5d41bcd85c0ac6879f918ff60110.ts' for writing
[hls @ 0x55eee7405b00] Opening '/data/transcodes/777622c5d41bcd85c0ac6879f918ff60111.ts' for writing
[hls @ 0x55eee7405b00] Opening '/data/transcodes/777622c5d41bcd85c0ac6879f918ff60112.ts' for writing
[hls @ 0x55eee7405b00] Opening '/data/transcodes/777622c5d41bcd85c0ac6879f918ff60113.ts' for writing
[hls @ 0x55eee7405b00] Opening '/data/transcodes/777622c5d41bcd85c0ac6879f918ff60114.ts' for writing
[hls @ 0x55eee7405b00] Opening '/data/transcodes/777622c5d41bcd85c0ac6879f918ff60115.ts' for writing
[hls @ 0x55eee7405b00] Opening '/data/transcodes/777622c5d41bcd85c0ac6879f918ff60116.ts' for writing
[hls @ 0x55eee7405b00] Opening '/data/transcodes/777622c5d41bcd85c0ac6879f918ff60117.ts' for writing
[hls @ 0x55eee7405b00] Opening '/data/transcodes/777622c5d41bcd85c0ac6879f918ff60118.ts' for writing
frame=17984 fps=7140 q=-1.0 size=N/A time=00:09:22.99 bitrate=N/A speed= 224x    
[hls @ 0x55eee7405b00] Opening '/data/transcodes/777622c5d41bcd85c0ac6879f918ff60119.ts' for writing
[hls @ 0x55eee7405b00] Opening '/data/transcodes/777622c5d41bcd85c0ac6879f918ff60120.ts' for writing
[hls @ 0x55eee7405b00] Opening '/data/transcodes/777622c5d41bcd85c0ac6879f918ff60121.ts' for writing
[hls @ 0x55eee7405b00] Opening '/data/transcodes/777622c5d41bcd85c0ac6879f918ff60122.ts' for writing
[hls @ 0x55eee7405b00] Opening '/data/transcodes/777622c5d41bcd85c0ac6879f918ff60123.ts' for writing
[hls @ 0x55eee7405b00] Opening '/data/transcodes/777622c5d41bcd85c0ac6879f918ff60124.ts' for writing
[hls @ 0x55eee7405b00] Opening '/data/transcodes/777622c5d41bcd85c0ac6879f918ff60125.ts' for writing
[hls @ 0x55eee7405b00] Opening '/data/transcodes/777622c5d41bcd85c0ac6879f918ff60126.ts' for writing
[hls @ 0x55eee7405b00] Opening '/data/transcodes/777622c5d41bcd85c0ac6879f918ff60127.ts' for writing
[hls @ 0x55eee7405b00] Opening '/data/transcodes/777622c5d41bcd85c0ac6879f918ff60128.ts' for writing
[hls @ 0x55eee7405b00] Opening '/data/transcodes/777622c5d41bcd85c0ac6879f918ff60129.ts' for writing
[hls @ 0x55eee7405b00] Opening '/data/transcodes/777622c5d41bcd85c0ac6879f918ff60130.ts' for writing
[hls @ 0x55eee7405b00] Opening '/data/transcodes/777622c5d41bcd85c0ac6879f918ff60131.ts' for writing
[hls @ 0x55eee7405b00] Opening '/data/transcodes/777622c5d41bcd85c0ac6879f918ff60132.ts' for writing
[hls @ 0x55eee7405b00] Opening '/data/transcodes/777622c5d41bcd85c0ac6879f918ff60133.ts' for writing
[hls @ 0x55eee7405b00] Opening '/data/transcodes/777622c5d41bcd85c0ac6879f918ff60134.ts' for writing
[hls @ 0x55eee7405b00] Opening '/data/transcodes/777622c5d41bcd85c0ac6879f918ff60135.ts' for writing
[hls @ 0x55eee7405b00] Opening '/data/transcodes/777622c5d41bcd85c0ac6879f918ff60136.ts' for writing
[hls @ 0x55eee7405b00] Opening '/data/transcodes/777622c5d41bcd85c0ac6879f918ff60137.ts' for writing
[hls @ 0x55eee7405b00] Opening '/data/transcodes/777622c5d41bcd85c0ac6879f918ff60138.ts' for writing
[hls @ 0x55eee7405b00] Opening '/data/transcodes/777622c5d41bcd85c0ac6879f918ff60139.ts' for writing
[hls @ 0x55eee7405b00] Opening '/data/transcodes/777622c5d41bcd85c0ac6879f918ff60140.ts' for writing
frame=21159 fps=7009 q=-1.0 size=N/A time=00:11:30.01 bitrate=N/A speed= 229x    
[hls @ 0x55eee7405b00] Opening '/data/transcodes/777622c5d41bcd85c0ac6879f918ff60141.ts' for writing
[hls @ 0x55eee7405b00] Opening '/data/transcodes/777622c5d41bcd85c0ac6879f918ff60142.ts' for writing
[hls @ 0x55eee7405b00] Opening '/data/transcodes/777622c5d41bcd85c0ac6879f918ff60143.ts' for writing
[hls @ 0x55eee7405b00] Opening '/data/transcodes/777622c5d41bcd85c0ac6879f918ff60144.ts' for writing
[hls @ 0x55eee7405b00] Opening '/data/transcodes/777622c5d41bcd85c0ac6879f918ff60145.ts' for writing
[hls @ 0x55eee7405b00] Opening '/data/transcodes/777622c5d41bcd85c0ac6879f918ff60146.ts' for writing
[hls @ 0x55eee7405b00] Opening '/data/transcodes/777622c5d41bcd85c0ac6879f918ff60147.ts' for writing
[hls @ 0x55eee7405b00] Opening '/data/transcodes/777622c5d41bcd85c0ac6879f918ff60148.ts' for writing
[hls @ 0x55eee7405b00] Opening '/data/transcodes/777622c5d41bcd85c0ac6879f918ff60149.ts' for writing
[hls @ 0x55eee7405b00] Opening '/data/transcodes/777622c5d41bcd85c0ac6879f918ff60150.ts' for writing
[hls @ 0x55eee7405b00] Opening '/data/transcodes/777622c5d41bcd85c0ac6879f918ff60151.ts' for writing
[hls @ 0x55eee7405b00] Opening '/data/transcodes/777622c5d41bcd85c0ac6879f918ff60152.ts' for writing
[hls @ 0x55eee7405b00] Opening '/data/transcodes/777622c5d41bcd85c0ac6879f918ff60153.ts' for writing
[hls @ 0x55eee7405b00] Opening '/data/transcodes/777622c5d41bcd85c0ac6879f918ff60154.ts' for writing
[hls @ 0x55eee7405b00] Opening '/data/transcodes/777622c5d41bcd85c0ac6879f918ff60155.ts' for writing
[hls @ 0x55eee7405b00] Opening '/data/transcodes/777622c5d41bcd85c0ac6879f918ff60156.ts' for writing
[hls @ 0x55eee7405b00] Opening '/data/transcodes/777622c5d41bcd85c0ac6879f918ff60157.ts' for writing
[hls @ 0x55eee7405b00] Opening '/data/transcodes/777622c5d41bcd85c0ac6879f918ff60158.ts' for writing
[hls @ 0x55eee7405b00] Opening '/data/transcodes/777622c5d41bcd85c0ac6879f918ff60159.ts' for writing
[hls @ 0x55eee7405b00] Opening '/data/transcodes/777622c5d41bcd85c0ac6879f918ff60160.ts' for writing
[hls @ 0x55eee7405b00] Opening '/data/transcodes/777622c5d41bcd85c0ac6879f918ff60161.ts' for writing
[hls @ 0x55eee7405b00] Opening '/data/transcodes/777622c5d41bcd85c0ac6879f918ff60162.ts' for writing
frame=24581 fps=6978 q=-1.0 size=N/A time=00:13:46.86 bitrate=N/A speed= 235x    
[hls @ 0x55eee7405b00] Opening '/data/transcodes/777622c5d41bcd85c0ac6879f918ff60163.ts' for writing
[hls @ 0x55eee7405b00] Opening '/data/transcodes/777622c5d41bcd85c0ac6879f918ff60164.ts' for writing
[hls @ 0x55eee7405b00] Opening '/data/transcodes/777622c5d41bcd85c0ac6879f918ff60165.ts' for writing
[hls @ 0x55eee7405b00] Opening '/data/transcodes/777622c5d41bcd85c0ac6879f918ff60166.ts' for writing
[hls @ 0x55eee7405b00] Opening '/data/transcodes/777622c5d41bcd85c0ac6879f918ff60167.ts' for writing
[hls @ 0x55eee7405b00] Opening '/data/transcodes/777622c5d41bcd85c0ac6879f918ff60168.ts' for writing
[hls @ 0x55eee7405b00] Opening '/data/transcodes/777622c5d41bcd85c0ac6879f918ff60169.ts' for writing
[hls @ 0x55eee7405b00] Opening '/data/transcodes/777622c5d41bcd85c0ac6879f918ff60170.ts' for writing
[hls @ 0x55eee7405b00] Opening '/data/transcodes/777622c5d41bcd85c0ac6879f918ff60171.ts' for writing
[hls @ 0x55eee7405b00] Opening '/data/transcodes/777622c5d41bcd85c0ac6879f918ff60172.ts' for writing
[hls @ 0x55eee7405b00] Opening '/data/transcodes/777622c5d41bcd85c0ac6879f918ff60173.ts' for writing
[hls @ 0x55eee7405b00] Opening '/data/transcodes/777622c5d41bcd85c0ac6879f918ff60174.ts' for writing
[hls @ 0x55eee7405b00] Opening '/data/transcodes/777622c5d41bcd85c0ac6879f918ff60175.ts' for writing
[hls @ 0x55eee7405b00] Opening '/data/transcodes/777622c5d41bcd85c0ac6879f918ff60176.ts' for writing
[hls @ 0x55eee7405b00] Opening '/data/transcodes/777622c5d41bcd85c0ac6879f918ff60177.ts' for writing
[hls @ 0x55eee7405b00] Opening '/data/transcodes/777622c5d41bcd85c0ac6879f918ff60178.ts' for writing
[hls @ 0x55eee7405b00] Opening '/data/transcodes/777622c5d41bcd85c0ac6879f918ff60179.ts' for writing
[hls @ 0x55eee7405b00] Opening '/data/transcodes/777622c5d41bcd85c0ac6879f918ff60180.ts' for writing
[hls @ 0x55eee7405b00] Opening '/data/transcodes/777622c5d41bcd85c0ac6879f918ff60181.ts' for writing
[hls @ 0x55eee7405b00] Opening '/data/transcodes/777622c5d41bcd85c0ac6879f918ff60182.ts' for writing
[hls @ 0x55eee7405b00] Opening '/data/transcodes/777622c5d41bcd85c0ac6879f918ff60183.ts' for writing
[hls @ 0x55eee7405b00] Opening '/data/transcodes/777622c5d41bcd85c0ac6879f918ff60184.ts' for writing
frame=27751 fps=6897 q=-1.0 size=N/A time=00:15:53.69 bitrate=N/A speed= 237x    
[hls @ 0x55eee7405b00] Opening '/data/transcodes/777622c5d41bcd85c0ac6879f918ff60185.ts' for writing
[hls @ 0x55eee7405b00] Opening '/data/transcodes/777622c5d41bcd85c0ac6879f918ff60186.ts' for writing
[hls @ 0x55eee7405b00] Opening '/data/transcodes/777622c5d41bcd85c0ac6879f918ff60187.ts' for writing
[hls @ 0x55eee7405b00] Opening '/data/transcodes/777622c5d41bcd85c0ac6879f918ff60188.ts' for writing
[hls @ 0x55eee7405b00] Opening '/data/transcodes/777622c5d41bcd85c0ac6879f918ff60189.ts' for writing
[hls @ 0x55eee7405b00] Opening '/data/transcodes/777622c5d41bcd85c0ac6879f918ff60190.ts' for writing
[hls @ 0x55eee7405b00] Opening '/data/transcodes/777622c5d41bcd85c0ac6879f918ff60191.ts' for writing
[hls @ 0x55eee7405b00] Opening '/data/transcodes/777622c5d41bcd85c0ac6879f918ff60192.ts' for writing
[hls @ 0x55eee7405b00] Opening '/data/transcodes/777622c5d41bcd85c0ac6879f918ff60193.ts' for writing
[hls @ 0x55eee7405b00] Opening '/data/transcodes/777622c5d41bcd85c0ac6879f918ff60194.ts' for writing
[hls @ 0x55eee7405b00] Opening '/data/transcodes/777622c5d41bcd85c0ac6879f918ff60195.ts' for writing
[hls @ 0x55eee7405b00] Opening '/data/transcodes/777622c5d41bcd85c0ac6879f918ff60196.ts' for writing
[hls @ 0x55eee7405b00] Opening '/data/transcodes/777622c5d41bcd85c0ac6879f918ff60197.ts' for writing
[hls @ 0x55eee7405b00] Opening '/data/transcodes/777622c5d41bcd85c0ac6879f918ff60198.ts' for writing
[hls @ 0x55eee7405b00] Opening '/data/transcodes/777622c5d41bcd85c0ac6879f918ff60199.ts' for writing
[hls @ 0x55eee7405b00] Opening '/data/transcodes/777622c5d41bcd85c0ac6879f918ff60200.ts' for writing
[hls @ 0x55eee7405b00] Opening '/data/transcodes/777622c5d41bcd85c0ac6879f918ff60201.ts' for writing
[hls @ 0x55eee7405b00] Opening '/data/transcodes/777622c5d41bcd85c0ac6879f918ff60202.ts' for writing
[hls @ 0x55eee7405b00] Opening '/data/transcodes/777622c5d41bcd85c0ac6879f918ff60203.ts' for writing
[hls @ 0x55eee7405b00] Opening '/data/transcodes/777622c5d41bcd85c0ac6879f918ff60204.ts' for writing
[hls @ 0x55eee7405b00] Opening '/data/transcodes/777622c5d41bcd85c0ac6879f918ff60205.ts' for writing
[hls @ 0x55eee7405b00] Opening '/data/transcodes/777622c5d41bcd85c0ac6879f918ff60206.ts' for writing
[hls @ 0x55eee7405b00] Opening '/data/transcodes/777622c5d41bcd85c0ac6879f918ff60207.ts' for writing
[hls @ 0x55eee7405b00] Opening '/data/transcodes/777622c5d41bcd85c0ac6879f918ff60208.ts' for writing
frame=31387 fps=6939 q=-1.0 size=N/A time=00:18:19.10 bitrate=N/A speed= 243x    
[hls @ 0x55eee7405b00] Opening '/data/transcodes/777622c5d41bcd85c0ac6879f918ff60209.ts' for writing
[hls @ 0x55eee7405b00] Opening '/data/transcodes/777622c5d41bcd85c0ac6879f918ff60210.ts' for writing
[hls @ 0x55eee7405b00] Opening '/data/transcodes/777622c5d41bcd85c0ac6879f918ff60211.ts' for writing
[hls @ 0x55eee7405b00] Opening '/data/transcodes/777622c5d41bcd85c0ac6879f918ff60212.ts' for writing
[hls @ 0x55eee7405b00] Opening '/data/transcodes/777622c5d41bcd85c0ac6879f918ff60213.ts' for writing
[hls @ 0x55eee7405b00] Opening '/data/transcodes/777622c5d41bcd85c0ac6879f918ff60214.ts' for writing
[hls @ 0x55eee7405b00] Opening '/data/transcodes/777622c5d41bcd85c0ac6879f918ff60215.ts' for writing
[hls @ 0x55eee7405b00] Opening '/data/transcodes/777622c5d41bcd85c0ac6879f918ff60216.ts' for writing
[hls @ 0x55eee7405b00] Opening '/data/transcodes/777622c5d41bcd85c0ac6879f918ff60217.ts' for writing
[hls @ 0x55eee7405b00] Opening '/data/transcodes/777622c5d41bcd85c0ac6879f918ff60218.ts' for writing
[hls @ 0x55eee7405b00] Opening '/data/transcodes/777622c5d41bcd85c0ac6879f918ff60219.ts' for writing
[hls @ 0x55eee7405b00] Opening '/data/transcodes/777622c5d41bcd85c0ac6879f918ff60220.ts' for writing
[hls @ 0x55eee7405b00] Opening '/data/transcodes/777622c5d41bcd85c0ac6879f918ff60221.ts' for writing
[hls @ 0x55eee7405b00] Opening '/data/transcodes/777622c5d41bcd85c0ac6879f918ff60222.ts' for writing
[hls @ 0x55eee7405b00] Opening '/data/transcodes/777622c5d41bcd85c0ac6879f918ff60223.ts' for writing
[hls @ 0x55eee7405b00] Opening '/data/transcodes/777622c5d41bcd85c0ac6879f918ff60224.ts' for writing
[hls @ 0x55eee7405b00] Opening '/data/transcodes/777622c5d41bcd85c0ac6879f918ff60225.ts' for writing
[hls @ 0x55eee7405b00] Opening '/data/transcodes/777622c5d41bcd85c0ac6879f918ff60226.ts' for writing
[hls @ 0x55eee7405b00] Opening '/data/transcodes/777622c5d41bcd85c0ac6879f918ff60227.ts' for writing
[hls @ 0x55eee7405b00] Opening '/data/transcodes/777622c5d41bcd85c0ac6879f918ff60228.ts' for writing
[hls @ 0x55eee7405b00] Opening '/data/transcodes/777622c5d41bcd85c0ac6879f918ff60229.ts' for writing
[hls @ 0x55eee7405b00] Opening '/data/transcodes/777622c5d41bcd85c0ac6879f918ff60230.ts' for writing
[hls @ 0x55eee7405b00] Opening '/data/transcodes/777622c5d41bcd85c0ac6879f918ff60231.ts' for writing
[hls @ 0x55eee7405b00] Opening '/data/transcodes/777622c5d41bcd85c0ac6879f918ff60232.ts' for writing
frame=35092 fps=6985 q=-1.0 size=N/A time=00:20:47.32 bitrate=N/A speed= 248x    
[hls @ 0x55eee7405b00] Opening '/data/transcodes/777622c5d41bcd85c0ac6879f918ff60233.ts' for writing
[hls @ 0x55eee7405b00] Opening '/data/transcodes/777622c5d41bcd85c0ac6879f918ff60234.ts' for writing
[hls @ 0x55eee7405b00] Opening '/data/transcodes/777622c5d41bcd85c0ac6879f918ff60235.ts' for writing
[hls @ 0x55eee7405b00] Opening '/data/transcodes/777622c5d41bcd85c0ac6879f918ff60236.ts' for writing
[hls @ 0x55eee7405b00] Opening '/data/transcodes/777622c5d41bcd85c0ac6879f918ff60237.ts' for writing
[hls @ 0x55eee7405b00] Opening '/data/transcodes/777622c5d41bcd85c0ac6879f918ff60238.ts' for writing
[hls @ 0x55eee7405b00] Opening '/data/transcodes/777622c5d41bcd85c0ac6879f918ff60239.ts' for writing
[hls @ 0x55eee7405b00] Opening '/data/transcodes/777622c5d41bcd85c0ac6879f918ff60240.ts' for writing
[hls @ 0x55eee7405b00] Opening '/data/transcodes/777622c5d41bcd85c0ac6879f918ff60241.ts' for writing
[hls @ 0x55eee7405b00] Opening '/data/transcodes/777622c5d41bcd85c0ac6879f918ff60242.ts' for writing
[hls @ 0x55eee7405b00] Opening '/data/transcodes/777622c5d41bcd85c0ac6879f918ff60243.ts' for writing
[hls @ 0x55eee7405b00] Opening '/data/transcodes/777622c5d41bcd85c0ac6879f918ff60244.ts' for writing
[hls @ 0x55eee7405b00] Opening '/data/transcodes/777622c5d41bcd85c0ac6879f918ff60245.ts' for writing
[hls @ 0x55eee7405b00] Opening '/data/transcodes/777622c5d41bcd85c0ac6879f918ff60246.ts' for writing
[hls @ 0x55eee7405b00] Opening '/data/transcodes/777622c5d41bcd85c0ac6879f918ff60247.ts' for writing
[hls @ 0x55eee7405b00] Opening '/data/transcodes/777622c5d41bcd85c0ac6879f918ff60248.ts' for writing
[hls @ 0x55eee7405b00] Opening '/data/transcodes/777622c5d41bcd85c0ac6879f918ff60249.ts' for writing
[hls @ 0x55eee7405b00] Opening '/data/transcodes/777622c5d41bcd85c0ac6879f918ff60250.ts' for writing
[hls @ 0x55eee7405b00] Opening '/data/transcodes/777622c5d41bcd85c0ac6879f918ff60251.ts' for writing
[hls @ 0x55eee7405b00] Opening '/data/transcodes/777622c5d41bcd85c0ac6879f918ff60252.ts' for writing
[hls @ 0x55eee7405b00] Opening '/data/transcodes/777622c5d41bcd85c0ac6879f918ff60253.ts' for writing
frame=38211 fps=6917 q=-1.0 size=N/A time=00:22:52.06 bitrate=N/A speed= 248x    
[hls @ 0x55eee7405b00] Opening '/data/transcodes/777622c5d41bcd85c0ac6879f918ff60254.ts' for writing
[hls @ 0x55eee7405b00] Opening '/data/transcodes/777622c5d41bcd85c0ac6879f918ff60255.ts' for writing
[hls @ 0x55eee7405b00] Opening '/data/transcodes/777622c5d41bcd85c0ac6879f918ff60256.ts' for writing
[hls @ 0x55eee7405b00] Opening '/data/transcodes/777622c5d41bcd85c0ac6879f918ff60257.ts' for writing
[hls @ 0x55eee7405b00] Opening '/data/transcodes/777622c5d41bcd85c0ac6879f918ff60258.ts' for writing
[hls @ 0x55eee7405b00] Opening '/data/transcodes/777622c5d41bcd85c0ac6879f918ff60259.ts' for writing
[hls @ 0x55eee7405b00] Opening '/data/transcodes/777622c5d41bcd85c0ac6879f918ff60260.ts' for writing
[hls @ 0x55eee7405b00] Opening '/data/transcodes/777622c5d41bcd85c0ac6879f918ff60261.ts' for writing
[hls @ 0x55eee7405b00] Opening '/data/transcodes/777622c5d41bcd85c0ac6879f918ff60262.ts' for writing
[hls @ 0x55eee7405b00] Opening '/data/transcodes/777622c5d41bcd85c0ac6879f918ff60263.ts' for writing
[hls @ 0x55eee7405b00] Opening '/data/transcodes/777622c5d41bcd85c0ac6879f918ff60264.ts' for writing
[hls @ 0x55eee7405b00] Opening '/data/transcodes/777622c5d41bcd85c0ac6879f918ff60265.ts' for writing
[hls @ 0x55eee7405b00] Opening '/data/transcodes/777622c5d41bcd85c0ac6879f918ff60266.ts' for writing
[hls @ 0x55eee7405b00] Opening '/data/transcodes/777622c5d41bcd85c0ac6879f918ff60267.ts' for writing
[hls @ 0x55eee7405b00] Opening '/data/transcodes/777622c5d41bcd85c0ac6879f918ff60268.ts' for writing
[hls @ 0x55eee7405b00] Opening '/data/transcodes/777622c5d41bcd85c0ac6879f918ff60269.ts' for writing
[hls @ 0x55eee7405b00] Opening '/data/transcodes/777622c5d41bcd85c0ac6879f918ff60270.ts' for writing
[hls @ 0x55eee7405b00] Opening '/data/transcodes/777622c5d41bcd85c0ac6879f918ff60271.ts' for writing
[hls @ 0x55eee7405b00] Opening '/data/transcodes/777622c5d41bcd85c0ac6879f918ff60272.ts' for writing
[hls @ 0x55eee7405b00] Opening '/data/transcodes/777622c5d41bcd85c0ac6879f918ff60273.ts' for writing
[hls @ 0x55eee7405b00] Opening '/data/transcodes/777622c5d41bcd85c0ac6879f918ff60274.ts' for writing
[hls @ 0x55eee7405b00] Opening '/data/transcodes/777622c5d41bcd85c0ac6879f918ff60275.ts' for writing
frame=41401 fps=6873 q=-1.0 size=N/A time=00:24:59.67 bitrate=N/A speed= 249x    
[hls @ 0x55eee7405b00] Opening '/data/transcodes/777622c5d41bcd85c0ac6879f918ff60276.ts' for writing
[hls @ 0x55eee7405b00] Opening '/data/transcodes/777622c5d41bcd85c0ac6879f918ff60277.ts' for writing
[hls @ 0x55eee7405b00] Opening '/data/transcodes/777622c5d41bcd85c0ac6879f918ff60278.ts' for writing
[hls @ 0x55eee7405b00] Opening '/data/transcodes/777622c5d41bcd85c0ac6879f918ff60279.ts' for writing
[hls @ 0x55eee7405b00] Opening '/data/transcodes/777622c5d41bcd85c0ac6879f918ff60280.ts' for writing
[hls @ 0x55eee7405b00] Opening '/data/transcodes/777622c5d41bcd85c0ac6879f918ff60281.ts' for writing
[hls @ 0x55eee7405b00] Opening '/data/transcodes/777622c5d41bcd85c0ac6879f918ff60282.ts' for writing
[hls @ 0x55eee7405b00] Opening '/data/transcodes/777622c5d41bcd85c0ac6879f918ff60283.ts' for writing
[hls @ 0x55eee7405b00] Opening '/data/transcodes/777622c5d41bcd85c0ac6879f918ff60284.ts' for writing
[hls @ 0x55eee7405b00] Opening '/data/transcodes/777622c5d41bcd85c0ac6879f918ff60285.ts' for writing
[hls @ 0x55eee7405b00] Opening '/data/transcodes/777622c5d41bcd85c0ac6879f918ff60286.ts' for writing
[hls @ 0x55eee7405b00] Opening '/data/transcodes/777622c5d41bcd85c0ac6879f918ff60287.ts' for writing
[hls @ 0x55eee7405b00] Opening '/data/transcodes/777622c5d41bcd85c0ac6879f918ff60288.ts' for writing
[hls @ 0x55eee7405b00] Opening '/data/transcodes/777622c5d41bcd85c0ac6879f918ff60289.ts' for writing
[hls @ 0x55eee7405b00] Opening '/data/transcodes/777622c5d41bcd85c0ac6879f918ff60290.ts' for writing
[hls @ 0x55eee7405b00] Opening '/data/transcodes/777622c5d41bcd85c0ac6879f918ff60291.ts' for writing
[hls @ 0x55eee7405b00] Opening '/data/transcodes/777622c5d41bcd85c0ac6879f918ff60292.ts' for writing
[hls @ 0x55eee7405b00] Opening '/data/transcodes/777622c5d41bcd85c0ac6879f918ff60293.ts' for writing
[hls @ 0x55eee7405b00] Opening '/data/transcodes/777622c5d41bcd85c0ac6879f918ff60294.ts' for writing
[hls @ 0x55eee7405b00] Opening '/data/transcodes/777622c5d41bcd85c0ac6879f918ff60295.ts' for writing
[hls @ 0x55eee7405b00] Opening '/data/transcodes/777622c5d41bcd85c0ac6879f918ff60296.ts' for writing
[hls @ 0x55eee7405b00] Opening '/data/transcodes/777622c5d41bcd85c0ac6879f918ff60297.ts' for writing
[hls @ 0x55eee7405b00] Opening '/data/transcodes/777622c5d41bcd85c0ac6879f918ff60298.ts' for writing
frame=44851 fps=6871 q=-1.0 size=N/A time=00:27:17.68 bitrate=N/A speed= 251x    
[hls @ 0x55eee7405b00] Opening '/data/transcodes/777622c5d41bcd85c0ac6879f918ff60299.ts' for writing
[hls @ 0x55eee7405b00] Opening '/data/transcodes/777622c5d41bcd85c0ac6879f918ff60300.ts' for writing
[hls @ 0x55eee7405b00] Opening '/data/transcodes/777622c5d41bcd85c0ac6879f918ff60301.ts' for writing
[hls @ 0x55eee7405b00] Opening '/data/transcodes/777622c5d41bcd85c0ac6879f918ff60302.ts' for writing
[hls @ 0x55eee7405b00] Opening '/data/transcodes/777622c5d41bcd85c0ac6879f918ff60303.ts' for writing
[hls @ 0x55eee7405b00] Opening '/data/transcodes/777622c5d41bcd85c0ac6879f918ff60304.ts' for writing
[hls @ 0x55eee7405b00] Opening '/data/transcodes/777622c5d41bcd85c0ac6879f918ff60305.ts' for writing
[hls @ 0x55eee7405b00] Opening '/data/transcodes/777622c5d41bcd85c0ac6879f918ff60306.ts' for writing
[hls @ 0x55eee7405b00] Opening '/data/transcodes/777622c5d41bcd85c0ac6879f918ff60307.ts' for writing
[hls @ 0x55eee7405b00] Opening '/data/transcodes/777622c5d41bcd85c0ac6879f918ff60308.ts' for writing
[hls @ 0x55eee7405b00] Opening '/data/transcodes/777622c5d41bcd85c0ac6879f918ff60309.ts' for writing
[hls @ 0x55eee7405b00] Opening '/data/transcodes/777622c5d41bcd85c0ac6879f918ff60310.ts' for writing
[hls @ 0x55eee7405b00] Opening '/data/transcodes/777622c5d41bcd85c0ac6879f918ff60311.ts' for writing
[hls @ 0x55eee7405b00] Opening '/data/transcodes/777622c5d41bcd85c0ac6879f918ff60312.ts' for writing
[hls @ 0x55eee7405b00] Opening '/data/transcodes/777622c5d41bcd85c0ac6879f918ff60313.ts' for writing
[hls @ 0x55eee7405b00] Opening '/data/transcodes/777622c5d41bcd85c0ac6879f918ff60314.ts' for writing
[hls @ 0x55eee7405b00] Opening '/data/transcodes/777622c5d41bcd85c0ac6879f918ff60315.ts' for writing
[hls @ 0x55eee7405b00] Opening '/data/transcodes/777622c5d41bcd85c0ac6879f918ff60316.ts' for writing
[hls @ 0x55eee7405b00] Opening '/data/transcodes/777622c5d41bcd85c0ac6879f918ff60317.ts' for writing
[hls @ 0x55eee7405b00] Opening '/data/transcodes/777622c5d41bcd85c0ac6879f918ff60318.ts' for writing
[hls @ 0x55eee7405b00] Opening '/data/transcodes/777622c5d41bcd85c0ac6879f918ff60319.ts' for writing
frame=48117 fps=6847 q=-1.0 size=N/A time=00:29:28.30 bitrate=N/A speed= 252x    
[hls @ 0x55eee7405b00] Opening '/data/transcodes/777622c5d41bcd85c0ac6879f918ff60320.ts' for writing
[hls @ 0x55eee7405b00] Opening '/data/transcodes/777622c5d41bcd85c0ac6879f918ff60321.ts' for writing
[hls @ 0x55eee7405b00] Opening '/data/transcodes/777622c5d41bcd85c0ac6879f918ff60322.ts' for writing
[hls @ 0x55eee7405b00] Opening '/data/transcodes/777622c5d41bcd85c0ac6879f918ff60323.ts' for writing
[hls @ 0x55eee7405b00] Opening '/data/transcodes/777622c5d41bcd85c0ac6879f918ff60324.ts' for writing
[hls @ 0x55eee7405b00] Opening '/data/transcodes/777622c5d41bcd85c0ac6879f918ff60325.ts' for writing
[hls @ 0x55eee7405b00] Opening '/data/transcodes/777622c5d41bcd85c0ac6879f918ff60326.ts' for writing
[hls @ 0x55eee7405b00] Opening '/data/transcodes/777622c5d41bcd85c0ac6879f918ff60327.ts' for writing
[hls @ 0x55eee7405b00] Opening '/data/transcodes/777622c5d41bcd85c0ac6879f918ff60328.ts' for writing
[hls @ 0x55eee7405b00] Opening '/data/transcodes/777622c5d41bcd85c0ac6879f918ff60329.ts' for writing
[hls @ 0x55eee7405b00] Opening '/data/transcodes/777622c5d41bcd85c0ac6879f918ff60330.ts' for writing
[hls @ 0x55eee7405b00] Opening '/data/transcodes/777622c5d41bcd85c0ac6879f918ff60331.ts' for writing
[hls @ 0x55eee7405b00] Opening '/data/transcodes/777622c5d41bcd85c0ac6879f918ff60332.ts' for writing
[hls @ 0x55eee7405b00] Opening '/data/transcodes/777622c5d41bcd85c0ac6879f918ff60333.ts' for writing
[hls @ 0x55eee7405b00] Opening '/data/transcodes/777622c5d41bcd85c0ac6879f918ff60334.ts' for writing
[hls @ 0x55eee7405b00] Opening '/data/transcodes/777622c5d41bcd85c0ac6879f918ff60335.ts' for writing
[hls @ 0x55eee7405b00] Opening '/data/transcodes/777622c5d41bcd85c0ac6879f918ff60336.ts' for writing
[hls @ 0x55eee7405b00] Opening '/data/transcodes/777622c5d41bcd85c0ac6879f918ff60337.ts' for writing
[hls @ 0x55eee7405b00] Opening '/data/transcodes/777622c5d41bcd85c0ac6879f918ff60338.ts' for writing
[hls @ 0x55eee7405b00] Opening '/data/transcodes/777622c5d41bcd85c0ac6879f918ff60339.ts' for writing
[hls @ 0x55eee7405b00] Opening '/data/transcodes/777622c5d41bcd85c0ac6879f918ff60340.ts' for writing
[hls @ 0x55eee7405b00] Opening '/data/transcodes/777622c5d41bcd85c0ac6879f918ff60341.ts' for writing
[hls @ 0x55eee7405b00] Opening '/data/transcodes/777622c5d41bcd85c0ac6879f918ff60342.ts' for writing
[hls @ 0x55eee7405b00] Opening '/data/transcodes/777622c5d41bcd85c0ac6879f918ff60343.ts' for writing
[hls @ 0x55eee7405b00] Opening '/data/transcodes/777622c5d41bcd85c0ac6879f918ff60344.ts' for writing
[hls @ 0x55eee7405b00] Opening '/data/transcodes/777622c5d41bcd85c0ac6879f918ff60345.ts' for writing
[hls @ 0x55eee7405b00] Opening '/data/transcodes/777622c5d41bcd85c0ac6879f918ff60346.ts' for writing
[hls @ 0x55eee7405b00] Opening '/data/transcodes/777622c5d41bcd85c0ac6879f918ff60347.ts' for writing
[hls @ 0x55eee7405b00] Opening '/data/transcodes/777622c5d41bcd85c0ac6879f918ff60348.ts' for writing
[hls @ 0x55eee7405b00] Opening '/data/transcodes/777622c5d41bcd85c0ac6879f918ff60349.ts' for writing
frame=52501 fps=6971 q=-1.0 size=N/A time=00:32:23.68 bitrate=N/A speed= 258x    
[hls @ 0x55eee7405b00] Opening '/data/transcodes/777622c5d41bcd85c0ac6879f918ff60350.ts' for writing
[hls @ 0x55eee7405b00] Opening '/data/transcodes/777622c5d41bcd85c0ac6879f918ff60351.ts' for writing
[hls @ 0x55eee7405b00] Opening '/data/transcodes/777622c5d41bcd85c0ac6879f918ff60352.ts' for writing
[hls @ 0x55eee7405b00] Opening '/data/transcodes/777622c5d41bcd85c0ac6879f918ff60353.ts' for writing
[hls @ 0x55eee7405b00] Opening '/data/transcodes/777622c5d41bcd85c0ac6879f918ff60354.ts' for writing
[hls @ 0x55eee7405b00] Opening '/data/transcodes/777622c5d41bcd85c0ac6879f918ff60355.ts' for writing
[hls @ 0x55eee7405b00] Opening '/data/transcodes/777622c5d41bcd85c0ac6879f918ff60356.ts' for writing
[hls @ 0x55eee7405b00] Opening '/data/transcodes/777622c5d41bcd85c0ac6879f918ff60357.ts' for writing
[hls @ 0x55eee7405b00] Opening '/data/transcodes/777622c5d41bcd85c0ac6879f918ff60358.ts' for writing
[hls @ 0x55eee7405b00] Opening '/data/transcodes/777622c5d41bcd85c0ac6879f918ff60359.ts' for writing
[hls @ 0x55eee7405b00] Opening '/data/transcodes/777622c5d41bcd85c0ac6879f918ff60360.ts' for writing
[hls @ 0x55eee7405b00] Opening '/data/transcodes/777622c5d41bcd85c0ac6879f918ff60361.ts' for writing
[hls @ 0x55eee7405b00] Opening '/data/transcodes/777622c5d41bcd85c0ac6879f918ff60362.ts' for writing
[hls @ 0x55eee7405b00] Opening '/data/transcodes/777622c5d41bcd85c0ac6879f918ff60363.ts' for writing
[hls @ 0x55eee7405b00] Opening '/data/transcodes/777622c5d41bcd85c0ac6879f918ff60364.ts' for writing
[hls @ 0x55eee7405b00] Opening '/data/transcodes/777622c5d41bcd85c0ac6879f918ff60365.ts' for writing
[hls @ 0x55eee7405b00] Opening '/data/transcodes/777622c5d41bcd85c0ac6879f918ff60366.ts' for writing
[hls @ 0x55eee7405b00] Opening '/data/transcodes/777622c5d41bcd85c0ac6879f918ff60367.ts' for writing
[hls @ 0x55eee7405b00] Opening '/data/transcodes/777622c5d41bcd85c0ac6879f918ff60368.ts' for writing
[hls @ 0x55eee7405b00] Opening '/data/transcodes/777622c5d41bcd85c0ac6879f918ff60369.ts' for writing
[hls @ 0x55eee7405b00] Opening '/data/transcodes/777622c5d41bcd85c0ac6879f918ff60370.ts' for writing
[hls @ 0x55eee7405b00] Opening '/data/transcodes/777622c5d41bcd85c0ac6879f918ff60371.ts' for writing
[hls @ 0x55eee7405b00] Opening '/data/transcodes/777622c5d41bcd85c0ac6879f918ff60372.ts' for writing
[hls @ 0x55eee7405b00] Opening '/data/transcodes/777622c5d41bcd85c0ac6879f918ff60373.ts' for writing
[hls @ 0x55eee7405b00] Opening '/data/transcodes/777622c5d41bcd85c0ac6879f918ff60374.ts' for writing
[hls @ 0x55eee7405b00] Opening '/data/transcodes/777622c5d41bcd85c0ac6879f918ff60375.ts' for writing
frame=56401 fps=7014 q=-1.0 size=N/A time=00:34:59.69 bitrate=N/A speed= 261x    
[hls @ 0x55eee7405b00] Opening '/data/transcodes/777622c5d41bcd85c0ac6879f918ff60376.ts' for writing
[hls @ 0x55eee7405b00] Opening '/data/transcodes/777622c5d41bcd85c0ac6879f918ff60377.ts' for writing
[hls @ 0x55eee7405b00] Opening '/data/transcodes/777622c5d41bcd85c0ac6879f918ff60378.ts' for writing
[hls @ 0x55eee7405b00] Opening '/data/transcodes/777622c5d41bcd85c0ac6879f918ff60379.ts' for writing
[hls @ 0x55eee7405b00] Opening '/data/transcodes/777622c5d41bcd85c0ac6879f918ff60380.ts' for writing
[hls @ 0x55eee7405b00] Opening '/data/transcodes/777622c5d41bcd85c0ac6879f918ff60381.ts' for writing
[hls @ 0x55eee7405b00] Opening '/data/transcodes/777622c5d41bcd85c0ac6879f918ff60382.ts' for writing
[hls @ 0x55eee7405b00] Opening '/data/transcodes/777622c5d41bcd85c0ac6879f918ff60383.ts' for writing
[hls @ 0x55eee7405b00] Opening '/data/transcodes/777622c5d41bcd85c0ac6879f918ff60384.ts' for writing
[hls @ 0x55eee7405b00] Opening '/data/transcodes/777622c5d41bcd85c0ac6879f918ff60385.ts' for writing
[hls @ 0x55eee7405b00] Opening '/data/transcodes/777622c5d41bcd85c0ac6879f918ff60386.ts' for writing
[hls @ 0x55eee7405b00] Opening '/data/transcodes/777622c5d41bcd85c0ac6879f918ff60387.ts' for writing
[hls @ 0x55eee7405b00] Opening '/data/transcodes/777622c5d41bcd85c0ac6879f918ff60388.ts' for writing
[hls @ 0x55eee7405b00] Opening '/data/transcodes/777622c5d41bcd85c0ac6879f918ff60389.ts' for writing
[hls @ 0x55eee7405b00] Opening '/data/transcodes/777622c5d41bcd85c0ac6879f918ff60390.ts' for writing
[hls @ 0x55eee7405b00] Opening '/data/transcodes/777622c5d41bcd85c0ac6879f918ff60391.ts' for writing
[hls @ 0x55eee7405b00] Opening '/data/transcodes/777622c5d41bcd85c0ac6879f918ff60392.ts' for writing
[hls @ 0x55eee7405b00] Opening '/data/transcodes/777622c5d41bcd85c0ac6879f918ff60393.ts' for writing
[hls @ 0x55eee7405b00] Opening '/data/transcodes/777622c5d41bcd85c0ac6879f918ff60394.ts' for writing
frame=59394 fps=6954 q=-1.0 size=N/A time=00:36:59.40 bitrate=N/A speed= 260x    
[hls @ 0x55eee7405b00] Opening '/data/transcodes/777622c5d41bcd85c0ac6879f918ff60395.ts' for writing
[hls @ 0x55eee7405b00] Opening '/data/transcodes/777622c5d41bcd85c0ac6879f918ff60396.ts' for writing
[hls @ 0x55eee7405b00] Opening '/data/transcodes/777622c5d41bcd85c0ac6879f918ff60397.ts' for writing
[hls @ 0x55eee7405b00] Opening '/data/transcodes/777622c5d41bcd85c0ac6879f918ff60398.ts' for writing
[hls @ 0x55eee7405b00] Opening '/data/transcodes/777622c5d41bcd85c0ac6879f918ff60399.ts' for writing
[hls @ 0x55eee7405b00] Opening '/data/transcodes/777622c5d41bcd85c0ac6879f918ff60400.ts' for writing
[hls @ 0x55eee7405b00] Opening '/data/transcodes/777622c5d41bcd85c0ac6879f918ff60401.ts' for writing
[hls @ 0x55eee7405b00] Opening '/data/transcodes/777622c5d41bcd85c0ac6879f918ff60402.ts' for writing
[hls @ 0x55eee7405b00] Opening '/data/transcodes/777622c5d41bcd85c0ac6879f918ff60403.ts' for writing
[hls @ 0x55eee7405b00] Opening '/data/transcodes/777622c5d41bcd85c0ac6879f918ff60404.ts' for writing
[hls @ 0x55eee7405b00] Opening '/data/transcodes/777622c5d41bcd85c0ac6879f918ff60405.ts' for writing
[hls @ 0x55eee7405b00] Opening '/data/transcodes/777622c5d41bcd85c0ac6879f918ff60406.ts' for writing
[hls @ 0x55eee7405b00] Opening '/data/transcodes/777622c5d41bcd85c0ac6879f918ff60407.ts' for writing
[hls @ 0x55eee7405b00] Opening '/data/transcodes/777622c5d41bcd85c0ac6879f918ff60408.ts' for writing
[hls @ 0x55eee7405b00] Opening '/data/transcodes/777622c5d41bcd85c0ac6879f918ff60409.ts' for writing
[hls @ 0x55eee7405b00] Opening '/data/transcodes/777622c5d41bcd85c0ac6879f918ff60410.ts' for writing
[hls @ 0x55eee7405b00] Opening '/data/transcodes/777622c5d41bcd85c0ac6879f918ff60411.ts' for writing
[hls @ 0x55eee7405b00] Opening '/data/transcodes/777622c5d41bcd85c0ac6879f918ff60412.ts' for writing
[hls @ 0x55eee7405b00] Opening '/data/transcodes/777622c5d41bcd85c0ac6879f918ff60413.ts' for writing
[hls @ 0x55eee7405b00] Opening '/data/transcodes/777622c5d41bcd85c0ac6879f918ff60414.ts' for writing
[hls @ 0x55eee7405b00] Opening '/data/transcodes/777622c5d41bcd85c0ac6879f918ff60415.ts' for writing
[hls @ 0x55eee7405b00] Opening '/data/transcodes/777622c5d41bcd85c0ac6879f918ff60416.ts' for writing
[hls @ 0x55eee7405b00] Opening '/data/transcodes/777622c5d41bcd85c0ac6879f918ff60417.ts' for writing
[hls @ 0x55eee7405b00] Opening '/data/transcodes/777622c5d41bcd85c0ac6879f918ff60418.ts' for writing
[hls @ 0x55eee7405b00] Opening '/data/transcodes/777622c5d41bcd85c0ac6879f918ff60419.ts' for writing
frame=63089 fps=6978 q=-1.0 size=N/A time=00:39:27.17 bitrate=N/A speed= 262x    
[hls @ 0x55eee7405b00] Opening '/data/transcodes/777622c5d41bcd85c0ac6879f918ff60420.ts' for writing
[hls @ 0x55eee7405b00] Opening '/data/transcodes/777622c5d41bcd85c0ac6879f918ff60421.ts' for writing
[hls @ 0x55eee7405b00] Opening '/data/transcodes/777622c5d41bcd85c0ac6879f918ff60422.ts' for writing
[hls @ 0x55eee7405b00] Opening '/data/transcodes/777622c5d41bcd85c0ac6879f918ff60423.ts' for writing
[hls @ 0x55eee7405b00] Opening '/data/transcodes/777622c5d41bcd85c0ac6879f918ff60424.ts' for writing
[hls @ 0x55eee7405b00] Opening '/data/transcodes/777622c5d41bcd85c0ac6879f918ff60425.ts' for writing
[hls @ 0x55eee7405b00] Opening '/data/transcodes/777622c5d41bcd85c0ac6879f918ff60426.ts' for writing
[hls @ 0x55eee7405b00] Opening '/data/transcodes/777622c5d41bcd85c0ac6879f918ff60427.ts' for writing
[hls @ 0x55eee7405b00] Opening '/data/transcodes/777622c5d41bcd85c0ac6879f918ff60428.ts' for writing
[hls @ 0x55eee7405b00] Opening '/data/transcodes/777622c5d41bcd85c0ac6879f918ff60429.ts' for writing
[hls @ 0x55eee7405b00] Opening '/data/transcodes/777622c5d41bcd85c0ac6879f918ff60430.ts' for writing
[hls @ 0x55eee7405b00] Opening '/data/transcodes/777622c5d41bcd85c0ac6879f918ff60431.ts' for writing
[hls @ 0x55eee7405b00] Opening '/data/transcodes/777622c5d41bcd85c0ac6879f918ff60432.ts' for writing
[hls @ 0x55eee7405b00] Opening '/data/transcodes/777622c5d41bcd85c0ac6879f918ff60433.ts' for writing
[hls @ 0x55eee7405b00] Opening '/data/transcodes/777622c5d41bcd85c0ac6879f918ff60434.ts' for writing
[hls @ 0x55eee7405b00] Opening '/data/transcodes/777622c5d41bcd85c0ac6879f918ff60435.ts' for writing
[hls @ 0x55eee7405b00] Opening '/data/transcodes/777622c5d41bcd85c0ac6879f918ff60436.ts' for writing
[hls @ 0x55eee7405b00] Opening '/data/transcodes/777622c5d41bcd85c0ac6879f918ff60437.ts' for writing
[hls @ 0x55eee7405b00] Opening '/data/transcodes/777622c5d41bcd85c0ac6879f918ff60438.ts' for writing
[hls @ 0x55eee7405b00] Opening '/data/transcodes/777622c5d41bcd85c0ac6879f918ff60439.ts' for writing
[hls @ 0x55eee7405b00] Opening '/data/transcodes/777622c5d41bcd85c0ac6879f918ff60440.ts' for writing
[hls @ 0x55eee7405b00] Opening '/data/transcodes/777622c5d41bcd85c0ac6879f918ff60441.ts' for writing
[hls @ 0x55eee7405b00] Opening '/data/transcodes/777622c5d41bcd85c0ac6879f918ff60442.ts' for writing
frame=66598 fps=6980 q=-1.0 size=N/A time=00:41:47.57 bitrate=N/A speed= 263x    
[hls @ 0x55eee7405b00] Opening '/data/transcodes/777622c5d41bcd85c0ac6879f918ff60443.ts' for writing
[hls @ 0x55eee7405b00] Opening '/data/transcodes/777622c5d41bcd85c0ac6879f918ff60444.ts' for writing
[hls @ 0x55eee7405b00] Opening '/data/transcodes/777622c5d41bcd85c0ac6879f918ff60445.ts' for writing
[hls @ 0x55eee7405b00] Opening '/data/transcodes/777622c5d41bcd85c0ac6879f918ff60446.ts' for writing
[hls @ 0x55eee7405b00] Opening '/data/transcodes/777622c5d41bcd85c0ac6879f918ff60447.ts' for writing
[hls @ 0x55eee7405b00] Opening '/data/transcodes/777622c5d41bcd85c0ac6879f918ff60448.ts' for writing
[hls @ 0x55eee7405b00] Opening '/data/transcodes/777622c5d41bcd85c0ac6879f918ff60449.ts' for writing
[hls @ 0x55eee7405b00] Opening '/data/transcodes/777622c5d41bcd85c0ac6879f918ff60450.ts' for writing
[hls @ 0x55eee7405b00] Opening '/data/transcodes/777622c5d41bcd85c0ac6879f918ff60451.ts' for writing
[hls @ 0x55eee7405b00] Opening '/data/transcodes/777622c5d41bcd85c0ac6879f918ff60452.ts' for writing
[hls @ 0x55eee7405b00] Opening '/data/transcodes/777622c5d41bcd85c0ac6879f918ff60453.ts' for writing
[hls @ 0x55eee7405b00] Opening '/data/transcodes/777622c5d41bcd85c0ac6879f918ff60454.ts' for writing
[hls @ 0x55eee7405b00] Opening '/data/transcodes/777622c5d41bcd85c0ac6879f918ff60455.ts' for writing
[hls @ 0x55eee7405b00] Opening '/data/transcodes/777622c5d41bcd85c0ac6879f918ff60456.ts' for writing
[hls @ 0x55eee7405b00] Opening '/data/transcodes/777622c5d41bcd85c0ac6879f918ff60457.ts' for writing
[hls @ 0x55eee7405b00] Opening '/data/transcodes/777622c5d41bcd85c0ac6879f918ff60458.ts' for writing
[hls @ 0x55eee7405b00] Opening '/data/transcodes/777622c5d41bcd85c0ac6879f918ff60459.ts' for writing
[hls @ 0x55eee7405b00] Opening '/data/transcodes/777622c5d41bcd85c0ac6879f918ff60460.ts' for writing
[hls @ 0x55eee7405b00] Opening '/data/transcodes/777622c5d41bcd85c0ac6879f918ff60461.ts' for writing
[hls @ 0x55eee7405b00] Opening '/data/transcodes/777622c5d41bcd85c0ac6879f918ff60462.ts' for writing
[hls @ 0x55eee7405b00] Opening '/data/transcodes/777622c5d41bcd85c0ac6879f918ff60463.ts' for writing
[hls @ 0x55eee7405b00] Opening '/data/transcodes/777622c5d41bcd85c0ac6879f918ff60464.ts' for writing
[hls @ 0x55eee7405b00] Opening '/data/transcodes/777622c5d41bcd85c0ac6879f918ff60465.ts' for writing
[hls @ 0x55eee7405b00] Opening '/data/transcodes/777622c5d41bcd85c0ac6879f918ff60466.ts' for writing
[hls @ 0x55eee7405b00] Opening '/data/transcodes/777622c5d41bcd85c0ac6879f918ff60467.ts' for writing
[hls @ 0x55eee7405b00] Opening '/data/transcodes/777622c5d41bcd85c0ac6879f918ff60468.ts' for writing
[hls @ 0x55eee7405b00] Opening '/data/transcodes/777622c5d41bcd85c0ac6879f918ff60469.ts' for writing
frame=70625 fps=7033 q=-1.0 size=N/A time=00:44:28.65 bitrate=N/A speed= 266x    
[hls @ 0x55eee7405b00] Opening '/data/transcodes/777622c5d41bcd85c0ac6879f918ff60470.ts' for writing
[hls @ 0x55eee7405b00] Opening '/data/transcodes/777622c5d41bcd85c0ac6879f918ff60471.ts' for writing
[hls @ 0x55eee7405b00] Opening '/data/transcodes/777622c5d41bcd85c0ac6879f918ff60472.ts' for writing
[hls @ 0x55eee7405b00] Opening '/data/transcodes/777622c5d41bcd85c0ac6879f918ff60473.ts' for writing
[hls @ 0x55eee7405b00] Opening '/data/transcodes/777622c5d41bcd85c0ac6879f918ff60474.ts' for writing
[hls @ 0x55eee7405b00] Opening '/data/transcodes/777622c5d41bcd85c0ac6879f918ff60475.ts' for writing
[hls @ 0x55eee7405b00] Opening '/data/transcodes/777622c5d41bcd85c0ac6879f918ff60476.ts' for writing
[hls @ 0x55eee7405b00] Opening '/data/transcodes/777622c5d41bcd85c0ac6879f918ff60477.ts' for writing
[hls @ 0x55eee7405b00] Opening '/data/transcodes/777622c5d41bcd85c0ac6879f918ff60478.ts' for writing
[hls @ 0x55eee7405b00] Opening '/data/transcodes/777622c5d41bcd85c0ac6879f918ff60479.ts' for writing
[hls @ 0x55eee7405b00] Opening '/data/transcodes/777622c5d41bcd85c0ac6879f918ff60480.ts' for writing
[hls @ 0x55eee7405b00] Opening '/data/transcodes/777622c5d41bcd85c0ac6879f918ff60481.ts' for writing
[hls @ 0x55eee7405b00] Opening '/data/transcodes/777622c5d41bcd85c0ac6879f918ff60482.ts' for writing
[hls @ 0x55eee7405b00] Opening '/data/transcodes/777622c5d41bcd85c0ac6879f918ff60483.ts' for writing
[hls @ 0x55eee7405b00] Opening '/data/transcodes/777622c5d41bcd85c0ac6879f918ff60484.ts' for writing
[hls @ 0x55eee7405b00] Opening '/data/transcodes/777622c5d41bcd85c0ac6879f918ff60485.ts' for writing
[hls @ 0x55eee7405b00] Opening '/data/transcodes/777622c5d41bcd85c0ac6879f918ff60486.ts' for writing
[hls @ 0x55eee7405b00] Opening '/data/transcodes/777622c5d41bcd85c0ac6879f918ff60487.ts' for writing
[hls @ 0x55eee7405b00] Opening '/data/transcodes/777622c5d41bcd85c0ac6879f918ff60488.ts' for writing
[hls @ 0x55eee7405b00] Opening '/data/transcodes/777622c5d41bcd85c0ac6879f918ff60489.ts' for writing
[hls @ 0x55eee7405b00] Opening '/data/transcodes/777622c5d41bcd85c0ac6879f918ff60490.ts' for writing
[hls @ 0x55eee7405b00] Opening '/data/transcodes/777622c5d41bcd85c0ac6879f918ff60491.ts' for writing
[hls @ 0x55eee7405b00] Opening '/data/transcodes/777622c5d41bcd85c0ac6879f918ff60492.ts' for writing
frame=74021 fps=7022 q=-1.0 size=N/A time=00:46:44.46 bitrate=N/A speed= 266x    
[hls @ 0x55eee7405b00] Opening '/data/transcodes/777622c5d41bcd85c0ac6879f918ff60493.ts' for writing
[hls @ 0x55eee7405b00] Opening '/data/transcodes/777622c5d41bcd85c0ac6879f918ff60494.ts' for writing
[hls @ 0x55eee7405b00] Opening '/data/transcodes/777622c5d41bcd85c0ac6879f918ff60495.ts' for writing
[hls @ 0x55eee7405b00] Opening '/data/transcodes/777622c5d41bcd85c0ac6879f918ff60496.ts' for writing
[hls @ 0x55eee7405b00] Opening '/data/transcodes/777622c5d41bcd85c0ac6879f918ff60497.ts' for writing
[hls @ 0x55eee7405b00] Opening '/data/transcodes/777622c5d41bcd85c0ac6879f918ff60498.ts' for writing
[hls @ 0x55eee7405b00] Opening '/data/transcodes/777622c5d41bcd85c0ac6879f918ff60499.ts' for writing
[hls @ 0x55eee7405b00] Opening '/data/transcodes/777622c5d41bcd85c0ac6879f918ff60500.ts' for writing
[hls @ 0x55eee7405b00] Opening '/data/transcodes/777622c5d41bcd85c0ac6879f918ff60501.ts' for writing
[hls @ 0x55eee7405b00] Opening '/data/transcodes/777622c5d41bcd85c0ac6879f918ff60502.ts' for writing
[hls @ 0x55eee7405b00] Opening '/data/transcodes/777622c5d41bcd85c0ac6879f918ff60503.ts' for writing
[hls @ 0x55eee7405b00] Opening '/data/transcodes/777622c5d41bcd85c0ac6879f918ff60504.ts' for writing
[hls @ 0x55eee7405b00] Opening '/data/transcodes/777622c5d41bcd85c0ac6879f918ff60505.ts' for writing
[hls @ 0x55eee7405b00] Opening '/data/transcodes/777622c5d41bcd85c0ac6879f918ff60506.ts' for writing
[hls @ 0x55eee7405b00] Opening '/data/transcodes/777622c5d41bcd85c0ac6879f918ff60507.ts' for writing
[hls @ 0x55eee7405b00] Opening '/data/transcodes/777622c5d41bcd85c0ac6879f918ff60508.ts' for writing
[hls @ 0x55eee7405b00] Opening '/data/transcodes/777622c5d41bcd85c0ac6879f918ff60509.ts' for writing
[hls @ 0x55eee7405b00] Opening '/data/transcodes/777622c5d41bcd85c0ac6879f918ff60510.ts' for writing
[hls @ 0x55eee7405b00] Opening '/data/transcodes/777622c5d41bcd85c0ac6879f918ff60511.ts' for writing
[hls @ 0x55eee7405b00] Opening '/data/transcodes/777622c5d41bcd85c0ac6879f918ff60512.ts' for writing
[hls @ 0x55eee7405b00] Opening '/data/transcodes/777622c5d41bcd85c0ac6879f918ff60513.ts' for writing
[hls @ 0x55eee7405b00] Opening '/data/transcodes/777622c5d41bcd85c0ac6879f918ff60514.ts' for writing
[hls @ 0x55eee7405b00] Opening '/data/transcodes/777622c5d41bcd85c0ac6879f918ff60515.ts' for writing
[hls @ 0x55eee7405b00] Opening '/data/transcodes/777622c5d41bcd85c0ac6879f918ff60516.ts' for writing
[hls @ 0x55eee7405b00] Opening '/data/transcodes/777622c5d41bcd85c0ac6879f918ff60517.ts' for writing
frame=77701 fps=7033 q=-1.0 size=N/A time=00:49:11.68 bitrate=N/A speed= 267x    
[hls @ 0x55eee7405b00] Opening '/data/transcodes/777622c5d41bcd85c0ac6879f918ff60518.ts' for writing
[hls @ 0x55eee7405b00] Opening '/data/transcodes/777622c5d41bcd85c0ac6879f918ff60519.ts' for writing
[hls @ 0x55eee7405b00] Opening '/data/transcodes/777622c5d41bcd85c0ac6879f918ff60520.ts' for writing
[hls @ 0x55eee7405b00] Opening '/data/transcodes/777622c5d41bcd85c0ac6879f918ff60521.ts' for writing
[hls @ 0x55eee7405b00] Opening '/data/transcodes/777622c5d41bcd85c0ac6879f918ff60522.ts' for writing
[hls @ 0x55eee7405b00] Opening '/data/transcodes/777622c5d41bcd85c0ac6879f918ff60523.ts' for writing
[hls @ 0x55eee7405b00] Opening '/data/transcodes/777622c5d41bcd85c0ac6879f918ff60524.ts' for writing
[hls @ 0x55eee7405b00] Opening '/data/transcodes/777622c5d41bcd85c0ac6879f918ff60525.ts' for writing
[hls @ 0x55eee7405b00] Opening '/data/transcodes/777622c5d41bcd85c0ac6879f918ff60526.ts' for writing
[hls @ 0x55eee7405b00] Opening '/data/transcodes/777622c5d41bcd85c0ac6879f918ff60527.ts' for writing
[hls @ 0x55eee7405b00] Opening '/data/transcodes/777622c5d41bcd85c0ac6879f918ff60528.ts' for writing
[hls @ 0x55eee7405b00] Opening '/data/transcodes/777622c5d41bcd85c0ac6879f918ff60529.ts' for writing
[hls @ 0x55eee7405b00] Opening '/data/transcodes/777622c5d41bcd85c0ac6879f918ff60530.ts' for writing
[hls @ 0x55eee7405b00] Opening '/data/transcodes/777622c5d41bcd85c0ac6879f918ff60531.ts' for writing
[hls @ 0x55eee7405b00] Opening '/data/transcodes/777622c5d41bcd85c0ac6879f918ff60532.ts' for writing
[hls @ 0x55eee7405b00] Opening '/data/transcodes/777622c5d41bcd85c0ac6879f918ff60533.ts' for writing
[hls @ 0x55eee7405b00] Opening '/data/transcodes/777622c5d41bcd85c0ac6879f918ff60534.ts' for writing
[hls @ 0x55eee7405b00] Opening '/data/transcodes/777622c5d41bcd85c0ac6879f918ff60535.ts' for writing
[hls @ 0x55eee7405b00] Opening '/data/transcodes/777622c5d41bcd85c0ac6879f918ff60536.ts' for writing
[hls @ 0x55eee7405b00] Opening '/data/transcodes/777622c5d41bcd85c0ac6879f918ff60537.ts' for writing
[hls @ 0x55eee7405b00] Opening '/data/transcodes/777622c5d41bcd85c0ac6879f918ff60538.ts' for writing
[hls @ 0x55eee7405b00] Opening '/data/transcodes/777622c5d41bcd85c0ac6879f918ff60539.ts' for writing
frame=81001 fps=7012 q=-1.0 size=N/A time=00:51:23.69 bitrate=N/A speed= 267x    
[hls @ 0x55eee7405b00] Opening '/data/transcodes/777622c5d41bcd85c0ac6879f918ff60540.ts' for writing
[hls @ 0x55eee7405b00] Opening '/data/transcodes/777622c5d41bcd85c0ac6879f918ff60541.ts' for writing
[hls @ 0x55eee7405b00] Opening '/data/transcodes/777622c5d41bcd85c0ac6879f918ff60542.ts' for writing
[hls @ 0x55eee7405b00] Opening '/data/transcodes/777622c5d41bcd85c0ac6879f918ff60543.ts' for writing
[hls @ 0x55eee7405b00] Opening '/data/transcodes/777622c5d41bcd85c0ac6879f918ff60544.ts' for writing
[hls @ 0x55eee7405b00] Opening '/data/transcodes/777622c5d41bcd85c0ac6879f918ff60545.ts' for writing
[hls @ 0x55eee7405b00] Opening '/data/transcodes/777622c5d41bcd85c0ac6879f918ff60546.ts' for writing
[hls @ 0x55eee7405b00] Opening '/data/transcodes/777622c5d41bcd85c0ac6879f918ff60547.ts' for writing
[hls @ 0x55eee7405b00] Opening '/data/transcodes/777622c5d41bcd85c0ac6879f918ff60548.ts' for writing
[hls @ 0x55eee7405b00] Opening '/data/transcodes/777622c5d41bcd85c0ac6879f918ff60549.ts' for writing
[hls @ 0x55eee7405b00] Opening '/data/transcodes/777622c5d41bcd85c0ac6879f918ff60550.ts' for writing
[hls @ 0x55eee7405b00] Opening '/data/transcodes/777622c5d41bcd85c0ac6879f918ff60551.ts' for writing
[hls @ 0x55eee7405b00] Opening '/data/transcodes/777622c5d41bcd85c0ac6879f918ff60552.ts' for writing
[hls @ 0x55eee7405b00] Opening '/data/transcodes/777622c5d41bcd85c0ac6879f918ff60553.ts' for writing
[hls @ 0x55eee7405b00] Opening '/data/transcodes/777622c5d41bcd85c0ac6879f918ff60554.ts' for writing
[hls @ 0x55eee7405b00] Opening '/data/transcodes/777622c5d41bcd85c0ac6879f918ff60555.ts' for writing
[hls @ 0x55eee7405b00] Opening '/data/transcodes/777622c5d41bcd85c0ac6879f918ff60556.ts' for writing
[hls @ 0x55eee7405b00] Opening '/data/transcodes/777622c5d41bcd85c0ac6879f918ff60557.ts' for writing
[hls @ 0x55eee7405b00] Opening '/data/transcodes/777622c5d41bcd85c0ac6879f918ff60558.ts' for writing
[hls @ 0x55eee7405b00] Opening '/data/transcodes/777622c5d41bcd85c0ac6879f918ff60559.ts' for writing
[hls @ 0x55eee7405b00] Opening '/data/transcodes/777622c5d41bcd85c0ac6879f918ff60560.ts' for writing
[hls @ 0x55eee7405b00] Opening '/data/transcodes/777622c5d41bcd85c0ac6879f918ff60561.ts' for writing
[hls @ 0x55eee7405b00] Opening '/data/transcodes/777622c5d41bcd85c0ac6879f918ff60562.ts' for writing
[hls @ 0x55eee7405b00] Opening '/data/transcodes/777622c5d41bcd85c0ac6879f918ff60563.ts' for writing
[hls @ 0x55eee7405b00] Opening '/data/transcodes/777622c5d41bcd85c0ac6879f918ff60564.ts' for writing
frame=84756 fps=7032 q=-1.0 size=N/A time=00:53:53.88 bitrate=N/A speed= 268x    
[hls @ 0x55eee7405b00] Opening '/data/transcodes/777622c5d41bcd85c0ac6879f918ff60565.ts' for writing
[hls @ 0x55eee7405b00] Opening '/data/transcodes/777622c5d41bcd85c0ac6879f918ff60566.ts' for writing
[hls @ 0x55eee7405b00] Opening '/data/transcodes/777622c5d41bcd85c0ac6879f918ff60567.ts' for writing
[hls @ 0x55eee7405b00] Opening '/data/transcodes/777622c5d41bcd85c0ac6879f918ff60568.ts' for writing
[hls @ 0x55eee7405b00] Opening '/data/transcodes/777622c5d41bcd85c0ac6879f918ff60569.ts' for writing
[hls @ 0x55eee7405b00] Opening '/data/transcodes/777622c5d41bcd85c0ac6879f918ff60570.ts' for writing
[hls @ 0x55eee7405b00] Opening '/data/transcodes/777622c5d41bcd85c0ac6879f918ff60571.ts' for writing
[hls @ 0x55eee7405b00] Opening '/data/transcodes/777622c5d41bcd85c0ac6879f918ff60572.ts' for writing
[hls @ 0x55eee7405b00] Opening '/data/transcodes/777622c5d41bcd85c0ac6879f918ff60573.ts' for writing
[hls @ 0x55eee7405b00] Opening '/data/transcodes/777622c5d41bcd85c0ac6879f918ff60574.ts' for writing
[hls @ 0x55eee7405b00] Opening '/data/transcodes/777622c5d41bcd85c0ac6879f918ff60575.ts' for writing
[hls @ 0x55eee7405b00] Opening '/data/transcodes/777622c5d41bcd85c0ac6879f918ff60576.ts' for writing
[hls @ 0x55eee7405b00] Opening '/data/transcodes/777622c5d41bcd85c0ac6879f918ff60577.ts' for writing
[hls @ 0x55eee7405b00] Opening '/data/transcodes/777622c5d41bcd85c0ac6879f918ff60578.ts' for writing
[hls @ 0x55eee7405b00] Opening '/data/transcodes/777622c5d41bcd85c0ac6879f918ff60579.ts' for writing
[hls @ 0x55eee7405b00] Opening '/data/transcodes/777622c5d41bcd85c0ac6879f918ff60580.ts' for writing
[hls @ 0x55eee7405b00] Opening '/data/transcodes/777622c5d41bcd85c0ac6879f918ff60581.ts' for writing
[hls @ 0x55eee7405b00] Opening '/data/transcodes/777622c5d41bcd85c0ac6879f918ff60582.ts' for writing
[hls @ 0x55eee7405b00] Opening '/data/transcodes/777622c5d41bcd85c0ac6879f918ff60583.ts' for writing
[hls @ 0x55eee7405b00] Opening '/data/transcodes/777622c5d41bcd85c0ac6879f918ff60584.ts' for writing
[hls @ 0x55eee7405b00] Opening '/data/transcodes/777622c5d41bcd85c0ac6879f918ff60585.ts' for writing
[hls @ 0x55eee7405b00] Opening '/data/transcodes/777622c5d41bcd85c0ac6879f918ff60586.ts' for writing
frame=88056 fps=7015 q=-1.0 size=N/A time=00:56:05.87 bitrate=N/A speed= 268x    
[hls @ 0x55eee7405b00] Opening '/data/transcodes/777622c5d41bcd85c0ac6879f918ff60587.ts' for writing
[hls @ 0x55eee7405b00] Opening '/data/transcodes/777622c5d41bcd85c0ac6879f918ff60588.ts' for writing
[hls @ 0x55eee7405b00] Opening '/data/transcodes/777622c5d41bcd85c0ac6879f918ff60589.ts' for writing
[hls @ 0x55eee7405b00] Opening '/data/transcodes/777622c5d41bcd85c0ac6879f918ff60590.ts' for writing
[hls @ 0x55eee7405b00] Opening '/data/transcodes/777622c5d41bcd85c0ac6879f918ff60591.ts' for writing
[hls @ 0x55eee7405b00] Opening '/data/transcodes/777622c5d41bcd85c0ac6879f918ff60592.ts' for writing
[hls @ 0x55eee7405b00] Opening '/data/transcodes/777622c5d41bcd85c0ac6879f918ff60593.ts' for writing
[hls @ 0x55eee7405b00] Opening '/data/transcodes/777622c5d41bcd85c0ac6879f918ff60594.ts' for writing
[hls @ 0x55eee7405b00] Opening '/data/transcodes/777622c5d41bcd85c0ac6879f918ff60595.ts' for writing
[hls @ 0x55eee7405b00] Opening '/data/transcodes/777622c5d41bcd85c0ac6879f918ff60596.ts' for writing
[hls @ 0x55eee7405b00] Opening '/data/transcodes/777622c5d41bcd85c0ac6879f918ff60597.ts' for writing
[hls @ 0x55eee7405b00] Opening '/data/transcodes/777622c5d41bcd85c0ac6879f918ff60598.ts' for writing
[hls @ 0x55eee7405b00] Opening '/data/transcodes/777622c5d41bcd85c0ac6879f918ff60599.ts' for writing
[hls @ 0x55eee7405b00] Opening '/data/transcodes/777622c5d41bcd85c0ac6879f918ff60600.ts' for writing
[hls @ 0x55eee7405b00] Opening '/data/transcodes/777622c5d41bcd85c0ac6879f918ff60601.ts' for writing
[hls @ 0x55eee7405b00] Opening '/data/transcodes/777622c5d41bcd85c0ac6879f918ff60602.ts' for writing
[hls @ 0x55eee7405b00] Opening '/data/transcodes/777622c5d41bcd85c0ac6879f918ff60603.ts' for writing
[hls @ 0x55eee7405b00] Opening '/data/transcodes/777622c5d41bcd85c0ac6879f918ff60604.ts' for writing
[hls @ 0x55eee7405b00] Opening '/data/transcodes/777622c5d41bcd85c0ac6879f918ff60605.ts' for writing
[hls @ 0x55eee7405b00] Opening '/data/transcodes/777622c5d41bcd85c0ac6879f918ff60606.ts' for writing
[hls @ 0x55eee7405b00] Opening '/data/transcodes/777622c5d41bcd85c0ac6879f918ff60607.ts' for writing
[hls @ 0x55eee7405b00] Opening '/data/transcodes/777622c5d41bcd85c0ac6879f918ff60608.ts' for writing
[hls @ 0x55eee7405b00] Opening '/data/transcodes/777622c5d41bcd85c0ac6879f918ff60609.ts' for writing
[hls @ 0x55eee7405b00] Opening '/data/transcodes/777622c5d41bcd85c0ac6879f918ff60610.ts' for writing
frame=91656 fps=7019 q=-1.0 size=N/A time=00:58:29.89 bitrate=N/A speed= 269x    
[hls @ 0x55eee7405b00] Opening '/data/transcodes/777622c5d41bcd85c0ac6879f918ff60611.ts' for writing
[hls @ 0x55eee7405b00] Opening '/data/transcodes/777622c5d41bcd85c0ac6879f918ff60612.ts' for writing
[hls @ 0x55eee7405b00] Opening '/data/transcodes/777622c5d41bcd85c0ac6879f918ff60613.ts' for writing
[hls @ 0x55eee7405b00] Opening '/data/transcodes/777622c5d41bcd85c0ac6879f918ff60614.ts' for writing
[hls @ 0x55eee7405b00] Opening '/data/transcodes/777622c5d41bcd85c0ac6879f918ff60615.ts' for writing
[hls @ 0x55eee7405b00] Opening '/data/transcodes/777622c5d41bcd85c0ac6879f918ff60616.ts' for writing
[hls @ 0x55eee7405b00] Opening '/data/transcodes/777622c5d41bcd85c0ac6879f918ff60617.ts' for writing
[hls @ 0x55eee7405b00] Opening '/data/transcodes/777622c5d41bcd85c0ac6879f918ff60618.ts' for writing
[hls @ 0x55eee7405b00] Opening '/data/transcodes/777622c5d41bcd85c0ac6879f918ff60619.ts' for writing
[hls @ 0x55eee7405b00] Opening '/data/transcodes/777622c5d41bcd85c0ac6879f918ff60620.ts' for writing
[hls @ 0x55eee7405b00] Opening '/data/transcodes/777622c5d41bcd85c0ac6879f918ff60621.ts' for writing
[hls @ 0x55eee7405b00] Opening '/data/transcodes/777622c5d41bcd85c0ac6879f918ff60622.ts' for writing
[hls @ 0x55eee7405b00] Opening '/data/transcodes/777622c5d41bcd85c0ac6879f918ff60623.ts' for writing
[hls @ 0x55eee7405b00] Opening '/data/transcodes/777622c5d41bcd85c0ac6879f918ff60624.ts' for writing
[hls @ 0x55eee7405b00] Opening '/data/transcodes/777622c5d41bcd85c0ac6879f918ff60625.ts' for writing
frame=93790 fps=7029 q=-1.0 Lsize=N/A time=00:59:55.37 bitrate=N/A speed= 269x    
video:2684290kB audio:59358kB subtitle:0kB other streams:0kB global headers:0kB muxing overhead: unknown