/videos/e3a415c2-e8f6-79cd-5ce7-416e169b5a85/hls1/main/0.ts

{"Protocol":0,"Id":"e3a415c2e8f679cd5ce7416e169b5a85","Path":"/data/movies/To Me, the One Who Loved You (2022)/Kimi.wo.Aishita.Hitori.no.Boku.e.1080p.BDRip.10.bits.DD.x265-EMBER.mkv","EncoderPath":null,"EncoderProtocol":null,"Type":0,"Container":"mkv,webm","Size":1763898752,"Name":"Kimi.wo.Aishita.Hitori.no.Boku.e.1080p.BDRip.10.bits.DD.x265-EMBER","IsRemote":false,"ETag":"fbffa7e10154c3523e01ef685689cf88","RunTimeTicks":59199361024,"ReadAtNativeFramerate":false,"IgnoreDts":false,"IgnoreIndex":false,"GenPtsInput":false,"SupportsTranscoding":true,"SupportsDirectStream":true,"SupportsDirectPlay":true,"IsInfiniteStream":false,"RequiresOpening":false,"OpenToken":null,"RequiresClosing":false,"LiveStreamId":null,"BufferMs":null,"RequiresLooping":false,"SupportsProbing":true,"VideoType":0,"IsoType":null,"Video3DFormat":null,"MediaStreams":[{"Codec":"hevc","CodecTag":null,"Language":null,"ColorRange":null,"ColorSpace":"bt709","ColorTransfer":"bt709","ColorPrimaries":"bt709","DvVersionMajor":null,"DvVersionMinor":null,"DvProfile":null,"DvLevel":null,"RpuPresentFlag":null,"ElPresentFlag":null,"BlPresentFlag":null,"DvBlSignalCompatibilityId":null,"Comment":null,"TimeBase":"1/1000","CodecTimeBase":null,"Title":"Presented By EMBER","VideoRange":"SDR","VideoRangeType":"SDR","VideoDoViTitle":null,"LocalizedUndefined":null,"LocalizedDefault":null,"LocalizedForced":null,"LocalizedExternal":null,"DisplayTitle":"Presented By EMBER - 1080p - HEVC - SDR","NalLengthSize":null,"IsInterlaced":false,"IsAVC":null,"ChannelLayout":null,"BitRate":2383672,"BitDepth":10,"RefFrames":1,"PacketLength":null,"Channels":null,"SampleRate":null,"IsDefault":true,"IsForced":false,"Height":1080,"Width":1920,"AverageFrameRate":23.976025,"RealFrameRate":23.976025,"Profile":"Main 10","Type":1,"AspectRatio":"16:9","Index":0,"Score":null,"IsExternal":false,"DeliveryMethod":null,"DeliveryUrl":null,"IsExternalUrl":null,"IsTextSubtitleStream":false,"SupportsExternalStream":false,"Path":null,"PixelFormat":"yuv420p10le","Level":120,"IsAnamorphic":null},{"Codec":"ac3","CodecTag":null,"Language":"jpn","ColorRange":null,"ColorSpace":null,"ColorTransfer":null,"ColorPrimaries":null,"DvVersionMajor":null,"DvVersionMinor":null,"DvProfile":null,"DvLevel":null,"RpuPresentFlag":null,"ElPresentFlag":null,"BlPresentFlag":null,"DvBlSignalCompatibilityId":null,"Comment":null,"TimeBase":"1/1000","CodecTimeBase":null,"Title":null,"VideoRange":null,"VideoRangeType":null,"VideoDoViTitle":null,"LocalizedUndefined":null,"LocalizedDefault":null,"LocalizedForced":null,"LocalizedExternal":null,"DisplayTitle":"Japanese - Dolby Digital - 5.1 - Default","NalLengthSize":null,"IsInterlaced":false,"IsAVC":null,"ChannelLayout":"5.1","BitRate":448000,"BitDepth":null,"RefFrames":null,"PacketLength":null,"Channels":6,"SampleRate":48000,"IsDefault":true,"IsForced":false,"Height":null,"Width":null,"AverageFrameRate":null,"RealFrameRate":null,"Profile":null,"Type":0,"AspectRatio":null,"Index":1,"Score":null,"IsExternal":false,"DeliveryMethod":null,"DeliveryUrl":null,"IsExternalUrl":null,"IsTextSubtitleStream":false,"SupportsExternalStream":false,"Path":null,"PixelFormat":null,"Level":0,"IsAnamorphic":null},{"Codec":"ass","CodecTag":null,"Language":"eng","ColorRange":null,"ColorSpace":null,"ColorTransfer":null,"ColorPrimaries":null,"DvVersionMajor":null,"DvVersionMinor":null,"DvProfile":null,"DvLevel":null,"RpuPresentFlag":null,"ElPresentFlag":null,"BlPresentFlag":null,"DvBlSignalCompatibilityId":null,"Comment":null,"TimeBase":"1/1000","CodecTimeBase":null,"Title":null,"VideoRange":null,"VideoRangeType":null,"VideoDoViTitle":null,"LocalizedUndefined":"Undefined","LocalizedDefault":"Default","LocalizedForced":"Forced","LocalizedExternal":"External","DisplayTitle":"English - Default - ASS","NalLengthSize":null,"IsInterlaced":false,"IsAVC":null,"ChannelLayout":null,"BitRate":null,"BitDepth":null,"RefFrames":null,"PacketLength":null,"Channels":null,"SampleRate":null,"IsDefault":true,"IsForced":false,"Height":null,"Width":null,"AverageFrameRate":null,"RealFrameRate":null,"Profile":null,"Type":2,"AspectRatio":null,"Index":2,"Score":null,"IsExternal":false,"DeliveryMethod":null,"DeliveryUrl":null,"IsExternalUrl":null,"IsTextSubtitleStream":true,"SupportsExternalStream":true,"Path":null,"PixelFormat":null,"Level":0,"IsAnamorphic":null}],"MediaAttachments":[{"Codec":null,"CodecTag":"[0][0][0][0]","Comment":null,"Index":3,"FileName":"CONSOLAB.TTF","MimeType":"font/ttf","DeliveryUrl":null},{"Codec":null,"CodecTag":"[0][0][0][0]","Comment":null,"Index":4,"FileName":"Roboto-Medium.ttf","MimeType":"font/ttf","DeliveryUrl":null},{"Codec":null,"CodecTag":"[0][0][0][0]","Comment":null,"Index":5,"FileName":"Roboto-MediumItalic.ttf","MimeType":"font/ttf","DeliveryUrl":null},{"Codec":null,"CodecTag":"[0][0][0][0]","Comment":null,"Index":6,"FileName":"times.ttf","MimeType":"font/ttf","DeliveryUrl":null},{"Codec":null,"CodecTag":"[0][0][0][0]","Comment":null,"Index":7,"FileName":"timesbd.ttf","MimeType":"font/ttf","DeliveryUrl":null},{"Codec":null,"CodecTag":"[0][0][0][0]","Comment":null,"Index":8,"FileName":"trebuc.ttf","MimeType":"font/ttf","DeliveryUrl":null},{"Codec":null,"CodecTag":"[0][0][0][0]","Comment":null,"Index":9,"FileName":"trebucbd.ttf","MimeType":"font/ttf","DeliveryUrl":null},{"Codec":null,"CodecTag":"[0][0][0][0]","Comment":null,"Index":10,"FileName":"verdana.ttf","MimeType":"font/ttf","DeliveryUrl":null},{"Codec":null,"CodecTag":"[0][0][0][0]","Comment":null,"Index":11,"FileName":"verdanab.ttf","MimeType":"font/ttf","DeliveryUrl":null},{"Codec":null,"CodecTag":"[0][0][0][0]","Comment":null,"Index":12,"FileName":"arial.ttf","MimeType":"font/ttf","DeliveryUrl":null},{"Codec":null,"CodecTag":"[0][0][0][0]","Comment":null,"Index":13,"FileName":"arialbd.ttf","MimeType":"font/ttf","DeliveryUrl":null},{"Codec":null,"CodecTag":"[0][0][0][0]","Comment":null,"Index":14,"FileName":"comic.ttf","MimeType":"font/ttf","DeliveryUrl":null},{"Codec":null,"CodecTag":"[0][0][0][0]","Comment":null,"Index":15,"FileName":"comicbd.ttf","MimeType":"font/ttf","DeliveryUrl":null},{"Codec":null,"CodecTag":"[0][0][0][0]","Comment":null,"Index":16,"FileName":"CONSOLA.TTF","MimeType":"font/ttf","DeliveryUrl":null}],"Formats":[],"Bitrate":2831672,"Timestamp":null,"RequiredHttpHeaders":{},"TranscodingUrl":null,"TranscodingSubProtocol":null,"TranscodingContainer":null,"AnalyzeDurationMs":null,"DefaultAudioStreamIndex":null,"DefaultSubtitleStreamIndex":null}

/usr/lib/jellyfin-ffmpeg/ffmpeg -analyzeduration 200M -f matroska,webm -autorotate 0 -i file:"/data/movies/To Me, the One Who Loved You (2022)/Kimi.wo.Aishita.Hitori.no.Boku.e.1080p.BDRip.10.bits.DD.x265-EMBER.mkv" -map_metadata -1 -map_chapters -1 -threads 0 -map 0:0 -map 0:1 -map -0:s -codec:v:0 libx264 -preset veryfast -crf 23 -maxrate 4767344 -bufsize 9534688 -x264opts:0 subme=0:me_range=4:rc_lookahead=10:me=dia:no_chroma_me:8x8dct=0:partitions=none -force_key_frames:0 "expr:gte(t,0+n_forced*3)" -sc_threshold:v:0 0 -vf "setparams=color_primaries=bt709:color_trc=bt709:colorspace=bt709,scale=trunc(min(max(iw\,ih*a)\,min(1920\,1080*a))/2)*2:trunc(min(max(iw/a\,ih)\,min(1920/a\,1080))/2)*2,format=yuv420p" -codec:a:0 libfdk_aac -ac 2 -ab 384000 -af "volume=2" -copyts -avoid_negative_ts disabled -max_muxing_queue_size 2048 -f hls -max_delay 5000000 -hls_time 3 -hls_segment_type mpegts -start_number 0 -hls_segment_filename "/data/transcodes/8d7723eb909743f4085d34060a59bfc2%d.ts" -hls_playlist_type vod -hls_list_size 0 -y "/data/transcodes/8d7723eb909743f4085d34060a59bfc2.m3u8"


ffmpeg version 5.1.3-Jellyfin Copyright (c) 2000-2022 the FFmpeg developers
  built with gcc 11 (Ubuntu 11.3.0-1ubuntu1~22.04.1)
  configuration: --prefix=/usr/lib/jellyfin-ffmpeg --target-os=linux --extra-libs=-lfftw3f --extra-version=Jellyfin --disable-doc --disable-ffplay --disable-ptx-compression --disable-static --disable-libxcb --disable-sdl2 --disable-xlib --enable-lto --enable-gpl --enable-version3 --enable-shared --enable-gmp --enable-gnutls --enable-chromaprint --enable-libdrm --enable-libass --enable-libfreetype --enable-libfribidi --enable-libfontconfig --enable-libbluray --enable-libmp3lame --enable-libopus --enable-libtheora --enable-libvorbis --enable-libopenmpt --enable-libdav1d --enable-libwebp --enable-libvpx --enable-libx264 --enable-libx265 --enable-libzvbi --enable-libzimg --enable-libfdk-aac --arch=amd64 --enable-libsvtav1 --enable-libshaderc --enable-libplacebo --enable-vulkan --enable-opencl --enable-vaapi --enable-amf --enable-libmfx --enable-ffnvcodec --enable-cuda --enable-cuda-llvm --enable-cuvid --enable-nvdec --enable-nvenc
  libavutil      57. 28.100 / 57. 28.100
  libavcodec     59. 37.100 / 59. 37.100
  libavformat    59. 27.100 / 59. 27.100
  libavdevice    59.  7.100 / 59.  7.100
  libavfilter     8. 44.100 /  8. 44.100
  libswscale      6.  7.100 /  6.  7.100
  libswresample   4.  7.100 /  4.  7.100
  libpostproc    56.  6.100 / 56.  6.100
[matroska,webm @ 0x5561a87fed80] Could not find codec parameters for stream 3 (Attachment: none): unknown codec
Consider increasing the value for the 'analyzeduration' (200000000) and 'probesize' (5000000) options
[matroska,webm @ 0x5561a87fed80] Could not find codec parameters for stream 4 (Attachment: none): unknown codec
Consider increasing the value for the 'analyzeduration' (200000000) and 'probesize' (5000000) options
[matroska,webm @ 0x5561a87fed80] Could not find codec parameters for stream 5 (Attachment: none): unknown codec
Consider increasing the value for the 'analyzeduration' (200000000) and 'probesize' (5000000) options
[matroska,webm @ 0x5561a87fed80] Could not find codec parameters for stream 6 (Attachment: none): unknown codec
Consider increasing the value for the 'analyzeduration' (200000000) and 'probesize' (5000000) options
[matroska,webm @ 0x5561a87fed80] Could not find codec parameters for stream 7 (Attachment: none): unknown codec
Consider increasing the value for the 'analyzeduration' (200000000) and 'probesize' (5000000) options
[matroska,webm @ 0x5561a87fed80] Could not find codec parameters for stream 8 (Attachment: none): unknown codec
Consider increasing the value for the 'analyzeduration' (200000000) and 'probesize' (5000000) options
[matroska,webm @ 0x5561a87fed80] Could not find codec parameters for stream 9 (Attachment: none): unknown codec
Consider increasing the value for the 'analyzeduration' (200000000) and 'probesize' (5000000) options
[matroska,webm @ 0x5561a87fed80] Could not find codec parameters for stream 10 (Attachment: none): unknown codec
Consider increasing the value for the 'analyzeduration' (200000000) and 'probesize' (5000000) options
[matroska,webm @ 0x5561a87fed80] Could not find codec parameters for stream 11 (Attachment: none): unknown codec
Consider increasing the value for the 'analyzeduration' (200000000) and 'probesize' (5000000) options
[matroska,webm @ 0x5561a87fed80] Could not find codec parameters for stream 12 (Attachment: none): unknown codec
Consider increasing the value for the 'analyzeduration' (200000000) and 'probesize' (5000000) options
[matroska,webm @ 0x5561a87fed80] Could not find codec parameters for stream 13 (Attachment: none): unknown codec
Consider increasing the value for the 'analyzeduration' (200000000) and 'probesize' (5000000) options
[matroska,webm @ 0x5561a87fed80] Could not find codec parameters for stream 14 (Attachment: none): unknown codec
Consider increasing the value for the 'analyzeduration' (200000000) and 'probesize' (5000000) options
[matroska,webm @ 0x5561a87fed80] Could not find codec parameters for stream 15 (Attachment: none): unknown codec
Consider increasing the value for the 'analyzeduration' (200000000) and 'probesize' (5000000) options
[matroska,webm @ 0x5561a87fed80] Could not find codec parameters for stream 16 (Attachment: none): unknown codec
Consider increasing the value for the 'analyzeduration' (200000000) and 'probesize' (5000000) options
Input #0, matroska,webm, from 'file:/data/movies/To Me, the One Who Loved You (2022)/Kimi.wo.Aishita.Hitori.no.Boku.e.1080p.BDRip.10.bits.DD.x265-EMBER.mkv':
  Metadata:
    title           : Kimi.wo.Aishita.Hitori.no.Boku.e.1080p.BDRip.10.bits.DD.x265-EMBER
    ENCODER         : Lavf60.3.100
  Duration: 01:38:39.94, start: 0.000000, bitrate: 2383 kb/s
  Chapters:
    Chapter #0:0: start 0.000000, end 670.252911
      Metadata:
        title           : Chapter 01
    Chapter #0:1: start 670.252911, end 1251.625356
      Metadata:
        title           : Chapter 02
    Chapter #0:2: start 1251.625356, end 1937.018400
      Metadata:
        title           : Chapter 03
    Chapter #0:3: start 1937.018400, end 2506.587400
      Metadata:
        title           : Chapter 04
    Chapter #0:4: start 2506.587400, end 3010.507489
      Metadata:
        title           : Chapter 05
    Chapter #0:5: start 3010.507489, end 3556.094200
      Metadata:
        title           : Chapter 06
    Chapter #0:6: start 3556.094200, end 3951.739444
      Metadata:
        title           : Chapter 07
    Chapter #0:7: start 3951.739444, end 4749.995244
      Metadata:
        title           : Chapter 08
    Chapter #0:8: start 4749.995244, end 5679.173489
      Metadata:
        title           : Chapter 09
    Chapter #0:9: start 5679.173489, end 5919.936000
      Metadata:
        title           : Chapter 10
  Stream #0:0: Video: hevc (Main 10), yuv420p10le(tv, bt709), 1920x1080, SAR 1:1 DAR 16:9, 23.98 fps, 23.98 tbr, 1k tbn (default)
    Metadata:
      title           : Presented By EMBER
      BPS             : 1923495
      NUMBER_OF_FRAMES: 141936
      NUMBER_OF_BYTES : 1423366154
      _STATISTICS_WRITING_APP: mkvmerge v69.0.0 ('Day And Age') 64-bit
      _STATISTICS_WRITING_DATE_UTC: 2023-04-22 13:00:51
      _STATISTICS_TAGS: BPS DURATION NUMBER_OF_FRAMES NUMBER_OF_BYTES
      DURATION        : 01:38:39.913000000
  Stream #0:1(jpn): Audio: ac3, 48000 Hz, 5.1(side), fltp, 448 kb/s (default)
    Metadata:
      BPS             : 448000
      NUMBER_OF_FRAMES: 184998
      NUMBER_OF_BYTES : 331516416
      _STATISTICS_WRITING_APP: mkvmerge v69.0.0 ('Day And Age') 64-bit
      _STATISTICS_WRITING_DATE_UTC: 2023-04-22 13:00:51
      _STATISTICS_TAGS: BPS DURATION NUMBER_OF_FRAMES NUMBER_OF_BYTES
      DURATION        : 01:38:39.936000000
  Stream #0:2(eng): Subtitle: ass (default)
    Metadata:
      BPS             : 133
      NUMBER_OF_FRAMES: 1317
      NUMBER_OF_BYTES : 98060
      _STATISTICS_WRITING_APP: mkvmerge v69.0.0 ('Day And Age') 64-bit
      _STATISTICS_WRITING_DATE_UTC: 2023-04-22 13:00:51
      _STATISTICS_TAGS: BPS DURATION NUMBER_OF_FRAMES NUMBER_OF_BYTES
      DURATION        : 01:38:27.720000000
  Stream #0:3: Attachment: none
    Metadata:
      filename        : CONSOLAB.TTF
      mimetype        : font/ttf
  Stream #0:4: Attachment: none
    Metadata:
      filename        : Roboto-Medium.ttf
      mimetype        : font/ttf
  Stream #0:5: Attachment: none
    Metadata:
      filename        : Roboto-MediumItalic.ttf
      mimetype        : font/ttf
  Stream #0:6: Attachment: none
    Metadata:
      filename        : times.ttf
      mimetype        : font/ttf
  Stream #0:7: Attachment: none
    Metadata:
      filename        : timesbd.ttf
      mimetype        : font/ttf
  Stream #0:8: Attachment: none
    Metadata:
      filename        : trebuc.ttf
      mimetype        : font/ttf
  Stream #0:9: Attachment: none
    Metadata:
      filename        : trebucbd.ttf
      mimetype        : font/ttf
  Stream #0:10: Attachment: none
    Metadata:
      filename        : verdana.ttf
      mimetype        : font/ttf
  Stream #0:11: Attachment: none
    Metadata:
      filename        : verdanab.ttf
      mimetype        : font/ttf
  Stream #0:12: Attachment: none
    Metadata:
      filename        : arial.ttf
      mimetype        : font/ttf
  Stream #0:13: Attachment: none
    Metadata:
      filename        : arialbd.ttf
      mimetype        : font/ttf
  Stream #0:14: Attachment: none
    Metadata:
      filename        : comic.ttf
      mimetype        : font/ttf
  Stream #0:15: Attachment: none
    Metadata:
      filename        : comicbd.ttf
      mimetype        : font/ttf
  Stream #0:16: Attachment: none
    Metadata:
      filename        : CONSOLA.TTF
      mimetype        : font/ttf
Stream mapping:
  Stream #0:0 -> #0:0 (hevc (native) -> h264 (libx264))
  Stream #0:1 -> #0:1 (ac3 (native) -> aac (libfdk_aac))
Press [q] to stop, [?] for help
[libx264 @ 0x5561a8eacf40] using SAR=1/1
[libx264 @ 0x5561a8eacf40] using cpu capabilities: MMX2 SSE2Fast SSSE3 SSE4.2 AVX FMA3 BMI2 AVX2
[libx264 @ 0x5561a8eacf40] profile Main, level 4.0, 4:2:0, 8-bit
[libx264 @ 0x5561a8eacf40] 264 - core 163 r3060 5db6aa6 - H.264/MPEG-4 AVC codec - Copyleft 2003-2021 - http://www.videolan.org/x264.html - options: cabac=1 ref=1 deblock=1:0:0 analyse=0x1:0 me=dia subme=0 psy=1 psy_rd=1.00:0.00 mixed_ref=0 me_range=4 chroma_me=0 trellis=0 8x8dct=0 cqm=0 deadzone=21,11 fast_pskip=1 chroma_qp_offset=0 threads=6 lookahead_threads=1 sliced_threads=0 nr=0 decimate=1 interlaced=0 bluray_compat=0 constrained_intra=0 bframes=3 b_pyramid=2 b_adapt=1 b_bias=0 direct=1 weightb=1 open_gop=0 weightp=1 keyint=250 keyint_min=23 scenecut=0 intra_refresh=0 rc_lookahead=10 rc=crf mbtree=1 crf=23.0 qcomp=0.60 qpmin=0 qpmax=69 qpstep=4 vbv_maxrate=4767 vbv_bufsize=9534 crf_max=0.0 nal_hrd=none filler=0 ip_ratio=1.40 aq=1:1.00
Output #0, hls, to '/data/transcodes/8d7723eb909743f4085d34060a59bfc2.m3u8':
  Metadata:
    encoder         : Lavf59.27.100
  Stream #0:0: Video: h264, yuv420p(tv, bt709, progressive), 1920x1080 [SAR 1:1 DAR 16:9], q=2-31, 23.98 fps, 90k tbn (default)
    Metadata:
      encoder         : Lavc59.37.100 libx264
    Side data:
      cpb: bitrate max/min/avg: 4767000/0/0 buffer size: 9534000 vbv_delay: N/A
  Stream #0:1: Audio: aac, 48000 Hz, stereo, s16, 384 kb/s (default)
    Metadata:
      encoder         : Lavc59.37.100 libfdk_aac
frame=    1 fps=0.0 q=0.0 size=N/A time=00:00:00.00 bitrate=N/A speed=   0x    
frame=   45 fps=0.0 q=28.0 size=N/A time=00:00:01.85 bitrate=N/A speed=3.15x    
frame=   74 fps= 66 q=28.0 size=N/A time=00:00:03.07 bitrate=N/A speed=2.75x    
[hls @ 0x5561a883b080] Opening '/data/transcodes/8d7723eb909743f4085d34060a59bfc20.ts' for writing
frame=  101 fps= 60 q=28.0 size=N/A time=00:00:04.20 bitrate=N/A speed= 2.5x    
frame=  124 fps= 57 q=28.0 size=N/A time=00:00:05.16 bitrate=N/A speed=2.37x    
frame=  148 fps= 55 q=28.0 size=N/A time=00:00:06.14 bitrate=N/A speed=2.28x    
[hls @ 0x5561a883b080] Opening '/data/transcodes/8d7723eb909743f4085d34060a59bfc21.ts' for writing
frame=  177 fps= 55 q=28.0 size=N/A time=00:00:07.36 bitrate=N/A speed=2.28x    
frame=  206 fps= 55 q=28.0 size=N/A time=00:00:08.55 bitrate=N/A speed=2.29x    
frame=  232 fps= 54 q=25.0 size=N/A time=00:00:09.66 bitrate=N/A speed=2.25x    
[hls @ 0x5561a883b080] Opening '/data/transcodes/8d7723eb909743f4085d34060a59bfc22.ts' for writing
frame=  257 fps= 53 q=28.0 size=N/A time=00:00:10.68 bitrate=N/A speed=2.21x    
frame=  285 fps= 53 q=30.0 size=N/A time=00:00:11.88 bitrate=N/A speed=2.22x    
[hls @ 0x5561a883b080] Opening '/data/transcodes/8d7723eb909743f4085d34060a59bfc23.ts' for writing
frame=  312 fps= 53 q=30.0 size=N/A time=00:00:12.99 bitrate=N/A speed=2.21x    
frame=  345 fps= 54 q=28.0 size=N/A time=00:00:14.37 bitrate=N/A speed=2.26x    
[hls @ 0x5561a883b080] Opening '/data/transcodes/8d7723eb909743f4085d34060a59bfc24.ts' for writing
frame=  417 fps= 61 q=28.0 size=N/A time=00:00:17.38 bitrate=N/A speed=2.53x    
[hls @ 0x5561a883b080] Opening '/data/transcodes/8d7723eb909743f4085d34060a59bfc25.ts' for writing
frame=  467 fps= 63 q=28.0 size=N/A time=00:00:19.45 bitrate=N/A speed=2.64x    
[hls @ 0x5561a883b080] Opening '/data/transcodes/8d7723eb909743f4085d34060a59bfc26.ts' for writing
frame=  525 fps= 67 q=28.0 size=N/A time=00:00:21.88 bitrate=N/A speed=2.78x    
frame=  562 fps= 67 q=28.0 size=N/A time=00:00:23.42 bitrate=N/A speed=2.79x    
[hls @ 0x5561a883b080] Opening '/data/transcodes/8d7723eb909743f4085d34060a59bfc27.ts' for writing
frame=  601 fps= 68 q=28.0 size=N/A time=00:00:25.06 bitrate=N/A speed=2.82x    
frame=  666 fps= 71 q=28.0 size=N/A time=00:00:27.71 bitrate=N/A speed=2.95x    
[hls @ 0x5561a883b080] Opening '/data/transcodes/8d7723eb909743f4085d34060a59bfc28.ts' for writing
frame=  725 fps= 73 q=28.0 size=N/A time=00:00:30.20 bitrate=N/A speed=3.05x    
[hls @ 0x5561a883b080] Opening '/data/transcodes/8d7723eb909743f4085d34060a59bfc29.ts' for writing


[q] command received. Exiting.

[hls @ 0x5561a883b080] Opening '/data/transcodes/8d7723eb909743f4085d34060a59bfc210.ts' for writing
frame=  781 fps= 75 q=-1.0 Lsize=N/A time=00:00:32.61 bitrate=N/A speed=3.13x    
video:8068kB audio:1536kB subtitle:0kB other streams:0kB global headers:0kB muxing overhead: unknown
[libx264 @ 0x5561a8eacf40] frame I:11    Avg QP:15.95  size: 51023
[libx264 @ 0x5561a8eacf40] frame P:228   Avg QP:19.77  size: 14776
[libx264 @ 0x5561a8eacf40] frame B:542   Avg QP:22.51  size:  7991
[libx264 @ 0x5561a8eacf40] consecutive B-frames:  4.7%  5.1%  9.2% 80.9%
[libx264 @ 0x5561a8eacf40] mb I  I16..4: 84.1%  0.0% 15.9%
[libx264 @ 0x5561a8eacf40] mb P  I16..4: 34.3%  0.0%  0.0%  P16..4: 13.1%  0.0%  0.0%  0.0%  0.0%    skip:52.6%
[libx264 @ 0x5561a8eacf40] mb B  I16..4:  7.5%  0.0%  0.0%  B16..8: 14.5%  0.0%  0.0%  direct: 8.0%  skip:70.0%  L0:41.1% L1:46.8% BI:12.1%
[libx264 @ 0x5561a8eacf40] coded y,uvDC,uvAC intra: 21.6% 28.2% 3.2% inter: 4.9% 10.1% 0.0%
[libx264 @ 0x5561a8eacf40] i16 v,h,dc,p: 40% 21% 19% 20%
[libx264 @ 0x5561a8eacf40] i4 v,h,dc,ddl,ddr,vr,hd,vl,hu: 19% 28% 18%  8%  6%  4%  7%  3%  7%
[libx264 @ 0x5561a8eacf40] i8c dc,h,v,p: 55% 21% 19%  6%
[libx264 @ 0x5561a8eacf40] Weighted P-Frames: Y:16.2% UV:7.5%
[libx264 @ 0x5561a8eacf40] kb/s:2028.90