/videos/d6314b0f-be3f-ac46-2c46-d950aa9d4cf3/hls1/main/0.ts

{"Protocol":0,"Id":"d6314b0fbe3fac462c46d950aa9d4cf3","Path":"/data/tvshows/The IT Crowd/Season 3/The IT Crowd - S03E03 - Tramps Like Us WEBDL-720p Proper.mp4","EncoderPath":null,"EncoderProtocol":null,"Type":0,"Container":"mov,mp4,m4a,3gp,3g2,mj2","Size":175706160,"Name":"The IT Crowd - S03E03 - Tramps Like Us WEBDL-720p Proper","IsRemote":false,"ETag":"6f64a3357788a7a9474014ca24d8cd9a","RunTimeTicks":13180319744,"ReadAtNativeFramerate":false,"IgnoreDts":false,"IgnoreIndex":false,"GenPtsInput":false,"SupportsTranscoding":true,"SupportsDirectStream":true,"SupportsDirectPlay":true,"IsInfiniteStream":false,"RequiresOpening":false,"OpenToken":null,"RequiresClosing":false,"LiveStreamId":null,"BufferMs":null,"RequiresLooping":false,"SupportsProbing":true,"VideoType":0,"IsoType":null,"Video3DFormat":null,"MediaStreams":[{"Codec":"subrip","CodecTag":null,"Language":"eng","ColorRange":null,"ColorSpace":null,"ColorTransfer":null,"ColorPrimaries":null,"DvVersionMajor":null,"DvVersionMinor":null,"DvProfile":null,"DvLevel":null,"RpuPresentFlag":null,"ElPresentFlag":null,"BlPresentFlag":null,"DvBlSignalCompatibilityId":null,"Comment":null,"TimeBase":"1/1000","CodecTimeBase":null,"Title":null,"VideoRange":null,"VideoRangeType":null,"VideoDoViTitle":null,"LocalizedUndefined":"Undefined","LocalizedDefault":"Default","LocalizedForced":"Forced","LocalizedExternal":"External","DisplayTitle":"English - Forced - SUBRIP - External","NalLengthSize":null,"IsInterlaced":false,"IsAVC":null,"ChannelLayout":null,"BitRate":null,"BitDepth":null,"RefFrames":null,"PacketLength":null,"Channels":null,"SampleRate":null,"IsDefault":false,"IsForced":true,"Height":null,"Width":null,"AverageFrameRate":null,"RealFrameRate":null,"Profile":null,"Type":2,"AspectRatio":null,"Index":0,"Score":null,"IsExternal":true,"DeliveryMethod":null,"DeliveryUrl":null,"IsExternalUrl":null,"IsTextSubtitleStream":true,"SupportsExternalStream":true,"Path":"/data/tvshows/The IT Crowd/Season 3/The IT Crowd - S03E03 - Tramps Like Us WEBDL-720p Proper.en.forced.srt","PixelFormat":null,"Level":0,"IsAnamorphic":null},{"Codec":"h264","CodecTag":"avc1","Language":"und","ColorRange":null,"ColorSpace":"bt709","ColorTransfer":"bt709","ColorPrimaries":"bt709","DvVersionMajor":null,"DvVersionMinor":null,"DvProfile":null,"DvLevel":null,"RpuPresentFlag":null,"ElPresentFlag":null,"BlPresentFlag":null,"DvBlSignalCompatibilityId":null,"Comment":null,"TimeBase":"1/16000","CodecTimeBase":null,"Title":null,"VideoRange":"SDR","VideoRangeType":"SDR","VideoDoViTitle":null,"LocalizedUndefined":null,"LocalizedDefault":null,"LocalizedForced":null,"LocalizedExternal":null,"DisplayTitle":"720p H264 SDR","NalLengthSize":"4","IsInterlaced":false,"IsAVC":true,"ChannelLayout":null,"BitRate":930759,"BitDepth":8,"RefFrames":1,"PacketLength":null,"Channels":null,"SampleRate":null,"IsDefault":true,"IsForced":false,"Height":720,"Width":1274,"AverageFrameRate":25,"RealFrameRate":25,"Profile":"Main","Type":1,"AspectRatio":"16:9","Index":1,"Score":null,"IsExternal":false,"DeliveryMethod":null,"DeliveryUrl":null,"IsExternalUrl":null,"IsTextSubtitleStream":false,"SupportsExternalStream":false,"Path":null,"PixelFormat":"yuv420p","Level":52,"IsAnamorphic":null},{"Codec":"mov_text","CodecTag":"tx3g","Language":"eng","ColorRange":null,"ColorSpace":null,"ColorTransfer":null,"ColorPrimaries":null,"DvVersionMajor":null,"DvVersionMinor":null,"DvProfile":null,"DvLevel":null,"RpuPresentFlag":null,"ElPresentFlag":null,"BlPresentFlag":null,"DvBlSignalCompatibilityId":null,"Comment":null,"TimeBase":"1/1000000","CodecTimeBase":null,"Title":null,"VideoRange":null,"VideoRangeType":null,"VideoDoViTitle":null,"LocalizedUndefined":"Undefined","LocalizedDefault":"Default","LocalizedForced":"Forced","LocalizedExternal":"External","DisplayTitle":"English - Default - Forced - MOV_TEXT","NalLengthSize":null,"IsInterlaced":false,"IsAVC":null,"ChannelLayout":null,"BitRate":73,"BitDepth":null,"RefFrames":null,"PacketLength":null,"Channels":null,"SampleRate":null,"IsDefault":true,"IsForced":true,"Height":null,"Width":null,"AverageFrameRate":null,"RealFrameRate":null,"Profile":null,"Type":2,"AspectRatio":null,"Index":2,"Score":null,"IsExternal":false,"DeliveryMethod":null,"DeliveryUrl":null,"IsExternalUrl":null,"IsTextSubtitleStream":true,"SupportsExternalStream":true,"Path":null,"PixelFormat":null,"Level":0,"IsAnamorphic":null},{"Codec":"aac","CodecTag":"mp4a","Language":"eng","ColorRange":null,"ColorSpace":null,"ColorTransfer":null,"ColorPrimaries":null,"DvVersionMajor":null,"DvVersionMinor":null,"DvProfile":null,"DvLevel":null,"RpuPresentFlag":null,"ElPresentFlag":null,"BlPresentFlag":null,"DvBlSignalCompatibilityId":null,"Comment":null,"TimeBase":"1/48000","CodecTimeBase":null,"Title":null,"VideoRange":null,"VideoRangeType":null,"VideoDoViTitle":null,"LocalizedUndefined":null,"LocalizedDefault":null,"LocalizedForced":null,"LocalizedExternal":null,"DisplayTitle":"English - AAC - Stereo - Default","NalLengthSize":null,"IsInterlaced":false,"IsAVC":null,"ChannelLayout":"stereo","BitRate":129526,"BitDepth":null,"RefFrames":null,"PacketLength":null,"Channels":2,"SampleRate":48000,"IsDefault":true,"IsForced":false,"Height":null,"Width":null,"AverageFrameRate":null,"RealFrameRate":null,"Profile":"LC","Type":0,"AspectRatio":null,"Index":3,"Score":null,"IsExternal":false,"DeliveryMethod":null,"DeliveryUrl":null,"IsExternalUrl":null,"IsTextSubtitleStream":false,"SupportsExternalStream":false,"Path":null,"PixelFormat":null,"Level":0,"IsAnamorphic":null}],"MediaAttachments":[],"Formats":[],"Bitrate":1066475,"Timestamp":null,"RequiredHttpHeaders":{},"TranscodingUrl":null,"TranscodingSubProtocol":null,"TranscodingContainer":null,"AnalyzeDurationMs":null,"DefaultAudioStreamIndex":null,"DefaultSubtitleStreamIndex":null}

/usr/lib/jellyfin-ffmpeg/ffmpeg -analyzeduration 200M -f mov,mp4,m4a,3gp,3g2,mj2 -autorotate 0 -i file:"/data/tvshows/The IT Crowd/Season 3/The IT Crowd - S03E03 - Tramps Like Us WEBDL-720p Proper.mp4" -map_metadata -1 -map_chapters -1 -threads 0 -map 0:0 -map 0:2 -map -0:s -codec:v:0 libx264 -preset veryfast -crf 23 -maxrate 4653796 -bufsize 9307592 -profile:v:0 main -level 51 -x264opts:0 subme=0:me_range=4:rc_lookahead=10:me=dia:no_chroma_me:8x8dct=0:partitions=none -force_key_frames:0 "expr:gte(t,0+n_forced*3)" -sc_threshold:v:0 0 -vf "setparams=color_primaries=bt709:color_trc=bt709:colorspace=bt709,scale=trunc(min(max(iw\,ih*a)\,min(1274\,720*a))/2)*2:trunc(min(max(iw/a\,ih)\,min(1274/a\,720))/2)*2,format=yuv420p" -start_at_zero -codec:a:0 copy -copyts -avoid_negative_ts disabled -max_muxing_queue_size 2048 -f hls -max_delay 5000000 -hls_time 3 -hls_segment_type mpegts -start_number 0 -hls_segment_filename "/config/data/transcodes/bbedb369121ca7fc33c10c3fdaa84ca8%d.ts" -hls_playlist_type vod -hls_list_size 0 -y "/config/data/transcodes/bbedb369121ca7fc33c10c3fdaa84ca8.m3u8"


ffmpeg version 5.1.3-Jellyfin Copyright (c) 2000-2022 the FFmpeg developers
  built with gcc 11 (Ubuntu 11.3.0-1ubuntu1~22.04.1)
  configuration: --prefix=/usr/lib/jellyfin-ffmpeg --target-os=linux --extra-libs=-lfftw3f --extra-version=Jellyfin --disable-doc --disable-ffplay --disable-ptx-compression --disable-static --disable-libxcb --disable-sdl2 --disable-xlib --enable-lto --enable-gpl --enable-version3 --enable-shared --enable-gmp --enable-gnutls --enable-chromaprint --enable-libdrm --enable-libass --enable-libfreetype --enable-libfribidi --enable-libfontconfig --enable-libbluray --enable-libmp3lame --enable-libopus --enable-libtheora --enable-libvorbis --enable-libopenmpt --enable-libdav1d --enable-libwebp --enable-libvpx --enable-libx264 --enable-libx265 --enable-libzvbi --enable-libzimg --enable-libfdk-aac --arch=amd64 --enable-libsvtav1 --enable-libshaderc --enable-libplacebo --enable-vulkan --enable-opencl --enable-vaapi --enable-amf --enable-libmfx --enable-ffnvcodec --enable-cuda --enable-cuda-llvm --enable-cuvid --enable-nvdec --enable-nvenc
  libavutil      57. 28.100 / 57. 28.100
  libavcodec     59. 37.100 / 59. 37.100
  libavformat    59. 27.100 / 59. 27.100
  libavdevice    59.  7.100 / 59.  7.100
  libavfilter     8. 44.100 /  8. 44.100
  libswscale      6.  7.100 /  6.  7.100
  libswresample   4.  7.100 /  4.  7.100
  libpostproc    56.  6.100 / 56.  6.100
Input #0, mov,mp4,m4a,3gp,3g2,mj2, from 'file:/data/tvshows/The IT Crowd/Season 3/The IT Crowd - S03E03 - Tramps Like Us WEBDL-720p Proper.mp4':
  Metadata:
    major_brand     : isom
    minor_version   : 512
    compatible_brands: isomiso2avc1mp41
    encoder         : Lavf60.3.100
  Duration: 00:21:58.03, start: 0.000000, bitrate: 1066 kb/s
  Stream #0:0[0x1](und): Video: h264 (Main) (avc1 / 0x31637661), yuv420p(tv, bt709, progressive), 1274x720 [SAR 1:1 DAR 637:360], 930 kb/s, 25 fps, 25 tbr, 16k tbn (default)
    Metadata:
      handler_name    : VideoHandler
      vendor_id       : [0][0][0][0]
  Stream #0:1[0x2](eng): Subtitle: mov_text (tx3g / 0x67337874), 0 kb/s (default) (forced)
    Metadata:
      handler_name    : SubtitleHandler
  Stream #0:2[0x3](eng): Audio: aac (LC) (mp4a / 0x6134706D), 48000 Hz, stereo, fltp, 129 kb/s (default)
    Metadata:
      handler_name    : SoundHandler
      vendor_id       : [0][0][0][0]
Stream mapping:
  Stream #0:0 -> #0:0 (h264 (native) -> h264 (libx264))
  Stream #0:2 -> #0:1 (copy)
Press [q] to stop, [?] for help
[libx264 @ 0x561cf66d2b80] using SAR=1/1
[libx264 @ 0x561cf66d2b80] using cpu capabilities: MMX2 SSE2Fast SSSE3 SSE4.2 AVX FMA3 BMI2 AVX2
[libx264 @ 0x561cf66d2b80] profile Main, level 5.1, 4:2:0, 8-bit
[libx264 @ 0x561cf66d2b80] 264 - core 163 r3060 5db6aa6 - H.264/MPEG-4 AVC codec - Copyleft 2003-2021 - http://www.videolan.org/x264.html - options: cabac=1 ref=1 deblock=1:0:0 analyse=0x1:0 me=dia subme=0 psy=1 psy_rd=1.00:0.00 mixed_ref=0 me_range=4 chroma_me=0 trellis=0 8x8dct=0 cqm=0 deadzone=21,11 fast_pskip=1 chroma_qp_offset=0 threads=6 lookahead_threads=1 sliced_threads=0 nr=0 decimate=1 interlaced=0 bluray_compat=0 constrained_intra=0 bframes=3 b_pyramid=2 b_adapt=1 b_bias=0 direct=1 weightb=1 open_gop=0 weightp=1 keyint=250 keyint_min=25 scenecut=0 intra_refresh=0 rc_lookahead=10 rc=crf mbtree=1 crf=23.0 qcomp=0.60 qpmin=0 qpmax=69 qpstep=4 vbv_maxrate=4653 vbv_bufsize=9307 crf_max=0.0 nal_hrd=none filler=0 ip_ratio=1.40 aq=1:1.00
Output #0, hls, to '/config/data/transcodes/bbedb369121ca7fc33c10c3fdaa84ca8.m3u8':
  Metadata:
    encoder         : Lavf59.27.100
  Stream #0:0: Video: h264, yuv420p(tv, bt709, progressive), 1274x720 [SAR 1:1 DAR 637:360], q=2-31, 25 fps, 90k tbn (default)
    Metadata:
      encoder         : Lavc59.37.100 libx264
    Side data:
      cpb: bitrate max/min/avg: 4653000/0/0 buffer size: 9307000 vbv_delay: N/A
  Stream #0:1: Audio: aac (LC) (mp4a / 0x6134706D), 48000 Hz, stereo, fltp, 129 kb/s (default)
frame=    1 fps=0.7 q=0.0 size=N/A time=00:00:00.00 bitrate=N/A speed=   0x    
frame=    1 fps=0.4 q=0.0 size=N/A time=00:00:00.02 bitrate=N/A speed=0.00785x    
frame=    3 fps=0.9 q=0.0 size=N/A time=00:00:00.10 bitrate=N/A speed=0.0303x    
frame=    6 fps=1.4 q=0.0 size=N/A time=00:00:00.21 bitrate=N/A speed=0.0501x    
frame=    8 fps=1.7 q=0.0 size=N/A time=00:00:00.29 bitrate=N/A speed=0.0627x    
frame=   10 fps=1.9 q=0.0 size=N/A time=00:00:00.38 bitrate=N/A speed=0.0719x    
frame=   13 fps=2.2 q=0.0 size=N/A time=00:00:00.51 bitrate=N/A speed=0.0847x    
frame=   15 fps=2.3 q=0.0 size=N/A time=00:00:00.57 bitrate=N/A speed=0.0868x    
frame=   18 fps=2.5 q=0.0 size=N/A time=00:00:00.70 bitrate=N/A speed=0.0986x    
frame=   22 fps=2.9 q=28.0 size=N/A time=00:00:00.85 bitrate=N/A speed=0.112x    
frame=   34 fps=4.2 q=28.0 size=N/A time=00:00:01.34 bitrate=N/A speed=0.165x    
frame=   56 fps=6.5 q=28.0 size=N/A time=00:00:02.21 bitrate=N/A speed=0.256x    
frame=   83 fps=9.1 q=28.0 size=N/A time=00:00:03.30 bitrate=N/A speed=0.361x    
[hls @ 0x561cf661d700] Opening '/config/data/transcodes/bbedb369121ca7fc33c10c3fdaa84ca80.ts' for writing
frame=  104 fps= 11 q=28.0 size=N/A time=00:00:04.13 bitrate=N/A speed=0.428x    
frame=  115 fps= 11 q=28.0 size=N/A time=00:00:04.58 bitrate=N/A speed=0.451x    
frame=  136 fps= 13 q=28.0 size=N/A time=00:00:05.41 bitrate=N/A speed=0.507x    
frame=  145 fps= 13 q=28.0 size=N/A time=00:00:05.78 bitrate=N/A speed=0.517x    
frame=  158 fps= 13 q=28.0 size=N/A time=00:00:06.29 bitrate=N/A speed=0.534x    
[hls @ 0x561cf661d700] Opening '/config/data/transcodes/bbedb369121ca7fc33c10c3fdaa84ca81.ts' for writing
frame=  180 fps= 15 q=28.0 size=N/A time=00:00:07.18 bitrate=N/A speed=0.586x    
frame=  203 fps= 16 q=28.0 size=N/A time=00:00:08.10 bitrate=N/A speed=0.634x    
frame=  217 fps= 16 q=28.0 size=N/A time=00:00:08.66 bitrate=N/A speed=0.651x    
frame=  234 fps= 17 q=28.0 size=N/A time=00:00:09.34 bitrate=N/A speed=0.677x    
[hls @ 0x561cf661d700] Opening '/config/data/transcodes/bbedb369121ca7fc33c10c3fdaa84ca82.ts' for writing
frame=  258 fps= 18 q=28.0 size=N/A time=00:00:10.30 bitrate=N/A speed=0.72x    

[q] command received. Exiting.

[hls @ 0x561cf661d700] Opening '/config/data/transcodes/bbedb369121ca7fc33c10c3fdaa84ca83.ts' for writing
frame=  262 fps= 18 q=-1.0 Lsize=N/A time=00:00:10.43 bitrate=N/A speed=0.705x    
video:1489kB audio:168kB subtitle:0kB other streams:0kB global headers:0kB muxing overhead: unknown
[libx264 @ 0x561cf66d2b80] frame I:4     Avg QP:15.20  size: 34219
[libx264 @ 0x561cf66d2b80] frame P:81    Avg QP:19.35  size: 10761
[libx264 @ 0x561cf66d2b80] frame B:177   Avg QP:21.63  size:  2915
[libx264 @ 0x561cf66d2b80] consecutive B-frames:  3.8% 16.0%  6.9% 73.3%
[libx264 @ 0x561cf66d2b80] mb I  I16..4: 43.8%  0.0% 56.2%
[libx264 @ 0x561cf66d2b80] mb P  I16..4: 24.7%  0.0%  0.0%  P16..4: 32.7%  0.0%  0.0%  0.0%  0.0%    skip:42.6%
[libx264 @ 0x561cf66d2b80] mb B  I16..4:  2.7%  0.0%  0.0%  B16..8: 15.5%  0.0%  0.0%  direct: 5.8%  skip:76.0%  L0:40.6% L1:48.5% BI:11.0%
[libx264 @ 0x561cf66d2b80] coded y,uvDC,uvAC intra: 27.4% 43.9% 9.1% inter: 5.1% 11.9% 0.0%
[libx264 @ 0x561cf66d2b80] i16 v,h,dc,p: 46% 24% 12% 18%
[libx264 @ 0x561cf66d2b80] i4 v,h,dc,ddl,ddr,vr,hd,vl,hu: 27% 23% 10%  9%  7%  6%  6%  6%  6%
[libx264 @ 0x561cf66d2b80] i8c dc,h,v,p: 43% 22% 25% 10%
[libx264 @ 0x561cf66d2b80] Weighted P-Frames: Y:13.6% UV:6.2%
[libx264 @ 0x561cf66d2b80] kb/s:1163.69