/videos/5713ccb0-9828-9e0b-b0ac-6dde31f60311/hls1/main/232.ts

{"Protocol":0,"Id":"5713ccb098289e0bb0ac6dde31f60311","Path":"/data/tvshows/Top Gear/Season 22/Top Gear - S22E02 - Episode 2 WEBDL-720p.mkv","EncoderPath":null,"EncoderProtocol":null,"Type":0,"Container":"mkv,webm","Size":2702997248,"Name":"Top Gear - S22E02 - Episode 2 WEBDL-720p","IsRemote":false,"ETag":"9900ca18a180682f3a35975164f3f144","RunTimeTicks":35307200512,"ReadAtNativeFramerate":false,"IgnoreDts":false,"IgnoreIndex":false,"GenPtsInput":false,"SupportsTranscoding":true,"SupportsDirectStream":true,"SupportsDirectPlay":true,"IsInfiniteStream":false,"RequiresOpening":false,"OpenToken":null,"RequiresClosing":false,"LiveStreamId":null,"BufferMs":null,"RequiresLooping":false,"SupportsProbing":true,"VideoType":0,"IsoType":null,"Video3DFormat":null,"MediaStreams":[{"Codec":"subrip","CodecTag":null,"Language":"hin","ColorRange":null,"ColorSpace":null,"ColorTransfer":null,"ColorPrimaries":null,"DvVersionMajor":null,"DvVersionMinor":null,"DvProfile":null,"DvLevel":null,"RpuPresentFlag":null,"ElPresentFlag":null,"BlPresentFlag":null,"DvBlSignalCompatibilityId":null,"Comment":null,"TimeBase":"1/1000","CodecTimeBase":null,"Title":"en","VideoRange":null,"VideoRangeType":null,"VideoDoViTitle":null,"LocalizedUndefined":"Undefined","LocalizedDefault":"Default","LocalizedForced":"Forced","LocalizedExternal":"External","DisplayTitle":"en - Hindi - SUBRIP - External","NalLengthSize":null,"IsInterlaced":false,"IsAVC":null,"ChannelLayout":null,"BitRate":null,"BitDepth":null,"RefFrames":null,"PacketLength":null,"Channels":null,"SampleRate":null,"IsDefault":false,"IsForced":false,"Height":null,"Width":null,"AverageFrameRate":null,"RealFrameRate":null,"Profile":null,"Type":2,"AspectRatio":null,"Index":0,"Score":null,"IsExternal":true,"DeliveryMethod":null,"DeliveryUrl":null,"IsExternalUrl":null,"IsTextSubtitleStream":true,"SupportsExternalStream":true,"Path":"/data/tvshows/Top Gear/Season 22/Top Gear - S22E02 - Episode 2 WEBDL-720p.en.hi.srt","PixelFormat":null,"Level":0,"IsAnamorphic":null},{"Codec":"h264","CodecTag":null,"Language":"eng","ColorRange":null,"ColorSpace":"bt709","ColorTransfer":"bt709","ColorPrimaries":"bt709","DvVersionMajor":null,"DvVersionMinor":null,"DvProfile":null,"DvLevel":null,"RpuPresentFlag":null,"ElPresentFlag":null,"BlPresentFlag":null,"DvBlSignalCompatibilityId":null,"Comment":null,"TimeBase":"1/1000","CodecTimeBase":null,"Title":null,"VideoRange":"SDR","VideoRangeType":"SDR","VideoDoViTitle":null,"LocalizedUndefined":null,"LocalizedDefault":null,"LocalizedForced":null,"LocalizedExternal":null,"DisplayTitle":"720p H264 SDR","NalLengthSize":"4","IsInterlaced":false,"IsAVC":true,"ChannelLayout":null,"BitRate":6124523,"BitDepth":8,"RefFrames":1,"PacketLength":null,"Channels":null,"SampleRate":null,"IsDefault":true,"IsForced":false,"Height":720,"Width":1280,"AverageFrameRate":25,"RealFrameRate":25,"Profile":"High","Type":1,"AspectRatio":"16:9","Index":1,"Score":null,"IsExternal":false,"DeliveryMethod":null,"DeliveryUrl":null,"IsExternalUrl":null,"IsTextSubtitleStream":false,"SupportsExternalStream":false,"Path":null,"PixelFormat":"yuv420p","Level":31,"IsAnamorphic":null},{"Codec":"eac3","CodecTag":null,"Language":"eng","ColorRange":null,"ColorSpace":null,"ColorTransfer":null,"ColorPrimaries":null,"DvVersionMajor":null,"DvVersionMinor":null,"DvProfile":null,"DvLevel":null,"RpuPresentFlag":null,"ElPresentFlag":null,"BlPresentFlag":null,"DvBlSignalCompatibilityId":null,"Comment":null,"TimeBase":"1/1000","CodecTimeBase":null,"Title":"English","VideoRange":null,"VideoRangeType":null,"VideoDoViTitle":null,"LocalizedUndefined":null,"LocalizedDefault":null,"LocalizedForced":null,"LocalizedExternal":null,"DisplayTitle":"English - Dolby Digital\u002B - Stereo - Default","NalLengthSize":null,"IsInterlaced":false,"IsAVC":null,"ChannelLayout":"stereo","BitRate":224000,"BitDepth":null,"RefFrames":null,"PacketLength":null,"Channels":2,"SampleRate":48000,"IsDefault":true,"IsForced":false,"Height":null,"Width":null,"AverageFrameRate":null,"RealFrameRate":null,"Profile":null,"Type":0,"AspectRatio":null,"Index":2,"Score":null,"IsExternal":false,"DeliveryMethod":null,"DeliveryUrl":null,"IsExternalUrl":null,"IsTextSubtitleStream":false,"SupportsExternalStream":false,"Path":null,"PixelFormat":null,"Level":0,"IsAnamorphic":null},{"Codec":"subrip","CodecTag":null,"Language":"eng","ColorRange":null,"ColorSpace":null,"ColorTransfer":null,"ColorPrimaries":null,"DvVersionMajor":null,"DvVersionMinor":null,"DvProfile":null,"DvLevel":null,"RpuPresentFlag":null,"ElPresentFlag":null,"BlPresentFlag":null,"DvBlSignalCompatibilityId":null,"Comment":null,"TimeBase":"1/1000","CodecTimeBase":null,"Title":"English (SDH)","VideoRange":null,"VideoRangeType":null,"VideoDoViTitle":null,"LocalizedUndefined":"Undefined","LocalizedDefault":"Default","LocalizedForced":"Forced","LocalizedExternal":"External","DisplayTitle":"English (SDH) - SUBRIP","NalLengthSize":null,"IsInterlaced":false,"IsAVC":null,"ChannelLayout":null,"BitRate":null,"BitDepth":null,"RefFrames":null,"PacketLength":null,"Channels":null,"SampleRate":null,"IsDefault":false,"IsForced":false,"Height":null,"Width":null,"AverageFrameRate":null,"RealFrameRate":null,"Profile":null,"Type":2,"AspectRatio":null,"Index":3,"Score":null,"IsExternal":false,"DeliveryMethod":null,"DeliveryUrl":null,"IsExternalUrl":null,"IsTextSubtitleStream":true,"SupportsExternalStream":true,"Path":null,"PixelFormat":null,"Level":0,"IsAnamorphic":null}],"MediaAttachments":[],"Formats":[],"Bitrate":6348523,"Timestamp":null,"RequiredHttpHeaders":{},"TranscodingUrl":null,"TranscodingSubProtocol":null,"TranscodingContainer":null,"AnalyzeDurationMs":null,"DefaultAudioStreamIndex":null,"DefaultSubtitleStreamIndex":null}

/usr/lib/jellyfin-ffmpeg/ffmpeg -analyzeduration 200M -ss 00:23:12.000 -fflags +genpts -f matroska,webm  -i file:"/data/tvshows/Top Gear/Season 22/Top Gear - S22E02 - Episode 2 WEBDL-720p.mkv" -map_metadata -1 -map_chapters -1 -threads 0 -map 0:0 -map 0:1 -map -0:s -codec:v:0 copy -bsf:v h264_mp4toannexb -start_at_zero -codec:a:0 libfdk_aac -ac 2 -ab 256000 -copyts -avoid_negative_ts disabled -max_muxing_queue_size 2048 -f hls -max_delay 5000000 -hls_time 6 -hls_segment_type mpegts -start_number 232 -hls_segment_filename "/data/transcodes/a60946c9844843222fd2b841cc2212a1%d.ts" -hls_playlist_type vod -hls_list_size 0 -y "/data/transcodes/a60946c9844843222fd2b841cc2212a1.m3u8"


ffmpeg version 5.1.3-Jellyfin Copyright (c) 2000-2022 the FFmpeg developers
  built with gcc 11 (Ubuntu 11.3.0-1ubuntu1~22.04.1)
  configuration: --prefix=/usr/lib/jellyfin-ffmpeg --target-os=linux --extra-libs=-lfftw3f --extra-version=Jellyfin --disable-doc --disable-ffplay --disable-ptx-compression --disable-static --disable-libxcb --disable-sdl2 --disable-xlib --enable-lto --enable-gpl --enable-version3 --enable-shared --enable-gmp --enable-gnutls --enable-chromaprint --enable-libdrm --enable-libass --enable-libfreetype --enable-libfribidi --enable-libfontconfig --enable-libbluray --enable-libmp3lame --enable-libopus --enable-libtheora --enable-libvorbis --enable-libopenmpt --enable-libdav1d --enable-libwebp --enable-libvpx --enable-libx264 --enable-libx265 --enable-libzvbi --enable-libzimg --enable-libfdk-aac --arch=amd64 --enable-libsvtav1 --enable-libshaderc --enable-libplacebo --enable-vulkan --enable-opencl --enable-vaapi --enable-amf --enable-libmfx --enable-ffnvcodec --enable-cuda --enable-cuda-llvm --enable-cuvid --enable-nvdec --enable-nvenc
  libavutil      57. 28.100 / 57. 28.100
  libavcodec     59. 37.100 / 59. 37.100
  libavformat    59. 27.100 / 59. 27.100
  libavdevice    59.  7.100 / 59.  7.100
  libavfilter     8. 44.100 /  8. 44.100
  libswscale      6.  7.100 /  6.  7.100
  libswresample   4.  7.100 /  4.  7.100
  libpostproc    56.  6.100 / 56.  6.100
Input #0, matroska,webm, from 'file:/data/tvshows/Top Gear/Season 22/Top Gear - S22E02 - Episode 2 WEBDL-720p.mkv':
  Metadata:
    encoder         : libebml v1.4.0 + libmatroska v1.6.2
  Duration: 00:58:50.72, start: 0.000000, bitrate: 6124 kb/s
  Stream #0:0(eng): Video: h264 (High), yuv420p(tv, bt709, progressive), 1280x720 [SAR 1:1 DAR 16:9], 25 fps, 25 tbr, 1k tbn (default)
    Metadata:
      BPS-eng         : 5898418
      DURATION-eng    : 00:58:50.680000000
      NUMBER_OF_FRAMES-eng: 88267
      NUMBER_OF_BYTES-eng: 2603178658
      _STATISTICS_WRITING_APP-eng: mkvmerge v51.0.0 ('I Wish') 64-bit
      _STATISTICS_WRITING_DATE_UTC-eng: 2020-12-30 10:29:32
      _STATISTICS_TAGS-eng: BPS DURATION NUMBER_OF_FRAMES NUMBER_OF_BYTES
  Stream #0:1(eng): Audio: eac3, 48000 Hz, stereo, fltp, 224 kb/s (default)
    Metadata:
      title           : English
      BPS-eng         : 224000
      DURATION-eng    : 00:58:50.720000000
      NUMBER_OF_FRAMES-eng: 110335
      NUMBER_OF_BYTES-eng: 98860160
      _STATISTICS_WRITING_APP-eng: mkvmerge v51.0.0 ('I Wish') 64-bit
      _STATISTICS_WRITING_DATE_UTC-eng: 2020-12-30 10:29:32
      _STATISTICS_TAGS-eng: BPS DURATION NUMBER_OF_FRAMES NUMBER_OF_BYTES
  Stream #0:2(eng): Subtitle: subrip
    Metadata:
      title           : English (SDH)
      BPS-eng         : 101
      DURATION-eng    : 00:58:08.800000000
      NUMBER_OF_FRAMES-eng: 1067
      NUMBER_OF_BYTES-eng: 44308
      _STATISTICS_WRITING_APP-eng: mkvmerge v51.0.0 ('I Wish') 64-bit
      _STATISTICS_WRITING_DATE_UTC-eng: 2020-12-30 10:29:32
      _STATISTICS_TAGS-eng: BPS DURATION NUMBER_OF_FRAMES NUMBER_OF_BYTES
Stream mapping:
  Stream #0:0 -> #0:0 (copy)
  Stream #0:1 -> #0:1 (eac3 (native) -> aac (libfdk_aac))
Press [q] to stop, [?] for help
Output #0, hls, to '/data/transcodes/a60946c9844843222fd2b841cc2212a1.m3u8':
  Metadata:
    encoder         : Lavf59.27.100
  Stream #0:0: Video: h264 (High), yuv420p(tv, bt709, progressive), 1280x720 [SAR 1:1 DAR 16:9], q=2-31, 25 fps, 25 tbr, 90k tbn (default)
  Stream #0:1: Audio: aac, 48000 Hz, stereo, s16, 256 kb/s (default)
    Metadata:
      encoder         : Lavc59.37.100 libfdk_aac
frame=    1 fps=0.0 q=-1.0 size=N/A time=-00:23:09.96 bitrate=N/A speed=N/A    
[hls @ 0x55af77c43d40] Opening '/data/transcodes/a60946c9844843222fd2b841cc2212a1232.ts' for writing
[hls @ 0x55af77c43d40] Opening '/data/transcodes/a60946c9844843222fd2b841cc2212a1233.ts' for writing
[hls @ 0x55af77c43d40] Opening '/data/transcodes/a60946c9844843222fd2b841cc2212a1234.ts' for writing
frame=  534 fps=0.0 q=-1.0 size=N/A time=00:00:21.51 bitrate=N/A speed=42.8x    
[hls @ 0x55af77c43d40] Opening '/data/transcodes/a60946c9844843222fd2b841cc2212a1235.ts' for writing
[hls @ 0x55af77c43d40] Opening '/data/transcodes/a60946c9844843222fd2b841cc2212a1236.ts' for writing
[hls @ 0x55af77c43d40] Opening '/data/transcodes/a60946c9844843222fd2b841cc2212a1237.ts' for writing
frame=  951 fps=947 q=-1.0 size=N/A time=00:00:38.11 bitrate=N/A speed=  38x    
[hls @ 0x55af77c43d40] Opening '/data/transcodes/a60946c9844843222fd2b841cc2212a1238.ts' for writing
[hls @ 0x55af77c43d40] Opening '/data/transcodes/a60946c9844843222fd2b841cc2212a1239.ts' for writing
[hls @ 0x55af77c43d40] Opening '/data/transcodes/a60946c9844843222fd2b841cc2212a1240.ts' for writing
frame= 1496 fps=994 q=-1.0 size=N/A time=00:00:59.98 bitrate=N/A speed=39.9x    
[hls @ 0x55af77c43d40] Opening '/data/transcodes/a60946c9844843222fd2b841cc2212a1241.ts' for writing
[hls @ 0x55af77c43d40] Opening '/data/transcodes/a60946c9844843222fd2b841cc2212a1242.ts' for writing
[hls @ 0x55af77c43d40] Opening '/data/transcodes/a60946c9844843222fd2b841cc2212a1243.ts' for writing
[hls @ 0x55af77c43d40] Opening '/data/transcodes/a60946c9844843222fd2b841cc2212a1244.ts' for writing
frame= 2033 fps=1014 q=-1.0 size=N/A time=00:01:21.37 bitrate=N/A speed=40.6x    
[hls @ 0x55af77c43d40] Opening '/data/transcodes/a60946c9844843222fd2b841cc2212a1245.ts' for writing
[hls @ 0x55af77c43d40] Opening '/data/transcodes/a60946c9844843222fd2b841cc2212a1246.ts' for writing
[hls @ 0x55af77c43d40] Opening '/data/transcodes/a60946c9844843222fd2b841cc2212a1247.ts' for writing
frame= 2504 fps=1000 q=-1.0 size=N/A time=00:01:40.42 bitrate=N/A speed=40.1x    
[hls @ 0x55af77c43d40] Opening '/data/transcodes/a60946c9844843222fd2b841cc2212a1248.ts' for writing
[hls @ 0x55af77c43d40] Opening '/data/transcodes/a60946c9844843222fd2b841cc2212a1249.ts' for writing
[hls @ 0x55af77c43d40] Opening '/data/transcodes/a60946c9844843222fd2b841cc2212a1250.ts' for writing
[hls @ 0x55af77c43d40] Opening '/data/transcodes/a60946c9844843222fd2b841cc2212a1251.ts' for writing
frame= 3007 fps=1001 q=-1.0 size=N/A time=00:02:00.39 bitrate=N/A speed=40.1x    
[hls @ 0x55af77c43d40] Opening '/data/transcodes/a60946c9844843222fd2b841cc2212a1252.ts' for writing
[hls @ 0x55af77c43d40] Opening '/data/transcodes/a60946c9844843222fd2b841cc2212a1253.ts' for writing
[hls @ 0x55af77c43d40] Opening '/data/transcodes/a60946c9844843222fd2b841cc2212a1254.ts' for writing
frame= 3551 fps=1013 q=-1.0 size=N/A time=00:02:22.15 bitrate=N/A speed=40.6x    
[hls @ 0x55af77c43d40] Opening '/data/transcodes/a60946c9844843222fd2b841cc2212a1255.ts' for writing
[hls @ 0x55af77c43d40] Opening '/data/transcodes/a60946c9844843222fd2b841cc2212a1256.ts' for writing
[hls @ 0x55af77c43d40] Opening '/data/transcodes/a60946c9844843222fd2b841cc2212a1257.ts' for writing
frame= 3968 fps=991 q=-1.0 size=N/A time=00:02:38.79 bitrate=N/A speed=39.6x    
[hls @ 0x55af77c43d40] Opening '/data/transcodes/a60946c9844843222fd2b841cc2212a1258.ts' for writing
[hls @ 0x55af77c43d40] Opening '/data/transcodes/a60946c9844843222fd2b841cc2212a1259.ts' for writing
[hls @ 0x55af77c43d40] Opening '/data/transcodes/a60946c9844843222fd2b841cc2212a1260.ts' for writing
frame= 4386 fps=972 q=-1.0 size=N/A time=00:02:55.50 bitrate=N/A speed=38.9x    
[hls @ 0x55af77c43d40] Opening '/data/transcodes/a60946c9844843222fd2b841cc2212a1261.ts' for writing
[hls @ 0x55af77c43d40] Opening '/data/transcodes/a60946c9844843222fd2b841cc2212a1262.ts' for writing
[hls @ 0x55af77c43d40] Opening '/data/transcodes/a60946c9844843222fd2b841cc2212a1263.ts' for writing
frame= 4856 fps=969 q=-1.0 size=N/A time=00:03:14.21 bitrate=N/A speed=38.8x    
[hls @ 0x55af77c43d40] Opening '/data/transcodes/a60946c9844843222fd2b841cc2212a1264.ts' for writing
[hls @ 0x55af77c43d40] Opening '/data/transcodes/a60946c9844843222fd2b841cc2212a1265.ts' for writing
[hls @ 0x55af77c43d40] Opening '/data/transcodes/a60946c9844843222fd2b841cc2212a1266.ts' for writing
frame= 5307 fps=963 q=-1.0 size=N/A time=00:03:32.30 bitrate=N/A speed=38.5x    
[hls @ 0x55af77c43d40] Opening '/data/transcodes/a60946c9844843222fd2b841cc2212a1267.ts' for writing
[hls @ 0x55af77c43d40] Opening '/data/transcodes/a60946c9844843222fd2b841cc2212a1268.ts' for writing
[hls @ 0x55af77c43d40] Opening '/data/transcodes/a60946c9844843222fd2b841cc2212a1269.ts' for writing
frame= 5737 fps=954 q=-1.0 size=N/A time=00:03:49.73 bitrate=N/A speed=38.2x    
[hls @ 0x55af77c43d40] Opening '/data/transcodes/a60946c9844843222fd2b841cc2212a1270.ts' for writing
[hls @ 0x55af77c43d40] Opening '/data/transcodes/a60946c9844843222fd2b841cc2212a1271.ts' for writing
[hls @ 0x55af77c43d40] Opening '/data/transcodes/a60946c9844843222fd2b841cc2212a1272.ts' for writing
frame= 6207 fps=953 q=-1.0 size=N/A time=00:04:08.46 bitrate=N/A speed=38.1x    
[hls @ 0x55af77c43d40] Opening '/data/transcodes/a60946c9844843222fd2b841cc2212a1273.ts' for writing
[hls @ 0x55af77c43d40] Opening '/data/transcodes/a60946c9844843222fd2b841cc2212a1274.ts' for writing
[hls @ 0x55af77c43d40] Opening '/data/transcodes/a60946c9844843222fd2b841cc2212a1275.ts' for writing
frame= 6674 fps=951 q=-1.0 size=N/A time=00:04:27.21 bitrate=N/A speed=38.1x    
[hls @ 0x55af77c43d40] Opening '/data/transcodes/a60946c9844843222fd2b841cc2212a1276.ts' for writing
[hls @ 0x55af77c43d40] Opening '/data/transcodes/a60946c9844843222fd2b841cc2212a1277.ts' for writing
[hls @ 0x55af77c43d40] Opening '/data/transcodes/a60946c9844843222fd2b841cc2212a1278.ts' for writing
frame= 7120 fps=947 q=-1.0 size=N/A time=00:04:44.89 bitrate=N/A speed=37.9x    
[hls @ 0x55af77c43d40] Opening '/data/transcodes/a60946c9844843222fd2b841cc2212a1279.ts' for writing
[hls @ 0x55af77c43d40] Opening '/data/transcodes/a60946c9844843222fd2b841cc2212a1280.ts' for writing
[hls @ 0x55af77c43d40] Opening '/data/transcodes/a60946c9844843222fd2b841cc2212a1281.ts' for writing
frame= 7582 fps=945 q=-1.0 size=N/A time=00:05:03.45 bitrate=N/A speed=37.8x    
[hls @ 0x55af77c43d40] Opening '/data/transcodes/a60946c9844843222fd2b841cc2212a1282.ts' for writing
[hls @ 0x55af77c43d40] Opening '/data/transcodes/a60946c9844843222fd2b841cc2212a1283.ts' for writing
[hls @ 0x55af77c43d40] Opening '/data/transcodes/a60946c9844843222fd2b841cc2212a1284.ts' for writing
frame= 8014 fps=940 q=-1.0 size=N/A time=00:05:20.67 bitrate=N/A speed=37.6x    
[hls @ 0x55af77c43d40] Opening '/data/transcodes/a60946c9844843222fd2b841cc2212a1285.ts' for writing
[hls @ 0x55af77c43d40] Opening '/data/transcodes/a60946c9844843222fd2b841cc2212a1286.ts' for writing
[hls @ 0x55af77c43d40] Opening '/data/transcodes/a60946c9844843222fd2b841cc2212a1287.ts' for writing
[hls @ 0x55af77c43d40] Opening '/data/transcodes/a60946c9844843222fd2b841cc2212a1288.ts' for writing
frame= 8551 fps=948 q=-1.0 size=N/A time=00:05:42.15 bitrate=N/A speed=37.9x    
[hls @ 0x55af77c43d40] Opening '/data/transcodes/a60946c9844843222fd2b841cc2212a1289.ts' for writing
[hls @ 0x55af77c43d40] Opening '/data/transcodes/a60946c9844843222fd2b841cc2212a1290.ts' for writing
[hls @ 0x55af77c43d40] Opening '/data/transcodes/a60946c9844843222fd2b841cc2212a1291.ts' for writing
frame= 9081 fps=954 q=-1.0 size=N/A time=00:06:03.42 bitrate=N/A speed=38.2x    
[hls @ 0x55af77c43d40] Opening '/data/transcodes/a60946c9844843222fd2b841cc2212a1292.ts' for writing
[hls @ 0x55af77c43d40] Opening '/data/transcodes/a60946c9844843222fd2b841cc2212a1293.ts' for writing
[hls @ 0x55af77c43d40] Opening '/data/transcodes/a60946c9844843222fd2b841cc2212a1294.ts' for writing
frame= 9568 fps=955 q=-1.0 size=N/A time=00:06:22.98 bitrate=N/A speed=38.2x    
[hls @ 0x55af77c43d40] Opening '/data/transcodes/a60946c9844843222fd2b841cc2212a1295.ts' for writing
[hls @ 0x55af77c43d40] Opening '/data/transcodes/a60946c9844843222fd2b841cc2212a1296.ts' for writing
[hls @ 0x55af77c43d40] Opening '/data/transcodes/a60946c9844843222fd2b841cc2212a1297.ts' for writing
[hls @ 0x55af77c43d40] Opening '/data/transcodes/a60946c9844843222fd2b841cc2212a1298.ts' for writing
frame=10094 fps=959 q=-1.0 size=N/A time=00:06:43.81 bitrate=N/A speed=38.4x    
[hls @ 0x55af77c43d40] Opening '/data/transcodes/a60946c9844843222fd2b841cc2212a1299.ts' for writing
[hls @ 0x55af77c43d40] Opening '/data/transcodes/a60946c9844843222fd2b841cc2212a1300.ts' for writing
[hls @ 0x55af77c43d40] Opening '/data/transcodes/a60946c9844843222fd2b841cc2212a1301.ts' for writing
frame=10605 fps=962 q=-1.0 size=N/A time=00:07:04.29 bitrate=N/A speed=38.5x    
[hls @ 0x55af77c43d40] Opening '/data/transcodes/a60946c9844843222fd2b841cc2212a1302.ts' for writing
[hls @ 0x55af77c43d40] Opening '/data/transcodes/a60946c9844843222fd2b841cc2212a1303.ts' for writing
[hls @ 0x55af77c43d40] Opening '/data/transcodes/a60946c9844843222fd2b841cc2212a1304.ts' for writing
[hls @ 0x55af77c43d40] Opening '/data/transcodes/a60946c9844843222fd2b841cc2212a1305.ts' for writing
frame=11115 fps=964 q=-1.0 size=N/A time=00:07:24.74 bitrate=N/A speed=38.6x    
[hls @ 0x55af77c43d40] Opening '/data/transcodes/a60946c9844843222fd2b841cc2212a1306.ts' for writing
[hls @ 0x55af77c43d40] Opening '/data/transcodes/a60946c9844843222fd2b841cc2212a1307.ts' for writing
[hls @ 0x55af77c43d40] Opening '/data/transcodes/a60946c9844843222fd2b841cc2212a1308.ts' for writing
frame=11596 fps=964 q=-1.0 size=N/A time=00:07:43.77 bitrate=N/A speed=38.6x    
[hls @ 0x55af77c43d40] Opening '/data/transcodes/a60946c9844843222fd2b841cc2212a1309.ts' for writing
[hls @ 0x55af77c43d40] Opening '/data/transcodes/a60946c9844843222fd2b841cc2212a1310.ts' for writing
[hls @ 0x55af77c43d40] Opening '/data/transcodes/a60946c9844843222fd2b841cc2212a1311.ts' for writing
frame=12076 fps=964 q=-1.0 size=N/A time=00:08:03.14 bitrate=N/A speed=38.6x    
[hls @ 0x55af77c43d40] Opening '/data/transcodes/a60946c9844843222fd2b841cc2212a1312.ts' for writing
[hls @ 0x55af77c43d40] Opening '/data/transcodes/a60946c9844843222fd2b841cc2212a1313.ts' for writing
[hls @ 0x55af77c43d40] Opening '/data/transcodes/a60946c9844843222fd2b841cc2212a1314.ts' for writing
frame=12594 fps=967 q=-1.0 size=N/A time=00:08:23.88 bitrate=N/A speed=38.7x    
[hls @ 0x55af77c43d40] Opening '/data/transcodes/a60946c9844843222fd2b841cc2212a1315.ts' for writing
[hls @ 0x55af77c43d40] Opening '/data/transcodes/a60946c9844843222fd2b841cc2212a1316.ts' for writing
[hls @ 0x55af77c43d40] Opening '/data/transcodes/a60946c9844843222fd2b841cc2212a1317.ts' for writing
[hls @ 0x55af77c43d40] Opening '/data/transcodes/a60946c9844843222fd2b841cc2212a1318.ts' for writing
frame=13094 fps=968 q=-1.0 size=N/A time=00:08:43.85 bitrate=N/A speed=38.7x    
[hls @ 0x55af77c43d40] Opening '/data/transcodes/a60946c9844843222fd2b841cc2212a1319.ts' for writing
[hls @ 0x55af77c43d40] Opening '/data/transcodes/a60946c9844843222fd2b841cc2212a1320.ts' for writing
[hls @ 0x55af77c43d40] Opening '/data/transcodes/a60946c9844843222fd2b841cc2212a1321.ts' for writing
[hls @ 0x55af77c43d40] Opening '/data/transcodes/a60946c9844843222fd2b841cc2212a1322.ts' for writing
frame=13651 fps=973 q=-1.0 size=N/A time=00:09:06.01 bitrate=N/A speed=38.9x    
[hls @ 0x55af77c43d40] Opening '/data/transcodes/a60946c9844843222fd2b841cc2212a1323.ts' for writing
[hls @ 0x55af77c43d40] Opening '/data/transcodes/a60946c9844843222fd2b841cc2212a1324.ts' for writing
[hls @ 0x55af77c43d40] Opening '/data/transcodes/a60946c9844843222fd2b841cc2212a1325.ts' for writing
frame=14201 fps=977 q=-1.0 size=N/A time=00:09:28.16 bitrate=N/A speed=39.1x    
[hls @ 0x55af77c43d40] Opening '/data/transcodes/a60946c9844843222fd2b841cc2212a1326.ts' for writing
[hls @ 0x55af77c43d40] Opening '/data/transcodes/a60946c9844843222fd2b841cc2212a1327.ts' for writing
[hls @ 0x55af77c43d40] Opening '/data/transcodes/a60946c9844843222fd2b841cc2212a1328.ts' for writing
[hls @ 0x55af77c43d40] Opening '/data/transcodes/a60946c9844843222fd2b841cc2212a1329.ts' for writing
frame=14701 fps=978 q=-1.0 size=N/A time=00:09:48.13 bitrate=N/A speed=39.1x    
[hls @ 0x55af77c43d40] Opening '/data/transcodes/a60946c9844843222fd2b841cc2212a1330.ts' for writing
[hls @ 0x55af77c43d40] Opening '/data/transcodes/a60946c9844843222fd2b841cc2212a1331.ts' for writing
[hls @ 0x55af77c43d40] Opening '/data/transcodes/a60946c9844843222fd2b841cc2212a1332.ts' for writing
frame=15220 fps=980 q=-1.0 size=N/A time=00:10:08.86 bitrate=N/A speed=39.2x    
[hls @ 0x55af77c43d40] Opening '/data/transcodes/a60946c9844843222fd2b841cc2212a1333.ts' for writing
[hls @ 0x55af77c43d40] Opening '/data/transcodes/a60946c9844843222fd2b841cc2212a1334.ts' for writing
[hls @ 0x55af77c43d40] Opening '/data/transcodes/a60946c9844843222fd2b841cc2212a1335.ts' for writing
frame=15743 fps=982 q=-1.0 size=N/A time=00:10:29.90 bitrate=N/A speed=39.3x    
[hls @ 0x55af77c43d40] Opening '/data/transcodes/a60946c9844843222fd2b841cc2212a1336.ts' for writing
[hls @ 0x55af77c43d40] Opening '/data/transcodes/a60946c9844843222fd2b841cc2212a1337.ts' for writing
[hls @ 0x55af77c43d40] Opening '/data/transcodes/a60946c9844843222fd2b841cc2212a1338.ts' for writing
[hls @ 0x55af77c43d40] Opening '/data/transcodes/a60946c9844843222fd2b841cc2212a1339.ts' for writing
frame=16201 fps=979 q=-1.0 size=N/A time=00:10:48.03 bitrate=N/A speed=39.2x    
[hls @ 0x55af77c43d40] Opening '/data/transcodes/a60946c9844843222fd2b841cc2212a1340.ts' for writing
[hls @ 0x55af77c43d40] Opening '/data/transcodes/a60946c9844843222fd2b841cc2212a1341.ts' for writing
frame=16575 fps=972 q=-1.0 size=N/A time=00:11:03.20 bitrate=N/A speed=38.9x    
[hls @ 0x55af77c43d40] Opening '/data/transcodes/a60946c9844843222fd2b841cc2212a1342.ts' for writing
[hls @ 0x55af77c43d40] Opening '/data/transcodes/a60946c9844843222fd2b841cc2212a1343.ts' for writing
[hls @ 0x55af77c43d40] Opening '/data/transcodes/a60946c9844843222fd2b841cc2212a1344.ts' for writing
frame=17046 fps=971 q=-1.0 size=N/A time=00:11:21.82 bitrate=N/A speed=38.9x    
[hls @ 0x55af77c43d40] Opening '/data/transcodes/a60946c9844843222fd2b841cc2212a1345.ts' for writing
[hls @ 0x55af77c43d40] Opening '/data/transcodes/a60946c9844843222fd2b841cc2212a1346.ts' for writing
[hls @ 0x55af77c43d40] Opening '/data/transcodes/a60946c9844843222fd2b841cc2212a1347.ts' for writing
[hls @ 0x55af77c43d40] Opening '/data/transcodes/a60946c9844843222fd2b841cc2212a1348.ts' for writing
frame=17563 fps=973 q=-1.0 size=N/A time=00:11:42.69 bitrate=N/A speed=38.9x    
[hls @ 0x55af77c43d40] Opening '/data/transcodes/a60946c9844843222fd2b841cc2212a1349.ts' for writing
[hls @ 0x55af77c43d40] Opening '/data/transcodes/a60946c9844843222fd2b841cc2212a1350.ts' for writing
[hls @ 0x55af77c43d40] Opening '/data/transcodes/a60946c9844843222fd2b841cc2212a1351.ts' for writing
frame=18112 fps=976 q=-1.0 size=N/A time=00:12:04.70 bitrate=N/A speed=39.1x    
[hls @ 0x55af77c43d40] Opening '/data/transcodes/a60946c9844843222fd2b841cc2212a1352.ts' for writing
[hls @ 0x55af77c43d40] Opening '/data/transcodes/a60946c9844843222fd2b841cc2212a1353.ts' for writing
[hls @ 0x55af77c43d40] Opening '/data/transcodes/a60946c9844843222fd2b841cc2212a1354.ts' for writing
frame=18581 fps=975 q=-1.0 size=N/A time=00:12:23.50 bitrate=N/A speed=  39x    
[hls @ 0x55af77c43d40] Opening '/data/transcodes/a60946c9844843222fd2b841cc2212a1355.ts' for writing
[hls @ 0x55af77c43d40] Opening '/data/transcodes/a60946c9844843222fd2b841cc2212a1356.ts' for writing
[hls @ 0x55af77c43d40] Opening '/data/transcodes/a60946c9844843222fd2b841cc2212a1357.ts' for writing
frame=18985 fps=971 q=-1.0 size=N/A time=00:12:39.45 bitrate=N/A speed=38.8x    
[hls @ 0x55af77c43d40] Opening '/data/transcodes/a60946c9844843222fd2b841cc2212a1358.ts' for writing
[hls @ 0x55af77c43d40] Opening '/data/transcodes/a60946c9844843222fd2b841cc2212a1359.ts' for writing
frame=19305 fps=962 q=-1.0 size=N/A time=00:12:52.32 bitrate=N/A speed=38.5x    
[hls @ 0x55af77c43d40] Opening '/data/transcodes/a60946c9844843222fd2b841cc2212a1360.ts' for writing
[hls @ 0x55af77c43d40] Opening '/data/transcodes/a60946c9844843222fd2b841cc2212a1361.ts' for writing
[hls @ 0x55af77c43d40] Opening '/data/transcodes/a60946c9844843222fd2b841cc2212a1362.ts' for writing
frame=19775 fps=962 q=-1.0 size=N/A time=00:13:10.98 bitrate=N/A speed=38.5x    
[hls @ 0x55af77c43d40] Opening '/data/transcodes/a60946c9844843222fd2b841cc2212a1363.ts' for writing
[hls @ 0x55af77c43d40] Opening '/data/transcodes/a60946c9844843222fd2b841cc2212a1364.ts' for writing
frame=20052 fps=952 q=-1.0 size=N/A time=00:13:22.21 bitrate=N/A speed=38.1x    
[hls @ 0x55af77c43d40] Opening '/data/transcodes/a60946c9844843222fd2b841cc2212a1365.ts' for writing
[hls @ 0x55af77c43d40] Opening '/data/transcodes/a60946c9844843222fd2b841cc2212a1366.ts' for writing
[hls @ 0x55af77c43d40] Opening '/data/transcodes/a60946c9844843222fd2b841cc2212a1367.ts' for writing
frame=20469 fps=949 q=-1.0 size=N/A time=00:13:38.97 bitrate=N/A speed=  38x    
[hls @ 0x55af77c43d40] Opening '/data/transcodes/a60946c9844843222fd2b841cc2212a1368.ts' for writing
[hls @ 0x55af77c43d40] Opening '/data/transcodes/a60946c9844843222fd2b841cc2212a1369.ts' for writing
[hls @ 0x55af77c43d40] Opening '/data/transcodes/a60946c9844843222fd2b841cc2212a1370.ts' for writing
frame=20874 fps=946 q=-1.0 size=N/A time=00:13:55.08 bitrate=N/A speed=37.8x    
[hls @ 0x55af77c43d40] Opening '/data/transcodes/a60946c9844843222fd2b841cc2212a1371.ts' for writing
[hls @ 0x55af77c43d40] Opening '/data/transcodes/a60946c9844843222fd2b841cc2212a1372.ts' for writing
frame=21205 fps=939 q=-1.0 size=N/A time=00:14:08.46 bitrate=N/A speed=37.6x    
[hls @ 0x55af77c43d40] Opening '/data/transcodes/a60946c9844843222fd2b841cc2212a1373.ts' for writing
[hls @ 0x55af77c43d40] Opening '/data/transcodes/a60946c9844843222fd2b841cc2212a1374.ts' for writing
[hls @ 0x55af77c43d40] Opening '/data/transcodes/a60946c9844843222fd2b841cc2212a1375.ts' for writing
frame=21606 fps=936 q=-1.0 size=N/A time=00:14:24.48 bitrate=N/A speed=37.5x    
[hls @ 0x55af77c43d40] Opening '/data/transcodes/a60946c9844843222fd2b841cc2212a1376.ts' for writing
[hls @ 0x55af77c43d40] Opening '/data/transcodes/a60946c9844843222fd2b841cc2212a1377.ts' for writing
frame=21939 fps=931 q=-1.0 size=N/A time=00:14:37.73 bitrate=N/A speed=37.2x    
[hls @ 0x55af77c43d40] Opening '/data/transcodes/a60946c9844843222fd2b841cc2212a1378.ts' for writing
[hls @ 0x55af77c43d40] Opening '/data/transcodes/a60946c9844843222fd2b841cc2212a1379.ts' for writing
[hls @ 0x55af77c43d40] Opening '/data/transcodes/a60946c9844843222fd2b841cc2212a1380.ts' for writing
frame=22470 fps=933 q=-1.0 size=N/A time=00:14:58.97 bitrate=N/A speed=37.3x    
[hls @ 0x55af77c43d40] Opening '/data/transcodes/a60946c9844843222fd2b841cc2212a1381.ts' for writing
[hls @ 0x55af77c43d40] Opening '/data/transcodes/a60946c9844843222fd2b841cc2212a1382.ts' for writing
[hls @ 0x55af77c43d40] Opening '/data/transcodes/a60946c9844843222fd2b841cc2212a1383.ts' for writing
[hls @ 0x55af77c43d40] Opening '/data/transcodes/a60946c9844843222fd2b841cc2212a1384.ts' for writing
frame=22960 fps=934 q=-1.0 size=N/A time=00:15:18.54 bitrate=N/A speed=37.4x    
[hls @ 0x55af77c43d40] Opening '/data/transcodes/a60946c9844843222fd2b841cc2212a1385.ts' for writing
[hls @ 0x55af77c43d40] Opening '/data/transcodes/a60946c9844843222fd2b841cc2212a1386.ts' for writing
[hls @ 0x55af77c43d40] Opening '/data/transcodes/a60946c9844843222fd2b841cc2212a1387.ts' for writing
frame=23504 fps=937 q=-1.0 size=N/A time=00:15:40.32 bitrate=N/A speed=37.5x    
[hls @ 0x55af77c43d40] Opening '/data/transcodes/a60946c9844843222fd2b841cc2212a1388.ts' for writing
[hls @ 0x55af77c43d40] Opening '/data/transcodes/a60946c9844843222fd2b841cc2212a1389.ts' for writing
[hls @ 0x55af77c43d40] Opening '/data/transcodes/a60946c9844843222fd2b841cc2212a1390.ts' for writing
[hls @ 0x55af77c43d40] Opening '/data/transcodes/a60946c9844843222fd2b841cc2212a1391.ts' for writing
frame=24101 fps=942 q=-1.0 size=N/A time=00:16:04.10 bitrate=N/A speed=37.7x    
[hls @ 0x55af77c43d40] Opening '/data/transcodes/a60946c9844843222fd2b841cc2212a1392.ts' for writing
[hls @ 0x55af77c43d40] Opening '/data/transcodes/a60946c9844843222fd2b841cc2212a1393.ts' for writing
frame=24401 fps=936 q=-1.0 size=N/A time=00:16:16.22 bitrate=N/A speed=37.4x    
[hls @ 0x55af77c43d40] Opening '/data/transcodes/a60946c9844843222fd2b841cc2212a1394.ts' for writing
[hls @ 0x55af77c43d40] Opening '/data/transcodes/a60946c9844843222fd2b841cc2212a1395.ts' for writing
frame=24737 fps=931 q=-1.0 size=N/A time=00:16:29.73 bitrate=N/A speed=37.2x    
[hls @ 0x55af77c43d40] Opening '/data/transcodes/a60946c9844843222fd2b841cc2212a1396.ts' for writing
[hls @ 0x55af77c43d40] Opening '/data/transcodes/a60946c9844843222fd2b841cc2212a1397.ts' for writing
[hls @ 0x55af77c43d40] Opening '/data/transcodes/a60946c9844843222fd2b841cc2212a1398.ts' for writing
[hls @ 0x55af77c43d40] Opening '/data/transcodes/a60946c9844843222fd2b841cc2212a1399.ts' for writing
frame=25282 fps=934 q=-1.0 size=N/A time=00:16:51.29 bitrate=N/A speed=37.3x    
[hls @ 0x55af77c43d40] Opening '/data/transcodes/a60946c9844843222fd2b841cc2212a1400.ts' for writing
[hls @ 0x55af77c43d40] Opening '/data/transcodes/a60946c9844843222fd2b841cc2212a1401.ts' for writing
[hls @ 0x55af77c43d40] Opening '/data/transcodes/a60946c9844843222fd2b841cc2212a1402.ts' for writing
frame=25731 fps=933 q=-1.0 size=N/A time=00:17:09.34 bitrate=N/A speed=37.3x    
[hls @ 0x55af77c43d40] Opening '/data/transcodes/a60946c9844843222fd2b841cc2212a1403.ts' for writing
[hls @ 0x55af77c43d40] Opening '/data/transcodes/a60946c9844843222fd2b841cc2212a1404.ts' for writing
[hls @ 0x55af77c43d40] Opening '/data/transcodes/a60946c9844843222fd2b841cc2212a1405.ts' for writing
frame=26201 fps=933 q=-1.0 size=N/A time=00:17:28.01 bitrate=N/A speed=37.3x    
[hls @ 0x55af77c43d40] Opening '/data/transcodes/a60946c9844843222fd2b841cc2212a1406.ts' for writing
[hls @ 0x55af77c43d40] Opening '/data/transcodes/a60946c9844843222fd2b841cc2212a1407.ts' for writing
[hls @ 0x55af77c43d40] Opening '/data/transcodes/a60946c9844843222fd2b841cc2212a1408.ts' for writing
frame=26647 fps=932 q=-1.0 size=N/A time=00:17:45.86 bitrate=N/A speed=37.3x    
[hls @ 0x55af77c43d40] Opening '/data/transcodes/a60946c9844843222fd2b841cc2212a1409.ts' for writing
[hls @ 0x55af77c43d40] Opening '/data/transcodes/a60946c9844843222fd2b841cc2212a1410.ts' for writing
frame=26962 fps=927 q=-1.0 size=N/A time=00:17:58.62 bitrate=N/A speed=37.1x    
[hls @ 0x55af77c43d40] Opening '/data/transcodes/a60946c9844843222fd2b841cc2212a1411.ts' for writing
[hls @ 0x55af77c43d40] Opening '/data/transcodes/a60946c9844843222fd2b841cc2212a1412.ts' for writing
[hls @ 0x55af77c43d40] Opening '/data/transcodes/a60946c9844843222fd2b841cc2212a1413.ts' for writing
frame=27301 fps=922 q=-1.0 size=N/A time=00:18:12.13 bitrate=N/A speed=36.9x    
[hls @ 0x55af77c43d40] Opening '/data/transcodes/a60946c9844843222fd2b841cc2212a1414.ts' for writing
[hls @ 0x55af77c43d40] Opening '/data/transcodes/a60946c9844843222fd2b841cc2212a1415.ts' for writing
frame=27667 fps=919 q=-1.0 size=N/A time=00:18:26.78 bitrate=N/A speed=36.8x    
[hls @ 0x55af77c43d40] Opening '/data/transcodes/a60946c9844843222fd2b841cc2212a1416.ts' for writing
[hls @ 0x55af77c43d40] Opening '/data/transcodes/a60946c9844843222fd2b841cc2212a1417.ts' for writing
[hls @ 0x55af77c43d40] Opening '/data/transcodes/a60946c9844843222fd2b841cc2212a1418.ts' for writing
frame=28105 fps=918 q=-1.0 size=N/A time=00:18:44.49 bitrate=N/A speed=36.7x    
[hls @ 0x55af77c43d40] Opening '/data/transcodes/a60946c9844843222fd2b841cc2212a1419.ts' for writing
[hls @ 0x55af77c43d40] Opening '/data/transcodes/a60946c9844843222fd2b841cc2212a1420.ts' for writing
frame=28495 fps=916 q=-1.0 size=N/A time=00:18:59.85 bitrate=N/A speed=36.6x    
[hls @ 0x55af77c43d40] Opening '/data/transcodes/a60946c9844843222fd2b841cc2212a1421.ts' for writing
[hls @ 0x55af77c43d40] Opening '/data/transcodes/a60946c9844843222fd2b841cc2212a1422.ts' for writing
[hls @ 0x55af77c43d40] Opening '/data/transcodes/a60946c9844843222fd2b841cc2212a1423.ts' for writing
frame=28889 fps=914 q=-1.0 size=N/A time=00:19:15.59 bitrate=N/A speed=36.6x    
[hls @ 0x55af77c43d40] Opening '/data/transcodes/a60946c9844843222fd2b841cc2212a1424.ts' for writing
[hls @ 0x55af77c43d40] Opening '/data/transcodes/a60946c9844843222fd2b841cc2212a1425.ts' for writing
[hls @ 0x55af77c43d40] Opening '/data/transcodes/a60946c9844843222fd2b841cc2212a1426.ts' for writing
frame=29301 fps=913 q=-1.0 size=N/A time=00:19:32.19 bitrate=N/A speed=36.5x    
[hls @ 0x55af77c43d40] Opening '/data/transcodes/a60946c9844843222fd2b841cc2212a1427.ts' for writing
[hls @ 0x55af77c43d40] Opening '/data/transcodes/a60946c9844843222fd2b841cc2212a1428.ts' for writing
frame=29689 fps=911 q=-1.0 size=N/A time=00:19:47.68 bitrate=N/A speed=36.4x    
[hls @ 0x55af77c43d40] Opening '/data/transcodes/a60946c9844843222fd2b841cc2212a1429.ts' for writing
[hls @ 0x55af77c43d40] Opening '/data/transcodes/a60946c9844843222fd2b841cc2212a1430.ts' for writing
[hls @ 0x55af77c43d40] Opening '/data/transcodes/a60946c9844843222fd2b841cc2212a1431.ts' for writing
[hls @ 0x55af77c43d40] Opening '/data/transcodes/a60946c9844843222fd2b841cc2212a1432.ts' for writing
frame=30233 fps=913 q=-1.0 size=N/A time=00:20:09.48 bitrate=N/A speed=36.5x    

[q] command received. Exiting.

[hls @ 0x55af77c43d40] Opening '/data/transcodes/a60946c9844843222fd2b841cc2212a1433.ts' for writing
frame=30276 fps=912 q=-1.0 Lsize=N/A time=00:20:11.19 bitrate=N/A speed=36.5x    
video:877850kB audio:37787kB subtitle:0kB other streams:0kB global headers:0kB muxing overhead: unknown