/videos/5713ccb0-9828-9e0b-b0ac-6dde31f60311/hls1/main/0.ts

{"Protocol":0,"Id":"5713ccb098289e0bb0ac6dde31f60311","Path":"/data/tvshows/Top Gear/Season 22/Top Gear - S22E02 - Episode 2 WEBDL-720p.mkv","EncoderPath":null,"EncoderProtocol":null,"Type":0,"Container":"mkv,webm","Size":2702997248,"Name":"Top Gear - S22E02 - Episode 2 WEBDL-720p","IsRemote":false,"ETag":"9900ca18a180682f3a35975164f3f144","RunTimeTicks":35307200512,"ReadAtNativeFramerate":false,"IgnoreDts":false,"IgnoreIndex":false,"GenPtsInput":false,"SupportsTranscoding":true,"SupportsDirectStream":true,"SupportsDirectPlay":true,"IsInfiniteStream":false,"RequiresOpening":false,"OpenToken":null,"RequiresClosing":false,"LiveStreamId":null,"BufferMs":null,"RequiresLooping":false,"SupportsProbing":true,"VideoType":0,"IsoType":null,"Video3DFormat":null,"MediaStreams":[{"Codec":"subrip","CodecTag":null,"Language":"hin","ColorRange":null,"ColorSpace":null,"ColorTransfer":null,"ColorPrimaries":null,"DvVersionMajor":null,"DvVersionMinor":null,"DvProfile":null,"DvLevel":null,"RpuPresentFlag":null,"ElPresentFlag":null,"BlPresentFlag":null,"DvBlSignalCompatibilityId":null,"Comment":null,"TimeBase":"1/1000","CodecTimeBase":null,"Title":"en","VideoRange":null,"VideoRangeType":null,"VideoDoViTitle":null,"LocalizedUndefined":"Undefined","LocalizedDefault":"Default","LocalizedForced":"Forced","LocalizedExternal":"External","DisplayTitle":"en - Hindi - SUBRIP - External","NalLengthSize":null,"IsInterlaced":false,"IsAVC":null,"ChannelLayout":null,"BitRate":null,"BitDepth":null,"RefFrames":null,"PacketLength":null,"Channels":null,"SampleRate":null,"IsDefault":false,"IsForced":false,"Height":null,"Width":null,"AverageFrameRate":null,"RealFrameRate":null,"Profile":null,"Type":2,"AspectRatio":null,"Index":0,"Score":null,"IsExternal":true,"DeliveryMethod":null,"DeliveryUrl":null,"IsExternalUrl":null,"IsTextSubtitleStream":true,"SupportsExternalStream":true,"Path":"/data/tvshows/Top Gear/Season 22/Top Gear - S22E02 - Episode 2 WEBDL-720p.en.hi.srt","PixelFormat":null,"Level":0,"IsAnamorphic":null},{"Codec":"h264","CodecTag":null,"Language":"eng","ColorRange":null,"ColorSpace":"bt709","ColorTransfer":"bt709","ColorPrimaries":"bt709","DvVersionMajor":null,"DvVersionMinor":null,"DvProfile":null,"DvLevel":null,"RpuPresentFlag":null,"ElPresentFlag":null,"BlPresentFlag":null,"DvBlSignalCompatibilityId":null,"Comment":null,"TimeBase":"1/1000","CodecTimeBase":null,"Title":null,"VideoRange":"SDR","VideoRangeType":"SDR","VideoDoViTitle":null,"LocalizedUndefined":null,"LocalizedDefault":null,"LocalizedForced":null,"LocalizedExternal":null,"DisplayTitle":"720p H264 SDR","NalLengthSize":"4","IsInterlaced":false,"IsAVC":true,"ChannelLayout":null,"BitRate":6124523,"BitDepth":8,"RefFrames":1,"PacketLength":null,"Channels":null,"SampleRate":null,"IsDefault":true,"IsForced":false,"Height":720,"Width":1280,"AverageFrameRate":25,"RealFrameRate":25,"Profile":"High","Type":1,"AspectRatio":"16:9","Index":1,"Score":null,"IsExternal":false,"DeliveryMethod":null,"DeliveryUrl":null,"IsExternalUrl":null,"IsTextSubtitleStream":false,"SupportsExternalStream":false,"Path":null,"PixelFormat":"yuv420p","Level":31,"IsAnamorphic":null},{"Codec":"eac3","CodecTag":null,"Language":"eng","ColorRange":null,"ColorSpace":null,"ColorTransfer":null,"ColorPrimaries":null,"DvVersionMajor":null,"DvVersionMinor":null,"DvProfile":null,"DvLevel":null,"RpuPresentFlag":null,"ElPresentFlag":null,"BlPresentFlag":null,"DvBlSignalCompatibilityId":null,"Comment":null,"TimeBase":"1/1000","CodecTimeBase":null,"Title":"English","VideoRange":null,"VideoRangeType":null,"VideoDoViTitle":null,"LocalizedUndefined":null,"LocalizedDefault":null,"LocalizedForced":null,"LocalizedExternal":null,"DisplayTitle":"English - Dolby Digital\u002B - Stereo - Default","NalLengthSize":null,"IsInterlaced":false,"IsAVC":null,"ChannelLayout":"stereo","BitRate":224000,"BitDepth":null,"RefFrames":null,"PacketLength":null,"Channels":2,"SampleRate":48000,"IsDefault":true,"IsForced":false,"Height":null,"Width":null,"AverageFrameRate":null,"RealFrameRate":null,"Profile":null,"Type":0,"AspectRatio":null,"Index":2,"Score":null,"IsExternal":false,"DeliveryMethod":null,"DeliveryUrl":null,"IsExternalUrl":null,"IsTextSubtitleStream":false,"SupportsExternalStream":false,"Path":null,"PixelFormat":null,"Level":0,"IsAnamorphic":null},{"Codec":"subrip","CodecTag":null,"Language":"eng","ColorRange":null,"ColorSpace":null,"ColorTransfer":null,"ColorPrimaries":null,"DvVersionMajor":null,"DvVersionMinor":null,"DvProfile":null,"DvLevel":null,"RpuPresentFlag":null,"ElPresentFlag":null,"BlPresentFlag":null,"DvBlSignalCompatibilityId":null,"Comment":null,"TimeBase":"1/1000","CodecTimeBase":null,"Title":"English (SDH)","VideoRange":null,"VideoRangeType":null,"VideoDoViTitle":null,"LocalizedUndefined":"Undefined","LocalizedDefault":"Default","LocalizedForced":"Forced","LocalizedExternal":"External","DisplayTitle":"English (SDH) - SUBRIP","NalLengthSize":null,"IsInterlaced":false,"IsAVC":null,"ChannelLayout":null,"BitRate":null,"BitDepth":null,"RefFrames":null,"PacketLength":null,"Channels":null,"SampleRate":null,"IsDefault":false,"IsForced":false,"Height":null,"Width":null,"AverageFrameRate":null,"RealFrameRate":null,"Profile":null,"Type":2,"AspectRatio":null,"Index":3,"Score":null,"IsExternal":false,"DeliveryMethod":null,"DeliveryUrl":null,"IsExternalUrl":null,"IsTextSubtitleStream":true,"SupportsExternalStream":true,"Path":null,"PixelFormat":null,"Level":0,"IsAnamorphic":null}],"MediaAttachments":[],"Formats":[],"Bitrate":6348523,"Timestamp":null,"RequiredHttpHeaders":{},"TranscodingUrl":null,"TranscodingSubProtocol":null,"TranscodingContainer":null,"AnalyzeDurationMs":null,"DefaultAudioStreamIndex":null,"DefaultSubtitleStreamIndex":null}

/usr/lib/jellyfin-ffmpeg/ffmpeg -analyzeduration 200M -fflags +genpts -f matroska,webm  -i file:"/data/tvshows/Top Gear/Season 22/Top Gear - S22E02 - Episode 2 WEBDL-720p.mkv" -map_metadata -1 -map_chapters -1 -threads 0 -map 0:0 -map 0:1 -map -0:s -codec:v:0 copy -bsf:v h264_mp4toannexb -start_at_zero -codec:a:0 libfdk_aac -ac 2 -ab 256000 -copyts -avoid_negative_ts disabled -max_muxing_queue_size 2048 -f hls -max_delay 5000000 -hls_time 6 -hls_segment_type mpegts -start_number 0 -hls_segment_filename "/data/transcodes/a60946c9844843222fd2b841cc2212a1%d.ts" -hls_playlist_type vod -hls_list_size 0 -y "/data/transcodes/a60946c9844843222fd2b841cc2212a1.m3u8"


ffmpeg version 5.1.3-Jellyfin Copyright (c) 2000-2022 the FFmpeg developers
  built with gcc 11 (Ubuntu 11.3.0-1ubuntu1~22.04.1)
  configuration: --prefix=/usr/lib/jellyfin-ffmpeg --target-os=linux --extra-libs=-lfftw3f --extra-version=Jellyfin --disable-doc --disable-ffplay --disable-ptx-compression --disable-static --disable-libxcb --disable-sdl2 --disable-xlib --enable-lto --enable-gpl --enable-version3 --enable-shared --enable-gmp --enable-gnutls --enable-chromaprint --enable-libdrm --enable-libass --enable-libfreetype --enable-libfribidi --enable-libfontconfig --enable-libbluray --enable-libmp3lame --enable-libopus --enable-libtheora --enable-libvorbis --enable-libopenmpt --enable-libdav1d --enable-libwebp --enable-libvpx --enable-libx264 --enable-libx265 --enable-libzvbi --enable-libzimg --enable-libfdk-aac --arch=amd64 --enable-libsvtav1 --enable-libshaderc --enable-libplacebo --enable-vulkan --enable-opencl --enable-vaapi --enable-amf --enable-libmfx --enable-ffnvcodec --enable-cuda --enable-cuda-llvm --enable-cuvid --enable-nvdec --enable-nvenc
  libavutil      57. 28.100 / 57. 28.100
  libavcodec     59. 37.100 / 59. 37.100
  libavformat    59. 27.100 / 59. 27.100
  libavdevice    59.  7.100 / 59.  7.100
  libavfilter     8. 44.100 /  8. 44.100
  libswscale      6.  7.100 /  6.  7.100
  libswresample   4.  7.100 /  4.  7.100
  libpostproc    56.  6.100 / 56.  6.100
Input #0, matroska,webm, from 'file:/data/tvshows/Top Gear/Season 22/Top Gear - S22E02 - Episode 2 WEBDL-720p.mkv':
  Metadata:
    encoder         : libebml v1.4.0 + libmatroska v1.6.2
  Duration: 00:58:50.72, start: 0.000000, bitrate: 6124 kb/s
  Stream #0:0(eng): Video: h264 (High), yuv420p(tv, bt709, progressive), 1280x720 [SAR 1:1 DAR 16:9], 25 fps, 25 tbr, 1k tbn (default)
    Metadata:
      BPS-eng         : 5898418
      DURATION-eng    : 00:58:50.680000000
      NUMBER_OF_FRAMES-eng: 88267
      NUMBER_OF_BYTES-eng: 2603178658
      _STATISTICS_WRITING_APP-eng: mkvmerge v51.0.0 ('I Wish') 64-bit
      _STATISTICS_WRITING_DATE_UTC-eng: 2020-12-30 10:29:32
      _STATISTICS_TAGS-eng: BPS DURATION NUMBER_OF_FRAMES NUMBER_OF_BYTES
  Stream #0:1(eng): Audio: eac3, 48000 Hz, stereo, fltp, 224 kb/s (default)
    Metadata:
      title           : English
      BPS-eng         : 224000
      DURATION-eng    : 00:58:50.720000000
      NUMBER_OF_FRAMES-eng: 110335
      NUMBER_OF_BYTES-eng: 98860160
      _STATISTICS_WRITING_APP-eng: mkvmerge v51.0.0 ('I Wish') 64-bit
      _STATISTICS_WRITING_DATE_UTC-eng: 2020-12-30 10:29:32
      _STATISTICS_TAGS-eng: BPS DURATION NUMBER_OF_FRAMES NUMBER_OF_BYTES
  Stream #0:2(eng): Subtitle: subrip
    Metadata:
      title           : English (SDH)
      BPS-eng         : 101
      DURATION-eng    : 00:58:08.800000000
      NUMBER_OF_FRAMES-eng: 1067
      NUMBER_OF_BYTES-eng: 44308
      _STATISTICS_WRITING_APP-eng: mkvmerge v51.0.0 ('I Wish') 64-bit
      _STATISTICS_WRITING_DATE_UTC-eng: 2020-12-30 10:29:32
      _STATISTICS_TAGS-eng: BPS DURATION NUMBER_OF_FRAMES NUMBER_OF_BYTES
Stream mapping:
  Stream #0:0 -> #0:0 (copy)
  Stream #0:1 -> #0:1 (eac3 (native) -> aac (libfdk_aac))
Press [q] to stop, [?] for help
Output #0, hls, to '/data/transcodes/a60946c9844843222fd2b841cc2212a1.m3u8':
  Metadata:
    encoder         : Lavf59.27.100
  Stream #0:0: Video: h264 (High), yuv420p(tv, bt709, progressive), 1280x720 [SAR 1:1 DAR 16:9], q=2-31, 25 fps, 25 tbr, 90k tbn (default)
  Stream #0:1: Audio: aac, 48000 Hz, stereo, s16, 256 kb/s (default)
    Metadata:
      encoder         : Lavc59.37.100 libfdk_aac
frame=    1 fps=0.0 q=-1.0 size=N/A time=-00:00:00.02 bitrate=N/A speed=N/A    
[hls @ 0x55783a089300] Opening '/data/transcodes/a60946c9844843222fd2b841cc2212a10.ts' for writing
[hls @ 0x55783a089300] Opening '/data/transcodes/a60946c9844843222fd2b841cc2212a11.ts' for writing
[hls @ 0x55783a089300] Opening '/data/transcodes/a60946c9844843222fd2b841cc2212a12.ts' for writing
frame=  451 fps=0.0 q=-1.0 size=N/A time=00:00:00.06 bitrate=N/A speed=0.133x    
[hls @ 0x55783a089300] Opening '/data/transcodes/a60946c9844843222fd2b841cc2212a13.ts' for writing
[hls @ 0x55783a089300] Opening '/data/transcodes/a60946c9844843222fd2b841cc2212a14.ts' for writing
[hls @ 0x55783a089300] Opening '/data/transcodes/a60946c9844843222fd2b841cc2212a15.ts' for writing
frame=  974 fps=972 q=-1.0 size=N/A time=00:00:21.25 bitrate=N/A speed=21.2x    
[hls @ 0x55783a089300] Opening '/data/transcodes/a60946c9844843222fd2b841cc2212a16.ts' for writing
[hls @ 0x55783a089300] Opening '/data/transcodes/a60946c9844843222fd2b841cc2212a17.ts' for writing
[hls @ 0x55783a089300] Opening '/data/transcodes/a60946c9844843222fd2b841cc2212a18.ts' for writing
frame= 1405 fps=935 q=-1.0 size=N/A time=00:00:38.44 bitrate=N/A speed=25.6x    
[hls @ 0x55783a089300] Opening '/data/transcodes/a60946c9844843222fd2b841cc2212a19.ts' for writing
[hls @ 0x55783a089300] Opening '/data/transcodes/a60946c9844843222fd2b841cc2212a110.ts' for writing
[hls @ 0x55783a089300] Opening '/data/transcodes/a60946c9844843222fd2b841cc2212a111.ts' for writing
frame= 1887 fps=942 q=-1.0 size=N/A time=00:00:57.64 bitrate=N/A speed=28.8x    
[hls @ 0x55783a089300] Opening '/data/transcodes/a60946c9844843222fd2b841cc2212a112.ts' for writing
[hls @ 0x55783a089300] Opening '/data/transcodes/a60946c9844843222fd2b841cc2212a113.ts' for writing
[hls @ 0x55783a089300] Opening '/data/transcodes/a60946c9844843222fd2b841cc2212a114.ts' for writing
frame= 2383 fps=952 q=-1.0 size=N/A time=00:01:17.37 bitrate=N/A speed=30.9x    
[hls @ 0x55783a089300] Opening '/data/transcodes/a60946c9844843222fd2b841cc2212a115.ts' for writing
[hls @ 0x55783a089300] Opening '/data/transcodes/a60946c9844843222fd2b841cc2212a116.ts' for writing
[hls @ 0x55783a089300] Opening '/data/transcodes/a60946c9844843222fd2b841cc2212a117.ts' for writing
[hls @ 0x55783a089300] Opening '/data/transcodes/a60946c9844843222fd2b841cc2212a118.ts' for writing
frame= 2895 fps=964 q=-1.0 size=N/A time=00:01:37.83 bitrate=N/A speed=32.6x    
[hls @ 0x55783a089300] Opening '/data/transcodes/a60946c9844843222fd2b841cc2212a119.ts' for writing
[hls @ 0x55783a089300] Opening '/data/transcodes/a60946c9844843222fd2b841cc2212a120.ts' for writing
[hls @ 0x55783a089300] Opening '/data/transcodes/a60946c9844843222fd2b841cc2212a121.ts' for writing
frame= 3324 fps=949 q=-1.0 size=N/A time=00:01:55.20 bitrate=N/A speed=32.9x    
[hls @ 0x55783a089300] Opening '/data/transcodes/a60946c9844843222fd2b841cc2212a122.ts' for writing
[hls @ 0x55783a089300] Opening '/data/transcodes/a60946c9844843222fd2b841cc2212a123.ts' for writing
[hls @ 0x55783a089300] Opening '/data/transcodes/a60946c9844843222fd2b841cc2212a124.ts' for writing
frame= 3863 fps=965 q=-1.0 size=N/A time=00:02:16.74 bitrate=N/A speed=34.2x    
[hls @ 0x55783a089300] Opening '/data/transcodes/a60946c9844843222fd2b841cc2212a125.ts' for writing
[hls @ 0x55783a089300] Opening '/data/transcodes/a60946c9844843222fd2b841cc2212a126.ts' for writing
[hls @ 0x55783a089300] Opening '/data/transcodes/a60946c9844843222fd2b841cc2212a127.ts' for writing
[hls @ 0x55783a089300] Opening '/data/transcodes/a60946c9844843222fd2b841cc2212a128.ts' for writing
frame= 4413 fps=980 q=-1.0 size=N/A time=00:02:38.72 bitrate=N/A speed=35.2x    
[hls @ 0x55783a089300] Opening '/data/transcodes/a60946c9844843222fd2b841cc2212a129.ts' for writing
[hls @ 0x55783a089300] Opening '/data/transcodes/a60946c9844843222fd2b841cc2212a130.ts' for writing
[hls @ 0x55783a089300] Opening '/data/transcodes/a60946c9844843222fd2b841cc2212a131.ts' for writing
frame= 4932 fps=986 q=-1.0 size=N/A time=00:02:59.50 bitrate=N/A speed=35.9x    
[hls @ 0x55783a089300] Opening '/data/transcodes/a60946c9844843222fd2b841cc2212a132.ts' for writing
[hls @ 0x55783a089300] Opening '/data/transcodes/a60946c9844843222fd2b841cc2212a133.ts' for writing
[hls @ 0x55783a089300] Opening '/data/transcodes/a60946c9844843222fd2b841cc2212a134.ts' for writing
[hls @ 0x55783a089300] Opening '/data/transcodes/a60946c9844843222fd2b841cc2212a135.ts' for writing
frame= 5542 fps=1007 q=-1.0 size=N/A time=00:03:23.75 bitrate=N/A speed=  37x    
[hls @ 0x55783a089300] Opening '/data/transcodes/a60946c9844843222fd2b841cc2212a136.ts' for writing
[hls @ 0x55783a089300] Opening '/data/transcodes/a60946c9844843222fd2b841cc2212a137.ts' for writing
[hls @ 0x55783a089300] Opening '/data/transcodes/a60946c9844843222fd2b841cc2212a138.ts' for writing
frame= 5883 fps=980 q=-1.0 size=N/A time=00:03:37.51 bitrate=N/A speed=36.2x    
[hls @ 0x55783a089300] Opening '/data/transcodes/a60946c9844843222fd2b841cc2212a139.ts' for writing
[hls @ 0x55783a089300] Opening '/data/transcodes/a60946c9844843222fd2b841cc2212a140.ts' for writing
[hls @ 0x55783a089300] Opening '/data/transcodes/a60946c9844843222fd2b841cc2212a141.ts' for writing
frame= 6339 fps=975 q=-1.0 size=N/A time=00:03:55.75 bitrate=N/A speed=36.2x    
[hls @ 0x55783a089300] Opening '/data/transcodes/a60946c9844843222fd2b841cc2212a142.ts' for writing
[hls @ 0x55783a089300] Opening '/data/transcodes/a60946c9844843222fd2b841cc2212a143.ts' for writing
[hls @ 0x55783a089300] Opening '/data/transcodes/a60946c9844843222fd2b841cc2212a144.ts' for writing
frame= 6876 fps=982 q=-1.0 size=N/A time=00:04:17.26 bitrate=N/A speed=36.7x    
[hls @ 0x55783a089300] Opening '/data/transcodes/a60946c9844843222fd2b841cc2212a145.ts' for writing
[hls @ 0x55783a089300] Opening '/data/transcodes/a60946c9844843222fd2b841cc2212a146.ts' for writing
[hls @ 0x55783a089300] Opening '/data/transcodes/a60946c9844843222fd2b841cc2212a147.ts' for writing
frame= 7313 fps=974 q=-1.0 size=N/A time=00:04:34.62 bitrate=N/A speed=36.6x    

[q] command received. Exiting.

[hls @ 0x55783a089300] Opening '/data/transcodes/a60946c9844843222fd2b841cc2212a148.ts' for writing
frame= 7317 fps=973 q=-1.0 Lsize=N/A time=00:04:34.92 bitrate=N/A speed=36.6x    
video:210133kB audio:9154kB subtitle:0kB other streams:0kB global headers:0kB muxing overhead: unknown