/videos/c0fbc9ab-1707-e4e5-1988-9a385baac739/hls1/main/0.ts

{"Protocol":0,"Id":"c0fbc9ab1707e4e519889a385baac739","Path":"/data/movies/Star Wars (1977)/Star Wars (1977) WEBDL-2160p.mp4","EncoderPath":null,"EncoderProtocol":null,"Type":0,"Container":"mov,mp4,m4a,3gp,3g2,mj2","Size":6789035008,"Name":"Star Wars (1977) WEBDL-2160p","IsRemote":false,"ETag":"f16be71727392293113619dbee3602d1","RunTimeTicks":70600638464,"ReadAtNativeFramerate":false,"IgnoreDts":false,"IgnoreIndex":false,"GenPtsInput":false,"SupportsTranscoding":true,"SupportsDirectStream":true,"SupportsDirectPlay":true,"IsInfiniteStream":false,"RequiresOpening":false,"OpenToken":null,"RequiresClosing":false,"LiveStreamId":null,"BufferMs":null,"RequiresLooping":false,"SupportsProbing":true,"VideoType":0,"IsoType":null,"Video3DFormat":null,"MediaStreams":[{"Codec":"h264","CodecTag":"avc1","Language":"und","ColorRange":null,"ColorSpace":"bt2020nc","ColorTransfer":"smpte2084","ColorPrimaries":"bt2020","DvVersionMajor":null,"DvVersionMinor":null,"DvProfile":null,"DvLevel":null,"RpuPresentFlag":null,"ElPresentFlag":null,"BlPresentFlag":null,"DvBlSignalCompatibilityId":null,"Comment":null,"TimeBase":"1/24000","CodecTimeBase":null,"Title":null,"VideoRange":"HDR","VideoRangeType":"HDR10","VideoDoViTitle":null,"LocalizedUndefined":null,"LocalizedDefault":null,"LocalizedForced":null,"LocalizedExternal":null,"DisplayTitle":"4K H264 HDR","NalLengthSize":"4","IsInterlaced":false,"IsAVC":true,"ChannelLayout":null,"BitRate":6940973,"BitDepth":10,"RefFrames":1,"PacketLength":null,"Channels":null,"SampleRate":null,"IsDefault":true,"IsForced":false,"Height":1608,"Width":3840,"AverageFrameRate":23.976025,"RealFrameRate":23.976025,"Profile":"High 10","Type":1,"AspectRatio":"2.40:1","Index":0,"Score":null,"IsExternal":false,"DeliveryMethod":null,"DeliveryUrl":null,"IsExternalUrl":null,"IsTextSubtitleStream":false,"SupportsExternalStream":false,"Path":null,"PixelFormat":"yuv420p10le","Level":51,"IsAnamorphic":null},{"Codec":"mov_text","CodecTag":"tx3g","Language":"eng","ColorRange":null,"ColorSpace":null,"ColorTransfer":null,"ColorPrimaries":null,"DvVersionMajor":null,"DvVersionMinor":null,"DvProfile":null,"DvLevel":null,"RpuPresentFlag":null,"ElPresentFlag":null,"BlPresentFlag":null,"DvBlSignalCompatibilityId":null,"Comment":null,"TimeBase":"1/1000000","CodecTimeBase":null,"Title":null,"VideoRange":null,"VideoRangeType":null,"VideoDoViTitle":null,"LocalizedUndefined":"Undefined","LocalizedDefault":"Default","LocalizedForced":"Forced","LocalizedExternal":"External","DisplayTitle":"English - MOV_TEXT","NalLengthSize":null,"IsInterlaced":false,"IsAVC":null,"ChannelLayout":null,"BitRate":113,"BitDepth":null,"RefFrames":null,"PacketLength":null,"Channels":null,"SampleRate":null,"IsDefault":false,"IsForced":false,"Height":null,"Width":null,"AverageFrameRate":null,"RealFrameRate":null,"Profile":null,"Type":2,"AspectRatio":null,"Index":1,"Score":null,"IsExternal":false,"DeliveryMethod":null,"DeliveryUrl":null,"IsExternalUrl":null,"IsTextSubtitleStream":true,"SupportsExternalStream":true,"Path":null,"PixelFormat":null,"Level":0,"IsAnamorphic":null},{"Codec":"mov_text","CodecTag":"tx3g","Language":"ita","ColorRange":null,"ColorSpace":null,"ColorTransfer":null,"ColorPrimaries":null,"DvVersionMajor":null,"DvVersionMinor":null,"DvProfile":null,"DvLevel":null,"RpuPresentFlag":null,"ElPresentFlag":null,"BlPresentFlag":null,"DvBlSignalCompatibilityId":null,"Comment":null,"TimeBase":"1/1000000","CodecTimeBase":null,"Title":null,"VideoRange":null,"VideoRangeType":null,"VideoDoViTitle":null,"LocalizedUndefined":"Undefined","LocalizedDefault":"Default","LocalizedForced":"Forced","LocalizedExternal":"External","DisplayTitle":"Italian - MOV_TEXT","NalLengthSize":null,"IsInterlaced":false,"IsAVC":null,"ChannelLayout":null,"BitRate":67,"BitDepth":null,"RefFrames":null,"PacketLength":null,"Channels":null,"SampleRate":null,"IsDefault":false,"IsForced":false,"Height":null,"Width":null,"AverageFrameRate":null,"RealFrameRate":null,"Profile":null,"Type":2,"AspectRatio":null,"Index":2,"Score":null,"IsExternal":false,"DeliveryMethod":null,"DeliveryUrl":null,"IsExternalUrl":null,"IsTextSubtitleStream":true,"SupportsExternalStream":true,"Path":null,"PixelFormat":null,"Level":0,"IsAnamorphic":null},{"Codec":"mov_text","CodecTag":"tx3g","Language":"eng","ColorRange":null,"ColorSpace":null,"ColorTransfer":null,"ColorPrimaries":null,"DvVersionMajor":null,"DvVersionMinor":null,"DvProfile":null,"DvLevel":null,"RpuPresentFlag":null,"ElPresentFlag":null,"BlPresentFlag":null,"DvBlSignalCompatibilityId":null,"Comment":null,"TimeBase":"1/1000000","CodecTimeBase":null,"Title":null,"VideoRange":null,"VideoRangeType":null,"VideoDoViTitle":null,"LocalizedUndefined":"Undefined","LocalizedDefault":"Default","LocalizedForced":"Forced","LocalizedExternal":"External","DisplayTitle":"English - MOV_TEXT","NalLengthSize":null,"IsInterlaced":false,"IsAVC":null,"ChannelLayout":null,"BitRate":68,"BitDepth":null,"RefFrames":null,"PacketLength":null,"Channels":null,"SampleRate":null,"IsDefault":false,"IsForced":false,"Height":null,"Width":null,"AverageFrameRate":null,"RealFrameRate":null,"Profile":null,"Type":2,"AspectRatio":null,"Index":3,"Score":null,"IsExternal":false,"DeliveryMethod":null,"DeliveryUrl":null,"IsExternalUrl":null,"IsTextSubtitleStream":true,"SupportsExternalStream":true,"Path":null,"PixelFormat":null,"Level":0,"IsAnamorphic":null},{"Codec":"mov_text","CodecTag":"tx3g","Language":"ita","ColorRange":null,"ColorSpace":null,"ColorTransfer":null,"ColorPrimaries":null,"DvVersionMajor":null,"DvVersionMinor":null,"DvProfile":null,"DvLevel":null,"RpuPresentFlag":null,"ElPresentFlag":null,"BlPresentFlag":null,"DvBlSignalCompatibilityId":null,"Comment":null,"TimeBase":"1/1000000","CodecTimeBase":null,"Title":null,"VideoRange":null,"VideoRangeType":null,"VideoDoViTitle":null,"LocalizedUndefined":"Undefined","LocalizedDefault":"Default","LocalizedForced":"Forced","LocalizedExternal":"External","DisplayTitle":"Italian - Default - MOV_TEXT","NalLengthSize":null,"IsInterlaced":false,"IsAVC":null,"ChannelLayout":null,"BitRate":88,"BitDepth":null,"RefFrames":null,"PacketLength":null,"Channels":null,"SampleRate":null,"IsDefault":true,"IsForced":false,"Height":null,"Width":null,"AverageFrameRate":null,"RealFrameRate":null,"Profile":null,"Type":2,"AspectRatio":null,"Index":4,"Score":null,"IsExternal":false,"DeliveryMethod":null,"DeliveryUrl":null,"IsExternalUrl":null,"IsTextSubtitleStream":true,"SupportsExternalStream":true,"Path":null,"PixelFormat":null,"Level":0,"IsAnamorphic":null},{"Codec":"aac","CodecTag":"mp4a","Language":"ita","ColorRange":null,"ColorSpace":null,"ColorTransfer":null,"ColorPrimaries":null,"DvVersionMajor":null,"DvVersionMinor":null,"DvProfile":null,"DvLevel":null,"RpuPresentFlag":null,"ElPresentFlag":null,"BlPresentFlag":null,"DvBlSignalCompatibilityId":null,"Comment":null,"TimeBase":"1/48000","CodecTimeBase":null,"Title":null,"VideoRange":null,"VideoRangeType":null,"VideoDoViTitle":null,"LocalizedUndefined":null,"LocalizedDefault":null,"LocalizedForced":null,"LocalizedExternal":null,"DisplayTitle":"Italian - AAC - 6 ch - Default","NalLengthSize":null,"IsInterlaced":false,"IsAVC":null,"ChannelLayout":null,"BitRate":394500,"BitDepth":null,"RefFrames":null,"PacketLength":null,"Channels":6,"SampleRate":48000,"IsDefault":true,"IsForced":false,"Height":null,"Width":null,"AverageFrameRate":null,"RealFrameRate":null,"Profile":"LC","Type":0,"AspectRatio":null,"Index":5,"Score":null,"IsExternal":false,"DeliveryMethod":null,"DeliveryUrl":null,"IsExternalUrl":null,"IsTextSubtitleStream":false,"SupportsExternalStream":false,"Path":null,"PixelFormat":null,"Level":0,"IsAnamorphic":null},{"Codec":"aac","CodecTag":"mp4a","Language":"eng","ColorRange":null,"ColorSpace":null,"ColorTransfer":null,"ColorPrimaries":null,"DvVersionMajor":null,"DvVersionMinor":null,"DvProfile":null,"DvLevel":null,"RpuPresentFlag":null,"ElPresentFlag":null,"BlPresentFlag":null,"DvBlSignalCompatibilityId":null,"Comment":null,"TimeBase":"1/48000","CodecTimeBase":null,"Title":null,"VideoRange":null,"VideoRangeType":null,"VideoDoViTitle":null,"LocalizedUndefined":null,"LocalizedDefault":null,"LocalizedForced":null,"LocalizedExternal":null,"DisplayTitle":"English - AAC - 5.1","NalLengthSize":null,"IsInterlaced":false,"IsAVC":null,"ChannelLayout":"5.1","BitRate":341234,"BitDepth":null,"RefFrames":null,"PacketLength":null,"Channels":6,"SampleRate":48000,"IsDefault":false,"IsForced":false,"Height":null,"Width":null,"AverageFrameRate":null,"RealFrameRate":null,"Profile":"LC","Type":0,"AspectRatio":null,"Index":6,"Score":null,"IsExternal":false,"DeliveryMethod":null,"DeliveryUrl":null,"IsExternalUrl":null,"IsTextSubtitleStream":false,"SupportsExternalStream":false,"Path":null,"PixelFormat":null,"Level":0,"IsAnamorphic":null}],"MediaAttachments":[],"Formats":[],"Bitrate":7692888,"Timestamp":null,"RequiredHttpHeaders":{},"TranscodingUrl":null,"TranscodingSubProtocol":null,"TranscodingContainer":null,"AnalyzeDurationMs":null,"DefaultAudioStreamIndex":null,"DefaultSubtitleStreamIndex":null}

/usr/lib/jellyfin-ffmpeg/ffmpeg -analyzeduration 200M -fflags +genpts -f mov,mp4,m4a,3gp,3g2,mj2  -i file:"/data/movies/Star Wars (1977)/Star Wars (1977) WEBDL-2160p.mp4" -map_metadata -1 -map_chapters -1 -threads 0 -map 0:0 -map 0:5 -map -0:s -codec:v:0 copy -bsf:v h264_mp4toannexb -start_at_zero -codec:a:0 libfdk_aac -ac 2 -ab 384000 -ar 48000 -af "volume=2" -copyts -avoid_negative_ts disabled -max_muxing_queue_size 2048 -f hls -max_delay 5000000 -hls_time 6 -hls_segment_type mpegts -start_number 0 -hls_segment_filename "/config/data/transcodes/e85e50b60e86ad28b7440f06969165af%d.ts" -hls_playlist_type vod -hls_list_size 0 -y "/config/data/transcodes/e85e50b60e86ad28b7440f06969165af.m3u8"


ffmpeg version 5.1.3-Jellyfin Copyright (c) 2000-2022 the FFmpeg developers
  built with gcc 11 (Ubuntu 11.3.0-1ubuntu1~22.04.1)
  configuration: --prefix=/usr/lib/jellyfin-ffmpeg --target-os=linux --extra-libs=-lfftw3f --extra-version=Jellyfin --disable-doc --disable-ffplay --disable-ptx-compression --disable-static --disable-libxcb --disable-sdl2 --disable-xlib --enable-lto --enable-gpl --enable-version3 --enable-shared --enable-gmp --enable-gnutls --enable-chromaprint --enable-libdrm --enable-libass --enable-libfreetype --enable-libfribidi --enable-libfontconfig --enable-libbluray --enable-libmp3lame --enable-libopus --enable-libtheora --enable-libvorbis --enable-libopenmpt --enable-libdav1d --enable-libwebp --enable-libvpx --enable-libx264 --enable-libx265 --enable-libzvbi --enable-libzimg --enable-libfdk-aac --arch=amd64 --enable-libsvtav1 --enable-libshaderc --enable-libplacebo --enable-vulkan --enable-opencl --enable-vaapi --enable-amf --enable-libmfx --enable-ffnvcodec --enable-cuda --enable-cuda-llvm --enable-cuvid --enable-nvdec --enable-nvenc
  libavutil      57. 28.100 / 57. 28.100
  libavcodec     59. 37.100 / 59. 37.100
  libavformat    59. 27.100 / 59. 27.100
  libavdevice    59.  7.100 / 59.  7.100
  libavfilter     8. 44.100 /  8. 44.100
  libswscale      6.  7.100 /  6.  7.100
  libswresample   4.  7.100 /  4.  7.100
  libpostproc    56.  6.100 / 56.  6.100
Guessed Channel Layout for Input Stream #0.5 : 5.1
Input #0, mov,mp4,m4a,3gp,3g2,mj2, from 'file:/data/movies/Star Wars (1977)/Star Wars (1977) WEBDL-2160p.mp4':
  Metadata:
    major_brand     : isom
    minor_version   : 512
    compatible_brands: isomiso2avc1mp41
    encoder         : Lavf60.3.100
  Duration: 01:57:40.06, start: 0.000000, bitrate: 7692 kb/s
  Stream #0:0[0x1](und): Video: h264 (High 10) (avc1 / 0x31637661), yuv420p10le(tv, bt2020nc/bt2020/smpte2084, progressive), 3840x1608 [SAR 1:1 DAR 160:67], 6940 kb/s, 23.98 fps, 23.98 tbr, 24k tbn (default)
    Metadata:
      handler_name    : VideoHandler
      vendor_id       : [0][0][0][0]
      encoder         : Lavc60.3.100 libx264
  Stream #0:1[0x2](eng): Subtitle: mov_text (tx3g / 0x67337874), 0 kb/s
    Metadata:
      handler_name    : SubtitleHandler
  Stream #0:2[0x3](ita): Subtitle: mov_text (tx3g / 0x67337874), 0 kb/s
    Metadata:
      handler_name    : SubtitleHandler
  Stream #0:3[0x4](eng): Subtitle: mov_text (tx3g / 0x67337874), 0 kb/s
    Metadata:
      handler_name    : SubtitleHandler
  Stream #0:4[0x5](ita): Subtitle: mov_text (tx3g / 0x67337874), 0 kb/s (default)
    Metadata:
      handler_name    : SubtitleHandler
  Stream #0:5[0x6](ita): Audio: aac (LC) (mp4a / 0x6134706D), 48000 Hz, 5.1, fltp, 394 kb/s (default)
    Metadata:
      handler_name    : SoundHandler
      vendor_id       : [0][0][0][0]
  Stream #0:6[0x7](eng): Audio: aac (LC) (mp4a / 0x6134706D), 48000 Hz, 5.1, fltp, 341 kb/s
    Metadata:
      handler_name    : SoundHandler
      vendor_id       : [0][0][0][0]
Stream mapping:
  Stream #0:0 -> #0:0 (copy)
  Stream #0:5 -> #0:1 (aac (native) -> aac (libfdk_aac))
Press [q] to stop, [?] for help
Output #0, hls, to '/config/data/transcodes/e85e50b60e86ad28b7440f06969165af.m3u8':
  Metadata:
    encoder         : Lavf59.27.100
  Stream #0:0: Video: h264 (High 10) (avc1 / 0x31637661), yuv420p10le(tv, bt2020nc/bt2020/smpte2084, progressive), 3840x1608 [SAR 1:1 DAR 160:67], q=2-31, 6940 kb/s, 23.98 fps, 23.98 tbr, 90k tbn (default)
  Stream #0:1: Audio: aac, 48000 Hz, stereo, s16, 384 kb/s (default)
    Metadata:
      encoder         : Lavc59.37.100 libfdk_aac
frame=    3 fps=0.0 q=-1.0 size=N/A time=00:00:00.00 bitrate=N/A speed=   0x    
[hls @ 0x5586a0b49740] Opening '/config/data/transcodes/e85e50b60e86ad28b7440f06969165af0.ts' for writing
frame=  462 fps=0.0 q=-1.0 size=N/A time=00:00:00.01 bitrate=N/A speed=0.0264x    
[hls @ 0x5586a0b49740] Opening '/config/data/transcodes/e85e50b60e86ad28b7440f06969165af1.ts' for writing
[hls @ 0x5586a0b49740] Opening '/config/data/transcodes/e85e50b60e86ad28b7440f06969165af2.ts' for writing
frame=  761 fps=753 q=-1.0 size=N/A time=00:00:12.42 bitrate=N/A speed=12.3x    
[hls @ 0x5586a0b49740] Opening '/config/data/transcodes/e85e50b60e86ad28b7440f06969165af3.ts' for writing
frame=  956 fps=632 q=-1.0 size=N/A time=00:00:20.62 bitrate=N/A speed=13.6x    
[hls @ 0x5586a0b49740] Opening '/config/data/transcodes/e85e50b60e86ad28b7440f06969165af4.ts' for writing
frame= 1190 fps=570 q=-1.0 size=N/A time=00:00:30.37 bitrate=N/A speed=14.5x    
[hls @ 0x5586a0b49740] Opening '/config/data/transcodes/e85e50b60e86ad28b7440f06969165af5.ts' for writing
frame= 1440 fps=530 q=-1.0 size=N/A time=00:00:40.80 bitrate=N/A speed=  15x    
[hls @ 0x5586a0b49740] Opening '/config/data/transcodes/e85e50b60e86ad28b7440f06969165af6.ts' for writing
frame= 1773 fps=551 q=-1.0 size=N/A time=00:00:54.69 bitrate=N/A speed=  17x    
[hls @ 0x5586a0b49740] Opening '/config/data/transcodes/e85e50b60e86ad28b7440f06969165af7.ts' for writing
frame= 2004 fps=539 q=-1.0 size=N/A time=00:01:04.33 bitrate=N/A speed=17.3x    
[hls @ 0x5586a0b49740] Opening '/config/data/transcodes/e85e50b60e86ad28b7440f06969165af8.ts' for writing
frame= 2190 fps=516 q=-1.0 size=N/A time=00:01:12.07 bitrate=N/A speed=  17x    
frame= 2414 fps=508 q=-1.0 size=N/A time=00:01:21.37 bitrate=N/A speed=17.1x    
[hls @ 0x5586a0b49740] Opening '/config/data/transcodes/e85e50b60e86ad28b7440f06969165af9.ts' for writing
frame= 2681 fps=510 q=-1.0 size=N/A time=00:01:32.55 bitrate=N/A speed=17.6x    
[hls @ 0x5586a0b49740] Opening '/config/data/transcodes/e85e50b60e86ad28b7440f06969165af10.ts' for writing
[hls @ 0x5586a0b49740] Opening '/config/data/transcodes/e85e50b60e86ad28b7440f06969165af11.ts' for writing
frame= 2976 fps=517 q=-1.0 size=N/A time=00:01:44.86 bitrate=N/A speed=18.2x    
[hls @ 0x5586a0b49740] Opening '/config/data/transcodes/e85e50b60e86ad28b7440f06969165af12.ts' for writing
[hls @ 0x5586a0b49740] Opening '/config/data/transcodes/e85e50b60e86ad28b7440f06969165af13.ts' for writing
[hls @ 0x5586a0b49740] Opening '/config/data/transcodes/e85e50b60e86ad28b7440f06969165af14.ts' for writing
frame= 3284 fps=524 q=-1.0 size=N/A time=00:01:57.70 bitrate=N/A speed=18.8x    
[hls @ 0x5586a0b49740] Opening '/config/data/transcodes/e85e50b60e86ad28b7440f06969165af15.ts' for writing
[hls @ 0x5586a0b49740] Opening '/config/data/transcodes/e85e50b60e86ad28b7440f06969165af16.ts' for writing
frame= 3524 fps=518 q=-1.0 size=N/A time=00:02:07.71 bitrate=N/A speed=18.8x    
[hls @ 0x5586a0b49740] Opening '/config/data/transcodes/e85e50b60e86ad28b7440f06969165af17.ts' for writing
frame= 3673 fps=497 q=-1.0 size=N/A time=00:02:13.94 bitrate=N/A speed=18.1x    
[hls @ 0x5586a0b49740] Opening '/config/data/transcodes/e85e50b60e86ad28b7440f06969165af18.ts' for writing
frame= 3775 fps=479 q=-1.0 size=N/A time=00:02:18.14 bitrate=N/A speed=17.5x    
[hls @ 0x5586a0b49740] Opening '/config/data/transcodes/e85e50b60e86ad28b7440f06969165af19.ts' for writing
frame= 3845 fps=454 q=-1.0 size=N/A time=00:02:21.11 bitrate=N/A speed=16.7x    
[hls @ 0x5586a0b49740] Opening '/config/data/transcodes/e85e50b60e86ad28b7440f06969165af20.ts' for writing
frame= 3930 fps=438 q=-1.0 size=N/A time=00:02:24.63 bitrate=N/A speed=16.1x    
[hls @ 0x5586a0b49740] Opening '/config/data/transcodes/e85e50b60e86ad28b7440f06969165af21.ts' for writing
[hls @ 0x5586a0b49740] Opening '/config/data/transcodes/e85e50b60e86ad28b7440f06969165af22.ts' for writing
frame= 4014 fps=422 q=-1.0 size=N/A time=00:02:28.15 bitrate=N/A speed=15.6x    
[hls @ 0x5586a0b49740] Opening '/config/data/transcodes/e85e50b60e86ad28b7440f06969165af23.ts' for writing
[hls @ 0x5586a0b49740] Opening '/config/data/transcodes/e85e50b60e86ad28b7440f06969165af24.ts' for writing
frame= 4100 fps=406 q=-1.0 size=N/A time=00:02:31.69 bitrate=N/A speed=  15x    
[hls @ 0x5586a0b49740] Opening '/config/data/transcodes/e85e50b60e86ad28b7440f06969165af25.ts' for writing


[q] command received. Exiting.

[hls @ 0x5586a0b49740] Opening '/config/data/transcodes/e85e50b60e86ad28b7440f06969165af26.ts' for writing
frame= 4124 fps=397 q=-1.0 Lsize=N/A time=00:02:32.75 bitrate=N/A speed=14.7x    
video:58421kB audio:8060kB subtitle:0kB other streams:0kB global headers:0kB muxing overhead: unknown