/videos/5713ccb0-9828-9e0b-b0ac-6dde31f60311/hls1/main/232.ts

{"Protocol":0,"Id":"5713ccb098289e0bb0ac6dde31f60311","Path":"/data/tvshows/Top Gear/Season 22/Top Gear - S22E02 - Episode 2 WEBDL-720p.mkv","EncoderPath":null,"EncoderProtocol":null,"Type":0,"Container":"mkv,webm","Size":2702997248,"Name":"Top Gear - S22E02 - Episode 2 WEBDL-720p","IsRemote":false,"ETag":"9900ca18a180682f3a35975164f3f144","RunTimeTicks":35307200512,"ReadAtNativeFramerate":false,"IgnoreDts":false,"IgnoreIndex":false,"GenPtsInput":false,"SupportsTranscoding":true,"SupportsDirectStream":true,"SupportsDirectPlay":true,"IsInfiniteStream":false,"RequiresOpening":false,"OpenToken":null,"RequiresClosing":false,"LiveStreamId":null,"BufferMs":null,"RequiresLooping":false,"SupportsProbing":true,"VideoType":0,"IsoType":null,"Video3DFormat":null,"MediaStreams":[{"Codec":"subrip","CodecTag":null,"Language":"hin","ColorRange":null,"ColorSpace":null,"ColorTransfer":null,"ColorPrimaries":null,"DvVersionMajor":null,"DvVersionMinor":null,"DvProfile":null,"DvLevel":null,"RpuPresentFlag":null,"ElPresentFlag":null,"BlPresentFlag":null,"DvBlSignalCompatibilityId":null,"Comment":null,"TimeBase":"1/1000","CodecTimeBase":null,"Title":"en","VideoRange":null,"VideoRangeType":null,"VideoDoViTitle":null,"LocalizedUndefined":"Undefined","LocalizedDefault":"Default","LocalizedForced":"Forced","LocalizedExternal":"External","DisplayTitle":"en - Hindi - SUBRIP - External","NalLengthSize":null,"IsInterlaced":false,"IsAVC":null,"ChannelLayout":null,"BitRate":null,"BitDepth":null,"RefFrames":null,"PacketLength":null,"Channels":null,"SampleRate":null,"IsDefault":false,"IsForced":false,"Height":null,"Width":null,"AverageFrameRate":null,"RealFrameRate":null,"Profile":null,"Type":2,"AspectRatio":null,"Index":0,"Score":null,"IsExternal":true,"DeliveryMethod":null,"DeliveryUrl":null,"IsExternalUrl":null,"IsTextSubtitleStream":true,"SupportsExternalStream":true,"Path":"/data/tvshows/Top Gear/Season 22/Top Gear - S22E02 - Episode 2 WEBDL-720p.en.hi.srt","PixelFormat":null,"Level":0,"IsAnamorphic":null},{"Codec":"h264","CodecTag":null,"Language":"eng","ColorRange":null,"ColorSpace":"bt709","ColorTransfer":"bt709","ColorPrimaries":"bt709","DvVersionMajor":null,"DvVersionMinor":null,"DvProfile":null,"DvLevel":null,"RpuPresentFlag":null,"ElPresentFlag":null,"BlPresentFlag":null,"DvBlSignalCompatibilityId":null,"Comment":null,"TimeBase":"1/1000","CodecTimeBase":null,"Title":null,"VideoRange":"SDR","VideoRangeType":"SDR","VideoDoViTitle":null,"LocalizedUndefined":null,"LocalizedDefault":null,"LocalizedForced":null,"LocalizedExternal":null,"DisplayTitle":"720p H264 SDR","NalLengthSize":"4","IsInterlaced":false,"IsAVC":true,"ChannelLayout":null,"BitRate":6124523,"BitDepth":8,"RefFrames":1,"PacketLength":null,"Channels":null,"SampleRate":null,"IsDefault":true,"IsForced":false,"Height":720,"Width":1280,"AverageFrameRate":25,"RealFrameRate":25,"Profile":"High","Type":1,"AspectRatio":"16:9","Index":1,"Score":null,"IsExternal":false,"DeliveryMethod":null,"DeliveryUrl":null,"IsExternalUrl":null,"IsTextSubtitleStream":false,"SupportsExternalStream":false,"Path":null,"PixelFormat":"yuv420p","Level":31,"IsAnamorphic":null},{"Codec":"eac3","CodecTag":null,"Language":"eng","ColorRange":null,"ColorSpace":null,"ColorTransfer":null,"ColorPrimaries":null,"DvVersionMajor":null,"DvVersionMinor":null,"DvProfile":null,"DvLevel":null,"RpuPresentFlag":null,"ElPresentFlag":null,"BlPresentFlag":null,"DvBlSignalCompatibilityId":null,"Comment":null,"TimeBase":"1/1000","CodecTimeBase":null,"Title":"English","VideoRange":null,"VideoRangeType":null,"VideoDoViTitle":null,"LocalizedUndefined":null,"LocalizedDefault":null,"LocalizedForced":null,"LocalizedExternal":null,"DisplayTitle":"English - Dolby Digital\u002B - Stereo - Default","NalLengthSize":null,"IsInterlaced":false,"IsAVC":null,"ChannelLayout":"stereo","BitRate":224000,"BitDepth":null,"RefFrames":null,"PacketLength":null,"Channels":2,"SampleRate":48000,"IsDefault":true,"IsForced":false,"Height":null,"Width":null,"AverageFrameRate":null,"RealFrameRate":null,"Profile":null,"Type":0,"AspectRatio":null,"Index":2,"Score":null,"IsExternal":false,"DeliveryMethod":null,"DeliveryUrl":null,"IsExternalUrl":null,"IsTextSubtitleStream":false,"SupportsExternalStream":false,"Path":null,"PixelFormat":null,"Level":0,"IsAnamorphic":null},{"Codec":"subrip","CodecTag":null,"Language":"eng","ColorRange":null,"ColorSpace":null,"ColorTransfer":null,"ColorPrimaries":null,"DvVersionMajor":null,"DvVersionMinor":null,"DvProfile":null,"DvLevel":null,"RpuPresentFlag":null,"ElPresentFlag":null,"BlPresentFlag":null,"DvBlSignalCompatibilityId":null,"Comment":null,"TimeBase":"1/1000","CodecTimeBase":null,"Title":"English (SDH)","VideoRange":null,"VideoRangeType":null,"VideoDoViTitle":null,"LocalizedUndefined":"Undefined","LocalizedDefault":"Default","LocalizedForced":"Forced","LocalizedExternal":"External","DisplayTitle":"English (SDH) - SUBRIP","NalLengthSize":null,"IsInterlaced":false,"IsAVC":null,"ChannelLayout":null,"BitRate":null,"BitDepth":null,"RefFrames":null,"PacketLength":null,"Channels":null,"SampleRate":null,"IsDefault":false,"IsForced":false,"Height":null,"Width":null,"AverageFrameRate":null,"RealFrameRate":null,"Profile":null,"Type":2,"AspectRatio":null,"Index":3,"Score":null,"IsExternal":false,"DeliveryMethod":null,"DeliveryUrl":null,"IsExternalUrl":null,"IsTextSubtitleStream":true,"SupportsExternalStream":true,"Path":null,"PixelFormat":null,"Level":0,"IsAnamorphic":null}],"MediaAttachments":[],"Formats":[],"Bitrate":6348523,"Timestamp":null,"RequiredHttpHeaders":{},"TranscodingUrl":null,"TranscodingSubProtocol":null,"TranscodingContainer":null,"AnalyzeDurationMs":null,"DefaultAudioStreamIndex":null,"DefaultSubtitleStreamIndex":null}

/usr/lib/jellyfin-ffmpeg/ffmpeg -analyzeduration 200M -ss 00:23:12.000 -fflags +genpts -f matroska,webm  -i file:"/data/tvshows/Top Gear/Season 22/Top Gear - S22E02 - Episode 2 WEBDL-720p.mkv" -map_metadata -1 -map_chapters -1 -threads 0 -map 0:0 -map 0:1 -map -0:s -codec:v:0 copy -bsf:v h264_mp4toannexb -start_at_zero -codec:a:0 libfdk_aac -ac 2 -ab 256000 -copyts -avoid_negative_ts disabled -max_muxing_queue_size 2048 -f hls -max_delay 5000000 -hls_time 6 -hls_segment_type mpegts -start_number 232 -hls_segment_filename "/data/transcodes/7a22fe6db23965740177c0f481abf70c%d.ts" -hls_playlist_type vod -hls_list_size 0 -y "/data/transcodes/7a22fe6db23965740177c0f481abf70c.m3u8"


ffmpeg version 5.1.3-Jellyfin Copyright (c) 2000-2022 the FFmpeg developers
  built with gcc 11 (Ubuntu 11.3.0-1ubuntu1~22.04.1)
  configuration: --prefix=/usr/lib/jellyfin-ffmpeg --target-os=linux --extra-libs=-lfftw3f --extra-version=Jellyfin --disable-doc --disable-ffplay --disable-ptx-compression --disable-static --disable-libxcb --disable-sdl2 --disable-xlib --enable-lto --enable-gpl --enable-version3 --enable-shared --enable-gmp --enable-gnutls --enable-chromaprint --enable-libdrm --enable-libass --enable-libfreetype --enable-libfribidi --enable-libfontconfig --enable-libbluray --enable-libmp3lame --enable-libopus --enable-libtheora --enable-libvorbis --enable-libopenmpt --enable-libdav1d --enable-libwebp --enable-libvpx --enable-libx264 --enable-libx265 --enable-libzvbi --enable-libzimg --enable-libfdk-aac --arch=amd64 --enable-libsvtav1 --enable-libshaderc --enable-libplacebo --enable-vulkan --enable-opencl --enable-vaapi --enable-amf --enable-libmfx --enable-ffnvcodec --enable-cuda --enable-cuda-llvm --enable-cuvid --enable-nvdec --enable-nvenc
  libavutil      57. 28.100 / 57. 28.100
  libavcodec     59. 37.100 / 59. 37.100
  libavformat    59. 27.100 / 59. 27.100
  libavdevice    59.  7.100 / 59.  7.100
  libavfilter     8. 44.100 /  8. 44.100
  libswscale      6.  7.100 /  6.  7.100
  libswresample   4.  7.100 /  4.  7.100
  libpostproc    56.  6.100 / 56.  6.100
Input #0, matroska,webm, from 'file:/data/tvshows/Top Gear/Season 22/Top Gear - S22E02 - Episode 2 WEBDL-720p.mkv':
  Metadata:
    encoder         : libebml v1.4.0 + libmatroska v1.6.2
  Duration: 00:58:50.72, start: 0.000000, bitrate: 6124 kb/s
  Stream #0:0(eng): Video: h264 (High), yuv420p(tv, bt709, progressive), 1280x720 [SAR 1:1 DAR 16:9], 25 fps, 25 tbr, 1k tbn (default)
    Metadata:
      BPS-eng         : 5898418
      DURATION-eng    : 00:58:50.680000000
      NUMBER_OF_FRAMES-eng: 88267
      NUMBER_OF_BYTES-eng: 2603178658
      _STATISTICS_WRITING_APP-eng: mkvmerge v51.0.0 ('I Wish') 64-bit
      _STATISTICS_WRITING_DATE_UTC-eng: 2020-12-30 10:29:32
      _STATISTICS_TAGS-eng: BPS DURATION NUMBER_OF_FRAMES NUMBER_OF_BYTES
  Stream #0:1(eng): Audio: eac3, 48000 Hz, stereo, fltp, 224 kb/s (default)
    Metadata:
      title           : English
      BPS-eng         : 224000
      DURATION-eng    : 00:58:50.720000000
      NUMBER_OF_FRAMES-eng: 110335
      NUMBER_OF_BYTES-eng: 98860160
      _STATISTICS_WRITING_APP-eng: mkvmerge v51.0.0 ('I Wish') 64-bit
      _STATISTICS_WRITING_DATE_UTC-eng: 2020-12-30 10:29:32
      _STATISTICS_TAGS-eng: BPS DURATION NUMBER_OF_FRAMES NUMBER_OF_BYTES
  Stream #0:2(eng): Subtitle: subrip
    Metadata:
      title           : English (SDH)
      BPS-eng         : 101
      DURATION-eng    : 00:58:08.800000000
      NUMBER_OF_FRAMES-eng: 1067
      NUMBER_OF_BYTES-eng: 44308
      _STATISTICS_WRITING_APP-eng: mkvmerge v51.0.0 ('I Wish') 64-bit
      _STATISTICS_WRITING_DATE_UTC-eng: 2020-12-30 10:29:32
      _STATISTICS_TAGS-eng: BPS DURATION NUMBER_OF_FRAMES NUMBER_OF_BYTES
Stream mapping:
  Stream #0:0 -> #0:0 (copy)
  Stream #0:1 -> #0:1 (eac3 (native) -> aac (libfdk_aac))
Press [q] to stop, [?] for help
Output #0, hls, to '/data/transcodes/7a22fe6db23965740177c0f481abf70c.m3u8':
  Metadata:
    encoder         : Lavf59.27.100
  Stream #0:0: Video: h264 (High), yuv420p(tv, bt709, progressive), 1280x720 [SAR 1:1 DAR 16:9], q=2-31, 25 fps, 25 tbr, 90k tbn (default)
  Stream #0:1: Audio: aac, 48000 Hz, stereo, s16, 256 kb/s (default)
    Metadata:
      encoder         : Lavc59.37.100 libfdk_aac
frame=    1 fps=0.0 q=-1.0 size=N/A time=-00:23:09.96 bitrate=N/A speed=N/A    
[hls @ 0x55dec0b8ed40] Opening '/data/transcodes/7a22fe6db23965740177c0f481abf70c232.ts' for writing
[hls @ 0x55dec0b8ed40] Opening '/data/transcodes/7a22fe6db23965740177c0f481abf70c233.ts' for writing
[hls @ 0x55dec0b8ed40] Opening '/data/transcodes/7a22fe6db23965740177c0f481abf70c234.ts' for writing
frame=  470 fps=0.0 q=-1.0 size=N/A time=00:00:18.95 bitrate=N/A speed=37.9x    
[hls @ 0x55dec0b8ed40] Opening '/data/transcodes/7a22fe6db23965740177c0f481abf70c235.ts' for writing
[hls @ 0x55dec0b8ed40] Opening '/data/transcodes/7a22fe6db23965740177c0f481abf70c236.ts' for writing
frame=  831 fps=828 q=-1.0 size=N/A time=00:00:33.50 bitrate=N/A speed=33.4x    
[hls @ 0x55dec0b8ed40] Opening '/data/transcodes/7a22fe6db23965740177c0f481abf70c237.ts' for writing
[hls @ 0x55dec0b8ed40] Opening '/data/transcodes/7a22fe6db23965740177c0f481abf70c238.ts' for writing
frame= 1201 fps=799 q=-1.0 size=N/A time=00:00:47.97 bitrate=N/A speed=31.9x    
[hls @ 0x55dec0b8ed40] Opening '/data/transcodes/7a22fe6db23965740177c0f481abf70c239.ts' for writing
[hls @ 0x55dec0b8ed40] Opening '/data/transcodes/7a22fe6db23965740177c0f481abf70c240.ts' for writing
[hls @ 0x55dec0b8ed40] Opening '/data/transcodes/7a22fe6db23965740177c0f481abf70c241.ts' for writing
frame= 1601 fps=797 q=-1.0 size=N/A time=00:01:04.09 bitrate=N/A speed=31.9x    
[hls @ 0x55dec0b8ed40] Opening '/data/transcodes/7a22fe6db23965740177c0f481abf70c242.ts' for writing
[hls @ 0x55dec0b8ed40] Opening '/data/transcodes/7a22fe6db23965740177c0f481abf70c243.ts' for writing
[hls @ 0x55dec0b8ed40] Opening '/data/transcodes/7a22fe6db23965740177c0f481abf70c244.ts' for writing
frame= 1957 fps=778 q=-1.0 size=N/A time=00:01:18.34 bitrate=N/A speed=31.2x    
[hls @ 0x55dec0b8ed40] Opening '/data/transcodes/7a22fe6db23965740177c0f481abf70c245.ts' for writing
[hls @ 0x55dec0b8ed40] Opening '/data/transcodes/7a22fe6db23965740177c0f481abf70c246.ts' for writing
frame= 2363 fps=784 q=-1.0 size=N/A time=00:01:34.56 bitrate=N/A speed=31.4x    
[hls @ 0x55dec0b8ed40] Opening '/data/transcodes/7a22fe6db23965740177c0f481abf70c247.ts' for writing
[hls @ 0x55dec0b8ed40] Opening '/data/transcodes/7a22fe6db23965740177c0f481abf70c248.ts' for writing
[hls @ 0x55dec0b8ed40] Opening '/data/transcodes/7a22fe6db23965740177c0f481abf70c249.ts' for writing
frame= 2832 fps=806 q=-1.0 size=N/A time=00:01:53.50 bitrate=N/A speed=32.3x    
[hls @ 0x55dec0b8ed40] Opening '/data/transcodes/7a22fe6db23965740177c0f481abf70c250.ts' for writing
[hls @ 0x55dec0b8ed40] Opening '/data/transcodes/7a22fe6db23965740177c0f481abf70c251.ts' for writing
[hls @ 0x55dec0b8ed40] Opening '/data/transcodes/7a22fe6db23965740177c0f481abf70c252.ts' for writing
frame= 3214 fps=800 q=-1.0 size=N/A time=00:02:08.61 bitrate=N/A speed=  32x    
[hls @ 0x55dec0b8ed40] Opening '/data/transcodes/7a22fe6db23965740177c0f481abf70c253.ts' for writing
[hls @ 0x55dec0b8ed40] Opening '/data/transcodes/7a22fe6db23965740177c0f481abf70c254.ts' for writing
[hls @ 0x55dec0b8ed40] Opening '/data/transcodes/7a22fe6db23965740177c0f481abf70c255.ts' for writing
frame= 3624 fps=802 q=-1.0 size=N/A time=00:02:25.10 bitrate=N/A speed=32.1x    
[hls @ 0x55dec0b8ed40] Opening '/data/transcodes/7a22fe6db23965740177c0f481abf70c256.ts' for writing
[hls @ 0x55dec0b8ed40] Opening '/data/transcodes/7a22fe6db23965740177c0f481abf70c257.ts' for writing
frame= 3976 fps=792 q=-1.0 size=N/A time=00:02:39.24 bitrate=N/A speed=31.7x    
[hls @ 0x55dec0b8ed40] Opening '/data/transcodes/7a22fe6db23965740177c0f481abf70c258.ts' for writing
[hls @ 0x55dec0b8ed40] Opening '/data/transcodes/7a22fe6db23965740177c0f481abf70c259.ts' for writing
frame= 4267 fps=773 q=-1.0 size=N/A time=00:02:50.95 bitrate=N/A speed=  31x    
[hls @ 0x55dec0b8ed40] Opening '/data/transcodes/7a22fe6db23965740177c0f481abf70c260.ts' for writing
[hls @ 0x55dec0b8ed40] Opening '/data/transcodes/7a22fe6db23965740177c0f481abf70c261.ts' for writing
frame= 4633 fps=769 q=-1.0 size=N/A time=00:03:05.37 bitrate=N/A speed=30.8x    
[hls @ 0x55dec0b8ed40] Opening '/data/transcodes/7a22fe6db23965740177c0f481abf70c262.ts' for writing
[hls @ 0x55dec0b8ed40] Opening '/data/transcodes/7a22fe6db23965740177c0f481abf70c263.ts' for writing
[hls @ 0x55dec0b8ed40] Opening '/data/transcodes/7a22fe6db23965740177c0f481abf70c264.ts' for writing
frame= 5051 fps=774 q=-1.0 size=N/A time=00:03:22.21 bitrate=N/A speed=  31x    
[hls @ 0x55dec0b8ed40] Opening '/data/transcodes/7a22fe6db23965740177c0f481abf70c265.ts' for writing
[hls @ 0x55dec0b8ed40] Opening '/data/transcodes/7a22fe6db23965740177c0f481abf70c266.ts' for writing
[hls @ 0x55dec0b8ed40] Opening '/data/transcodes/7a22fe6db23965740177c0f481abf70c267.ts' for writing
frame= 5495 fps=782 q=-1.0 size=N/A time=00:03:39.81 bitrate=N/A speed=31.3x    
[hls @ 0x55dec0b8ed40] Opening '/data/transcodes/7a22fe6db23965740177c0f481abf70c268.ts' for writing
[hls @ 0x55dec0b8ed40] Opening '/data/transcodes/7a22fe6db23965740177c0f481abf70c269.ts' for writing
[hls @ 0x55dec0b8ed40] Opening '/data/transcodes/7a22fe6db23965740177c0f481abf70c270.ts' for writing
frame= 5995 fps=796 q=-1.0 size=N/A time=00:03:59.90 bitrate=N/A speed=31.9x    
[hls @ 0x55dec0b8ed40] Opening '/data/transcodes/7a22fe6db23965740177c0f481abf70c271.ts' for writing
[hls @ 0x55dec0b8ed40] Opening '/data/transcodes/7a22fe6db23965740177c0f481abf70c272.ts' for writing
[hls @ 0x55dec0b8ed40] Opening '/data/transcodes/7a22fe6db23965740177c0f481abf70c273.ts' for writing
[hls @ 0x55dec0b8ed40] Opening '/data/transcodes/7a22fe6db23965740177c0f481abf70c274.ts' for writing
frame= 6456 fps=804 q=-1.0 size=N/A time=00:04:18.46 bitrate=N/A speed=32.2x    
[hls @ 0x55dec0b8ed40] Opening '/data/transcodes/7a22fe6db23965740177c0f481abf70c275.ts' for writing
[hls @ 0x55dec0b8ed40] Opening '/data/transcodes/7a22fe6db23965740177c0f481abf70c276.ts' for writing
[hls @ 0x55dec0b8ed40] Opening '/data/transcodes/7a22fe6db23965740177c0f481abf70c277.ts' for writing
frame= 6968 fps=817 q=-1.0 size=N/A time=00:04:38.88 bitrate=N/A speed=32.7x    
[hls @ 0x55dec0b8ed40] Opening '/data/transcodes/7a22fe6db23965740177c0f481abf70c278.ts' for writing
[hls @ 0x55dec0b8ed40] Opening '/data/transcodes/7a22fe6db23965740177c0f481abf70c279.ts' for writing
[hls @ 0x55dec0b8ed40] Opening '/data/transcodes/7a22fe6db23965740177c0f481abf70c280.ts' for writing
frame= 7432 fps=823 q=-1.0 size=N/A time=00:04:57.44 bitrate=N/A speed=32.9x    
[hls @ 0x55dec0b8ed40] Opening '/data/transcodes/7a22fe6db23965740177c0f481abf70c281.ts' for writing
[hls @ 0x55dec0b8ed40] Opening '/data/transcodes/7a22fe6db23965740177c0f481abf70c282.ts' for writing
[hls @ 0x55dec0b8ed40] Opening '/data/transcodes/7a22fe6db23965740177c0f481abf70c283.ts' for writing
frame= 7879 fps=827 q=-1.0 size=N/A time=00:05:15.27 bitrate=N/A speed=33.1x    
[hls @ 0x55dec0b8ed40] Opening '/data/transcodes/7a22fe6db23965740177c0f481abf70c284.ts' for writing
[hls @ 0x55dec0b8ed40] Opening '/data/transcodes/7a22fe6db23965740177c0f481abf70c285.ts' for writing
[hls @ 0x55dec0b8ed40] Opening '/data/transcodes/7a22fe6db23965740177c0f481abf70c286.ts' for writing
frame= 8318 fps=829 q=-1.0 size=N/A time=00:05:33.00 bitrate=N/A speed=33.2x    
[hls @ 0x55dec0b8ed40] Opening '/data/transcodes/7a22fe6db23965740177c0f481abf70c287.ts' for writing
[hls @ 0x55dec0b8ed40] Opening '/data/transcodes/7a22fe6db23965740177c0f481abf70c288.ts' for writing
[hls @ 0x55dec0b8ed40] Opening '/data/transcodes/7a22fe6db23965740177c0f481abf70c289.ts' for writing
frame= 8776 fps=833 q=-1.0 size=N/A time=00:05:51.20 bitrate=N/A speed=33.4x    
[hls @ 0x55dec0b8ed40] Opening '/data/transcodes/7a22fe6db23965740177c0f481abf70c290.ts' for writing
[hls @ 0x55dec0b8ed40] Opening '/data/transcodes/7a22fe6db23965740177c0f481abf70c291.ts' for writing
[hls @ 0x55dec0b8ed40] Opening '/data/transcodes/7a22fe6db23965740177c0f481abf70c292.ts' for writing
frame= 9201 fps=834 q=-1.0 size=N/A time=00:06:08.14 bitrate=N/A speed=33.4x    
[hls @ 0x55dec0b8ed40] Opening '/data/transcodes/7a22fe6db23965740177c0f481abf70c293.ts' for writing
[hls @ 0x55dec0b8ed40] Opening '/data/transcodes/7a22fe6db23965740177c0f481abf70c294.ts' for writing
[hls @ 0x55dec0b8ed40] Opening '/data/transcodes/7a22fe6db23965740177c0f481abf70c295.ts' for writing
frame= 9634 fps=835 q=-1.0 size=N/A time=00:06:25.50 bitrate=N/A speed=33.4x    
[hls @ 0x55dec0b8ed40] Opening '/data/transcodes/7a22fe6db23965740177c0f481abf70c296.ts' for writing
[hls @ 0x55dec0b8ed40] Opening '/data/transcodes/7a22fe6db23965740177c0f481abf70c297.ts' for writing
[hls @ 0x55dec0b8ed40] Opening '/data/transcodes/7a22fe6db23965740177c0f481abf70c298.ts' for writing
frame=10151 fps=844 q=-1.0 size=N/A time=00:06:45.96 bitrate=N/A speed=33.7x    
[hls @ 0x55dec0b8ed40] Opening '/data/transcodes/7a22fe6db23965740177c0f481abf70c299.ts' for writing
[hls @ 0x55dec0b8ed40] Opening '/data/transcodes/7a22fe6db23965740177c0f481abf70c300.ts' for writing
[hls @ 0x55dec0b8ed40] Opening '/data/transcodes/7a22fe6db23965740177c0f481abf70c301.ts' for writing
[hls @ 0x55dec0b8ed40] Opening '/data/transcodes/7a22fe6db23965740177c0f481abf70c302.ts' for writing
frame=10651 fps=850 q=-1.0 size=N/A time=00:07:06.01 bitrate=N/A speed=  34x    
[hls @ 0x55dec0b8ed40] Opening '/data/transcodes/7a22fe6db23965740177c0f481abf70c303.ts' for writing
[hls @ 0x55dec0b8ed40] Opening '/data/transcodes/7a22fe6db23965740177c0f481abf70c304.ts' for writing
[hls @ 0x55dec0b8ed40] Opening '/data/transcodes/7a22fe6db23965740177c0f481abf70c305.ts' for writing
frame=11192 fps=858 q=-1.0 size=N/A time=00:07:27.94 bitrate=N/A speed=34.4x    
[hls @ 0x55dec0b8ed40] Opening '/data/transcodes/7a22fe6db23965740177c0f481abf70c306.ts' for writing
[hls @ 0x55dec0b8ed40] Opening '/data/transcodes/7a22fe6db23965740177c0f481abf70c307.ts' for writing
[hls @ 0x55dec0b8ed40] Opening '/data/transcodes/7a22fe6db23965740177c0f481abf70c308.ts' for writing
frame=11551 fps=853 q=-1.0 size=N/A time=00:07:42.22 bitrate=N/A speed=34.1x    
[hls @ 0x55dec0b8ed40] Opening '/data/transcodes/7a22fe6db23965740177c0f481abf70c309.ts' for writing
[hls @ 0x55dec0b8ed40] Opening '/data/transcodes/7a22fe6db23965740177c0f481abf70c310.ts' for writing
[hls @ 0x55dec0b8ed40] Opening '/data/transcodes/7a22fe6db23965740177c0f481abf70c311.ts' for writing
frame=12014 fps=856 q=-1.0 size=N/A time=00:08:00.65 bitrate=N/A speed=34.2x    
[hls @ 0x55dec0b8ed40] Opening '/data/transcodes/7a22fe6db23965740177c0f481abf70c312.ts' for writing
[hls @ 0x55dec0b8ed40] Opening '/data/transcodes/7a22fe6db23965740177c0f481abf70c313.ts' for writing
[hls @ 0x55dec0b8ed40] Opening '/data/transcodes/7a22fe6db23965740177c0f481abf70c314.ts' for writing
frame=12451 fps=856 q=-1.0 size=N/A time=00:08:18.01 bitrate=N/A speed=34.2x    
[hls @ 0x55dec0b8ed40] Opening '/data/transcodes/7a22fe6db23965740177c0f481abf70c315.ts' for writing
[hls @ 0x55dec0b8ed40] Opening '/data/transcodes/7a22fe6db23965740177c0f481abf70c316.ts' for writing
frame=12846 fps=853 q=-1.0 size=N/A time=00:08:33.93 bitrate=N/A speed=34.1x    
[hls @ 0x55dec0b8ed40] Opening '/data/transcodes/7a22fe6db23965740177c0f481abf70c317.ts' for writing
[hls @ 0x55dec0b8ed40] Opening '/data/transcodes/7a22fe6db23965740177c0f481abf70c318.ts' for writing
[hls @ 0x55dec0b8ed40] Opening '/data/transcodes/7a22fe6db23965740177c0f481abf70c319.ts' for writing
frame=13305 fps=856 q=-1.0 size=N/A time=00:08:52.38 bitrate=N/A speed=34.2x    
[hls @ 0x55dec0b8ed40] Opening '/data/transcodes/7a22fe6db23965740177c0f481abf70c320.ts' for writing
[hls @ 0x55dec0b8ed40] Opening '/data/transcodes/7a22fe6db23965740177c0f481abf70c321.ts' for writing
[hls @ 0x55dec0b8ed40] Opening '/data/transcodes/7a22fe6db23965740177c0f481abf70c322.ts' for writing
[hls @ 0x55dec0b8ed40] Opening '/data/transcodes/7a22fe6db23965740177c0f481abf70c323.ts' for writing
frame=13886 fps=865 q=-1.0 size=N/A time=00:09:15.55 bitrate=N/A speed=34.6x    
[hls @ 0x55dec0b8ed40] Opening '/data/transcodes/7a22fe6db23965740177c0f481abf70c324.ts' for writing
[hls @ 0x55dec0b8ed40] Opening '/data/transcodes/7a22fe6db23965740177c0f481abf70c325.ts' for writing
[hls @ 0x55dec0b8ed40] Opening '/data/transcodes/7a22fe6db23965740177c0f481abf70c326.ts' for writing
[hls @ 0x55dec0b8ed40] Opening '/data/transcodes/7a22fe6db23965740177c0f481abf70c327.ts' for writing
frame=14451 fps=873 q=-1.0 size=N/A time=00:09:38.08 bitrate=N/A speed=34.9x    
[hls @ 0x55dec0b8ed40] Opening '/data/transcodes/7a22fe6db23965740177c0f481abf70c328.ts' for writing
[hls @ 0x55dec0b8ed40] Opening '/data/transcodes/7a22fe6db23965740177c0f481abf70c329.ts' for writing
[hls @ 0x55dec0b8ed40] Opening '/data/transcodes/7a22fe6db23965740177c0f481abf70c330.ts' for writing
frame=14987 fps=879 q=-1.0 size=N/A time=00:09:59.65 bitrate=N/A speed=35.2x    
[hls @ 0x55dec0b8ed40] Opening '/data/transcodes/7a22fe6db23965740177c0f481abf70c331.ts' for writing
[hls @ 0x55dec0b8ed40] Opening '/data/transcodes/7a22fe6db23965740177c0f481abf70c332.ts' for writing
[hls @ 0x55dec0b8ed40] Opening '/data/transcodes/7a22fe6db23965740177c0f481abf70c333.ts' for writing
frame=15440 fps=880 q=-1.0 size=N/A time=00:10:17.76 bitrate=N/A speed=35.2x    
[hls @ 0x55dec0b8ed40] Opening '/data/transcodes/7a22fe6db23965740177c0f481abf70c334.ts' for writing
[hls @ 0x55dec0b8ed40] Opening '/data/transcodes/7a22fe6db23965740177c0f481abf70c335.ts' for writing
[hls @ 0x55dec0b8ed40] Opening '/data/transcodes/7a22fe6db23965740177c0f481abf70c336.ts' for writing
frame=15886 fps=880 q=-1.0 size=N/A time=00:10:35.66 bitrate=N/A speed=35.2x    
[hls @ 0x55dec0b8ed40] Opening '/data/transcodes/7a22fe6db23965740177c0f481abf70c337.ts' for writing
[hls @ 0x55dec0b8ed40] Opening '/data/transcodes/7a22fe6db23965740177c0f481abf70c338.ts' for writing
[hls @ 0x55dec0b8ed40] Opening '/data/transcodes/7a22fe6db23965740177c0f481abf70c339.ts' for writing
[hls @ 0x55dec0b8ed40] Opening '/data/transcodes/7a22fe6db23965740177c0f481abf70c340.ts' for writing
frame=16389 fps=883 q=-1.0 size=N/A time=00:10:55.71 bitrate=N/A speed=35.3x    
[hls @ 0x55dec0b8ed40] Opening '/data/transcodes/7a22fe6db23965740177c0f481abf70c341.ts' for writing
[hls @ 0x55dec0b8ed40] Opening '/data/transcodes/7a22fe6db23965740177c0f481abf70c342.ts' for writing
frame=16736 fps=878 q=-1.0 size=N/A time=00:11:09.66 bitrate=N/A speed=35.1x    
[hls @ 0x55dec0b8ed40] Opening '/data/transcodes/7a22fe6db23965740177c0f481abf70c343.ts' for writing
[hls @ 0x55dec0b8ed40] Opening '/data/transcodes/7a22fe6db23965740177c0f481abf70c344.ts' for writing
[hls @ 0x55dec0b8ed40] Opening '/data/transcodes/7a22fe6db23965740177c0f481abf70c345.ts' for writing
frame=17176 fps=878 q=-1.0 size=N/A time=00:11:27.20 bitrate=N/A speed=35.1x    
[hls @ 0x55dec0b8ed40] Opening '/data/transcodes/7a22fe6db23965740177c0f481abf70c346.ts' for writing
[hls @ 0x55dec0b8ed40] Opening '/data/transcodes/7a22fe6db23965740177c0f481abf70c347.ts' for writing
[hls @ 0x55dec0b8ed40] Opening '/data/transcodes/7a22fe6db23965740177c0f481abf70c348.ts' for writing
frame=17632 fps=879 q=-1.0 size=N/A time=00:11:45.44 bitrate=N/A speed=35.2x    
[hls @ 0x55dec0b8ed40] Opening '/data/transcodes/7a22fe6db23965740177c0f481abf70c349.ts' for writing
[hls @ 0x55dec0b8ed40] Opening '/data/transcodes/7a22fe6db23965740177c0f481abf70c350.ts' for writing
[hls @ 0x55dec0b8ed40] Opening '/data/transcodes/7a22fe6db23965740177c0f481abf70c351.ts' for writing
frame=18041 fps=877 q=-1.0 size=N/A time=00:12:01.76 bitrate=N/A speed=35.1x    
[hls @ 0x55dec0b8ed40] Opening '/data/transcodes/7a22fe6db23965740177c0f481abf70c352.ts' for writing
[hls @ 0x55dec0b8ed40] Opening '/data/transcodes/7a22fe6db23965740177c0f481abf70c353.ts' for writing
frame=18439 fps=875 q=-1.0 size=N/A time=00:12:17.76 bitrate=N/A speed=  35x    
[hls @ 0x55dec0b8ed40] Opening '/data/transcodes/7a22fe6db23965740177c0f481abf70c354.ts' for writing
[hls @ 0x55dec0b8ed40] Opening '/data/transcodes/7a22fe6db23965740177c0f481abf70c355.ts' for writing
[hls @ 0x55dec0b8ed40] Opening '/data/transcodes/7a22fe6db23965740177c0f481abf70c356.ts' for writing
frame=18838 fps=873 q=-1.0 size=N/A time=00:12:33.57 bitrate=N/A speed=34.9x    
[hls @ 0x55dec0b8ed40] Opening '/data/transcodes/7a22fe6db23965740177c0f481abf70c357.ts' for writing
[hls @ 0x55dec0b8ed40] Opening '/data/transcodes/7a22fe6db23965740177c0f481abf70c358.ts' for writing
[hls @ 0x55dec0b8ed40] Opening '/data/transcodes/7a22fe6db23965740177c0f481abf70c359.ts' for writing
frame=19227 fps=871 q=-1.0 size=N/A time=00:12:49.10 bitrate=N/A speed=34.9x    
[hls @ 0x55dec0b8ed40] Opening '/data/transcodes/7a22fe6db23965740177c0f481abf70c360.ts' for writing
[hls @ 0x55dec0b8ed40] Opening '/data/transcodes/7a22fe6db23965740177c0f481abf70c361.ts' for writing
[hls @ 0x55dec0b8ed40] Opening '/data/transcodes/7a22fe6db23965740177c0f481abf70c362.ts' for writing
frame=19683 fps=872 q=-1.0 size=N/A time=00:13:07.36 bitrate=N/A speed=34.9x    
[hls @ 0x55dec0b8ed40] Opening '/data/transcodes/7a22fe6db23965740177c0f481abf70c363.ts' for writing
[hls @ 0x55dec0b8ed40] Opening '/data/transcodes/7a22fe6db23965740177c0f481abf70c364.ts' for writing
frame=20050 fps=869 q=-1.0 size=N/A time=00:13:21.95 bitrate=N/A speed=34.8x    
[hls @ 0x55dec0b8ed40] Opening '/data/transcodes/7a22fe6db23965740177c0f481abf70c365.ts' for writing
[hls @ 0x55dec0b8ed40] Opening '/data/transcodes/7a22fe6db23965740177c0f481abf70c366.ts' for writing
frame=20393 fps=865 q=-1.0 size=N/A time=00:13:35.82 bitrate=N/A speed=34.6x    
[hls @ 0x55dec0b8ed40] Opening '/data/transcodes/7a22fe6db23965740177c0f481abf70c367.ts' for writing
[hls @ 0x55dec0b8ed40] Opening '/data/transcodes/7a22fe6db23965740177c0f481abf70c368.ts' for writing
[hls @ 0x55dec0b8ed40] Opening '/data/transcodes/7a22fe6db23965740177c0f481abf70c369.ts' for writing
frame=20720 fps=861 q=-1.0 size=N/A time=00:13:48.81 bitrate=N/A speed=34.4x    
[hls @ 0x55dec0b8ed40] Opening '/data/transcodes/7a22fe6db23965740177c0f481abf70c370.ts' for writing
[hls @ 0x55dec0b8ed40] Opening '/data/transcodes/7a22fe6db23965740177c0f481abf70c371.ts' for writing
frame=21051 fps=857 q=-1.0 size=N/A time=00:14:02.08 bitrate=N/A speed=34.3x    
[hls @ 0x55dec0b8ed40] Opening '/data/transcodes/7a22fe6db23965740177c0f481abf70c372.ts' for writing
[hls @ 0x55dec0b8ed40] Opening '/data/transcodes/7a22fe6db23965740177c0f481abf70c373.ts' for writing
frame=21345 fps=851 q=-1.0 size=N/A time=00:14:13.90 bitrate=N/A speed=  34x    
[hls @ 0x55dec0b8ed40] Opening '/data/transcodes/7a22fe6db23965740177c0f481abf70c374.ts' for writing
[hls @ 0x55dec0b8ed40] Opening '/data/transcodes/7a22fe6db23965740177c0f481abf70c375.ts' for writing
frame=21620 fps=845 q=-1.0 size=N/A time=00:14:24.86 bitrate=N/A speed=33.8x    
[hls @ 0x55dec0b8ed40] Opening '/data/transcodes/7a22fe6db23965740177c0f481abf70c376.ts' for writing
[hls @ 0x55dec0b8ed40] Opening '/data/transcodes/7a22fe6db23965740177c0f481abf70c377.ts' for writing
frame=21901 fps=839 q=-1.0 size=N/A time=00:14:36.00 bitrate=N/A speed=33.6x    
[hls @ 0x55dec0b8ed40] Opening '/data/transcodes/7a22fe6db23965740177c0f481abf70c378.ts' for writing
[hls @ 0x55dec0b8ed40] Opening '/data/transcodes/7a22fe6db23965740177c0f481abf70c379.ts' for writing
frame=22201 fps=835 q=-1.0 size=N/A time=00:14:48.22 bitrate=N/A speed=33.4x    
[hls @ 0x55dec0b8ed40] Opening '/data/transcodes/7a22fe6db23965740177c0f481abf70c380.ts' for writing
[hls @ 0x55dec0b8ed40] Opening '/data/transcodes/7a22fe6db23965740177c0f481abf70c381.ts' for writing
frame=22505 fps=831 q=-1.0 size=N/A time=00:15:00.38 bitrate=N/A speed=33.2x    
[hls @ 0x55dec0b8ed40] Opening '/data/transcodes/7a22fe6db23965740177c0f481abf70c382.ts' for writing
[hls @ 0x55dec0b8ed40] Opening '/data/transcodes/7a22fe6db23965740177c0f481abf70c383.ts' for writing
frame=22851 fps=828 q=-1.0 size=N/A time=00:15:13.99 bitrate=N/A speed=33.1x    
[hls @ 0x55dec0b8ed40] Opening '/data/transcodes/7a22fe6db23965740177c0f481abf70c384.ts' for writing
[hls @ 0x55dec0b8ed40] Opening '/data/transcodes/7a22fe6db23965740177c0f481abf70c385.ts' for writing
frame=23152 fps=824 q=-1.0 size=N/A time=00:15:26.22 bitrate=N/A speed=  33x    
[hls @ 0x55dec0b8ed40] Opening '/data/transcodes/7a22fe6db23965740177c0f481abf70c386.ts' for writing
[hls @ 0x55dec0b8ed40] Opening '/data/transcodes/7a22fe6db23965740177c0f481abf70c387.ts' for writing
frame=23550 fps=823 q=-1.0 size=N/A time=00:15:41.96 bitrate=N/A speed=32.9x    
[hls @ 0x55dec0b8ed40] Opening '/data/transcodes/7a22fe6db23965740177c0f481abf70c388.ts' for writing
[hls @ 0x55dec0b8ed40] Opening '/data/transcodes/7a22fe6db23965740177c0f481abf70c389.ts' for writing
[hls @ 0x55dec0b8ed40] Opening '/data/transcodes/7a22fe6db23965740177c0f481abf70c390.ts' for writing
frame=23936 fps=822 q=-1.0 size=N/A time=00:15:57.60 bitrate=N/A speed=32.9x    
[hls @ 0x55dec0b8ed40] Opening '/data/transcodes/7a22fe6db23965740177c0f481abf70c391.ts' for writing
[hls @ 0x55dec0b8ed40] Opening '/data/transcodes/7a22fe6db23965740177c0f481abf70c392.ts' for writing
frame=24263 fps=820 q=-1.0 size=N/A time=00:16:10.65 bitrate=N/A speed=32.8x    
[hls @ 0x55dec0b8ed40] Opening '/data/transcodes/7a22fe6db23965740177c0f481abf70c393.ts' for writing
[hls @ 0x55dec0b8ed40] Opening '/data/transcodes/7a22fe6db23965740177c0f481abf70c394.ts' for writing
frame=24599 fps=817 q=-1.0 size=N/A time=00:16:23.90 bitrate=N/A speed=32.7x    
[hls @ 0x55dec0b8ed40] Opening '/data/transcodes/7a22fe6db23965740177c0f481abf70c395.ts' for writing
[hls @ 0x55dec0b8ed40] Opening '/data/transcodes/7a22fe6db23965740177c0f481abf70c396.ts' for writing
frame=24876 fps=813 q=-1.0 size=N/A time=00:16:35.04 bitrate=N/A speed=32.5x    
[hls @ 0x55dec0b8ed40] Opening '/data/transcodes/7a22fe6db23965740177c0f481abf70c397.ts' for writing
[hls @ 0x55dec0b8ed40] Opening '/data/transcodes/7a22fe6db23965740177c0f481abf70c398.ts' for writing
frame=25108 fps=807 q=-1.0 size=N/A time=00:16:44.49 bitrate=N/A speed=32.3x    
[hls @ 0x55dec0b8ed40] Opening '/data/transcodes/7a22fe6db23965740177c0f481abf70c399.ts' for writing
[hls @ 0x55dec0b8ed40] Opening '/data/transcodes/7a22fe6db23965740177c0f481abf70c400.ts' for writing
frame=25362 fps=802 q=-1.0 size=N/A time=00:16:54.62 bitrate=N/A speed=32.1x    
[hls @ 0x55dec0b8ed40] Opening '/data/transcodes/7a22fe6db23965740177c0f481abf70c401.ts' for writing
[hls @ 0x55dec0b8ed40] Opening '/data/transcodes/7a22fe6db23965740177c0f481abf70c402.ts' for writing
frame=25674 fps=799 q=-1.0 size=N/A time=00:17:07.04 bitrate=N/A speed=  32x    
[hls @ 0x55dec0b8ed40] Opening '/data/transcodes/7a22fe6db23965740177c0f481abf70c403.ts' for writing
[hls @ 0x55dec0b8ed40] Opening '/data/transcodes/7a22fe6db23965740177c0f481abf70c404.ts' for writing
frame=26093 fps=800 q=-1.0 size=N/A time=00:17:23.87 bitrate=N/A speed=  32x    
[hls @ 0x55dec0b8ed40] Opening '/data/transcodes/7a22fe6db23965740177c0f481abf70c405.ts' for writing
[hls @ 0x55dec0b8ed40] Opening '/data/transcodes/7a22fe6db23965740177c0f481abf70c406.ts' for writing
[hls @ 0x55dec0b8ed40] Opening '/data/transcodes/7a22fe6db23965740177c0f481abf70c407.ts' for writing
[hls @ 0x55dec0b8ed40] Opening '/data/transcodes/7a22fe6db23965740177c0f481abf70c408.ts' for writing
frame=26561 fps=802 q=-1.0 size=N/A time=00:17:42.69 bitrate=N/A speed=32.1x    
[hls @ 0x55dec0b8ed40] Opening '/data/transcodes/7a22fe6db23965740177c0f481abf70c409.ts' for writing
[hls @ 0x55dec0b8ed40] Opening '/data/transcodes/7a22fe6db23965740177c0f481abf70c410.ts' for writing
frame=26938 fps=801 q=-1.0 size=N/A time=00:17:57.70 bitrate=N/A speed=32.1x    
[hls @ 0x55dec0b8ed40] Opening '/data/transcodes/7a22fe6db23965740177c0f481abf70c411.ts' for writing
[hls @ 0x55dec0b8ed40] Opening '/data/transcodes/7a22fe6db23965740177c0f481abf70c412.ts' for writing
frame=27285 fps=800 q=-1.0 size=N/A time=00:18:11.49 bitrate=N/A speed=  32x    
[hls @ 0x55dec0b8ed40] Opening '/data/transcodes/7a22fe6db23965740177c0f481abf70c413.ts' for writing
[hls @ 0x55dec0b8ed40] Opening '/data/transcodes/7a22fe6db23965740177c0f481abf70c414.ts' for writing
[hls @ 0x55dec0b8ed40] Opening '/data/transcodes/7a22fe6db23965740177c0f481abf70c415.ts' for writing
[hls @ 0x55dec0b8ed40] Opening '/data/transcodes/7a22fe6db23965740177c0f481abf70c416.ts' for writing
frame=27826 fps=804 q=-1.0 size=N/A time=00:18:33.18 bitrate=N/A speed=32.2x    
[hls @ 0x55dec0b8ed40] Opening '/data/transcodes/7a22fe6db23965740177c0f481abf70c417.ts' for writing
[hls @ 0x55dec0b8ed40] Opening '/data/transcodes/7a22fe6db23965740177c0f481abf70c418.ts' for writing
[hls @ 0x55dec0b8ed40] Opening '/data/transcodes/7a22fe6db23965740177c0f481abf70c419.ts' for writing
frame=28242 fps=804 q=-1.0 size=N/A time=00:18:49.69 bitrate=N/A speed=32.2x    
[hls @ 0x55dec0b8ed40] Opening '/data/transcodes/7a22fe6db23965740177c0f481abf70c420.ts' for writing
[hls @ 0x55dec0b8ed40] Opening '/data/transcodes/7a22fe6db23965740177c0f481abf70c421.ts' for writing
frame=28563 fps=802 q=-1.0 size=N/A time=00:19:02.69 bitrate=N/A speed=32.1x    
[hls @ 0x55dec0b8ed40] Opening '/data/transcodes/7a22fe6db23965740177c0f481abf70c422.ts' for writing
[hls @ 0x55dec0b8ed40] Opening '/data/transcodes/7a22fe6db23965740177c0f481abf70c423.ts' for writing
frame=28855 fps=799 q=-1.0 size=N/A time=00:19:14.27 bitrate=N/A speed=  32x    
[hls @ 0x55dec0b8ed40] Opening '/data/transcodes/7a22fe6db23965740177c0f481abf70c424.ts' for writing
[hls @ 0x55dec0b8ed40] Opening '/data/transcodes/7a22fe6db23965740177c0f481abf70c425.ts' for writing
frame=29155 fps=796 q=-1.0 size=N/A time=00:19:26.22 bitrate=N/A speed=31.8x    
[hls @ 0x55dec0b8ed40] Opening '/data/transcodes/7a22fe6db23965740177c0f481abf70c426.ts' for writing
[hls @ 0x55dec0b8ed40] Opening '/data/transcodes/7a22fe6db23965740177c0f481abf70c427.ts' for writing
frame=29433 fps=793 q=-1.0 size=N/A time=00:19:37.50 bitrate=N/A speed=31.7x    
[hls @ 0x55dec0b8ed40] Opening '/data/transcodes/7a22fe6db23965740177c0f481abf70c428.ts' for writing
[hls @ 0x55dec0b8ed40] Opening '/data/transcodes/7a22fe6db23965740177c0f481abf70c429.ts' for writing
frame=29736 fps=790 q=-1.0 size=N/A time=00:19:49.58 bitrate=N/A speed=31.6x    
[hls @ 0x55dec0b8ed40] Opening '/data/transcodes/7a22fe6db23965740177c0f481abf70c430.ts' for writing
frame=29985 fps=786 q=-1.0 size=N/A time=00:19:59.50 bitrate=N/A speed=31.5x    
[hls @ 0x55dec0b8ed40] Opening '/data/transcodes/7a22fe6db23965740177c0f481abf70c431.ts' for writing
[hls @ 0x55dec0b8ed40] Opening '/data/transcodes/7a22fe6db23965740177c0f481abf70c432.ts' for writing
frame=30207 fps=782 q=-1.0 size=N/A time=00:20:08.48 bitrate=N/A speed=31.3x    
[hls @ 0x55dec0b8ed40] Opening '/data/transcodes/7a22fe6db23965740177c0f481abf70c433.ts' for writing
[hls @ 0x55dec0b8ed40] Opening '/data/transcodes/7a22fe6db23965740177c0f481abf70c434.ts' for writing
frame=30488 fps=779 q=-1.0 size=N/A time=00:20:19.68 bitrate=N/A speed=31.2x    
[hls @ 0x55dec0b8ed40] Opening '/data/transcodes/7a22fe6db23965740177c0f481abf70c435.ts' for writing
[hls @ 0x55dec0b8ed40] Opening '/data/transcodes/7a22fe6db23965740177c0f481abf70c436.ts' for writing
frame=30751 fps=776 q=-1.0 size=N/A time=00:20:30.02 bitrate=N/A speed=  31x    
[hls @ 0x55dec0b8ed40] Opening '/data/transcodes/7a22fe6db23965740177c0f481abf70c437.ts' for writing
[hls @ 0x55dec0b8ed40] Opening '/data/transcodes/7a22fe6db23965740177c0f481abf70c438.ts' for writing
frame=31124 fps=775 q=-1.0 size=N/A time=00:20:45.09 bitrate=N/A speed=  31x    
[hls @ 0x55dec0b8ed40] Opening '/data/transcodes/7a22fe6db23965740177c0f481abf70c439.ts' for writing
[hls @ 0x55dec0b8ed40] Opening '/data/transcodes/7a22fe6db23965740177c0f481abf70c440.ts' for writing
frame=31498 fps=775 q=-1.0 size=N/A time=00:20:59.98 bitrate=N/A speed=  31x    
[hls @ 0x55dec0b8ed40] Opening '/data/transcodes/7a22fe6db23965740177c0f481abf70c441.ts' for writing
[hls @ 0x55dec0b8ed40] Opening '/data/transcodes/7a22fe6db23965740177c0f481abf70c442.ts' for writing
[hls @ 0x55dec0b8ed40] Opening '/data/transcodes/7a22fe6db23965740177c0f481abf70c443.ts' for writing
frame=31901 fps=775 q=-1.0 size=N/A time=00:21:16.06 bitrate=N/A speed=  31x    
[hls @ 0x55dec0b8ed40] Opening '/data/transcodes/7a22fe6db23965740177c0f481abf70c444.ts' for writing
[hls @ 0x55dec0b8ed40] Opening '/data/transcodes/7a22fe6db23965740177c0f481abf70c445.ts' for writing
[hls @ 0x55dec0b8ed40] Opening '/data/transcodes/7a22fe6db23965740177c0f481abf70c446.ts' for writing
frame=32332 fps=776 q=-1.0 size=N/A time=00:21:33.41 bitrate=N/A speed=31.1x    
[hls @ 0x55dec0b8ed40] Opening '/data/transcodes/7a22fe6db23965740177c0f481abf70c447.ts' for writing
[hls @ 0x55dec0b8ed40] Opening '/data/transcodes/7a22fe6db23965740177c0f481abf70c448.ts' for writing
[hls @ 0x55dec0b8ed40] Opening '/data/transcodes/7a22fe6db23965740177c0f481abf70c449.ts' for writing
frame=32701 fps=776 q=-1.0 size=N/A time=00:21:48.10 bitrate=N/A speed=  31x    
[hls @ 0x55dec0b8ed40] Opening '/data/transcodes/7a22fe6db23965740177c0f481abf70c450.ts' for writing
[hls @ 0x55dec0b8ed40] Opening '/data/transcodes/7a22fe6db23965740177c0f481abf70c451.ts' for writing
frame=33108 fps=776 q=-1.0 size=N/A time=00:22:04.49 bitrate=N/A speed=31.1x    
[hls @ 0x55dec0b8ed40] Opening '/data/transcodes/7a22fe6db23965740177c0f481abf70c452.ts' for writing
[hls @ 0x55dec0b8ed40] Opening '/data/transcodes/7a22fe6db23965740177c0f481abf70c453.ts' for writing
[hls @ 0x55dec0b8ed40] Opening '/data/transcodes/7a22fe6db23965740177c0f481abf70c454.ts' for writing
frame=33469 fps=776 q=-1.0 size=N/A time=00:22:18.89 bitrate=N/A speed=  31x    
[hls @ 0x55dec0b8ed40] Opening '/data/transcodes/7a22fe6db23965740177c0f481abf70c455.ts' for writing
[hls @ 0x55dec0b8ed40] Opening '/data/transcodes/7a22fe6db23965740177c0f481abf70c456.ts' for writing
frame=33874 fps=776 q=-1.0 size=N/A time=00:22:34.97 bitrate=N/A speed=  31x    
[hls @ 0x55dec0b8ed40] Opening '/data/transcodes/7a22fe6db23965740177c0f481abf70c457.ts' for writing
[hls @ 0x55dec0b8ed40] Opening '/data/transcodes/7a22fe6db23965740177c0f481abf70c458.ts' for writing
[hls @ 0x55dec0b8ed40] Opening '/data/transcodes/7a22fe6db23965740177c0f481abf70c459.ts' for writing
frame=34255 fps=776 q=-1.0 size=N/A time=00:22:50.33 bitrate=N/A speed=  31x    
[hls @ 0x55dec0b8ed40] Opening '/data/transcodes/7a22fe6db23965740177c0f481abf70c460.ts' for writing
frame=34487 fps=772 q=-1.0 size=N/A time=00:22:59.61 bitrate=N/A speed=30.9x    
[hls @ 0x55dec0b8ed40] Opening '/data/transcodes/7a22fe6db23965740177c0f481abf70c461.ts' for writing
[hls @ 0x55dec0b8ed40] Opening '/data/transcodes/7a22fe6db23965740177c0f481abf70c462.ts' for writing
[hls @ 0x55dec0b8ed40] Opening '/data/transcodes/7a22fe6db23965740177c0f481abf70c463.ts' for writing
frame=34845 fps=772 q=-1.0 size=N/A time=00:23:13.95 bitrate=N/A speed=30.9x    
[hls @ 0x55dec0b8ed40] Opening '/data/transcodes/7a22fe6db23965740177c0f481abf70c464.ts' for writing
[hls @ 0x55dec0b8ed40] Opening '/data/transcodes/7a22fe6db23965740177c0f481abf70c465.ts' for writing
[hls @ 0x55dec0b8ed40] Opening '/data/transcodes/7a22fe6db23965740177c0f481abf70c466.ts' for writing
frame=35320 fps=774 q=-1.0 size=N/A time=00:23:32.89 bitrate=N/A speed=30.9x    
[hls @ 0x55dec0b8ed40] Opening '/data/transcodes/7a22fe6db23965740177c0f481abf70c467.ts' for writing
[hls @ 0x55dec0b8ed40] Opening '/data/transcodes/7a22fe6db23965740177c0f481abf70c468.ts' for writing
[hls @ 0x55dec0b8ed40] Opening '/data/transcodes/7a22fe6db23965740177c0f481abf70c469.ts' for writing
frame=35714 fps=774 q=-1.0 size=N/A time=00:23:48.70 bitrate=N/A speed=  31x    
[hls @ 0x55dec0b8ed40] Opening '/data/transcodes/7a22fe6db23965740177c0f481abf70c470.ts' for writing
[hls @ 0x55dec0b8ed40] Opening '/data/transcodes/7a22fe6db23965740177c0f481abf70c471.ts' for writing
frame=36139 fps=775 q=-1.0 size=N/A time=00:24:05.73 bitrate=N/A speed=  31x    
[hls @ 0x55dec0b8ed40] Opening '/data/transcodes/7a22fe6db23965740177c0f481abf70c472.ts' for writing
[hls @ 0x55dec0b8ed40] Opening '/data/transcodes/7a22fe6db23965740177c0f481abf70c473.ts' for writing
[hls @ 0x55dec0b8ed40] Opening '/data/transcodes/7a22fe6db23965740177c0f481abf70c474.ts' for writing
frame=36473 fps=773 q=-1.0 size=N/A time=00:24:19.10 bitrate=N/A speed=30.9x    
[hls @ 0x55dec0b8ed40] Opening '/data/transcodes/7a22fe6db23965740177c0f481abf70c475.ts' for writing
[hls @ 0x55dec0b8ed40] Opening '/data/transcodes/7a22fe6db23965740177c0f481abf70c476.ts' for writing
[hls @ 0x55dec0b8ed40] Opening '/data/transcodes/7a22fe6db23965740177c0f481abf70c477.ts' for writing
frame=36913 fps=774 q=-1.0 size=N/A time=00:24:36.51 bitrate=N/A speed=  31x    
[hls @ 0x55dec0b8ed40] Opening '/data/transcodes/7a22fe6db23965740177c0f481abf70c478.ts' for writing
[hls @ 0x55dec0b8ed40] Opening '/data/transcodes/7a22fe6db23965740177c0f481abf70c479.ts' for writing
[hls @ 0x55dec0b8ed40] Opening '/data/transcodes/7a22fe6db23965740177c0f481abf70c480.ts' for writing
frame=37363 fps=776 q=-1.0 size=N/A time=00:24:54.73 bitrate=N/A speed=  31x    
[hls @ 0x55dec0b8ed40] Opening '/data/transcodes/7a22fe6db23965740177c0f481abf70c481.ts' for writing
[hls @ 0x55dec0b8ed40] Opening '/data/transcodes/7a22fe6db23965740177c0f481abf70c482.ts' for writing
[hls @ 0x55dec0b8ed40] Opening '/data/transcodes/7a22fe6db23965740177c0f481abf70c483.ts' for writing
frame=37801 fps=777 q=-1.0 size=N/A time=00:25:12.03 bitrate=N/A speed=31.1x    
[hls @ 0x55dec0b8ed40] Opening '/data/transcodes/7a22fe6db23965740177c0f481abf70c484.ts' for writing
[hls @ 0x55dec0b8ed40] Opening '/data/transcodes/7a22fe6db23965740177c0f481abf70c485.ts' for writing
[hls @ 0x55dec0b8ed40] Opening '/data/transcodes/7a22fe6db23965740177c0f481abf70c486.ts' for writing
frame=38292 fps=779 q=-1.0 size=N/A time=00:25:31.66 bitrate=N/A speed=31.1x    
[hls @ 0x55dec0b8ed40] Opening '/data/transcodes/7a22fe6db23965740177c0f481abf70c487.ts' for writing
[hls @ 0x55dec0b8ed40] Opening '/data/transcodes/7a22fe6db23965740177c0f481abf70c488.ts' for writing
frame=38674 fps=778 q=-1.0 size=N/A time=00:25:47.23 bitrate=N/A speed=31.1x    
[hls @ 0x55dec0b8ed40] Opening '/data/transcodes/7a22fe6db23965740177c0f481abf70c489.ts' for writing
[hls @ 0x55dec0b8ed40] Opening '/data/transcodes/7a22fe6db23965740177c0f481abf70c490.ts' for writing
[hls @ 0x55dec0b8ed40] Opening '/data/transcodes/7a22fe6db23965740177c0f481abf70c491.ts' for writing
frame=39105 fps=779 q=-1.0 size=N/A time=00:26:04.36 bitrate=N/A speed=31.2x    
[hls @ 0x55dec0b8ed40] Opening '/data/transcodes/7a22fe6db23965740177c0f481abf70c492.ts' for writing
[hls @ 0x55dec0b8ed40] Opening '/data/transcodes/7a22fe6db23965740177c0f481abf70c493.ts' for writing
frame=39401 fps=777 q=-1.0 size=N/A time=00:26:16.16 bitrate=N/A speed=31.1x    
[hls @ 0x55dec0b8ed40] Opening '/data/transcodes/7a22fe6db23965740177c0f481abf70c494.ts' for writing
[hls @ 0x55dec0b8ed40] Opening '/data/transcodes/7a22fe6db23965740177c0f481abf70c495.ts' for writing
[hls @ 0x55dec0b8ed40] Opening '/data/transcodes/7a22fe6db23965740177c0f481abf70c496.ts' for writing
frame=39821 fps=778 q=-1.0 size=N/A time=00:26:32.99 bitrate=N/A speed=31.1x    
[hls @ 0x55dec0b8ed40] Opening '/data/transcodes/7a22fe6db23965740177c0f481abf70c497.ts' for writing
[hls @ 0x55dec0b8ed40] Opening '/data/transcodes/7a22fe6db23965740177c0f481abf70c498.ts' for writing
frame=40155 fps=777 q=-1.0 size=N/A time=00:26:46.43 bitrate=N/A speed=31.1x    
[hls @ 0x55dec0b8ed40] Opening '/data/transcodes/7a22fe6db23965740177c0f481abf70c499.ts' for writing
[hls @ 0x55dec0b8ed40] Opening '/data/transcodes/7a22fe6db23965740177c0f481abf70c500.ts' for writing
[hls @ 0x55dec0b8ed40] Opening '/data/transcodes/7a22fe6db23965740177c0f481abf70c501.ts' for writing
frame=40575 fps=777 q=-1.0 size=N/A time=00:27:03.13 bitrate=N/A speed=31.1x    
[hls @ 0x55dec0b8ed40] Opening '/data/transcodes/7a22fe6db23965740177c0f481abf70c502.ts' for writing
[hls @ 0x55dec0b8ed40] Opening '/data/transcodes/7a22fe6db23965740177c0f481abf70c503.ts' for writing
[hls @ 0x55dec0b8ed40] Opening '/data/transcodes/7a22fe6db23965740177c0f481abf70c504.ts' for writing
frame=40987 fps=778 q=-1.0 size=N/A time=00:27:19.58 bitrate=N/A speed=31.1x    
[hls @ 0x55dec0b8ed40] Opening '/data/transcodes/7a22fe6db23965740177c0f481abf70c505.ts' for writing
[hls @ 0x55dec0b8ed40] Opening '/data/transcodes/7a22fe6db23965740177c0f481abf70c506.ts' for writing
[hls @ 0x55dec0b8ed40] Opening '/data/transcodes/7a22fe6db23965740177c0f481abf70c507.ts' for writing
frame=41407 fps=779 q=-1.0 size=N/A time=00:27:36.46 bitrate=N/A speed=31.1x    
[hls @ 0x55dec0b8ed40] Opening '/data/transcodes/7a22fe6db23965740177c0f481abf70c508.ts' for writing
[hls @ 0x55dec0b8ed40] Opening '/data/transcodes/7a22fe6db23965740177c0f481abf70c509.ts' for writing
frame=41804 fps=779 q=-1.0 size=N/A time=00:27:52.41 bitrate=N/A speed=31.2x    
[hls @ 0x55dec0b8ed40] Opening '/data/transcodes/7a22fe6db23965740177c0f481abf70c510.ts' for writing
[hls @ 0x55dec0b8ed40] Opening '/data/transcodes/7a22fe6db23965740177c0f481abf70c511.ts' for writing
[hls @ 0x55dec0b8ed40] Opening '/data/transcodes/7a22fe6db23965740177c0f481abf70c512.ts' for writing
frame=42270 fps=780 q=-1.0 size=N/A time=00:28:10.89 bitrate=N/A speed=31.2x    
[hls @ 0x55dec0b8ed40] Opening '/data/transcodes/7a22fe6db23965740177c0f481abf70c513.ts' for writing
[hls @ 0x55dec0b8ed40] Opening '/data/transcodes/7a22fe6db23965740177c0f481abf70c514.ts' for writing
[hls @ 0x55dec0b8ed40] Opening '/data/transcodes/7a22fe6db23965740177c0f481abf70c515.ts' for writing
[hls @ 0x55dec0b8ed40] Opening '/data/transcodes/7a22fe6db23965740177c0f481abf70c516.ts' for writing
frame=42789 fps=782 q=-1.0 size=N/A time=00:28:31.69 bitrate=N/A speed=31.3x    
[hls @ 0x55dec0b8ed40] Opening '/data/transcodes/7a22fe6db23965740177c0f481abf70c517.ts' for writing
[hls @ 0x55dec0b8ed40] Opening '/data/transcodes/7a22fe6db23965740177c0f481abf70c518.ts' for writing
frame=43188 fps=783 q=-1.0 size=N/A time=00:28:47.65 bitrate=N/A speed=31.3x    
[hls @ 0x55dec0b8ed40] Opening '/data/transcodes/7a22fe6db23965740177c0f481abf70c519.ts' for writing
[hls @ 0x55dec0b8ed40] Opening '/data/transcodes/7a22fe6db23965740177c0f481abf70c520.ts' for writing
[hls @ 0x55dec0b8ed40] Opening '/data/transcodes/7a22fe6db23965740177c0f481abf70c521.ts' for writing
frame=43613 fps=783 q=-1.0 size=N/A time=00:29:04.54 bitrate=N/A speed=31.3x    
[hls @ 0x55dec0b8ed40] Opening '/data/transcodes/7a22fe6db23965740177c0f481abf70c522.ts' for writing
[hls @ 0x55dec0b8ed40] Opening '/data/transcodes/7a22fe6db23965740177c0f481abf70c523.ts' for writing
[hls @ 0x55dec0b8ed40] Opening '/data/transcodes/7a22fe6db23965740177c0f481abf70c524.ts' for writing
frame=44051 fps=784 q=-1.0 size=N/A time=00:29:22.01 bitrate=N/A speed=31.4x    
[hls @ 0x55dec0b8ed40] Opening '/data/transcodes/7a22fe6db23965740177c0f481abf70c525.ts' for writing
[hls @ 0x55dec0b8ed40] Opening '/data/transcodes/7a22fe6db23965740177c0f481abf70c526.ts' for writing
frame=44393 fps=783 q=-1.0 size=N/A time=00:29:35.88 bitrate=N/A speed=31.3x    
[hls @ 0x55dec0b8ed40] Opening '/data/transcodes/7a22fe6db23965740177c0f481abf70c527.ts' for writing
[hls @ 0x55dec0b8ed40] Opening '/data/transcodes/7a22fe6db23965740177c0f481abf70c528.ts' for writing
[hls @ 0x55dec0b8ed40] Opening '/data/transcodes/7a22fe6db23965740177c0f481abf70c529.ts' for writing
frame=44801 fps=783 q=-1.0 size=N/A time=00:29:52.16 bitrate=N/A speed=31.3x    
[hls @ 0x55dec0b8ed40] Opening '/data/transcodes/7a22fe6db23965740177c0f481abf70c530.ts' for writing
[hls @ 0x55dec0b8ed40] Opening '/data/transcodes/7a22fe6db23965740177c0f481abf70c531.ts' for writing
[hls @ 0x55dec0b8ed40] Opening '/data/transcodes/7a22fe6db23965740177c0f481abf70c532.ts' for writing
frame=45295 fps=785 q=-1.0 size=N/A time=00:30:11.87 bitrate=N/A speed=31.4x    
[hls @ 0x55dec0b8ed40] Opening '/data/transcodes/7a22fe6db23965740177c0f481abf70c533.ts' for writing
[hls @ 0x55dec0b8ed40] Opening '/data/transcodes/7a22fe6db23965740177c0f481abf70c534.ts' for writing
[hls @ 0x55dec0b8ed40] Opening '/data/transcodes/7a22fe6db23965740177c0f481abf70c535.ts' for writing
[hls @ 0x55dec0b8ed40] Opening '/data/transcodes/7a22fe6db23965740177c0f481abf70c536.ts' for writing
frame=45826 fps=787 q=-1.0 size=N/A time=00:30:33.25 bitrate=N/A speed=31.5x    
[hls @ 0x55dec0b8ed40] Opening '/data/transcodes/7a22fe6db23965740177c0f481abf70c537.ts' for writing
[hls @ 0x55dec0b8ed40] Opening '/data/transcodes/7a22fe6db23965740177c0f481abf70c538.ts' for writing
[hls @ 0x55dec0b8ed40] Opening '/data/transcodes/7a22fe6db23965740177c0f481abf70c539.ts' for writing
frame=46213 fps=787 q=-1.0 size=N/A time=00:30:48.61 bitrate=N/A speed=31.5x    
[hls @ 0x55dec0b8ed40] Opening '/data/transcodes/7a22fe6db23965740177c0f481abf70c540.ts' for writing
[hls @ 0x55dec0b8ed40] Opening '/data/transcodes/7a22fe6db23965740177c0f481abf70c541.ts' for writing
[hls @ 0x55dec0b8ed40] Opening '/data/transcodes/7a22fe6db23965740177c0f481abf70c542.ts' for writing
frame=46664 fps=788 q=-1.0 size=N/A time=00:31:06.72 bitrate=N/A speed=31.5x    
[hls @ 0x55dec0b8ed40] Opening '/data/transcodes/7a22fe6db23965740177c0f481abf70c543.ts' for writing
[hls @ 0x55dec0b8ed40] Opening '/data/transcodes/7a22fe6db23965740177c0f481abf70c544.ts' for writing
frame=47081 fps=789 q=-1.0 size=N/A time=00:31:23.49 bitrate=N/A speed=31.5x    
[hls @ 0x55dec0b8ed40] Opening '/data/transcodes/7a22fe6db23965740177c0f481abf70c545.ts' for writing
[hls @ 0x55dec0b8ed40] Opening '/data/transcodes/7a22fe6db23965740177c0f481abf70c546.ts' for writing
[hls @ 0x55dec0b8ed40] Opening '/data/transcodes/7a22fe6db23965740177c0f481abf70c547.ts' for writing
frame=47475 fps=789 q=-1.0 size=N/A time=00:31:39.14 bitrate=N/A speed=31.5x    
[hls @ 0x55dec0b8ed40] Opening '/data/transcodes/7a22fe6db23965740177c0f481abf70c548.ts' for writing
[hls @ 0x55dec0b8ed40] Opening '/data/transcodes/7a22fe6db23965740177c0f481abf70c549.ts' for writing
[hls @ 0x55dec0b8ed40] Opening '/data/transcodes/7a22fe6db23965740177c0f481abf70c550.ts' for writing
frame=47851 fps=788 q=-1.0 size=N/A time=00:31:54.01 bitrate=N/A speed=31.5x    
[hls @ 0x55dec0b8ed40] Opening '/data/transcodes/7a22fe6db23965740177c0f481abf70c551.ts' for writing
[hls @ 0x55dec0b8ed40] Opening '/data/transcodes/7a22fe6db23965740177c0f481abf70c552.ts' for writing
[hls @ 0x55dec0b8ed40] Opening '/data/transcodes/7a22fe6db23965740177c0f481abf70c553.ts' for writing
frame=48392 fps=790 q=-1.0 size=N/A time=00:32:15.90 bitrate=N/A speed=31.6x    
[hls @ 0x55dec0b8ed40] Opening '/data/transcodes/7a22fe6db23965740177c0f481abf70c554.ts' for writing
[hls @ 0x55dec0b8ed40] Opening '/data/transcodes/7a22fe6db23965740177c0f481abf70c555.ts' for writing
[hls @ 0x55dec0b8ed40] Opening '/data/transcodes/7a22fe6db23965740177c0f481abf70c556.ts' for writing
frame=48795 fps=790 q=-1.0 size=N/A time=00:32:31.97 bitrate=N/A speed=31.6x    
[hls @ 0x55dec0b8ed40] Opening '/data/transcodes/7a22fe6db23965740177c0f481abf70c557.ts' for writing
[hls @ 0x55dec0b8ed40] Opening '/data/transcodes/7a22fe6db23965740177c0f481abf70c558.ts' for writing
[hls @ 0x55dec0b8ed40] Opening '/data/transcodes/7a22fe6db23965740177c0f481abf70c559.ts' for writing
frame=49266 fps=792 q=-1.0 size=N/A time=00:32:50.72 bitrate=N/A speed=31.7x    
[hls @ 0x55dec0b8ed40] Opening '/data/transcodes/7a22fe6db23965740177c0f481abf70c560.ts' for writing
[hls @ 0x55dec0b8ed40] Opening '/data/transcodes/7a22fe6db23965740177c0f481abf70c561.ts' for writing
[hls @ 0x55dec0b8ed40] Opening '/data/transcodes/7a22fe6db23965740177c0f481abf70c562.ts' for writing
frame=49670 fps=792 q=-1.0 size=N/A time=00:33:06.72 bitrate=N/A speed=31.7x    
[hls @ 0x55dec0b8ed40] Opening '/data/transcodes/7a22fe6db23965740177c0f481abf70c563.ts' for writing
[hls @ 0x55dec0b8ed40] Opening '/data/transcodes/7a22fe6db23965740177c0f481abf70c564.ts' for writing
frame=50063 fps=792 q=-1.0 size=N/A time=00:33:22.72 bitrate=N/A speed=31.7x    
[hls @ 0x55dec0b8ed40] Opening '/data/transcodes/7a22fe6db23965740177c0f481abf70c565.ts' for writing
[hls @ 0x55dec0b8ed40] Opening '/data/transcodes/7a22fe6db23965740177c0f481abf70c566.ts' for writing
[hls @ 0x55dec0b8ed40] Opening '/data/transcodes/7a22fe6db23965740177c0f481abf70c567.ts' for writing
frame=50407 fps=791 q=-1.0 size=N/A time=00:33:36.48 bitrate=N/A speed=31.6x    
[hls @ 0x55dec0b8ed40] Opening '/data/transcodes/7a22fe6db23965740177c0f481abf70c568.ts' for writing
[hls @ 0x55dec0b8ed40] Opening '/data/transcodes/7a22fe6db23965740177c0f481abf70c569.ts' for writing
frame=50775 fps=791 q=-1.0 size=N/A time=00:33:51.07 bitrate=N/A speed=31.6x    
[hls @ 0x55dec0b8ed40] Opening '/data/transcodes/7a22fe6db23965740177c0f481abf70c570.ts' for writing
[hls @ 0x55dec0b8ed40] Opening '/data/transcodes/7a22fe6db23965740177c0f481abf70c571.ts' for writing
[hls @ 0x55dec0b8ed40] Opening '/data/transcodes/7a22fe6db23965740177c0f481abf70c572.ts' for writing
frame=51239 fps=792 q=-1.0 size=N/A time=00:34:09.76 bitrate=N/A speed=31.7x    
[hls @ 0x55dec0b8ed40] Opening '/data/transcodes/7a22fe6db23965740177c0f481abf70c573.ts' for writing
[hls @ 0x55dec0b8ed40] Opening '/data/transcodes/7a22fe6db23965740177c0f481abf70c574.ts' for writing
[hls @ 0x55dec0b8ed40] Opening '/data/transcodes/7a22fe6db23965740177c0f481abf70c575.ts' for writing
frame=51675 fps=792 q=-1.0 size=N/A time=00:34:27.10 bitrate=N/A speed=31.7x    
[hls @ 0x55dec0b8ed40] Opening '/data/transcodes/7a22fe6db23965740177c0f481abf70c576.ts' for writing
[hls @ 0x55dec0b8ed40] Opening '/data/transcodes/7a22fe6db23965740177c0f481abf70c577.ts' for writing
[hls @ 0x55dec0b8ed40] Opening '/data/transcodes/7a22fe6db23965740177c0f481abf70c578.ts' for writing
frame=52057 fps=792 q=-1.0 size=N/A time=00:34:42.27 bitrate=N/A speed=31.7x    
[hls @ 0x55dec0b8ed40] Opening '/data/transcodes/7a22fe6db23965740177c0f481abf70c579.ts' for writing
[hls @ 0x55dec0b8ed40] Opening '/data/transcodes/7a22fe6db23965740177c0f481abf70c580.ts' for writing
[hls @ 0x55dec0b8ed40] Opening '/data/transcodes/7a22fe6db23965740177c0f481abf70c581.ts' for writing
frame=52519 fps=793 q=-1.0 size=N/A time=00:35:00.96 bitrate=N/A speed=31.7x    
[hls @ 0x55dec0b8ed40] Opening '/data/transcodes/7a22fe6db23965740177c0f481abf70c582.ts' for writing
[hls @ 0x55dec0b8ed40] Opening '/data/transcodes/7a22fe6db23965740177c0f481abf70c583.ts' for writing
frame=52913 fps=793 q=-1.0 size=N/A time=00:35:16.55 bitrate=N/A speed=31.7x    
[hls @ 0x55dec0b8ed40] Opening '/data/transcodes/7a22fe6db23965740177c0f481abf70c584.ts' for writing
[hls @ 0x55dec0b8ed40] Opening '/data/transcodes/7a22fe6db23965740177c0f481abf70c585.ts' for writing
[hls @ 0x55dec0b8ed40] Opening '/data/transcodes/7a22fe6db23965740177c0f481abf70c586.ts' for writing
[hls @ 0x55dec0b8ed40] Opening '/data/transcodes/7a22fe6db23965740177c0f481abf70c587.ts' for writing
frame=53453 fps=795 q=-1.0 size=N/A time=00:35:38.21 bitrate=N/A speed=31.8x    
[hls @ 0x55dec0b8ed40] Opening '/data/transcodes/7a22fe6db23965740177c0f481abf70c588.ts' for writing
frame=53517 fps=795 q=-1.0 Lsize=N/A time=00:35:40.77 bitrate=N/A speed=31.8x    
video:1539519kB audio:66837kB subtitle:0kB other streams:0kB global headers:0kB muxing overhead: unknown