/Videos/9c11942a89d9a8ee6a4f89b66a534d2f/hls1/main/46.ts

{"Protocol":0,"Id":"9c11942a89d9a8ee6a4f89b66a534d2f","Path":"/data/tvshows/Top Gear/Season 22/Top Gear - S22E01 - Episode 1 WEBDL-720p.mkv","EncoderPath":null,"EncoderProtocol":null,"Type":0,"Container":"mkv,webm","Size":2813625600,"Name":"Top Gear - S22E01 - Episode 1 WEBDL-720p","IsRemote":false,"ETag":"1c7e93e13036f35dc00677d833827177","RunTimeTicks":37458239488,"ReadAtNativeFramerate":false,"IgnoreDts":false,"IgnoreIndex":false,"GenPtsInput":false,"SupportsTranscoding":true,"SupportsDirectStream":true,"SupportsDirectPlay":true,"IsInfiniteStream":false,"RequiresOpening":false,"OpenToken":null,"RequiresClosing":false,"LiveStreamId":null,"BufferMs":null,"RequiresLooping":false,"SupportsProbing":true,"VideoType":0,"IsoType":null,"Video3DFormat":null,"MediaStreams":[{"Codec":"h264","CodecTag":null,"Language":"eng","ColorRange":null,"ColorSpace":"bt709","ColorTransfer":"bt709","ColorPrimaries":"bt709","DvVersionMajor":null,"DvVersionMinor":null,"DvProfile":null,"DvLevel":null,"RpuPresentFlag":null,"ElPresentFlag":null,"BlPresentFlag":null,"DvBlSignalCompatibilityId":null,"Comment":null,"TimeBase":"1/1000","CodecTimeBase":null,"Title":null,"VideoRange":"SDR","VideoRangeType":"SDR","VideoDoViTitle":null,"LocalizedUndefined":null,"LocalizedDefault":null,"LocalizedForced":null,"LocalizedExternal":null,"DisplayTitle":"720p H264 SDR","NalLengthSize":"4","IsInterlaced":false,"IsAVC":true,"ChannelLayout":null,"BitRate":6009092,"BitDepth":8,"RefFrames":1,"PacketLength":null,"Channels":null,"SampleRate":null,"IsDefault":true,"IsForced":false,"Height":720,"Width":1280,"AverageFrameRate":25,"RealFrameRate":25,"Profile":"High","Type":1,"AspectRatio":"16:9","Index":0,"Score":null,"IsExternal":false,"DeliveryMethod":null,"DeliveryUrl":null,"IsExternalUrl":null,"IsTextSubtitleStream":false,"SupportsExternalStream":false,"Path":null,"PixelFormat":"yuv420p","Level":31,"IsAnamorphic":null},{"Codec":"eac3","CodecTag":null,"Language":"eng","ColorRange":null,"ColorSpace":null,"ColorTransfer":null,"ColorPrimaries":null,"DvVersionMajor":null,"DvVersionMinor":null,"DvProfile":null,"DvLevel":null,"RpuPresentFlag":null,"ElPresentFlag":null,"BlPresentFlag":null,"DvBlSignalCompatibilityId":null,"Comment":null,"TimeBase":"1/1000","CodecTimeBase":null,"Title":"English","VideoRange":null,"VideoRangeType":null,"VideoDoViTitle":null,"LocalizedUndefined":null,"LocalizedDefault":null,"LocalizedForced":null,"LocalizedExternal":null,"DisplayTitle":"English - Dolby Digital\u002B - Stereo - Default","NalLengthSize":null,"IsInterlaced":false,"IsAVC":null,"ChannelLayout":"stereo","BitRate":224000,"BitDepth":null,"RefFrames":null,"PacketLength":null,"Channels":2,"SampleRate":48000,"IsDefault":true,"IsForced":false,"Height":null,"Width":null,"AverageFrameRate":null,"RealFrameRate":null,"Profile":null,"Type":0,"AspectRatio":null,"Index":1,"Score":null,"IsExternal":false,"DeliveryMethod":null,"DeliveryUrl":null,"IsExternalUrl":null,"IsTextSubtitleStream":false,"SupportsExternalStream":false,"Path":null,"PixelFormat":null,"Level":0,"IsAnamorphic":null},{"Codec":"subrip","CodecTag":null,"Language":"eng","ColorRange":null,"ColorSpace":null,"ColorTransfer":null,"ColorPrimaries":null,"DvVersionMajor":null,"DvVersionMinor":null,"DvProfile":null,"DvLevel":null,"RpuPresentFlag":null,"ElPresentFlag":null,"BlPresentFlag":null,"DvBlSignalCompatibilityId":null,"Comment":null,"TimeBase":"1/1000","CodecTimeBase":null,"Title":"English (SDH)","VideoRange":null,"VideoRangeType":null,"VideoDoViTitle":null,"LocalizedUndefined":"Undefined","LocalizedDefault":"Default","LocalizedForced":"Forced","LocalizedExternal":"External","DisplayTitle":"English (SDH) - SUBRIP","NalLengthSize":null,"IsInterlaced":false,"IsAVC":null,"ChannelLayout":null,"BitRate":null,"BitDepth":null,"RefFrames":null,"PacketLength":null,"Channels":null,"SampleRate":null,"IsDefault":false,"IsForced":false,"Height":null,"Width":null,"AverageFrameRate":null,"RealFrameRate":null,"Profile":null,"Type":2,"AspectRatio":null,"Index":2,"Score":null,"IsExternal":false,"DeliveryMethod":null,"DeliveryUrl":null,"IsExternalUrl":null,"IsTextSubtitleStream":true,"SupportsExternalStream":true,"Path":null,"PixelFormat":null,"Level":0,"IsAnamorphic":null}],"MediaAttachments":[],"Formats":[],"Bitrate":6233092,"Timestamp":null,"RequiredHttpHeaders":{},"TranscodingUrl":null,"TranscodingSubProtocol":null,"TranscodingContainer":null,"AnalyzeDurationMs":null,"DefaultAudioStreamIndex":null,"DefaultSubtitleStreamIndex":null}

/usr/lib/jellyfin-ffmpeg/ffmpeg -analyzeduration 200M -ss 00:04:36.000 -fflags +genpts -f matroska,webm  -i file:"/data/tvshows/Top Gear/Season 22/Top Gear - S22E01 - Episode 1 WEBDL-720p.mkv" -map_metadata -1 -map_chapters -1 -threads 0 -map 0:0 -map 0:1 -map -0:s -codec:v:0 copy -bsf:v h264_mp4toannexb -start_at_zero -codec:a:0 copy -copyts -avoid_negative_ts disabled -max_muxing_queue_size 2048 -f hls -max_delay 5000000 -hls_time 6 -hls_segment_type mpegts -start_number 46 -hls_segment_filename "/data/transcodes/933e5d80f7bfd7e8e2c1fa4acc63f1e8%d.ts" -hls_playlist_type vod -hls_list_size 0 -y "/data/transcodes/933e5d80f7bfd7e8e2c1fa4acc63f1e8.m3u8"


ffmpeg version 5.1.3-Jellyfin Copyright (c) 2000-2022 the FFmpeg developers
  built with gcc 11 (Ubuntu 11.3.0-1ubuntu1~22.04.1)
  configuration: --prefix=/usr/lib/jellyfin-ffmpeg --target-os=linux --extra-libs=-lfftw3f --extra-version=Jellyfin --disable-doc --disable-ffplay --disable-ptx-compression --disable-static --disable-libxcb --disable-sdl2 --disable-xlib --enable-lto --enable-gpl --enable-version3 --enable-shared --enable-gmp --enable-gnutls --enable-chromaprint --enable-libdrm --enable-libass --enable-libfreetype --enable-libfribidi --enable-libfontconfig --enable-libbluray --enable-libmp3lame --enable-libopus --enable-libtheora --enable-libvorbis --enable-libopenmpt --enable-libdav1d --enable-libwebp --enable-libvpx --enable-libx264 --enable-libx265 --enable-libzvbi --enable-libzimg --enable-libfdk-aac --arch=amd64 --enable-libsvtav1 --enable-libshaderc --enable-libplacebo --enable-vulkan --enable-opencl --enable-vaapi --enable-amf --enable-libmfx --enable-ffnvcodec --enable-cuda --enable-cuda-llvm --enable-cuvid --enable-nvdec --enable-nvenc
  libavutil      57. 28.100 / 57. 28.100
  libavcodec     59. 37.100 / 59. 37.100
  libavformat    59. 27.100 / 59. 27.100
  libavdevice    59.  7.100 / 59.  7.100
  libavfilter     8. 44.100 /  8. 44.100
  libswscale      6.  7.100 /  6.  7.100
  libswresample   4.  7.100 /  4.  7.100
  libpostproc    56.  6.100 / 56.  6.100
Input #0, matroska,webm, from 'file:/data/tvshows/Top Gear/Season 22/Top Gear - S22E01 - Episode 1 WEBDL-720p.mkv':
  Metadata:
    encoder         : libebml v1.4.0 + libmatroska v1.6.2
  Duration: 01:02:25.82, start: 0.000000, bitrate: 6009 kb/s
  Stream #0:0(eng): Video: h264 (High), yuv420p(tv, bt709, progressive), 1280x720 [SAR 1:1 DAR 16:9], 25 fps, 25 tbr, 1k tbn (default)
    Metadata:
      BPS-eng         : 5782961
      DURATION-eng    : 01:02:25.800000000
      NUMBER_OF_FRAMES-eng: 93645
      NUMBER_OF_BYTES-eng: 2707727100
      _STATISTICS_WRITING_APP-eng: mkvmerge v51.0.0 ('I Wish') 64-bit
      _STATISTICS_WRITING_DATE_UTC-eng: 2020-12-30 10:27:52
      _STATISTICS_TAGS-eng: BPS DURATION NUMBER_OF_FRAMES NUMBER_OF_BYTES
  Stream #0:1(eng): Audio: eac3, 48000 Hz, stereo, fltp, 224 kb/s (default)
    Metadata:
      title           : English
      BPS-eng         : 224000
      DURATION-eng    : 01:02:25.824000000
      NUMBER_OF_FRAMES-eng: 117057
      NUMBER_OF_BYTES-eng: 104883072
      _STATISTICS_WRITING_APP-eng: mkvmerge v51.0.0 ('I Wish') 64-bit
      _STATISTICS_WRITING_DATE_UTC-eng: 2020-12-30 10:27:52
      _STATISTICS_TAGS-eng: BPS DURATION NUMBER_OF_FRAMES NUMBER_OF_BYTES
  Stream #0:2(eng): Subtitle: subrip
    Metadata:
      title           : English (SDH)
      BPS-eng         : 94
      DURATION-eng    : 01:01:35.720000000
      NUMBER_OF_FRAMES-eng: 1173
      NUMBER_OF_BYTES-eng: 43588
      _STATISTICS_WRITING_APP-eng: mkvmerge v51.0.0 ('I Wish') 64-bit
      _STATISTICS_WRITING_DATE_UTC-eng: 2020-12-30 10:27:52
      _STATISTICS_TAGS-eng: BPS DURATION NUMBER_OF_FRAMES NUMBER_OF_BYTES
Output #0, hls, to '/data/transcodes/933e5d80f7bfd7e8e2c1fa4acc63f1e8.m3u8':
  Metadata:
    encoder         : Lavf59.27.100
  Stream #0:0: Video: h264 (High), yuv420p(tv, bt709, progressive), 1280x720 [SAR 1:1 DAR 16:9], q=2-31, 25 fps, 25 tbr, 90k tbn (default)
  Stream #0:1: Audio: eac3, 48000 Hz, stereo, fltp, 224 kb/s (default)
Stream mapping:
  Stream #0:0 -> #0:0 (copy)
  Stream #0:1 -> #0:1 (copy)
Press [q] to stop, [?] for help
frame=    1 fps=0.0 q=-1.0 size=N/A time=-00:04:33.96 bitrate=N/A speed=N/A    
[hls @ 0x5633b617d8c0] Opening '/data/transcodes/933e5d80f7bfd7e8e2c1fa4acc63f1e846.ts' for writing
[hls @ 0x5633b617d8c0] Opening '/data/transcodes/933e5d80f7bfd7e8e2c1fa4acc63f1e847.ts' for writing
[hls @ 0x5633b617d8c0] Opening '/data/transcodes/933e5d80f7bfd7e8e2c1fa4acc63f1e848.ts' for writing
[hls @ 0x5633b617d8c0] Opening '/data/transcodes/933e5d80f7bfd7e8e2c1fa4acc63f1e849.ts' for writing
[hls @ 0x5633b617d8c0] Opening '/data/transcodes/933e5d80f7bfd7e8e2c1fa4acc63f1e850.ts' for writing
[hls @ 0x5633b617d8c0] Opening '/data/transcodes/933e5d80f7bfd7e8e2c1fa4acc63f1e851.ts' for writing
[hls @ 0x5633b617d8c0] Opening '/data/transcodes/933e5d80f7bfd7e8e2c1fa4acc63f1e852.ts' for writing
[hls @ 0x5633b617d8c0] Opening '/data/transcodes/933e5d80f7bfd7e8e2c1fa4acc63f1e853.ts' for writing
[hls @ 0x5633b617d8c0] Opening '/data/transcodes/933e5d80f7bfd7e8e2c1fa4acc63f1e854.ts' for writing
[hls @ 0x5633b617d8c0] Opening '/data/transcodes/933e5d80f7bfd7e8e2c1fa4acc63f1e855.ts' for writing
[hls @ 0x5633b617d8c0] Opening '/data/transcodes/933e5d80f7bfd7e8e2c1fa4acc63f1e856.ts' for writing
[hls @ 0x5633b617d8c0] Opening '/data/transcodes/933e5d80f7bfd7e8e2c1fa4acc63f1e857.ts' for writing
[hls @ 0x5633b617d8c0] Opening '/data/transcodes/933e5d80f7bfd7e8e2c1fa4acc63f1e858.ts' for writing
[hls @ 0x5633b617d8c0] Opening '/data/transcodes/933e5d80f7bfd7e8e2c1fa4acc63f1e859.ts' for writing
[hls @ 0x5633b617d8c0] Opening '/data/transcodes/933e5d80f7bfd7e8e2c1fa4acc63f1e860.ts' for writing
[hls @ 0x5633b617d8c0] Opening '/data/transcodes/933e5d80f7bfd7e8e2c1fa4acc63f1e861.ts' for writing
[hls @ 0x5633b617d8c0] Opening '/data/transcodes/933e5d80f7bfd7e8e2c1fa4acc63f1e862.ts' for writing
[hls @ 0x5633b617d8c0] Opening '/data/transcodes/933e5d80f7bfd7e8e2c1fa4acc63f1e863.ts' for writing
[hls @ 0x5633b617d8c0] Opening '/data/transcodes/933e5d80f7bfd7e8e2c1fa4acc63f1e864.ts' for writing
[hls @ 0x5633b617d8c0] Opening '/data/transcodes/933e5d80f7bfd7e8e2c1fa4acc63f1e865.ts' for writing
[hls @ 0x5633b617d8c0] Opening '/data/transcodes/933e5d80f7bfd7e8e2c1fa4acc63f1e866.ts' for writing
[hls @ 0x5633b617d8c0] Opening '/data/transcodes/933e5d80f7bfd7e8e2c1fa4acc63f1e867.ts' for writing
[hls @ 0x5633b617d8c0] Opening '/data/transcodes/933e5d80f7bfd7e8e2c1fa4acc63f1e868.ts' for writing
[hls @ 0x5633b617d8c0] Opening '/data/transcodes/933e5d80f7bfd7e8e2c1fa4acc63f1e869.ts' for writing
[hls @ 0x5633b617d8c0] Opening '/data/transcodes/933e5d80f7bfd7e8e2c1fa4acc63f1e870.ts' for writing
[hls @ 0x5633b617d8c0] Opening '/data/transcodes/933e5d80f7bfd7e8e2c1fa4acc63f1e871.ts' for writing
[hls @ 0x5633b617d8c0] Opening '/data/transcodes/933e5d80f7bfd7e8e2c1fa4acc63f1e872.ts' for writing
frame= 4163 fps=0.0 q=-1.0 size=N/A time=00:02:46.48 bitrate=N/A speed= 333x    
[hls @ 0x5633b617d8c0] Opening '/data/transcodes/933e5d80f7bfd7e8e2c1fa4acc63f1e873.ts' for writing
[hls @ 0x5633b617d8c0] Opening '/data/transcodes/933e5d80f7bfd7e8e2c1fa4acc63f1e874.ts' for writing
[hls @ 0x5633b617d8c0] Opening '/data/transcodes/933e5d80f7bfd7e8e2c1fa4acc63f1e875.ts' for writing
[hls @ 0x5633b617d8c0] Opening '/data/transcodes/933e5d80f7bfd7e8e2c1fa4acc63f1e876.ts' for writing
[hls @ 0x5633b617d8c0] Opening '/data/transcodes/933e5d80f7bfd7e8e2c1fa4acc63f1e877.ts' for writing
[hls @ 0x5633b617d8c0] Opening '/data/transcodes/933e5d80f7bfd7e8e2c1fa4acc63f1e878.ts' for writing
[hls @ 0x5633b617d8c0] Opening '/data/transcodes/933e5d80f7bfd7e8e2c1fa4acc63f1e879.ts' for writing
[hls @ 0x5633b617d8c0] Opening '/data/transcodes/933e5d80f7bfd7e8e2c1fa4acc63f1e880.ts' for writing
[hls @ 0x5633b617d8c0] Opening '/data/transcodes/933e5d80f7bfd7e8e2c1fa4acc63f1e881.ts' for writing
[hls @ 0x5633b617d8c0] Opening '/data/transcodes/933e5d80f7bfd7e8e2c1fa4acc63f1e882.ts' for writing
[hls @ 0x5633b617d8c0] Opening '/data/transcodes/933e5d80f7bfd7e8e2c1fa4acc63f1e883.ts' for writing
[hls @ 0x5633b617d8c0] Opening '/data/transcodes/933e5d80f7bfd7e8e2c1fa4acc63f1e884.ts' for writing
[hls @ 0x5633b617d8c0] Opening '/data/transcodes/933e5d80f7bfd7e8e2c1fa4acc63f1e885.ts' for writing
[hls @ 0x5633b617d8c0] Opening '/data/transcodes/933e5d80f7bfd7e8e2c1fa4acc63f1e886.ts' for writing
[hls @ 0x5633b617d8c0] Opening '/data/transcodes/933e5d80f7bfd7e8e2c1fa4acc63f1e887.ts' for writing
[hls @ 0x5633b617d8c0] Opening '/data/transcodes/933e5d80f7bfd7e8e2c1fa4acc63f1e888.ts' for writing
[hls @ 0x5633b617d8c0] Opening '/data/transcodes/933e5d80f7bfd7e8e2c1fa4acc63f1e889.ts' for writing
[hls @ 0x5633b617d8c0] Opening '/data/transcodes/933e5d80f7bfd7e8e2c1fa4acc63f1e890.ts' for writing
[hls @ 0x5633b617d8c0] Opening '/data/transcodes/933e5d80f7bfd7e8e2c1fa4acc63f1e891.ts' for writing
[hls @ 0x5633b617d8c0] Opening '/data/transcodes/933e5d80f7bfd7e8e2c1fa4acc63f1e892.ts' for writing
[hls @ 0x5633b617d8c0] Opening '/data/transcodes/933e5d80f7bfd7e8e2c1fa4acc63f1e893.ts' for writing
[hls @ 0x5633b617d8c0] Opening '/data/transcodes/933e5d80f7bfd7e8e2c1fa4acc63f1e894.ts' for writing
[hls @ 0x5633b617d8c0] Opening '/data/transcodes/933e5d80f7bfd7e8e2c1fa4acc63f1e895.ts' for writing
[hls @ 0x5633b617d8c0] Opening '/data/transcodes/933e5d80f7bfd7e8e2c1fa4acc63f1e896.ts' for writing
frame= 7751 fps=7750 q=-1.0 size=N/A time=00:05:10.04 bitrate=N/A speed= 310x    
[hls @ 0x5633b617d8c0] Opening '/data/transcodes/933e5d80f7bfd7e8e2c1fa4acc63f1e897.ts' for writing
[hls @ 0x5633b617d8c0] Opening '/data/transcodes/933e5d80f7bfd7e8e2c1fa4acc63f1e898.ts' for writing
[hls @ 0x5633b617d8c0] Opening '/data/transcodes/933e5d80f7bfd7e8e2c1fa4acc63f1e899.ts' for writing
[hls @ 0x5633b617d8c0] Opening '/data/transcodes/933e5d80f7bfd7e8e2c1fa4acc63f1e8100.ts' for writing
[hls @ 0x5633b617d8c0] Opening '/data/transcodes/933e5d80f7bfd7e8e2c1fa4acc63f1e8101.ts' for writing
[hls @ 0x5633b617d8c0] Opening '/data/transcodes/933e5d80f7bfd7e8e2c1fa4acc63f1e8102.ts' for writing
[hls @ 0x5633b617d8c0] Opening '/data/transcodes/933e5d80f7bfd7e8e2c1fa4acc63f1e8103.ts' for writing
[hls @ 0x5633b617d8c0] Opening '/data/transcodes/933e5d80f7bfd7e8e2c1fa4acc63f1e8104.ts' for writing
[hls @ 0x5633b617d8c0] Opening '/data/transcodes/933e5d80f7bfd7e8e2c1fa4acc63f1e8105.ts' for writing
[hls @ 0x5633b617d8c0] Opening '/data/transcodes/933e5d80f7bfd7e8e2c1fa4acc63f1e8106.ts' for writing
[hls @ 0x5633b617d8c0] Opening '/data/transcodes/933e5d80f7bfd7e8e2c1fa4acc63f1e8107.ts' for writing
[hls @ 0x5633b617d8c0] Opening '/data/transcodes/933e5d80f7bfd7e8e2c1fa4acc63f1e8108.ts' for writing
[hls @ 0x5633b617d8c0] Opening '/data/transcodes/933e5d80f7bfd7e8e2c1fa4acc63f1e8109.ts' for writing
[hls @ 0x5633b617d8c0] Opening '/data/transcodes/933e5d80f7bfd7e8e2c1fa4acc63f1e8110.ts' for writing
[hls @ 0x5633b617d8c0] Opening '/data/transcodes/933e5d80f7bfd7e8e2c1fa4acc63f1e8111.ts' for writing
[hls @ 0x5633b617d8c0] Opening '/data/transcodes/933e5d80f7bfd7e8e2c1fa4acc63f1e8112.ts' for writing
[hls @ 0x5633b617d8c0] Opening '/data/transcodes/933e5d80f7bfd7e8e2c1fa4acc63f1e8113.ts' for writing
[hls @ 0x5633b617d8c0] Opening '/data/transcodes/933e5d80f7bfd7e8e2c1fa4acc63f1e8114.ts' for writing
[hls @ 0x5633b617d8c0] Opening '/data/transcodes/933e5d80f7bfd7e8e2c1fa4acc63f1e8115.ts' for writing
[hls @ 0x5633b617d8c0] Opening '/data/transcodes/933e5d80f7bfd7e8e2c1fa4acc63f1e8116.ts' for writing
[hls @ 0x5633b617d8c0] Opening '/data/transcodes/933e5d80f7bfd7e8e2c1fa4acc63f1e8117.ts' for writing
[hls @ 0x5633b617d8c0] Opening '/data/transcodes/933e5d80f7bfd7e8e2c1fa4acc63f1e8118.ts' for writing
[hls @ 0x5633b617d8c0] Opening '/data/transcodes/933e5d80f7bfd7e8e2c1fa4acc63f1e8119.ts' for writing
[hls @ 0x5633b617d8c0] Opening '/data/transcodes/933e5d80f7bfd7e8e2c1fa4acc63f1e8120.ts' for writing
[hls @ 0x5633b617d8c0] Opening '/data/transcodes/933e5d80f7bfd7e8e2c1fa4acc63f1e8121.ts' for writing
[hls @ 0x5633b617d8c0] Opening '/data/transcodes/933e5d80f7bfd7e8e2c1fa4acc63f1e8122.ts' for writing
[hls @ 0x5633b617d8c0] Opening '/data/transcodes/933e5d80f7bfd7e8e2c1fa4acc63f1e8123.ts' for writing
[hls @ 0x5633b617d8c0] Opening '/data/transcodes/933e5d80f7bfd7e8e2c1fa4acc63f1e8124.ts' for writing
frame=11851 fps=7889 q=-1.0 size=N/A time=00:07:54.00 bitrate=N/A speed= 316x    
[hls @ 0x5633b617d8c0] Opening '/data/transcodes/933e5d80f7bfd7e8e2c1fa4acc63f1e8125.ts' for writing
[hls @ 0x5633b617d8c0] Opening '/data/transcodes/933e5d80f7bfd7e8e2c1fa4acc63f1e8126.ts' for writing
[hls @ 0x5633b617d8c0] Opening '/data/transcodes/933e5d80f7bfd7e8e2c1fa4acc63f1e8127.ts' for writing
[hls @ 0x5633b617d8c0] Opening '/data/transcodes/933e5d80f7bfd7e8e2c1fa4acc63f1e8128.ts' for writing
[hls @ 0x5633b617d8c0] Opening '/data/transcodes/933e5d80f7bfd7e8e2c1fa4acc63f1e8129.ts' for writing
[hls @ 0x5633b617d8c0] Opening '/data/transcodes/933e5d80f7bfd7e8e2c1fa4acc63f1e8130.ts' for writing
[hls @ 0x5633b617d8c0] Opening '/data/transcodes/933e5d80f7bfd7e8e2c1fa4acc63f1e8131.ts' for writing
[hls @ 0x5633b617d8c0] Opening '/data/transcodes/933e5d80f7bfd7e8e2c1fa4acc63f1e8132.ts' for writing
[hls @ 0x5633b617d8c0] Opening '/data/transcodes/933e5d80f7bfd7e8e2c1fa4acc63f1e8133.ts' for writing
[hls @ 0x5633b617d8c0] Opening '/data/transcodes/933e5d80f7bfd7e8e2c1fa4acc63f1e8134.ts' for writing
[hls @ 0x5633b617d8c0] Opening '/data/transcodes/933e5d80f7bfd7e8e2c1fa4acc63f1e8135.ts' for writing
[hls @ 0x5633b617d8c0] Opening '/data/transcodes/933e5d80f7bfd7e8e2c1fa4acc63f1e8136.ts' for writing
[hls @ 0x5633b617d8c0] Opening '/data/transcodes/933e5d80f7bfd7e8e2c1fa4acc63f1e8137.ts' for writing
[hls @ 0x5633b617d8c0] Opening '/data/transcodes/933e5d80f7bfd7e8e2c1fa4acc63f1e8138.ts' for writing
[hls @ 0x5633b617d8c0] Opening '/data/transcodes/933e5d80f7bfd7e8e2c1fa4acc63f1e8139.ts' for writing
[hls @ 0x5633b617d8c0] Opening '/data/transcodes/933e5d80f7bfd7e8e2c1fa4acc63f1e8140.ts' for writing
[hls @ 0x5633b617d8c0] Opening '/data/transcodes/933e5d80f7bfd7e8e2c1fa4acc63f1e8141.ts' for writing
[hls @ 0x5633b617d8c0] Opening '/data/transcodes/933e5d80f7bfd7e8e2c1fa4acc63f1e8142.ts' for writing
[hls @ 0x5633b617d8c0] Opening '/data/transcodes/933e5d80f7bfd7e8e2c1fa4acc63f1e8143.ts' for writing
[hls @ 0x5633b617d8c0] Opening '/data/transcodes/933e5d80f7bfd7e8e2c1fa4acc63f1e8144.ts' for writing
[hls @ 0x5633b617d8c0] Opening '/data/transcodes/933e5d80f7bfd7e8e2c1fa4acc63f1e8145.ts' for writing
[hls @ 0x5633b617d8c0] Opening '/data/transcodes/933e5d80f7bfd7e8e2c1fa4acc63f1e8146.ts' for writing
[hls @ 0x5633b617d8c0] Opening '/data/transcodes/933e5d80f7bfd7e8e2c1fa4acc63f1e8147.ts' for writing
[hls @ 0x5633b617d8c0] Opening '/data/transcodes/933e5d80f7bfd7e8e2c1fa4acc63f1e8148.ts' for writing
[hls @ 0x5633b617d8c0] Opening '/data/transcodes/933e5d80f7bfd7e8e2c1fa4acc63f1e8149.ts' for writing
[hls @ 0x5633b617d8c0] Opening '/data/transcodes/933e5d80f7bfd7e8e2c1fa4acc63f1e8150.ts' for writing
frame=15755 fps=7869 q=-1.0 size=N/A time=00:10:30.23 bitrate=N/A speed= 315x    
[hls @ 0x5633b617d8c0] Opening '/data/transcodes/933e5d80f7bfd7e8e2c1fa4acc63f1e8151.ts' for writing
[hls @ 0x5633b617d8c0] Opening '/data/transcodes/933e5d80f7bfd7e8e2c1fa4acc63f1e8152.ts' for writing
[hls @ 0x5633b617d8c0] Opening '/data/transcodes/933e5d80f7bfd7e8e2c1fa4acc63f1e8153.ts' for writing
[hls @ 0x5633b617d8c0] Opening '/data/transcodes/933e5d80f7bfd7e8e2c1fa4acc63f1e8154.ts' for writing
[hls @ 0x5633b617d8c0] Opening '/data/transcodes/933e5d80f7bfd7e8e2c1fa4acc63f1e8155.ts' for writing
[hls @ 0x5633b617d8c0] Opening '/data/transcodes/933e5d80f7bfd7e8e2c1fa4acc63f1e8156.ts' for writing
[hls @ 0x5633b617d8c0] Opening '/data/transcodes/933e5d80f7bfd7e8e2c1fa4acc63f1e8157.ts' for writing
[hls @ 0x5633b617d8c0] Opening '/data/transcodes/933e5d80f7bfd7e8e2c1fa4acc63f1e8158.ts' for writing
[hls @ 0x5633b617d8c0] Opening '/data/transcodes/933e5d80f7bfd7e8e2c1fa4acc63f1e8159.ts' for writing
[hls @ 0x5633b617d8c0] Opening '/data/transcodes/933e5d80f7bfd7e8e2c1fa4acc63f1e8160.ts' for writing
[hls @ 0x5633b617d8c0] Opening '/data/transcodes/933e5d80f7bfd7e8e2c1fa4acc63f1e8161.ts' for writing
[hls @ 0x5633b617d8c0] Opening '/data/transcodes/933e5d80f7bfd7e8e2c1fa4acc63f1e8162.ts' for writing
[hls @ 0x5633b617d8c0] Opening '/data/transcodes/933e5d80f7bfd7e8e2c1fa4acc63f1e8163.ts' for writing
[hls @ 0x5633b617d8c0] Opening '/data/transcodes/933e5d80f7bfd7e8e2c1fa4acc63f1e8164.ts' for writing
[hls @ 0x5633b617d8c0] Opening '/data/transcodes/933e5d80f7bfd7e8e2c1fa4acc63f1e8165.ts' for writing
[hls @ 0x5633b617d8c0] Opening '/data/transcodes/933e5d80f7bfd7e8e2c1fa4acc63f1e8166.ts' for writing
[hls @ 0x5633b617d8c0] Opening '/data/transcodes/933e5d80f7bfd7e8e2c1fa4acc63f1e8167.ts' for writing
[hls @ 0x5633b617d8c0] Opening '/data/transcodes/933e5d80f7bfd7e8e2c1fa4acc63f1e8168.ts' for writing
[hls @ 0x5633b617d8c0] Opening '/data/transcodes/933e5d80f7bfd7e8e2c1fa4acc63f1e8169.ts' for writing
[hls @ 0x5633b617d8c0] Opening '/data/transcodes/933e5d80f7bfd7e8e2c1fa4acc63f1e8170.ts' for writing
[hls @ 0x5633b617d8c0] Opening '/data/transcodes/933e5d80f7bfd7e8e2c1fa4acc63f1e8171.ts' for writing
frame=18901 fps=7544 q=-1.0 size=N/A time=00:12:36.02 bitrate=N/A speed= 302x    
[hls @ 0x5633b617d8c0] Opening '/data/transcodes/933e5d80f7bfd7e8e2c1fa4acc63f1e8172.ts' for writing
[hls @ 0x5633b617d8c0] Opening '/data/transcodes/933e5d80f7bfd7e8e2c1fa4acc63f1e8173.ts' for writing
[hls @ 0x5633b617d8c0] Opening '/data/transcodes/933e5d80f7bfd7e8e2c1fa4acc63f1e8174.ts' for writing
[hls @ 0x5633b617d8c0] Opening '/data/transcodes/933e5d80f7bfd7e8e2c1fa4acc63f1e8175.ts' for writing
[hls @ 0x5633b617d8c0] Opening '/data/transcodes/933e5d80f7bfd7e8e2c1fa4acc63f1e8176.ts' for writing
[hls @ 0x5633b617d8c0] Opening '/data/transcodes/933e5d80f7bfd7e8e2c1fa4acc63f1e8177.ts' for writing
[hls @ 0x5633b617d8c0] Opening '/data/transcodes/933e5d80f7bfd7e8e2c1fa4acc63f1e8178.ts' for writing
[hls @ 0x5633b617d8c0] Opening '/data/transcodes/933e5d80f7bfd7e8e2c1fa4acc63f1e8179.ts' for writing
[hls @ 0x5633b617d8c0] Opening '/data/transcodes/933e5d80f7bfd7e8e2c1fa4acc63f1e8180.ts' for writing
[hls @ 0x5633b617d8c0] Opening '/data/transcodes/933e5d80f7bfd7e8e2c1fa4acc63f1e8181.ts' for writing
[hls @ 0x5633b617d8c0] Opening '/data/transcodes/933e5d80f7bfd7e8e2c1fa4acc63f1e8182.ts' for writing
[hls @ 0x5633b617d8c0] Opening '/data/transcodes/933e5d80f7bfd7e8e2c1fa4acc63f1e8183.ts' for writing
[hls @ 0x5633b617d8c0] Opening '/data/transcodes/933e5d80f7bfd7e8e2c1fa4acc63f1e8184.ts' for writing
[hls @ 0x5633b617d8c0] Opening '/data/transcodes/933e5d80f7bfd7e8e2c1fa4acc63f1e8185.ts' for writing
[hls @ 0x5633b617d8c0] Opening '/data/transcodes/933e5d80f7bfd7e8e2c1fa4acc63f1e8186.ts' for writing
[hls @ 0x5633b617d8c0] Opening '/data/transcodes/933e5d80f7bfd7e8e2c1fa4acc63f1e8187.ts' for writing
[hls @ 0x5633b617d8c0] Opening '/data/transcodes/933e5d80f7bfd7e8e2c1fa4acc63f1e8188.ts' for writing
[hls @ 0x5633b617d8c0] Opening '/data/transcodes/933e5d80f7bfd7e8e2c1fa4acc63f1e8189.ts' for writing
[hls @ 0x5633b617d8c0] Opening '/data/transcodes/933e5d80f7bfd7e8e2c1fa4acc63f1e8190.ts' for writing
[hls @ 0x5633b617d8c0] Opening '/data/transcodes/933e5d80f7bfd7e8e2c1fa4acc63f1e8191.ts' for writing
[hls @ 0x5633b617d8c0] Opening '/data/transcodes/933e5d80f7bfd7e8e2c1fa4acc63f1e8192.ts' for writing
[hls @ 0x5633b617d8c0] Opening '/data/transcodes/933e5d80f7bfd7e8e2c1fa4acc63f1e8193.ts' for writing
[hls @ 0x5633b617d8c0] Opening '/data/transcodes/933e5d80f7bfd7e8e2c1fa4acc63f1e8194.ts' for writing
frame=22351 fps=7431 q=-1.0 size=N/A time=00:14:54.00 bitrate=N/A speed= 297x    
[hls @ 0x5633b617d8c0] Opening '/data/transcodes/933e5d80f7bfd7e8e2c1fa4acc63f1e8195.ts' for writing
[hls @ 0x5633b617d8c0] Opening '/data/transcodes/933e5d80f7bfd7e8e2c1fa4acc63f1e8196.ts' for writing
[hls @ 0x5633b617d8c0] Opening '/data/transcodes/933e5d80f7bfd7e8e2c1fa4acc63f1e8197.ts' for writing
[hls @ 0x5633b617d8c0] Opening '/data/transcodes/933e5d80f7bfd7e8e2c1fa4acc63f1e8198.ts' for writing
[hls @ 0x5633b617d8c0] Opening '/data/transcodes/933e5d80f7bfd7e8e2c1fa4acc63f1e8199.ts' for writing
[hls @ 0x5633b617d8c0] Opening '/data/transcodes/933e5d80f7bfd7e8e2c1fa4acc63f1e8200.ts' for writing
[hls @ 0x5633b617d8c0] Opening '/data/transcodes/933e5d80f7bfd7e8e2c1fa4acc63f1e8201.ts' for writing
[hls @ 0x5633b617d8c0] Opening '/data/transcodes/933e5d80f7bfd7e8e2c1fa4acc63f1e8202.ts' for writing
[hls @ 0x5633b617d8c0] Opening '/data/transcodes/933e5d80f7bfd7e8e2c1fa4acc63f1e8203.ts' for writing
[hls @ 0x5633b617d8c0] Opening '/data/transcodes/933e5d80f7bfd7e8e2c1fa4acc63f1e8204.ts' for writing
[hls @ 0x5633b617d8c0] Opening '/data/transcodes/933e5d80f7bfd7e8e2c1fa4acc63f1e8205.ts' for writing
[hls @ 0x5633b617d8c0] Opening '/data/transcodes/933e5d80f7bfd7e8e2c1fa4acc63f1e8206.ts' for writing
[hls @ 0x5633b617d8c0] Opening '/data/transcodes/933e5d80f7bfd7e8e2c1fa4acc63f1e8207.ts' for writing
[hls @ 0x5633b617d8c0] Opening '/data/transcodes/933e5d80f7bfd7e8e2c1fa4acc63f1e8208.ts' for writing
[hls @ 0x5633b617d8c0] Opening '/data/transcodes/933e5d80f7bfd7e8e2c1fa4acc63f1e8209.ts' for writing
[hls @ 0x5633b617d8c0] Opening '/data/transcodes/933e5d80f7bfd7e8e2c1fa4acc63f1e8210.ts' for writing
[hls @ 0x5633b617d8c0] Opening '/data/transcodes/933e5d80f7bfd7e8e2c1fa4acc63f1e8211.ts' for writing
[hls @ 0x5633b617d8c0] Opening '/data/transcodes/933e5d80f7bfd7e8e2c1fa4acc63f1e8212.ts' for writing
[hls @ 0x5633b617d8c0] Opening '/data/transcodes/933e5d80f7bfd7e8e2c1fa4acc63f1e8213.ts' for writing
[hls @ 0x5633b617d8c0] Opening '/data/transcodes/933e5d80f7bfd7e8e2c1fa4acc63f1e8214.ts' for writing
[hls @ 0x5633b617d8c0] Opening '/data/transcodes/933e5d80f7bfd7e8e2c1fa4acc63f1e8215.ts' for writing
[hls @ 0x5633b617d8c0] Opening '/data/transcodes/933e5d80f7bfd7e8e2c1fa4acc63f1e8216.ts' for writing
[hls @ 0x5633b617d8c0] Opening '/data/transcodes/933e5d80f7bfd7e8e2c1fa4acc63f1e8217.ts' for writing
[hls @ 0x5633b617d8c0] Opening '/data/transcodes/933e5d80f7bfd7e8e2c1fa4acc63f1e8218.ts' for writing
[hls @ 0x5633b617d8c0] Opening '/data/transcodes/933e5d80f7bfd7e8e2c1fa4acc63f1e8219.ts' for writing
[hls @ 0x5633b617d8c0] Opening '/data/transcodes/933e5d80f7bfd7e8e2c1fa4acc63f1e8220.ts' for writing
frame=26251 fps=7474 q=-1.0 size=N/A time=00:17:30.00 bitrate=N/A speed= 299x    
[hls @ 0x5633b617d8c0] Opening '/data/transcodes/933e5d80f7bfd7e8e2c1fa4acc63f1e8221.ts' for writing
[hls @ 0x5633b617d8c0] Opening '/data/transcodes/933e5d80f7bfd7e8e2c1fa4acc63f1e8222.ts' for writing
[hls @ 0x5633b617d8c0] Opening '/data/transcodes/933e5d80f7bfd7e8e2c1fa4acc63f1e8223.ts' for writing
[hls @ 0x5633b617d8c0] Opening '/data/transcodes/933e5d80f7bfd7e8e2c1fa4acc63f1e8224.ts' for writing
[hls @ 0x5633b617d8c0] Opening '/data/transcodes/933e5d80f7bfd7e8e2c1fa4acc63f1e8225.ts' for writing
[hls @ 0x5633b617d8c0] Opening '/data/transcodes/933e5d80f7bfd7e8e2c1fa4acc63f1e8226.ts' for writing
[hls @ 0x5633b617d8c0] Opening '/data/transcodes/933e5d80f7bfd7e8e2c1fa4acc63f1e8227.ts' for writing
[hls @ 0x5633b617d8c0] Opening '/data/transcodes/933e5d80f7bfd7e8e2c1fa4acc63f1e8228.ts' for writing
[hls @ 0x5633b617d8c0] Opening '/data/transcodes/933e5d80f7bfd7e8e2c1fa4acc63f1e8229.ts' for writing
[hls @ 0x5633b617d8c0] Opening '/data/transcodes/933e5d80f7bfd7e8e2c1fa4acc63f1e8230.ts' for writing
[hls @ 0x5633b617d8c0] Opening '/data/transcodes/933e5d80f7bfd7e8e2c1fa4acc63f1e8231.ts' for writing
[hls @ 0x5633b617d8c0] Opening '/data/transcodes/933e5d80f7bfd7e8e2c1fa4acc63f1e8232.ts' for writing
[hls @ 0x5633b617d8c0] Opening '/data/transcodes/933e5d80f7bfd7e8e2c1fa4acc63f1e8233.ts' for writing
[hls @ 0x5633b617d8c0] Opening '/data/transcodes/933e5d80f7bfd7e8e2c1fa4acc63f1e8234.ts' for writing
[hls @ 0x5633b617d8c0] Opening '/data/transcodes/933e5d80f7bfd7e8e2c1fa4acc63f1e8235.ts' for writing
[hls @ 0x5633b617d8c0] Opening '/data/transcodes/933e5d80f7bfd7e8e2c1fa4acc63f1e8236.ts' for writing
[hls @ 0x5633b617d8c0] Opening '/data/transcodes/933e5d80f7bfd7e8e2c1fa4acc63f1e8237.ts' for writing
[hls @ 0x5633b617d8c0] Opening '/data/transcodes/933e5d80f7bfd7e8e2c1fa4acc63f1e8238.ts' for writing
[hls @ 0x5633b617d8c0] Opening '/data/transcodes/933e5d80f7bfd7e8e2c1fa4acc63f1e8239.ts' for writing
[hls @ 0x5633b617d8c0] Opening '/data/transcodes/933e5d80f7bfd7e8e2c1fa4acc63f1e8240.ts' for writing
[hls @ 0x5633b617d8c0] Opening '/data/transcodes/933e5d80f7bfd7e8e2c1fa4acc63f1e8241.ts' for writing
[hls @ 0x5633b617d8c0] Opening '/data/transcodes/933e5d80f7bfd7e8e2c1fa4acc63f1e8242.ts' for writing
[hls @ 0x5633b617d8c0] Opening '/data/transcodes/933e5d80f7bfd7e8e2c1fa4acc63f1e8243.ts' for writing
[hls @ 0x5633b617d8c0] Opening '/data/transcodes/933e5d80f7bfd7e8e2c1fa4acc63f1e8244.ts' for writing
[hls @ 0x5633b617d8c0] Opening '/data/transcodes/933e5d80f7bfd7e8e2c1fa4acc63f1e8245.ts' for writing
frame=30101 fps=7501 q=-1.0 size=N/A time=00:20:04.02 bitrate=N/A speed= 300x    
[hls @ 0x5633b617d8c0] Opening '/data/transcodes/933e5d80f7bfd7e8e2c1fa4acc63f1e8246.ts' for writing
[hls @ 0x5633b617d8c0] Opening '/data/transcodes/933e5d80f7bfd7e8e2c1fa4acc63f1e8247.ts' for writing
[hls @ 0x5633b617d8c0] Opening '/data/transcodes/933e5d80f7bfd7e8e2c1fa4acc63f1e8248.ts' for writing
[hls @ 0x5633b617d8c0] Opening '/data/transcodes/933e5d80f7bfd7e8e2c1fa4acc63f1e8249.ts' for writing
[hls @ 0x5633b617d8c0] Opening '/data/transcodes/933e5d80f7bfd7e8e2c1fa4acc63f1e8250.ts' for writing
[hls @ 0x5633b617d8c0] Opening '/data/transcodes/933e5d80f7bfd7e8e2c1fa4acc63f1e8251.ts' for writing
[hls @ 0x5633b617d8c0] Opening '/data/transcodes/933e5d80f7bfd7e8e2c1fa4acc63f1e8252.ts' for writing
[hls @ 0x5633b617d8c0] Opening '/data/transcodes/933e5d80f7bfd7e8e2c1fa4acc63f1e8253.ts' for writing
[hls @ 0x5633b617d8c0] Opening '/data/transcodes/933e5d80f7bfd7e8e2c1fa4acc63f1e8254.ts' for writing
[hls @ 0x5633b617d8c0] Opening '/data/transcodes/933e5d80f7bfd7e8e2c1fa4acc63f1e8255.ts' for writing
[hls @ 0x5633b617d8c0] Opening '/data/transcodes/933e5d80f7bfd7e8e2c1fa4acc63f1e8256.ts' for writing
frame=31703 fps=7024 q=-1.0 size=N/A time=00:21:08.24 bitrate=N/A speed= 281x    
[hls @ 0x5633b617d8c0] Opening '/data/transcodes/933e5d80f7bfd7e8e2c1fa4acc63f1e8257.ts' for writing
[hls @ 0x5633b617d8c0] Opening '/data/transcodes/933e5d80f7bfd7e8e2c1fa4acc63f1e8258.ts' for writing
[hls @ 0x5633b617d8c0] Opening '/data/transcodes/933e5d80f7bfd7e8e2c1fa4acc63f1e8259.ts' for writing
[hls @ 0x5633b617d8c0] Opening '/data/transcodes/933e5d80f7bfd7e8e2c1fa4acc63f1e8260.ts' for writing
[hls @ 0x5633b617d8c0] Opening '/data/transcodes/933e5d80f7bfd7e8e2c1fa4acc63f1e8261.ts' for writing
[hls @ 0x5633b617d8c0] Opening '/data/transcodes/933e5d80f7bfd7e8e2c1fa4acc63f1e8262.ts' for writing
[hls @ 0x5633b617d8c0] Opening '/data/transcodes/933e5d80f7bfd7e8e2c1fa4acc63f1e8263.ts' for writing
[hls @ 0x5633b617d8c0] Opening '/data/transcodes/933e5d80f7bfd7e8e2c1fa4acc63f1e8264.ts' for writing
[hls @ 0x5633b617d8c0] Opening '/data/transcodes/933e5d80f7bfd7e8e2c1fa4acc63f1e8265.ts' for writing
[hls @ 0x5633b617d8c0] Opening '/data/transcodes/933e5d80f7bfd7e8e2c1fa4acc63f1e8266.ts' for writing
[hls @ 0x5633b617d8c0] Opening '/data/transcodes/933e5d80f7bfd7e8e2c1fa4acc63f1e8267.ts' for writing
[hls @ 0x5633b617d8c0] Opening '/data/transcodes/933e5d80f7bfd7e8e2c1fa4acc63f1e8268.ts' for writing
[hls @ 0x5633b617d8c0] Opening '/data/transcodes/933e5d80f7bfd7e8e2c1fa4acc63f1e8269.ts' for writing
[hls @ 0x5633b617d8c0] Opening '/data/transcodes/933e5d80f7bfd7e8e2c1fa4acc63f1e8270.ts' for writing
[hls @ 0x5633b617d8c0] Opening '/data/transcodes/933e5d80f7bfd7e8e2c1fa4acc63f1e8271.ts' for writing
[hls @ 0x5633b617d8c0] Opening '/data/transcodes/933e5d80f7bfd7e8e2c1fa4acc63f1e8272.ts' for writing
[hls @ 0x5633b617d8c0] Opening '/data/transcodes/933e5d80f7bfd7e8e2c1fa4acc63f1e8273.ts' for writing
[hls @ 0x5633b617d8c0] Opening '/data/transcodes/933e5d80f7bfd7e8e2c1fa4acc63f1e8274.ts' for writing
[hls @ 0x5633b617d8c0] Opening '/data/transcodes/933e5d80f7bfd7e8e2c1fa4acc63f1e8275.ts' for writing
[hls @ 0x5633b617d8c0] Opening '/data/transcodes/933e5d80f7bfd7e8e2c1fa4acc63f1e8276.ts' for writing
frame=34651 fps=6900 q=-1.0 size=N/A time=00:23:06.00 bitrate=N/A speed= 276x    
[hls @ 0x5633b617d8c0] Opening '/data/transcodes/933e5d80f7bfd7e8e2c1fa4acc63f1e8277.ts' for writing
[hls @ 0x5633b617d8c0] Opening '/data/transcodes/933e5d80f7bfd7e8e2c1fa4acc63f1e8278.ts' for writing
[hls @ 0x5633b617d8c0] Opening '/data/transcodes/933e5d80f7bfd7e8e2c1fa4acc63f1e8279.ts' for writing
[hls @ 0x5633b617d8c0] Opening '/data/transcodes/933e5d80f7bfd7e8e2c1fa4acc63f1e8280.ts' for writing
[hls @ 0x5633b617d8c0] Opening '/data/transcodes/933e5d80f7bfd7e8e2c1fa4acc63f1e8281.ts' for writing
[hls @ 0x5633b617d8c0] Opening '/data/transcodes/933e5d80f7bfd7e8e2c1fa4acc63f1e8282.ts' for writing
[hls @ 0x5633b617d8c0] Opening '/data/transcodes/933e5d80f7bfd7e8e2c1fa4acc63f1e8283.ts' for writing
[hls @ 0x5633b617d8c0] Opening '/data/transcodes/933e5d80f7bfd7e8e2c1fa4acc63f1e8284.ts' for writing
[hls @ 0x5633b617d8c0] Opening '/data/transcodes/933e5d80f7bfd7e8e2c1fa4acc63f1e8285.ts' for writing
[hls @ 0x5633b617d8c0] Opening '/data/transcodes/933e5d80f7bfd7e8e2c1fa4acc63f1e8286.ts' for writing
[hls @ 0x5633b617d8c0] Opening '/data/transcodes/933e5d80f7bfd7e8e2c1fa4acc63f1e8287.ts' for writing
[hls @ 0x5633b617d8c0] Opening '/data/transcodes/933e5d80f7bfd7e8e2c1fa4acc63f1e8288.ts' for writing
[hls @ 0x5633b617d8c0] Opening '/data/transcodes/933e5d80f7bfd7e8e2c1fa4acc63f1e8289.ts' for writing
[hls @ 0x5633b617d8c0] Opening '/data/transcodes/933e5d80f7bfd7e8e2c1fa4acc63f1e8290.ts' for writing
[hls @ 0x5633b617d8c0] Opening '/data/transcodes/933e5d80f7bfd7e8e2c1fa4acc63f1e8291.ts' for writing
[hls @ 0x5633b617d8c0] Opening '/data/transcodes/933e5d80f7bfd7e8e2c1fa4acc63f1e8292.ts' for writing
[hls @ 0x5633b617d8c0] Opening '/data/transcodes/933e5d80f7bfd7e8e2c1fa4acc63f1e8293.ts' for writing
[hls @ 0x5633b617d8c0] Opening '/data/transcodes/933e5d80f7bfd7e8e2c1fa4acc63f1e8294.ts' for writing
frame=37375 fps=6767 q=-1.0 size=N/A time=00:24:55.06 bitrate=N/A speed= 271x    
[hls @ 0x5633b617d8c0] Opening '/data/transcodes/933e5d80f7bfd7e8e2c1fa4acc63f1e8295.ts' for writing
[hls @ 0x5633b617d8c0] Opening '/data/transcodes/933e5d80f7bfd7e8e2c1fa4acc63f1e8296.ts' for writing
[hls @ 0x5633b617d8c0] Opening '/data/transcodes/933e5d80f7bfd7e8e2c1fa4acc63f1e8297.ts' for writing
[hls @ 0x5633b617d8c0] Opening '/data/transcodes/933e5d80f7bfd7e8e2c1fa4acc63f1e8298.ts' for writing
[hls @ 0x5633b617d8c0] Opening '/data/transcodes/933e5d80f7bfd7e8e2c1fa4acc63f1e8299.ts' for writing
[hls @ 0x5633b617d8c0] Opening '/data/transcodes/933e5d80f7bfd7e8e2c1fa4acc63f1e8300.ts' for writing
[hls @ 0x5633b617d8c0] Opening '/data/transcodes/933e5d80f7bfd7e8e2c1fa4acc63f1e8301.ts' for writing
[hls @ 0x5633b617d8c0] Opening '/data/transcodes/933e5d80f7bfd7e8e2c1fa4acc63f1e8302.ts' for writing
[hls @ 0x5633b617d8c0] Opening '/data/transcodes/933e5d80f7bfd7e8e2c1fa4acc63f1e8303.ts' for writing
[hls @ 0x5633b617d8c0] Opening '/data/transcodes/933e5d80f7bfd7e8e2c1fa4acc63f1e8304.ts' for writing
[hls @ 0x5633b617d8c0] Opening '/data/transcodes/933e5d80f7bfd7e8e2c1fa4acc63f1e8305.ts' for writing
[hls @ 0x5633b617d8c0] Opening '/data/transcodes/933e5d80f7bfd7e8e2c1fa4acc63f1e8306.ts' for writing
[hls @ 0x5633b617d8c0] Opening '/data/transcodes/933e5d80f7bfd7e8e2c1fa4acc63f1e8307.ts' for writing
[hls @ 0x5633b617d8c0] Opening '/data/transcodes/933e5d80f7bfd7e8e2c1fa4acc63f1e8308.ts' for writing
[hls @ 0x5633b617d8c0] Opening '/data/transcodes/933e5d80f7bfd7e8e2c1fa4acc63f1e8309.ts' for writing
[hls @ 0x5633b617d8c0] Opening '/data/transcodes/933e5d80f7bfd7e8e2c1fa4acc63f1e8310.ts' for writing
[hls @ 0x5633b617d8c0] Opening '/data/transcodes/933e5d80f7bfd7e8e2c1fa4acc63f1e8311.ts' for writing
[hls @ 0x5633b617d8c0] Opening '/data/transcodes/933e5d80f7bfd7e8e2c1fa4acc63f1e8312.ts' for writing
[hls @ 0x5633b617d8c0] Opening '/data/transcodes/933e5d80f7bfd7e8e2c1fa4acc63f1e8313.ts' for writing
[hls @ 0x5633b617d8c0] Opening '/data/transcodes/933e5d80f7bfd7e8e2c1fa4acc63f1e8314.ts' for writing
[hls @ 0x5633b617d8c0] Opening '/data/transcodes/933e5d80f7bfd7e8e2c1fa4acc63f1e8315.ts' for writing
[hls @ 0x5633b617d8c0] Opening '/data/transcodes/933e5d80f7bfd7e8e2c1fa4acc63f1e8316.ts' for writing
[hls @ 0x5633b617d8c0] Opening '/data/transcodes/933e5d80f7bfd7e8e2c1fa4acc63f1e8317.ts' for writing
frame=40909 fps=6791 q=-1.0 size=N/A time=00:27:16.50 bitrate=N/A speed= 272x    
[hls @ 0x5633b617d8c0] Opening '/data/transcodes/933e5d80f7bfd7e8e2c1fa4acc63f1e8318.ts' for writing
[hls @ 0x5633b617d8c0] Opening '/data/transcodes/933e5d80f7bfd7e8e2c1fa4acc63f1e8319.ts' for writing
[hls @ 0x5633b617d8c0] Opening '/data/transcodes/933e5d80f7bfd7e8e2c1fa4acc63f1e8320.ts' for writing
[hls @ 0x5633b617d8c0] Opening '/data/transcodes/933e5d80f7bfd7e8e2c1fa4acc63f1e8321.ts' for writing
[hls @ 0x5633b617d8c0] Opening '/data/transcodes/933e5d80f7bfd7e8e2c1fa4acc63f1e8322.ts' for writing
[hls @ 0x5633b617d8c0] Opening '/data/transcodes/933e5d80f7bfd7e8e2c1fa4acc63f1e8323.ts' for writing
[hls @ 0x5633b617d8c0] Opening '/data/transcodes/933e5d80f7bfd7e8e2c1fa4acc63f1e8324.ts' for writing
[hls @ 0x5633b617d8c0] Opening '/data/transcodes/933e5d80f7bfd7e8e2c1fa4acc63f1e8325.ts' for writing
[hls @ 0x5633b617d8c0] Opening '/data/transcodes/933e5d80f7bfd7e8e2c1fa4acc63f1e8326.ts' for writing
[hls @ 0x5633b617d8c0] Opening '/data/transcodes/933e5d80f7bfd7e8e2c1fa4acc63f1e8327.ts' for writing
[hls @ 0x5633b617d8c0] Opening '/data/transcodes/933e5d80f7bfd7e8e2c1fa4acc63f1e8328.ts' for writing
[hls @ 0x5633b617d8c0] Opening '/data/transcodes/933e5d80f7bfd7e8e2c1fa4acc63f1e8329.ts' for writing
[hls @ 0x5633b617d8c0] Opening '/data/transcodes/933e5d80f7bfd7e8e2c1fa4acc63f1e8330.ts' for writing
[hls @ 0x5633b617d8c0] Opening '/data/transcodes/933e5d80f7bfd7e8e2c1fa4acc63f1e8331.ts' for writing
[hls @ 0x5633b617d8c0] Opening '/data/transcodes/933e5d80f7bfd7e8e2c1fa4acc63f1e8332.ts' for writing
[hls @ 0x5633b617d8c0] Opening '/data/transcodes/933e5d80f7bfd7e8e2c1fa4acc63f1e8333.ts' for writing
[hls @ 0x5633b617d8c0] Opening '/data/transcodes/933e5d80f7bfd7e8e2c1fa4acc63f1e8334.ts' for writing
[hls @ 0x5633b617d8c0] Opening '/data/transcodes/933e5d80f7bfd7e8e2c1fa4acc63f1e8335.ts' for writing
[hls @ 0x5633b617d8c0] Opening '/data/transcodes/933e5d80f7bfd7e8e2c1fa4acc63f1e8336.ts' for writing
[hls @ 0x5633b617d8c0] Opening '/data/transcodes/933e5d80f7bfd7e8e2c1fa4acc63f1e8337.ts' for writing
[hls @ 0x5633b617d8c0] Opening '/data/transcodes/933e5d80f7bfd7e8e2c1fa4acc63f1e8338.ts' for writing
[hls @ 0x5633b617d8c0] Opening '/data/transcodes/933e5d80f7bfd7e8e2c1fa4acc63f1e8339.ts' for writing
[hls @ 0x5633b617d8c0] Opening '/data/transcodes/933e5d80f7bfd7e8e2c1fa4acc63f1e8340.ts' for writing
[hls @ 0x5633b617d8c0] Opening '/data/transcodes/933e5d80f7bfd7e8e2c1fa4acc63f1e8341.ts' for writing
[hls @ 0x5633b617d8c0] Opening '/data/transcodes/933e5d80f7bfd7e8e2c1fa4acc63f1e8342.ts' for writing
[hls @ 0x5633b617d8c0] Opening '/data/transcodes/933e5d80f7bfd7e8e2c1fa4acc63f1e8343.ts' for writing
[hls @ 0x5633b617d8c0] Opening '/data/transcodes/933e5d80f7bfd7e8e2c1fa4acc63f1e8344.ts' for writing
frame=44851 fps=6870 q=-1.0 size=N/A time=00:29:54.00 bitrate=N/A speed= 275x    
[hls @ 0x5633b617d8c0] Opening '/data/transcodes/933e5d80f7bfd7e8e2c1fa4acc63f1e8345.ts' for writing
[hls @ 0x5633b617d8c0] Opening '/data/transcodes/933e5d80f7bfd7e8e2c1fa4acc63f1e8346.ts' for writing
[hls @ 0x5633b617d8c0] Opening '/data/transcodes/933e5d80f7bfd7e8e2c1fa4acc63f1e8347.ts' for writing
[hls @ 0x5633b617d8c0] Opening '/data/transcodes/933e5d80f7bfd7e8e2c1fa4acc63f1e8348.ts' for writing
[hls @ 0x5633b617d8c0] Opening '/data/transcodes/933e5d80f7bfd7e8e2c1fa4acc63f1e8349.ts' for writing
[hls @ 0x5633b617d8c0] Opening '/data/transcodes/933e5d80f7bfd7e8e2c1fa4acc63f1e8350.ts' for writing
[hls @ 0x5633b617d8c0] Opening '/data/transcodes/933e5d80f7bfd7e8e2c1fa4acc63f1e8351.ts' for writing
[hls @ 0x5633b617d8c0] Opening '/data/transcodes/933e5d80f7bfd7e8e2c1fa4acc63f1e8352.ts' for writing
[hls @ 0x5633b617d8c0] Opening '/data/transcodes/933e5d80f7bfd7e8e2c1fa4acc63f1e8353.ts' for writing
[hls @ 0x5633b617d8c0] Opening '/data/transcodes/933e5d80f7bfd7e8e2c1fa4acc63f1e8354.ts' for writing
[hls @ 0x5633b617d8c0] Opening '/data/transcodes/933e5d80f7bfd7e8e2c1fa4acc63f1e8355.ts' for writing
[hls @ 0x5633b617d8c0] Opening '/data/transcodes/933e5d80f7bfd7e8e2c1fa4acc63f1e8356.ts' for writing
[hls @ 0x5633b617d8c0] Opening '/data/transcodes/933e5d80f7bfd7e8e2c1fa4acc63f1e8357.ts' for writing
[hls @ 0x5633b617d8c0] Opening '/data/transcodes/933e5d80f7bfd7e8e2c1fa4acc63f1e8358.ts' for writing
[hls @ 0x5633b617d8c0] Opening '/data/transcodes/933e5d80f7bfd7e8e2c1fa4acc63f1e8359.ts' for writing
[hls @ 0x5633b617d8c0] Opening '/data/transcodes/933e5d80f7bfd7e8e2c1fa4acc63f1e8360.ts' for writing
[hls @ 0x5633b617d8c0] Opening '/data/transcodes/933e5d80f7bfd7e8e2c1fa4acc63f1e8361.ts' for writing
[hls @ 0x5633b617d8c0] Opening '/data/transcodes/933e5d80f7bfd7e8e2c1fa4acc63f1e8362.ts' for writing
[hls @ 0x5633b617d8c0] Opening '/data/transcodes/933e5d80f7bfd7e8e2c1fa4acc63f1e8363.ts' for writing
[hls @ 0x5633b617d8c0] Opening '/data/transcodes/933e5d80f7bfd7e8e2c1fa4acc63f1e8364.ts' for writing
[hls @ 0x5633b617d8c0] Opening '/data/transcodes/933e5d80f7bfd7e8e2c1fa4acc63f1e8365.ts' for writing
[hls @ 0x5633b617d8c0] Opening '/data/transcodes/933e5d80f7bfd7e8e2c1fa4acc63f1e8366.ts' for writing
[hls @ 0x5633b617d8c0] Opening '/data/transcodes/933e5d80f7bfd7e8e2c1fa4acc63f1e8367.ts' for writing
[hls @ 0x5633b617d8c0] Opening '/data/transcodes/933e5d80f7bfd7e8e2c1fa4acc63f1e8368.ts' for writing
[hls @ 0x5633b617d8c0] Opening '/data/transcodes/933e5d80f7bfd7e8e2c1fa4acc63f1e8369.ts' for writing
frame=48728 fps=6931 q=-1.0 size=N/A time=00:32:29.27 bitrate=N/A speed= 277x    
[hls @ 0x5633b617d8c0] Opening '/data/transcodes/933e5d80f7bfd7e8e2c1fa4acc63f1e8370.ts' for writing
[hls @ 0x5633b617d8c0] Opening '/data/transcodes/933e5d80f7bfd7e8e2c1fa4acc63f1e8371.ts' for writing
[hls @ 0x5633b617d8c0] Opening '/data/transcodes/933e5d80f7bfd7e8e2c1fa4acc63f1e8372.ts' for writing
[hls @ 0x5633b617d8c0] Opening '/data/transcodes/933e5d80f7bfd7e8e2c1fa4acc63f1e8373.ts' for writing
[hls @ 0x5633b617d8c0] Opening '/data/transcodes/933e5d80f7bfd7e8e2c1fa4acc63f1e8374.ts' for writing
[hls @ 0x5633b617d8c0] Opening '/data/transcodes/933e5d80f7bfd7e8e2c1fa4acc63f1e8375.ts' for writing
[hls @ 0x5633b617d8c0] Opening '/data/transcodes/933e5d80f7bfd7e8e2c1fa4acc63f1e8376.ts' for writing
[hls @ 0x5633b617d8c0] Opening '/data/transcodes/933e5d80f7bfd7e8e2c1fa4acc63f1e8377.ts' for writing
[hls @ 0x5633b617d8c0] Opening '/data/transcodes/933e5d80f7bfd7e8e2c1fa4acc63f1e8378.ts' for writing
[hls @ 0x5633b617d8c0] Opening '/data/transcodes/933e5d80f7bfd7e8e2c1fa4acc63f1e8379.ts' for writing
[hls @ 0x5633b617d8c0] Opening '/data/transcodes/933e5d80f7bfd7e8e2c1fa4acc63f1e8380.ts' for writing
[hls @ 0x5633b617d8c0] Opening '/data/transcodes/933e5d80f7bfd7e8e2c1fa4acc63f1e8381.ts' for writing
[hls @ 0x5633b617d8c0] Opening '/data/transcodes/933e5d80f7bfd7e8e2c1fa4acc63f1e8382.ts' for writing
[hls @ 0x5633b617d8c0] Opening '/data/transcodes/933e5d80f7bfd7e8e2c1fa4acc63f1e8383.ts' for writing
[hls @ 0x5633b617d8c0] Opening '/data/transcodes/933e5d80f7bfd7e8e2c1fa4acc63f1e8384.ts' for writing
[hls @ 0x5633b617d8c0] Opening '/data/transcodes/933e5d80f7bfd7e8e2c1fa4acc63f1e8385.ts' for writing
[hls @ 0x5633b617d8c0] Opening '/data/transcodes/933e5d80f7bfd7e8e2c1fa4acc63f1e8386.ts' for writing
[hls @ 0x5633b617d8c0] Opening '/data/transcodes/933e5d80f7bfd7e8e2c1fa4acc63f1e8387.ts' for writing
[hls @ 0x5633b617d8c0] Opening '/data/transcodes/933e5d80f7bfd7e8e2c1fa4acc63f1e8388.ts' for writing
[hls @ 0x5633b617d8c0] Opening '/data/transcodes/933e5d80f7bfd7e8e2c1fa4acc63f1e8389.ts' for writing
[hls @ 0x5633b617d8c0] Opening '/data/transcodes/933e5d80f7bfd7e8e2c1fa4acc63f1e8390.ts' for writing
[hls @ 0x5633b617d8c0] Opening '/data/transcodes/933e5d80f7bfd7e8e2c1fa4acc63f1e8391.ts' for writing
[hls @ 0x5633b617d8c0] Opening '/data/transcodes/933e5d80f7bfd7e8e2c1fa4acc63f1e8392.ts' for writing
[hls @ 0x5633b617d8c0] Opening '/data/transcodes/933e5d80f7bfd7e8e2c1fa4acc63f1e8393.ts' for writing
frame=52215 fps=6934 q=-1.0 size=N/A time=00:34:48.76 bitrate=N/A speed= 277x    
[hls @ 0x5633b617d8c0] Opening '/data/transcodes/933e5d80f7bfd7e8e2c1fa4acc63f1e8394.ts' for writing
[hls @ 0x5633b617d8c0] Opening '/data/transcodes/933e5d80f7bfd7e8e2c1fa4acc63f1e8395.ts' for writing
[hls @ 0x5633b617d8c0] Opening '/data/transcodes/933e5d80f7bfd7e8e2c1fa4acc63f1e8396.ts' for writing
[hls @ 0x5633b617d8c0] Opening '/data/transcodes/933e5d80f7bfd7e8e2c1fa4acc63f1e8397.ts' for writing
[hls @ 0x5633b617d8c0] Opening '/data/transcodes/933e5d80f7bfd7e8e2c1fa4acc63f1e8398.ts' for writing
[hls @ 0x5633b617d8c0] Opening '/data/transcodes/933e5d80f7bfd7e8e2c1fa4acc63f1e8399.ts' for writing
[hls @ 0x5633b617d8c0] Opening '/data/transcodes/933e5d80f7bfd7e8e2c1fa4acc63f1e8400.ts' for writing
[hls @ 0x5633b617d8c0] Opening '/data/transcodes/933e5d80f7bfd7e8e2c1fa4acc63f1e8401.ts' for writing
[hls @ 0x5633b617d8c0] Opening '/data/transcodes/933e5d80f7bfd7e8e2c1fa4acc63f1e8402.ts' for writing
[hls @ 0x5633b617d8c0] Opening '/data/transcodes/933e5d80f7bfd7e8e2c1fa4acc63f1e8403.ts' for writing
[hls @ 0x5633b617d8c0] Opening '/data/transcodes/933e5d80f7bfd7e8e2c1fa4acc63f1e8404.ts' for writing
[hls @ 0x5633b617d8c0] Opening '/data/transcodes/933e5d80f7bfd7e8e2c1fa4acc63f1e8405.ts' for writing
[hls @ 0x5633b617d8c0] Opening '/data/transcodes/933e5d80f7bfd7e8e2c1fa4acc63f1e8406.ts' for writing
[hls @ 0x5633b617d8c0] Opening '/data/transcodes/933e5d80f7bfd7e8e2c1fa4acc63f1e8407.ts' for writing
[hls @ 0x5633b617d8c0] Opening '/data/transcodes/933e5d80f7bfd7e8e2c1fa4acc63f1e8408.ts' for writing
[hls @ 0x5633b617d8c0] Opening '/data/transcodes/933e5d80f7bfd7e8e2c1fa4acc63f1e8409.ts' for writing
[hls @ 0x5633b617d8c0] Opening '/data/transcodes/933e5d80f7bfd7e8e2c1fa4acc63f1e8410.ts' for writing
[hls @ 0x5633b617d8c0] Opening '/data/transcodes/933e5d80f7bfd7e8e2c1fa4acc63f1e8411.ts' for writing
[hls @ 0x5633b617d8c0] Opening '/data/transcodes/933e5d80f7bfd7e8e2c1fa4acc63f1e8412.ts' for writing
[hls @ 0x5633b617d8c0] Opening '/data/transcodes/933e5d80f7bfd7e8e2c1fa4acc63f1e8413.ts' for writing
[hls @ 0x5633b617d8c0] Opening '/data/transcodes/933e5d80f7bfd7e8e2c1fa4acc63f1e8414.ts' for writing
frame=55351 fps=6887 q=-1.0 size=N/A time=00:36:54.00 bitrate=N/A speed= 275x    
[hls @ 0x5633b617d8c0] Opening '/data/transcodes/933e5d80f7bfd7e8e2c1fa4acc63f1e8415.ts' for writing
[hls @ 0x5633b617d8c0] Opening '/data/transcodes/933e5d80f7bfd7e8e2c1fa4acc63f1e8416.ts' for writing
[hls @ 0x5633b617d8c0] Opening '/data/transcodes/933e5d80f7bfd7e8e2c1fa4acc63f1e8417.ts' for writing
[hls @ 0x5633b617d8c0] Opening '/data/transcodes/933e5d80f7bfd7e8e2c1fa4acc63f1e8418.ts' for writing
[hls @ 0x5633b617d8c0] Opening '/data/transcodes/933e5d80f7bfd7e8e2c1fa4acc63f1e8419.ts' for writing
[hls @ 0x5633b617d8c0] Opening '/data/transcodes/933e5d80f7bfd7e8e2c1fa4acc63f1e8420.ts' for writing
[hls @ 0x5633b617d8c0] Opening '/data/transcodes/933e5d80f7bfd7e8e2c1fa4acc63f1e8421.ts' for writing
[hls @ 0x5633b617d8c0] Opening '/data/transcodes/933e5d80f7bfd7e8e2c1fa4acc63f1e8422.ts' for writing
[hls @ 0x5633b617d8c0] Opening '/data/transcodes/933e5d80f7bfd7e8e2c1fa4acc63f1e8423.ts' for writing
[hls @ 0x5633b617d8c0] Opening '/data/transcodes/933e5d80f7bfd7e8e2c1fa4acc63f1e8424.ts' for writing
[hls @ 0x5633b617d8c0] Opening '/data/transcodes/933e5d80f7bfd7e8e2c1fa4acc63f1e8425.ts' for writing
[hls @ 0x5633b617d8c0] Opening '/data/transcodes/933e5d80f7bfd7e8e2c1fa4acc63f1e8426.ts' for writing
frame=57257 fps=6707 q=-1.0 size=N/A time=00:38:10.48 bitrate=N/A speed= 268x    
[hls @ 0x5633b617d8c0] Opening '/data/transcodes/933e5d80f7bfd7e8e2c1fa4acc63f1e8427.ts' for writing
[hls @ 0x5633b617d8c0] Opening '/data/transcodes/933e5d80f7bfd7e8e2c1fa4acc63f1e8428.ts' for writing
[hls @ 0x5633b617d8c0] Opening '/data/transcodes/933e5d80f7bfd7e8e2c1fa4acc63f1e8429.ts' for writing
[hls @ 0x5633b617d8c0] Opening '/data/transcodes/933e5d80f7bfd7e8e2c1fa4acc63f1e8430.ts' for writing
[hls @ 0x5633b617d8c0] Opening '/data/transcodes/933e5d80f7bfd7e8e2c1fa4acc63f1e8431.ts' for writing
[hls @ 0x5633b617d8c0] Opening '/data/transcodes/933e5d80f7bfd7e8e2c1fa4acc63f1e8432.ts' for writing
[hls @ 0x5633b617d8c0] Opening '/data/transcodes/933e5d80f7bfd7e8e2c1fa4acc63f1e8433.ts' for writing
[hls @ 0x5633b617d8c0] Opening '/data/transcodes/933e5d80f7bfd7e8e2c1fa4acc63f1e8434.ts' for writing
[hls @ 0x5633b617d8c0] Opening '/data/transcodes/933e5d80f7bfd7e8e2c1fa4acc63f1e8435.ts' for writing
[hls @ 0x5633b617d8c0] Opening '/data/transcodes/933e5d80f7bfd7e8e2c1fa4acc63f1e8436.ts' for writing
[hls @ 0x5633b617d8c0] Opening '/data/transcodes/933e5d80f7bfd7e8e2c1fa4acc63f1e8437.ts' for writing
[hls @ 0x5633b617d8c0] Opening '/data/transcodes/933e5d80f7bfd7e8e2c1fa4acc63f1e8438.ts' for writing
[hls @ 0x5633b617d8c0] Opening '/data/transcodes/933e5d80f7bfd7e8e2c1fa4acc63f1e8439.ts' for writing
[hls @ 0x5633b617d8c0] Opening '/data/transcodes/933e5d80f7bfd7e8e2c1fa4acc63f1e8440.ts' for writing
[hls @ 0x5633b617d8c0] Opening '/data/transcodes/933e5d80f7bfd7e8e2c1fa4acc63f1e8441.ts' for writing
[hls @ 0x5633b617d8c0] Opening '/data/transcodes/933e5d80f7bfd7e8e2c1fa4acc63f1e8442.ts' for writing
[hls @ 0x5633b617d8c0] Opening '/data/transcodes/933e5d80f7bfd7e8e2c1fa4acc63f1e8443.ts' for writing
[hls @ 0x5633b617d8c0] Opening '/data/transcodes/933e5d80f7bfd7e8e2c1fa4acc63f1e8444.ts' for writing
[hls @ 0x5633b617d8c0] Opening '/data/transcodes/933e5d80f7bfd7e8e2c1fa4acc63f1e8445.ts' for writing
[hls @ 0x5633b617d8c0] Opening '/data/transcodes/933e5d80f7bfd7e8e2c1fa4acc63f1e8446.ts' for writing
[hls @ 0x5633b617d8c0] Opening '/data/transcodes/933e5d80f7bfd7e8e2c1fa4acc63f1e8447.ts' for writing
[hls @ 0x5633b617d8c0] Opening '/data/transcodes/933e5d80f7bfd7e8e2c1fa4acc63f1e8448.ts' for writing
frame=60519 fps=6696 q=-1.0 size=N/A time=00:40:20.76 bitrate=N/A speed= 268x    
[hls @ 0x5633b617d8c0] Opening '/data/transcodes/933e5d80f7bfd7e8e2c1fa4acc63f1e8449.ts' for writing
[hls @ 0x5633b617d8c0] Opening '/data/transcodes/933e5d80f7bfd7e8e2c1fa4acc63f1e8450.ts' for writing
[hls @ 0x5633b617d8c0] Opening '/data/transcodes/933e5d80f7bfd7e8e2c1fa4acc63f1e8451.ts' for writing
[hls @ 0x5633b617d8c0] Opening '/data/transcodes/933e5d80f7bfd7e8e2c1fa4acc63f1e8452.ts' for writing
[hls @ 0x5633b617d8c0] Opening '/data/transcodes/933e5d80f7bfd7e8e2c1fa4acc63f1e8453.ts' for writing
[hls @ 0x5633b617d8c0] Opening '/data/transcodes/933e5d80f7bfd7e8e2c1fa4acc63f1e8454.ts' for writing
[hls @ 0x5633b617d8c0] Opening '/data/transcodes/933e5d80f7bfd7e8e2c1fa4acc63f1e8455.ts' for writing
[hls @ 0x5633b617d8c0] Opening '/data/transcodes/933e5d80f7bfd7e8e2c1fa4acc63f1e8456.ts' for writing
[hls @ 0x5633b617d8c0] Opening '/data/transcodes/933e5d80f7bfd7e8e2c1fa4acc63f1e8457.ts' for writing
[hls @ 0x5633b617d8c0] Opening '/data/transcodes/933e5d80f7bfd7e8e2c1fa4acc63f1e8458.ts' for writing
[hls @ 0x5633b617d8c0] Opening '/data/transcodes/933e5d80f7bfd7e8e2c1fa4acc63f1e8459.ts' for writing
[hls @ 0x5633b617d8c0] Opening '/data/transcodes/933e5d80f7bfd7e8e2c1fa4acc63f1e8460.ts' for writing
[hls @ 0x5633b617d8c0] Opening '/data/transcodes/933e5d80f7bfd7e8e2c1fa4acc63f1e8461.ts' for writing
[hls @ 0x5633b617d8c0] Opening '/data/transcodes/933e5d80f7bfd7e8e2c1fa4acc63f1e8462.ts' for writing
[hls @ 0x5633b617d8c0] Opening '/data/transcodes/933e5d80f7bfd7e8e2c1fa4acc63f1e8463.ts' for writing
[hls @ 0x5633b617d8c0] Opening '/data/transcodes/933e5d80f7bfd7e8e2c1fa4acc63f1e8464.ts' for writing
[hls @ 0x5633b617d8c0] Opening '/data/transcodes/933e5d80f7bfd7e8e2c1fa4acc63f1e8465.ts' for writing
[hls @ 0x5633b617d8c0] Opening '/data/transcodes/933e5d80f7bfd7e8e2c1fa4acc63f1e8466.ts' for writing
[hls @ 0x5633b617d8c0] Opening '/data/transcodes/933e5d80f7bfd7e8e2c1fa4acc63f1e8467.ts' for writing
[hls @ 0x5633b617d8c0] Opening '/data/transcodes/933e5d80f7bfd7e8e2c1fa4acc63f1e8468.ts' for writing
[hls @ 0x5633b617d8c0] Opening '/data/transcodes/933e5d80f7bfd7e8e2c1fa4acc63f1e8469.ts' for writing
frame=63665 fps=6674 q=-1.0 size=N/A time=00:42:26.74 bitrate=N/A speed= 267x    
[hls @ 0x5633b617d8c0] Opening '/data/transcodes/933e5d80f7bfd7e8e2c1fa4acc63f1e8470.ts' for writing
[hls @ 0x5633b617d8c0] Opening '/data/transcodes/933e5d80f7bfd7e8e2c1fa4acc63f1e8471.ts' for writing
[hls @ 0x5633b617d8c0] Opening '/data/transcodes/933e5d80f7bfd7e8e2c1fa4acc63f1e8472.ts' for writing
[hls @ 0x5633b617d8c0] Opening '/data/transcodes/933e5d80f7bfd7e8e2c1fa4acc63f1e8473.ts' for writing
[hls @ 0x5633b617d8c0] Opening '/data/transcodes/933e5d80f7bfd7e8e2c1fa4acc63f1e8474.ts' for writing
[hls @ 0x5633b617d8c0] Opening '/data/transcodes/933e5d80f7bfd7e8e2c1fa4acc63f1e8475.ts' for writing
[hls @ 0x5633b617d8c0] Opening '/data/transcodes/933e5d80f7bfd7e8e2c1fa4acc63f1e8476.ts' for writing
[hls @ 0x5633b617d8c0] Opening '/data/transcodes/933e5d80f7bfd7e8e2c1fa4acc63f1e8477.ts' for writing
[hls @ 0x5633b617d8c0] Opening '/data/transcodes/933e5d80f7bfd7e8e2c1fa4acc63f1e8478.ts' for writing
[hls @ 0x5633b617d8c0] Opening '/data/transcodes/933e5d80f7bfd7e8e2c1fa4acc63f1e8479.ts' for writing
[hls @ 0x5633b617d8c0] Opening '/data/transcodes/933e5d80f7bfd7e8e2c1fa4acc63f1e8480.ts' for writing
[hls @ 0x5633b617d8c0] Opening '/data/transcodes/933e5d80f7bfd7e8e2c1fa4acc63f1e8481.ts' for writing
[hls @ 0x5633b617d8c0] Opening '/data/transcodes/933e5d80f7bfd7e8e2c1fa4acc63f1e8482.ts' for writing
[hls @ 0x5633b617d8c0] Opening '/data/transcodes/933e5d80f7bfd7e8e2c1fa4acc63f1e8483.ts' for writing
[hls @ 0x5633b617d8c0] Opening '/data/transcodes/933e5d80f7bfd7e8e2c1fa4acc63f1e8484.ts' for writing
[hls @ 0x5633b617d8c0] Opening '/data/transcodes/933e5d80f7bfd7e8e2c1fa4acc63f1e8485.ts' for writing
[hls @ 0x5633b617d8c0] Opening '/data/transcodes/933e5d80f7bfd7e8e2c1fa4acc63f1e8486.ts' for writing
[hls @ 0x5633b617d8c0] Opening '/data/transcodes/933e5d80f7bfd7e8e2c1fa4acc63f1e8487.ts' for writing
[hls @ 0x5633b617d8c0] Opening '/data/transcodes/933e5d80f7bfd7e8e2c1fa4acc63f1e8488.ts' for writing
frame=66582 fps=6632 q=-1.0 size=N/A time=00:44:23.51 bitrate=N/A speed= 265x    
[hls @ 0x5633b617d8c0] Opening '/data/transcodes/933e5d80f7bfd7e8e2c1fa4acc63f1e8489.ts' for writing
[hls @ 0x5633b617d8c0] Opening '/data/transcodes/933e5d80f7bfd7e8e2c1fa4acc63f1e8490.ts' for writing
[hls @ 0x5633b617d8c0] Opening '/data/transcodes/933e5d80f7bfd7e8e2c1fa4acc63f1e8491.ts' for writing
[hls @ 0x5633b617d8c0] Opening '/data/transcodes/933e5d80f7bfd7e8e2c1fa4acc63f1e8492.ts' for writing
[hls @ 0x5633b617d8c0] Opening '/data/transcodes/933e5d80f7bfd7e8e2c1fa4acc63f1e8493.ts' for writing
[hls @ 0x5633b617d8c0] Opening '/data/transcodes/933e5d80f7bfd7e8e2c1fa4acc63f1e8494.ts' for writing
[hls @ 0x5633b617d8c0] Opening '/data/transcodes/933e5d80f7bfd7e8e2c1fa4acc63f1e8495.ts' for writing
[hls @ 0x5633b617d8c0] Opening '/data/transcodes/933e5d80f7bfd7e8e2c1fa4acc63f1e8496.ts' for writing
[hls @ 0x5633b617d8c0] Opening '/data/transcodes/933e5d80f7bfd7e8e2c1fa4acc63f1e8497.ts' for writing
[hls @ 0x5633b617d8c0] Opening '/data/transcodes/933e5d80f7bfd7e8e2c1fa4acc63f1e8498.ts' for writing
[hls @ 0x5633b617d8c0] Opening '/data/transcodes/933e5d80f7bfd7e8e2c1fa4acc63f1e8499.ts' for writing
[hls @ 0x5633b617d8c0] Opening '/data/transcodes/933e5d80f7bfd7e8e2c1fa4acc63f1e8500.ts' for writing
[hls @ 0x5633b617d8c0] Opening '/data/transcodes/933e5d80f7bfd7e8e2c1fa4acc63f1e8501.ts' for writing
[hls @ 0x5633b617d8c0] Opening '/data/transcodes/933e5d80f7bfd7e8e2c1fa4acc63f1e8502.ts' for writing
[hls @ 0x5633b617d8c0] Opening '/data/transcodes/933e5d80f7bfd7e8e2c1fa4acc63f1e8503.ts' for writing
[hls @ 0x5633b617d8c0] Opening '/data/transcodes/933e5d80f7bfd7e8e2c1fa4acc63f1e8504.ts' for writing
[hls @ 0x5633b617d8c0] Opening '/data/transcodes/933e5d80f7bfd7e8e2c1fa4acc63f1e8505.ts' for writing
[hls @ 0x5633b617d8c0] Opening '/data/transcodes/933e5d80f7bfd7e8e2c1fa4acc63f1e8506.ts' for writing
[hls @ 0x5633b617d8c0] Opening '/data/transcodes/933e5d80f7bfd7e8e2c1fa4acc63f1e8507.ts' for writing
[hls @ 0x5633b617d8c0] Opening '/data/transcodes/933e5d80f7bfd7e8e2c1fa4acc63f1e8508.ts' for writing
[hls @ 0x5633b617d8c0] Opening '/data/transcodes/933e5d80f7bfd7e8e2c1fa4acc63f1e8509.ts' for writing
[hls @ 0x5633b617d8c0] Opening '/data/transcodes/933e5d80f7bfd7e8e2c1fa4acc63f1e8510.ts' for writing
[hls @ 0x5633b617d8c0] Opening '/data/transcodes/933e5d80f7bfd7e8e2c1fa4acc63f1e8511.ts' for writing
[hls @ 0x5633b617d8c0] Opening '/data/transcodes/933e5d80f7bfd7e8e2c1fa4acc63f1e8512.ts' for writing
[hls @ 0x5633b617d8c0] Opening '/data/transcodes/933e5d80f7bfd7e8e2c1fa4acc63f1e8513.ts' for writing
[hls @ 0x5633b617d8c0] Opening '/data/transcodes/933e5d80f7bfd7e8e2c1fa4acc63f1e8514.ts' for writing
[hls @ 0x5633b617d8c0] Opening '/data/transcodes/933e5d80f7bfd7e8e2c1fa4acc63f1e8515.ts' for writing
[hls @ 0x5633b617d8c0] Opening '/data/transcodes/933e5d80f7bfd7e8e2c1fa4acc63f1e8516.ts' for writing
[hls @ 0x5633b617d8c0] Opening '/data/transcodes/933e5d80f7bfd7e8e2c1fa4acc63f1e8517.ts' for writing
[hls @ 0x5633b617d8c0] Opening '/data/transcodes/933e5d80f7bfd7e8e2c1fa4acc63f1e8518.ts' for writing
frame=70969 fps=6734 q=-1.0 size=N/A time=00:47:18.77 bitrate=N/A speed= 269x    
[hls @ 0x5633b617d8c0] Opening '/data/transcodes/933e5d80f7bfd7e8e2c1fa4acc63f1e8519.ts' for writing
[hls @ 0x5633b617d8c0] Opening '/data/transcodes/933e5d80f7bfd7e8e2c1fa4acc63f1e8520.ts' for writing
[hls @ 0x5633b617d8c0] Opening '/data/transcodes/933e5d80f7bfd7e8e2c1fa4acc63f1e8521.ts' for writing
[hls @ 0x5633b617d8c0] Opening '/data/transcodes/933e5d80f7bfd7e8e2c1fa4acc63f1e8522.ts' for writing
[hls @ 0x5633b617d8c0] Opening '/data/transcodes/933e5d80f7bfd7e8e2c1fa4acc63f1e8523.ts' for writing
[hls @ 0x5633b617d8c0] Opening '/data/transcodes/933e5d80f7bfd7e8e2c1fa4acc63f1e8524.ts' for writing
[hls @ 0x5633b617d8c0] Opening '/data/transcodes/933e5d80f7bfd7e8e2c1fa4acc63f1e8525.ts' for writing
[hls @ 0x5633b617d8c0] Opening '/data/transcodes/933e5d80f7bfd7e8e2c1fa4acc63f1e8526.ts' for writing
[hls @ 0x5633b617d8c0] Opening '/data/transcodes/933e5d80f7bfd7e8e2c1fa4acc63f1e8527.ts' for writing
[hls @ 0x5633b617d8c0] Opening '/data/transcodes/933e5d80f7bfd7e8e2c1fa4acc63f1e8528.ts' for writing
[hls @ 0x5633b617d8c0] Opening '/data/transcodes/933e5d80f7bfd7e8e2c1fa4acc63f1e8529.ts' for writing
[hls @ 0x5633b617d8c0] Opening '/data/transcodes/933e5d80f7bfd7e8e2c1fa4acc63f1e8530.ts' for writing
[hls @ 0x5633b617d8c0] Opening '/data/transcodes/933e5d80f7bfd7e8e2c1fa4acc63f1e8531.ts' for writing
[hls @ 0x5633b617d8c0] Opening '/data/transcodes/933e5d80f7bfd7e8e2c1fa4acc63f1e8532.ts' for writing
[hls @ 0x5633b617d8c0] Opening '/data/transcodes/933e5d80f7bfd7e8e2c1fa4acc63f1e8533.ts' for writing
[hls @ 0x5633b617d8c0] Opening '/data/transcodes/933e5d80f7bfd7e8e2c1fa4acc63f1e8534.ts' for writing
[hls @ 0x5633b617d8c0] Opening '/data/transcodes/933e5d80f7bfd7e8e2c1fa4acc63f1e8535.ts' for writing
[hls @ 0x5633b617d8c0] Opening '/data/transcodes/933e5d80f7bfd7e8e2c1fa4acc63f1e8536.ts' for writing
[hls @ 0x5633b617d8c0] Opening '/data/transcodes/933e5d80f7bfd7e8e2c1fa4acc63f1e8537.ts' for writing
[hls @ 0x5633b617d8c0] Opening '/data/transcodes/933e5d80f7bfd7e8e2c1fa4acc63f1e8538.ts' for writing
[hls @ 0x5633b617d8c0] Opening '/data/transcodes/933e5d80f7bfd7e8e2c1fa4acc63f1e8539.ts' for writing
[hls @ 0x5633b617d8c0] Opening '/data/transcodes/933e5d80f7bfd7e8e2c1fa4acc63f1e8540.ts' for writing
[hls @ 0x5633b617d8c0] Opening '/data/transcodes/933e5d80f7bfd7e8e2c1fa4acc63f1e8541.ts' for writing
[hls @ 0x5633b617d8c0] Opening '/data/transcodes/933e5d80f7bfd7e8e2c1fa4acc63f1e8542.ts' for writing
frame=74551 fps=6753 q=-1.0 size=N/A time=00:49:42.00 bitrate=N/A speed= 270x    
[hls @ 0x5633b617d8c0] Opening '/data/transcodes/933e5d80f7bfd7e8e2c1fa4acc63f1e8543.ts' for writing
[hls @ 0x5633b617d8c0] Opening '/data/transcodes/933e5d80f7bfd7e8e2c1fa4acc63f1e8544.ts' for writing
[hls @ 0x5633b617d8c0] Opening '/data/transcodes/933e5d80f7bfd7e8e2c1fa4acc63f1e8545.ts' for writing
[hls @ 0x5633b617d8c0] Opening '/data/transcodes/933e5d80f7bfd7e8e2c1fa4acc63f1e8546.ts' for writing
[hls @ 0x5633b617d8c0] Opening '/data/transcodes/933e5d80f7bfd7e8e2c1fa4acc63f1e8547.ts' for writing
[hls @ 0x5633b617d8c0] Opening '/data/transcodes/933e5d80f7bfd7e8e2c1fa4acc63f1e8548.ts' for writing
[hls @ 0x5633b617d8c0] Opening '/data/transcodes/933e5d80f7bfd7e8e2c1fa4acc63f1e8549.ts' for writing
[hls @ 0x5633b617d8c0] Opening '/data/transcodes/933e5d80f7bfd7e8e2c1fa4acc63f1e8550.ts' for writing
[hls @ 0x5633b617d8c0] Opening '/data/transcodes/933e5d80f7bfd7e8e2c1fa4acc63f1e8551.ts' for writing
[hls @ 0x5633b617d8c0] Opening '/data/transcodes/933e5d80f7bfd7e8e2c1fa4acc63f1e8552.ts' for writing
[hls @ 0x5633b617d8c0] Opening '/data/transcodes/933e5d80f7bfd7e8e2c1fa4acc63f1e8553.ts' for writing
[hls @ 0x5633b617d8c0] Opening '/data/transcodes/933e5d80f7bfd7e8e2c1fa4acc63f1e8554.ts' for writing
[hls @ 0x5633b617d8c0] Opening '/data/transcodes/933e5d80f7bfd7e8e2c1fa4acc63f1e8555.ts' for writing
[hls @ 0x5633b617d8c0] Opening '/data/transcodes/933e5d80f7bfd7e8e2c1fa4acc63f1e8556.ts' for writing
[hls @ 0x5633b617d8c0] Opening '/data/transcodes/933e5d80f7bfd7e8e2c1fa4acc63f1e8557.ts' for writing
[hls @ 0x5633b617d8c0] Opening '/data/transcodes/933e5d80f7bfd7e8e2c1fa4acc63f1e8558.ts' for writing
[hls @ 0x5633b617d8c0] Opening '/data/transcodes/933e5d80f7bfd7e8e2c1fa4acc63f1e8559.ts' for writing
[hls @ 0x5633b617d8c0] Opening '/data/transcodes/933e5d80f7bfd7e8e2c1fa4acc63f1e8560.ts' for writing
[hls @ 0x5633b617d8c0] Opening '/data/transcodes/933e5d80f7bfd7e8e2c1fa4acc63f1e8561.ts' for writing
[hls @ 0x5633b617d8c0] Opening '/data/transcodes/933e5d80f7bfd7e8e2c1fa4acc63f1e8562.ts' for writing
[hls @ 0x5633b617d8c0] Opening '/data/transcodes/933e5d80f7bfd7e8e2c1fa4acc63f1e8563.ts' for writing
[hls @ 0x5633b617d8c0] Opening '/data/transcodes/933e5d80f7bfd7e8e2c1fa4acc63f1e8564.ts' for writing
[hls @ 0x5633b617d8c0] Opening '/data/transcodes/933e5d80f7bfd7e8e2c1fa4acc63f1e8565.ts' for writing
[hls @ 0x5633b617d8c0] Opening '/data/transcodes/933e5d80f7bfd7e8e2c1fa4acc63f1e8566.ts' for writing
[hls @ 0x5633b617d8c0] Opening '/data/transcodes/933e5d80f7bfd7e8e2c1fa4acc63f1e8567.ts' for writing
[hls @ 0x5633b617d8c0] Opening '/data/transcodes/933e5d80f7bfd7e8e2c1fa4acc63f1e8568.ts' for writing
[hls @ 0x5633b617d8c0] Opening '/data/transcodes/933e5d80f7bfd7e8e2c1fa4acc63f1e8569.ts' for writing
[hls @ 0x5633b617d8c0] Opening '/data/transcodes/933e5d80f7bfd7e8e2c1fa4acc63f1e8570.ts' for writing
frame=78868 fps=6834 q=-1.0 size=N/A time=00:52:34.74 bitrate=N/A speed= 273x    
[hls @ 0x5633b617d8c0] Opening '/data/transcodes/933e5d80f7bfd7e8e2c1fa4acc63f1e8571.ts' for writing
[hls @ 0x5633b617d8c0] Opening '/data/transcodes/933e5d80f7bfd7e8e2c1fa4acc63f1e8572.ts' for writing
[hls @ 0x5633b617d8c0] Opening '/data/transcodes/933e5d80f7bfd7e8e2c1fa4acc63f1e8573.ts' for writing
[hls @ 0x5633b617d8c0] Opening '/data/transcodes/933e5d80f7bfd7e8e2c1fa4acc63f1e8574.ts' for writing
[hls @ 0x5633b617d8c0] Opening '/data/transcodes/933e5d80f7bfd7e8e2c1fa4acc63f1e8575.ts' for writing
[hls @ 0x5633b617d8c0] Opening '/data/transcodes/933e5d80f7bfd7e8e2c1fa4acc63f1e8576.ts' for writing
[hls @ 0x5633b617d8c0] Opening '/data/transcodes/933e5d80f7bfd7e8e2c1fa4acc63f1e8577.ts' for writing
[hls @ 0x5633b617d8c0] Opening '/data/transcodes/933e5d80f7bfd7e8e2c1fa4acc63f1e8578.ts' for writing
[hls @ 0x5633b617d8c0] Opening '/data/transcodes/933e5d80f7bfd7e8e2c1fa4acc63f1e8579.ts' for writing
[hls @ 0x5633b617d8c0] Opening '/data/transcodes/933e5d80f7bfd7e8e2c1fa4acc63f1e8580.ts' for writing
[hls @ 0x5633b617d8c0] Opening '/data/transcodes/933e5d80f7bfd7e8e2c1fa4acc63f1e8581.ts' for writing
[hls @ 0x5633b617d8c0] Opening '/data/transcodes/933e5d80f7bfd7e8e2c1fa4acc63f1e8582.ts' for writing
[hls @ 0x5633b617d8c0] Opening '/data/transcodes/933e5d80f7bfd7e8e2c1fa4acc63f1e8583.ts' for writing
[hls @ 0x5633b617d8c0] Opening '/data/transcodes/933e5d80f7bfd7e8e2c1fa4acc63f1e8584.ts' for writing
[hls @ 0x5633b617d8c0] Opening '/data/transcodes/933e5d80f7bfd7e8e2c1fa4acc63f1e8585.ts' for writing
[hls @ 0x5633b617d8c0] Opening '/data/transcodes/933e5d80f7bfd7e8e2c1fa4acc63f1e8586.ts' for writing
[hls @ 0x5633b617d8c0] Opening '/data/transcodes/933e5d80f7bfd7e8e2c1fa4acc63f1e8587.ts' for writing
[hls @ 0x5633b617d8c0] Opening '/data/transcodes/933e5d80f7bfd7e8e2c1fa4acc63f1e8588.ts' for writing
[hls @ 0x5633b617d8c0] Opening '/data/transcodes/933e5d80f7bfd7e8e2c1fa4acc63f1e8589.ts' for writing
[hls @ 0x5633b617d8c0] Opening '/data/transcodes/933e5d80f7bfd7e8e2c1fa4acc63f1e8590.ts' for writing
[hls @ 0x5633b617d8c0] Opening '/data/transcodes/933e5d80f7bfd7e8e2c1fa4acc63f1e8591.ts' for writing
[hls @ 0x5633b617d8c0] Opening '/data/transcodes/933e5d80f7bfd7e8e2c1fa4acc63f1e8592.ts' for writing
[hls @ 0x5633b617d8c0] Opening '/data/transcodes/933e5d80f7bfd7e8e2c1fa4acc63f1e8593.ts' for writing
[hls @ 0x5633b617d8c0] Opening '/data/transcodes/933e5d80f7bfd7e8e2c1fa4acc63f1e8594.ts' for writing
[hls @ 0x5633b617d8c0] Opening '/data/transcodes/933e5d80f7bfd7e8e2c1fa4acc63f1e8595.ts' for writing
[hls @ 0x5633b617d8c0] Opening '/data/transcodes/933e5d80f7bfd7e8e2c1fa4acc63f1e8596.ts' for writing
[hls @ 0x5633b617d8c0] Opening '/data/transcodes/933e5d80f7bfd7e8e2c1fa4acc63f1e8597.ts' for writing
[hls @ 0x5633b617d8c0] Opening '/data/transcodes/933e5d80f7bfd7e8e2c1fa4acc63f1e8598.ts' for writing
[hls @ 0x5633b617d8c0] Opening '/data/transcodes/933e5d80f7bfd7e8e2c1fa4acc63f1e8599.ts' for writing
frame=83155 fps=6906 q=-1.0 size=N/A time=00:55:26.23 bitrate=N/A speed= 276x    
[hls @ 0x5633b617d8c0] Opening '/data/transcodes/933e5d80f7bfd7e8e2c1fa4acc63f1e8600.ts' for writing
[hls @ 0x5633b617d8c0] Opening '/data/transcodes/933e5d80f7bfd7e8e2c1fa4acc63f1e8601.ts' for writing
[hls @ 0x5633b617d8c0] Opening '/data/transcodes/933e5d80f7bfd7e8e2c1fa4acc63f1e8602.ts' for writing
[hls @ 0x5633b617d8c0] Opening '/data/transcodes/933e5d80f7bfd7e8e2c1fa4acc63f1e8603.ts' for writing
[hls @ 0x5633b617d8c0] Opening '/data/transcodes/933e5d80f7bfd7e8e2c1fa4acc63f1e8604.ts' for writing
[hls @ 0x5633b617d8c0] Opening '/data/transcodes/933e5d80f7bfd7e8e2c1fa4acc63f1e8605.ts' for writing
[hls @ 0x5633b617d8c0] Opening '/data/transcodes/933e5d80f7bfd7e8e2c1fa4acc63f1e8606.ts' for writing
[hls @ 0x5633b617d8c0] Opening '/data/transcodes/933e5d80f7bfd7e8e2c1fa4acc63f1e8607.ts' for writing
[hls @ 0x5633b617d8c0] Opening '/data/transcodes/933e5d80f7bfd7e8e2c1fa4acc63f1e8608.ts' for writing
[hls @ 0x5633b617d8c0] Opening '/data/transcodes/933e5d80f7bfd7e8e2c1fa4acc63f1e8609.ts' for writing
[hls @ 0x5633b617d8c0] Opening '/data/transcodes/933e5d80f7bfd7e8e2c1fa4acc63f1e8610.ts' for writing
[hls @ 0x5633b617d8c0] Opening '/data/transcodes/933e5d80f7bfd7e8e2c1fa4acc63f1e8611.ts' for writing
[hls @ 0x5633b617d8c0] Opening '/data/transcodes/933e5d80f7bfd7e8e2c1fa4acc63f1e8612.ts' for writing
[hls @ 0x5633b617d8c0] Opening '/data/transcodes/933e5d80f7bfd7e8e2c1fa4acc63f1e8613.ts' for writing
[hls @ 0x5633b617d8c0] Opening '/data/transcodes/933e5d80f7bfd7e8e2c1fa4acc63f1e8614.ts' for writing
[hls @ 0x5633b617d8c0] Opening '/data/transcodes/933e5d80f7bfd7e8e2c1fa4acc63f1e8615.ts' for writing
[hls @ 0x5633b617d8c0] Opening '/data/transcodes/933e5d80f7bfd7e8e2c1fa4acc63f1e8616.ts' for writing
[hls @ 0x5633b617d8c0] Opening '/data/transcodes/933e5d80f7bfd7e8e2c1fa4acc63f1e8617.ts' for writing
[hls @ 0x5633b617d8c0] Opening '/data/transcodes/933e5d80f7bfd7e8e2c1fa4acc63f1e8618.ts' for writing
[hls @ 0x5633b617d8c0] Opening '/data/transcodes/933e5d80f7bfd7e8e2c1fa4acc63f1e8619.ts' for writing
[hls @ 0x5633b617d8c0] Opening '/data/transcodes/933e5d80f7bfd7e8e2c1fa4acc63f1e8620.ts' for writing
[hls @ 0x5633b617d8c0] Opening '/data/transcodes/933e5d80f7bfd7e8e2c1fa4acc63f1e8621.ts' for writing
[hls @ 0x5633b617d8c0] Opening '/data/transcodes/933e5d80f7bfd7e8e2c1fa4acc63f1e8622.ts' for writing
frame=86551 fps=6901 q=-1.0 size=N/A time=00:57:42.00 bitrate=N/A speed= 276x    
[hls @ 0x5633b617d8c0] Opening '/data/transcodes/933e5d80f7bfd7e8e2c1fa4acc63f1e8623.ts' for writing
[hls @ 0x5633b617d8c0] Opening '/data/transcodes/933e5d80f7bfd7e8e2c1fa4acc63f1e8624.ts' for writing
frame=86795 fps=6911 q=-1.0 Lsize=N/A time=00:57:51.83 bitrate=N/A speed= 276x    
video:2448500kB audio:94932kB subtitle:0kB other streams:0kB global headers:0kB muxing overhead: unknown