/videos/e0140b79-d19f-7c62-2c83-c619d031efe3/hls1/main/0.ts

{"Protocol":0,"Id":"e0140b79d19f7c622c83c619d031efe3","Path":"/data/tvshows/The IT Crowd/Season 1/The IT Crowd - S01E01 - Yesterday\u0027s Jam WEBDL-720p Proper.mp4","EncoderPath":null,"EncoderProtocol":null,"Type":0,"Container":"mov,mp4,m4a,3gp,3g2,mj2","Size":175816016,"Name":"The IT Crowd - S01E01 - Yesterday\u0027s Jam WEBDL-720p Proper","IsRemote":false,"ETag":"7718537e9a784770f0b60c9fef6ae339","RunTimeTicks":14000220160,"ReadAtNativeFramerate":false,"IgnoreDts":false,"IgnoreIndex":false,"GenPtsInput":false,"SupportsTranscoding":true,"SupportsDirectStream":true,"SupportsDirectPlay":true,"IsInfiniteStream":false,"RequiresOpening":false,"OpenToken":null,"RequiresClosing":false,"LiveStreamId":null,"BufferMs":null,"RequiresLooping":false,"SupportsProbing":true,"VideoType":0,"IsoType":null,"Video3DFormat":null,"MediaStreams":[{"Codec":"hevc","CodecTag":"hvc1","Language":"und","ColorRange":null,"ColorSpace":"bt709","ColorTransfer":"bt709","ColorPrimaries":"bt709","DvVersionMajor":null,"DvVersionMinor":null,"DvProfile":null,"DvLevel":null,"RpuPresentFlag":null,"ElPresentFlag":null,"BlPresentFlag":null,"DvBlSignalCompatibilityId":null,"Comment":null,"TimeBase":"1/90000","CodecTimeBase":null,"Title":null,"VideoRange":"SDR","VideoRangeType":"SDR","VideoDoViTitle":null,"LocalizedUndefined":null,"LocalizedDefault":null,"LocalizedForced":null,"LocalizedExternal":null,"DisplayTitle":"720p HEVC SDR","NalLengthSize":null,"IsInterlaced":false,"IsAVC":null,"ChannelLayout":null,"BitRate":885427,"BitDepth":8,"RefFrames":1,"PacketLength":null,"Channels":null,"SampleRate":null,"IsDefault":true,"IsForced":false,"Height":720,"Width":1256,"AverageFrameRate":25,"RealFrameRate":25,"Profile":"Main","Type":1,"AspectRatio":"157:90","Index":0,"Score":null,"IsExternal":false,"DeliveryMethod":null,"DeliveryUrl":null,"IsExternalUrl":null,"IsTextSubtitleStream":false,"SupportsExternalStream":false,"Path":null,"PixelFormat":"yuv420p","Level":93,"IsAnamorphic":null},{"Codec":"aac","CodecTag":"mp4a","Language":"eng","ColorRange":null,"ColorSpace":null,"ColorTransfer":null,"ColorPrimaries":null,"DvVersionMajor":null,"DvVersionMinor":null,"DvProfile":null,"DvLevel":null,"RpuPresentFlag":null,"ElPresentFlag":null,"BlPresentFlag":null,"DvBlSignalCompatibilityId":null,"Comment":null,"TimeBase":"1/48000","CodecTimeBase":null,"Title":"English","VideoRange":null,"VideoRangeType":null,"VideoDoViTitle":null,"LocalizedUndefined":null,"LocalizedDefault":null,"LocalizedForced":null,"LocalizedExternal":null,"DisplayTitle":"English - AAC - Stereo - Default","NalLengthSize":null,"IsInterlaced":false,"IsAVC":null,"ChannelLayout":"stereo","BitRate":112692,"BitDepth":null,"RefFrames":null,"PacketLength":null,"Channels":2,"SampleRate":48000,"IsDefault":true,"IsForced":false,"Height":null,"Width":null,"AverageFrameRate":null,"RealFrameRate":null,"Profile":"LC","Type":0,"AspectRatio":null,"Index":1,"Score":null,"IsExternal":false,"DeliveryMethod":null,"DeliveryUrl":null,"IsExternalUrl":null,"IsTextSubtitleStream":false,"SupportsExternalStream":false,"Path":null,"PixelFormat":null,"Level":0,"IsAnamorphic":null},{"Codec":"mov_text","CodecTag":"tx3g","Language":"eng","ColorRange":null,"ColorSpace":null,"ColorTransfer":null,"ColorPrimaries":null,"DvVersionMajor":null,"DvVersionMinor":null,"DvProfile":null,"DvLevel":null,"RpuPresentFlag":null,"ElPresentFlag":null,"BlPresentFlag":null,"DvBlSignalCompatibilityId":null,"Comment":null,"TimeBase":"1/90000","CodecTimeBase":null,"Title":"English","VideoRange":null,"VideoRangeType":null,"VideoDoViTitle":null,"LocalizedUndefined":"Undefined","LocalizedDefault":"Default","LocalizedForced":"Forced","LocalizedExternal":"External","DisplayTitle":"English - Default - MOV_TEXT","NalLengthSize":null,"IsInterlaced":false,"IsAVC":null,"ChannelLayout":null,"BitRate":130,"BitDepth":null,"RefFrames":null,"PacketLength":null,"Channels":null,"SampleRate":null,"IsDefault":true,"IsForced":false,"Height":null,"Width":null,"AverageFrameRate":null,"RealFrameRate":null,"Profile":null,"Type":2,"AspectRatio":null,"Index":2,"Score":null,"IsExternal":false,"DeliveryMethod":null,"DeliveryUrl":null,"IsExternalUrl":null,"IsTextSubtitleStream":true,"SupportsExternalStream":true,"Path":null,"PixelFormat":null,"Level":0,"IsAnamorphic":null}],"MediaAttachments":[],"Formats":[],"Bitrate":1004647,"Timestamp":null,"RequiredHttpHeaders":{},"TranscodingUrl":null,"TranscodingSubProtocol":null,"TranscodingContainer":null,"AnalyzeDurationMs":null,"DefaultAudioStreamIndex":null,"DefaultSubtitleStreamIndex":null}

/usr/lib/jellyfin-ffmpeg/ffmpeg -analyzeduration 200M -f mov,mp4,m4a,3gp,3g2,mj2 -autorotate 0 -i file:"/data/tvshows/The IT Crowd/Season 1/The IT Crowd - S01E01 - Yesterday's Jam WEBDL-720p Proper.mp4" -map_metadata -1 -map_chapters -1 -threads 0 -map 0:0 -map 0:1 -map -0:s -codec:v:0 libx264 -preset veryfast -crf 23 -maxrate 4427136 -bufsize 8854272 -x264opts:0 subme=0:me_range=4:rc_lookahead=10:me=dia:no_chroma_me:8x8dct=0:partitions=none -force_key_frames:0 "expr:gte(t,0+n_forced*3)" -sc_threshold:v:0 0 -vf "setparams=color_primaries=bt709:color_trc=bt709:colorspace=bt709,scale=trunc(min(max(iw\,ih*a)\,min(1256\,720*a))/2)*2:trunc(min(max(iw/a\,ih)\,min(1256/a\,720))/2)*2,format=yuv420p" -codec:a:0 copy -copyts -avoid_negative_ts disabled -max_muxing_queue_size 2048 -f hls -max_delay 5000000 -hls_time 3 -hls_segment_type mpegts -start_number 0 -hls_segment_filename "/data/transcodes/fd8c59e5bcb7683177d1fe94520b985d%d.ts" -hls_playlist_type vod -hls_list_size 0 -y "/data/transcodes/fd8c59e5bcb7683177d1fe94520b985d.m3u8"


ffmpeg version 5.1.3-Jellyfin Copyright (c) 2000-2022 the FFmpeg developers
  built with gcc 11 (Ubuntu 11.3.0-1ubuntu1~22.04.1)
  configuration: --prefix=/usr/lib/jellyfin-ffmpeg --target-os=linux --extra-libs=-lfftw3f --extra-version=Jellyfin --disable-doc --disable-ffplay --disable-ptx-compression --disable-static --disable-libxcb --disable-sdl2 --disable-xlib --enable-lto --enable-gpl --enable-version3 --enable-shared --enable-gmp --enable-gnutls --enable-chromaprint --enable-libdrm --enable-libass --enable-libfreetype --enable-libfribidi --enable-libfontconfig --enable-libbluray --enable-libmp3lame --enable-libopus --enable-libtheora --enable-libvorbis --enable-libopenmpt --enable-libdav1d --enable-libwebp --enable-libvpx --enable-libx264 --enable-libx265 --enable-libzvbi --enable-libzimg --enable-libfdk-aac --arch=amd64 --enable-libsvtav1 --enable-libshaderc --enable-libplacebo --enable-vulkan --enable-opencl --enable-vaapi --enable-amf --enable-libmfx --enable-ffnvcodec --enable-cuda --enable-cuda-llvm --enable-cuvid --enable-nvdec --enable-nvenc
  libavutil      57. 28.100 / 57. 28.100
  libavcodec     59. 37.100 / 59. 37.100
  libavformat    59. 27.100 / 59. 27.100
  libavdevice    59.  7.100 / 59.  7.100
  libavfilter     8. 44.100 /  8. 44.100
  libswscale      6.  7.100 /  6.  7.100
  libswresample   4.  7.100 /  4.  7.100
  libpostproc    56.  6.100 / 56.  6.100
Input #0, mov,mp4,m4a,3gp,3g2,mj2, from 'file:/data/tvshows/The IT Crowd/Season 1/The IT Crowd - S01E01 - Yesterday's Jam WEBDL-720p Proper.mp4':
  Metadata:
    major_brand     : mp42
    minor_version   : 512
    compatible_brands: mp42iso2mp41
    creation_time   : 2023-05-08T22:15:36.000000Z
    encoder         : HandBrake 1.6.1 2023012300
  Duration: 00:23:20.02, start: 0.000000, bitrate: 1004 kb/s
  Stream #0:0[0x1](und): Video: hevc (Main) (hvc1 / 0x31637668), yuv420p(tv, bt709), 1256x720 [SAR 1:1 DAR 157:90], 885 kb/s, 25 fps, 25 tbr, 90k tbn (default)
    Metadata:
      creation_time   : 2023-05-08T22:15:36.000000Z
      handler_name    : VideoHandler
      vendor_id       : [0][0][0][0]
  Stream #0:1[0x2](eng): Audio: aac (LC) (mp4a / 0x6134706D), 48000 Hz, stereo, fltp, 112 kb/s (default)
    Metadata:
      creation_time   : 2023-05-08T22:15:36.000000Z
      handler_name    : English
      vendor_id       : [0][0][0][0]
  Stream #0:2[0x3](eng): Subtitle: mov_text (tx3g / 0x67337874), 1256x108, 0 kb/s (default)
    Metadata:
      creation_time   : 2023-05-08T22:15:36.000000Z
      handler_name    : English
Stream mapping:
  Stream #0:0 -> #0:0 (hevc (native) -> h264 (libx264))
  Stream #0:1 -> #0:1 (copy)
Press [q] to stop, [?] for help
[libx264 @ 0x558e5aa66e40] using SAR=1/1
[libx264 @ 0x558e5aa66e40] using cpu capabilities: MMX2 SSE2Fast SSSE3 SSE4.2 AVX FMA3 BMI2 AVX2
[libx264 @ 0x558e5aa66e40] profile Main, level 3.1, 4:2:0, 8-bit
[libx264 @ 0x558e5aa66e40] 264 - core 163 r3060 5db6aa6 - H.264/MPEG-4 AVC codec - Copyleft 2003-2021 - http://www.videolan.org/x264.html - options: cabac=1 ref=1 deblock=1:0:0 analyse=0x1:0 me=dia subme=0 psy=1 psy_rd=1.00:0.00 mixed_ref=0 me_range=4 chroma_me=0 trellis=0 8x8dct=0 cqm=0 deadzone=21,11 fast_pskip=1 chroma_qp_offset=0 threads=6 lookahead_threads=1 sliced_threads=0 nr=0 decimate=1 interlaced=0 bluray_compat=0 constrained_intra=0 bframes=3 b_pyramid=2 b_adapt=1 b_bias=0 direct=1 weightb=1 open_gop=0 weightp=1 keyint=250 keyint_min=25 scenecut=0 intra_refresh=0 rc_lookahead=10 rc=crf mbtree=1 crf=23.0 qcomp=0.60 qpmin=0 qpmax=69 qpstep=4 vbv_maxrate=4427 vbv_bufsize=8854 crf_max=0.0 nal_hrd=none filler=0 ip_ratio=1.40 aq=1:1.00
Output #0, hls, to '/data/transcodes/fd8c59e5bcb7683177d1fe94520b985d.m3u8':
  Metadata:
    encoder         : Lavf59.27.100
  Stream #0:0: Video: h264, yuv420p(tv, bt709, progressive), 1256x720 [SAR 1:1 DAR 157:90], q=2-31, 25 fps, 90k tbn (default)
    Metadata:
      encoder         : Lavc59.37.100 libx264
    Side data:
      cpb: bitrate max/min/avg: 4427000/0/0 buffer size: 8854000 vbv_delay: N/A
  Stream #0:1: Audio: aac (LC) (mp4a / 0x6134706D), 48000 Hz, stereo, fltp, 112 kb/s (default)
frame=    1 fps=0.0 q=0.0 size=N/A time=00:00:00.00 bitrate=N/A speed=   0x    
frame=   27 fps=0.0 q=28.0 size=N/A time=00:00:01.06 bitrate=N/A speed=1.82x    
frame=   58 fps= 53 q=28.0 size=N/A time=00:00:02.30 bitrate=N/A speed= 2.1x    
[hls @ 0x558e5aa66180] Opening '/data/transcodes/fd8c59e5bcb7683177d1fe94520b985d0.ts' for writing
frame=   96 fps= 34 q=28.0 size=N/A time=00:00:03.81 bitrate=N/A speed=1.37x    
frame=  147 fps= 45 q=28.0 size=N/A time=00:00:05.86 bitrate=N/A speed=1.78x    
[hls @ 0x558e5aa66180] Opening '/data/transcodes/fd8c59e5bcb7683177d1fe94520b985d1.ts' for writing
frame=  171 fps= 41 q=28.0 size=N/A time=00:00:06.82 bitrate=N/A speed=1.65x    
frame=  225 fps= 48 q=28.0 size=N/A time=00:00:08.98 bitrate=N/A speed=1.93x    
[hls @ 0x558e5aa66180] Opening '/data/transcodes/fd8c59e5bcb7683177d1fe94520b985d2.ts' for writing
frame=  265 fps= 51 q=28.0 size=N/A time=00:00:10.58 bitrate=N/A speed=2.05x    
frame=  314 fps= 56 q=28.0 size=N/A time=00:00:12.54 bitrate=N/A speed=2.22x    
[hls @ 0x558e5aa66180] Opening '/data/transcodes/fd8c59e5bcb7683177d1fe94520b985d3.ts' for writing
frame=  321 fps= 51 q=28.0 size=N/A time=00:00:12.82 bitrate=N/A speed=2.03x    

[q] command received. Exiting.

[hls @ 0x558e5aa66180] Opening '/data/transcodes/fd8c59e5bcb7683177d1fe94520b985d4.ts' for writing
frame=  359 fps= 43 q=-1.0 Lsize=N/A time=00:00:14.31 bitrate=N/A speed=1.71x    
video:2337kB audio:201kB subtitle:0kB other streams:0kB global headers:0kB muxing overhead: unknown
[libx264 @ 0x558e5aa66e40] frame I:5     Avg QP:15.58  size: 31599
[libx264 @ 0x558e5aa66e40] frame P:169   Avg QP:20.76  size: 10817
[libx264 @ 0x558e5aa66e40] frame B:185   Avg QP:21.54  size:  2196
[libx264 @ 0x558e5aa66e40] consecutive B-frames: 21.4% 25.6% 11.7% 41.2%
[libx264 @ 0x558e5aa66e40] mb I  I16..4: 58.5%  0.0% 41.5%
[libx264 @ 0x558e5aa66e40] mb P  I16..4: 28.4%  0.0%  0.0%  P16..4: 24.8%  0.0%  0.0%  0.0%  0.0%    skip:46.7%
[libx264 @ 0x558e5aa66e40] mb B  I16..4:  3.2%  0.0%  0.0%  B16..8: 12.2%  0.0%  0.0%  direct: 4.9%  skip:79.7%  L0:40.0% L1:51.5% BI: 8.5%
[libx264 @ 0x558e5aa66e40] coded y,uvDC,uvAC intra: 22.3% 52.2% 21.1% inter: 4.6% 12.9% 1.2%
[libx264 @ 0x558e5aa66e40] i16 v,h,dc,p: 37% 42%  9% 11%
[libx264 @ 0x558e5aa66e40] i4 v,h,dc,ddl,ddr,vr,hd,vl,hu: 36% 32% 13%  4%  3%  3%  3%  2%  4%
[libx264 @ 0x558e5aa66e40] i8c dc,h,v,p: 28% 41% 23%  8%
[libx264 @ 0x558e5aa66e40] Weighted P-Frames: Y:2.4% UV:1.8%
[libx264 @ 0x558e5aa66e40] kb/s:1332.81