/Videos/5713ccb098289e0bb0ac6dde31f60311/hls1/main/291.ts

{"Protocol":0,"Id":"5713ccb098289e0bb0ac6dde31f60311","Path":"/data/tvshows/Top Gear/Season 22/Top Gear - S22E02 - Episode 2 WEBDL-720p.mkv","EncoderPath":null,"EncoderProtocol":null,"Type":0,"Container":"mkv,webm","Size":2702997248,"Name":"Top Gear - S22E02 - Episode 2 WEBDL-720p","IsRemote":false,"ETag":"9900ca18a180682f3a35975164f3f144","RunTimeTicks":35307200512,"ReadAtNativeFramerate":false,"IgnoreDts":false,"IgnoreIndex":false,"GenPtsInput":false,"SupportsTranscoding":true,"SupportsDirectStream":true,"SupportsDirectPlay":true,"IsInfiniteStream":false,"RequiresOpening":false,"OpenToken":null,"RequiresClosing":false,"LiveStreamId":null,"BufferMs":null,"RequiresLooping":false,"SupportsProbing":true,"VideoType":0,"IsoType":null,"Video3DFormat":null,"MediaStreams":[{"Codec":"subrip","CodecTag":null,"Language":"hin","ColorRange":null,"ColorSpace":null,"ColorTransfer":null,"ColorPrimaries":null,"DvVersionMajor":null,"DvVersionMinor":null,"DvProfile":null,"DvLevel":null,"RpuPresentFlag":null,"ElPresentFlag":null,"BlPresentFlag":null,"DvBlSignalCompatibilityId":null,"Comment":null,"TimeBase":"1/1000","CodecTimeBase":null,"Title":"en","VideoRange":null,"VideoRangeType":null,"VideoDoViTitle":null,"LocalizedUndefined":"Undefined","LocalizedDefault":"Default","LocalizedForced":"Forced","LocalizedExternal":"External","DisplayTitle":"en - Hindi - SUBRIP - External","NalLengthSize":null,"IsInterlaced":false,"IsAVC":null,"ChannelLayout":null,"BitRate":null,"BitDepth":null,"RefFrames":null,"PacketLength":null,"Channels":null,"SampleRate":null,"IsDefault":false,"IsForced":false,"Height":null,"Width":null,"AverageFrameRate":null,"RealFrameRate":null,"Profile":null,"Type":2,"AspectRatio":null,"Index":0,"Score":null,"IsExternal":true,"DeliveryMethod":null,"DeliveryUrl":null,"IsExternalUrl":null,"IsTextSubtitleStream":true,"SupportsExternalStream":true,"Path":"/data/tvshows/Top Gear/Season 22/Top Gear - S22E02 - Episode 2 WEBDL-720p.en.hi.srt","PixelFormat":null,"Level":0,"IsAnamorphic":null},{"Codec":"h264","CodecTag":null,"Language":"eng","ColorRange":null,"ColorSpace":"bt709","ColorTransfer":"bt709","ColorPrimaries":"bt709","DvVersionMajor":null,"DvVersionMinor":null,"DvProfile":null,"DvLevel":null,"RpuPresentFlag":null,"ElPresentFlag":null,"BlPresentFlag":null,"DvBlSignalCompatibilityId":null,"Comment":null,"TimeBase":"1/1000","CodecTimeBase":null,"Title":null,"VideoRange":"SDR","VideoRangeType":"SDR","VideoDoViTitle":null,"LocalizedUndefined":null,"LocalizedDefault":null,"LocalizedForced":null,"LocalizedExternal":null,"DisplayTitle":"720p H264 SDR","NalLengthSize":"4","IsInterlaced":false,"IsAVC":true,"ChannelLayout":null,"BitRate":6124523,"BitDepth":8,"RefFrames":1,"PacketLength":null,"Channels":null,"SampleRate":null,"IsDefault":true,"IsForced":false,"Height":720,"Width":1280,"AverageFrameRate":25,"RealFrameRate":25,"Profile":"High","Type":1,"AspectRatio":"16:9","Index":1,"Score":null,"IsExternal":false,"DeliveryMethod":null,"DeliveryUrl":null,"IsExternalUrl":null,"IsTextSubtitleStream":false,"SupportsExternalStream":false,"Path":null,"PixelFormat":"yuv420p","Level":31,"IsAnamorphic":null},{"Codec":"eac3","CodecTag":null,"Language":"eng","ColorRange":null,"ColorSpace":null,"ColorTransfer":null,"ColorPrimaries":null,"DvVersionMajor":null,"DvVersionMinor":null,"DvProfile":null,"DvLevel":null,"RpuPresentFlag":null,"ElPresentFlag":null,"BlPresentFlag":null,"DvBlSignalCompatibilityId":null,"Comment":null,"TimeBase":"1/1000","CodecTimeBase":null,"Title":"English","VideoRange":null,"VideoRangeType":null,"VideoDoViTitle":null,"LocalizedUndefined":null,"LocalizedDefault":null,"LocalizedForced":null,"LocalizedExternal":null,"DisplayTitle":"English - Dolby Digital\u002B - Stereo - Default","NalLengthSize":null,"IsInterlaced":false,"IsAVC":null,"ChannelLayout":"stereo","BitRate":224000,"BitDepth":null,"RefFrames":null,"PacketLength":null,"Channels":2,"SampleRate":48000,"IsDefault":true,"IsForced":false,"Height":null,"Width":null,"AverageFrameRate":null,"RealFrameRate":null,"Profile":null,"Type":0,"AspectRatio":null,"Index":2,"Score":null,"IsExternal":false,"DeliveryMethod":null,"DeliveryUrl":null,"IsExternalUrl":null,"IsTextSubtitleStream":false,"SupportsExternalStream":false,"Path":null,"PixelFormat":null,"Level":0,"IsAnamorphic":null},{"Codec":"subrip","CodecTag":null,"Language":"eng","ColorRange":null,"ColorSpace":null,"ColorTransfer":null,"ColorPrimaries":null,"DvVersionMajor":null,"DvVersionMinor":null,"DvProfile":null,"DvLevel":null,"RpuPresentFlag":null,"ElPresentFlag":null,"BlPresentFlag":null,"DvBlSignalCompatibilityId":null,"Comment":null,"TimeBase":"1/1000","CodecTimeBase":null,"Title":"English (SDH)","VideoRange":null,"VideoRangeType":null,"VideoDoViTitle":null,"LocalizedUndefined":"Undefined","LocalizedDefault":"Default","LocalizedForced":"Forced","LocalizedExternal":"External","DisplayTitle":"English (SDH) - SUBRIP","NalLengthSize":null,"IsInterlaced":false,"IsAVC":null,"ChannelLayout":null,"BitRate":null,"BitDepth":null,"RefFrames":null,"PacketLength":null,"Channels":null,"SampleRate":null,"IsDefault":false,"IsForced":false,"Height":null,"Width":null,"AverageFrameRate":null,"RealFrameRate":null,"Profile":null,"Type":2,"AspectRatio":null,"Index":3,"Score":null,"IsExternal":false,"DeliveryMethod":null,"DeliveryUrl":null,"IsExternalUrl":null,"IsTextSubtitleStream":true,"SupportsExternalStream":true,"Path":null,"PixelFormat":null,"Level":0,"IsAnamorphic":null}],"MediaAttachments":[],"Formats":[],"Bitrate":6348523,"Timestamp":null,"RequiredHttpHeaders":{},"TranscodingUrl":null,"TranscodingSubProtocol":null,"TranscodingContainer":null,"AnalyzeDurationMs":null,"DefaultAudioStreamIndex":null,"DefaultSubtitleStreamIndex":null}

/usr/lib/jellyfin-ffmpeg/ffmpeg -analyzeduration 200M -ss 00:29:06.000 -fflags +genpts -f matroska,webm  -i file:"/data/tvshows/Top Gear/Season 22/Top Gear - S22E02 - Episode 2 WEBDL-720p.mkv" -map_metadata -1 -map_chapters -1 -threads 0 -map 0:0 -map 0:1 -map -0:s -codec:v:0 copy -bsf:v h264_mp4toannexb -start_at_zero -codec:a:0 copy -copyts -avoid_negative_ts disabled -max_muxing_queue_size 2048 -f hls -max_delay 5000000 -hls_time 6 -hls_segment_type mpegts -start_number 291 -hls_segment_filename "/data/transcodes/047172d2b6c5720f5c8eb94a27303b5f%d.ts" -hls_playlist_type vod -hls_list_size 0 -y "/data/transcodes/047172d2b6c5720f5c8eb94a27303b5f.m3u8"


ffmpeg version 5.1.3-Jellyfin Copyright (c) 2000-2022 the FFmpeg developers
  built with gcc 11 (Ubuntu 11.3.0-1ubuntu1~22.04.1)
  configuration: --prefix=/usr/lib/jellyfin-ffmpeg --target-os=linux --extra-libs=-lfftw3f --extra-version=Jellyfin --disable-doc --disable-ffplay --disable-ptx-compression --disable-static --disable-libxcb --disable-sdl2 --disable-xlib --enable-lto --enable-gpl --enable-version3 --enable-shared --enable-gmp --enable-gnutls --enable-chromaprint --enable-libdrm --enable-libass --enable-libfreetype --enable-libfribidi --enable-libfontconfig --enable-libbluray --enable-libmp3lame --enable-libopus --enable-libtheora --enable-libvorbis --enable-libopenmpt --enable-libdav1d --enable-libwebp --enable-libvpx --enable-libx264 --enable-libx265 --enable-libzvbi --enable-libzimg --enable-libfdk-aac --arch=amd64 --enable-libsvtav1 --enable-libshaderc --enable-libplacebo --enable-vulkan --enable-opencl --enable-vaapi --enable-amf --enable-libmfx --enable-ffnvcodec --enable-cuda --enable-cuda-llvm --enable-cuvid --enable-nvdec --enable-nvenc
  libavutil      57. 28.100 / 57. 28.100
  libavcodec     59. 37.100 / 59. 37.100
  libavformat    59. 27.100 / 59. 27.100
  libavdevice    59.  7.100 / 59.  7.100
  libavfilter     8. 44.100 /  8. 44.100
  libswscale      6.  7.100 /  6.  7.100
  libswresample   4.  7.100 /  4.  7.100
  libpostproc    56.  6.100 / 56.  6.100
Input #0, matroska,webm, from 'file:/data/tvshows/Top Gear/Season 22/Top Gear - S22E02 - Episode 2 WEBDL-720p.mkv':
  Metadata:
    encoder         : libebml v1.4.0 + libmatroska v1.6.2
  Duration: 00:58:50.72, start: 0.000000, bitrate: 6124 kb/s
  Stream #0:0(eng): Video: h264 (High), yuv420p(tv, bt709, progressive), 1280x720 [SAR 1:1 DAR 16:9], 25 fps, 25 tbr, 1k tbn (default)
    Metadata:
      BPS-eng         : 5898418
      DURATION-eng    : 00:58:50.680000000
      NUMBER_OF_FRAMES-eng: 88267
      NUMBER_OF_BYTES-eng: 2603178658
      _STATISTICS_WRITING_APP-eng: mkvmerge v51.0.0 ('I Wish') 64-bit
      _STATISTICS_WRITING_DATE_UTC-eng: 2020-12-30 10:29:32
      _STATISTICS_TAGS-eng: BPS DURATION NUMBER_OF_FRAMES NUMBER_OF_BYTES
  Stream #0:1(eng): Audio: eac3, 48000 Hz, stereo, fltp, 224 kb/s (default)
    Metadata:
      title           : English
      BPS-eng         : 224000
      DURATION-eng    : 00:58:50.720000000
      NUMBER_OF_FRAMES-eng: 110335
      NUMBER_OF_BYTES-eng: 98860160
      _STATISTICS_WRITING_APP-eng: mkvmerge v51.0.0 ('I Wish') 64-bit
      _STATISTICS_WRITING_DATE_UTC-eng: 2020-12-30 10:29:32
      _STATISTICS_TAGS-eng: BPS DURATION NUMBER_OF_FRAMES NUMBER_OF_BYTES
  Stream #0:2(eng): Subtitle: subrip
    Metadata:
      title           : English (SDH)
      BPS-eng         : 101
      DURATION-eng    : 00:58:08.800000000
      NUMBER_OF_FRAMES-eng: 1067
      NUMBER_OF_BYTES-eng: 44308
      _STATISTICS_WRITING_APP-eng: mkvmerge v51.0.0 ('I Wish') 64-bit
      _STATISTICS_WRITING_DATE_UTC-eng: 2020-12-30 10:29:32
      _STATISTICS_TAGS-eng: BPS DURATION NUMBER_OF_FRAMES NUMBER_OF_BYTES
Output #0, hls, to '/data/transcodes/047172d2b6c5720f5c8eb94a27303b5f.m3u8':
  Metadata:
    encoder         : Lavf59.27.100
  Stream #0:0: Video: h264 (High), yuv420p(tv, bt709, progressive), 1280x720 [SAR 1:1 DAR 16:9], q=2-31, 25 fps, 25 tbr, 90k tbn (default)
  Stream #0:1: Audio: eac3, 48000 Hz, stereo, fltp, 224 kb/s (default)
Stream mapping:
  Stream #0:0 -> #0:0 (copy)
  Stream #0:1 -> #0:1 (copy)
Press [q] to stop, [?] for help
frame=    1 fps=0.0 q=-1.0 size=N/A time=-00:29:03.96 bitrate=N/A speed=N/A    
[hls @ 0x55786a177180] Opening '/data/transcodes/047172d2b6c5720f5c8eb94a27303b5f291.ts' for writing
[hls @ 0x55786a177180] Opening '/data/transcodes/047172d2b6c5720f5c8eb94a27303b5f292.ts' for writing
[hls @ 0x55786a177180] Opening '/data/transcodes/047172d2b6c5720f5c8eb94a27303b5f293.ts' for writing
[hls @ 0x55786a177180] Opening '/data/transcodes/047172d2b6c5720f5c8eb94a27303b5f294.ts' for writing
[hls @ 0x55786a177180] Opening '/data/transcodes/047172d2b6c5720f5c8eb94a27303b5f295.ts' for writing
[hls @ 0x55786a177180] Opening '/data/transcodes/047172d2b6c5720f5c8eb94a27303b5f296.ts' for writing
[hls @ 0x55786a177180] Opening '/data/transcodes/047172d2b6c5720f5c8eb94a27303b5f297.ts' for writing
[hls @ 0x55786a177180] Opening '/data/transcodes/047172d2b6c5720f5c8eb94a27303b5f298.ts' for writing
[hls @ 0x55786a177180] Opening '/data/transcodes/047172d2b6c5720f5c8eb94a27303b5f299.ts' for writing
[hls @ 0x55786a177180] Opening '/data/transcodes/047172d2b6c5720f5c8eb94a27303b5f300.ts' for writing
[hls @ 0x55786a177180] Opening '/data/transcodes/047172d2b6c5720f5c8eb94a27303b5f301.ts' for writing
[hls @ 0x55786a177180] Opening '/data/transcodes/047172d2b6c5720f5c8eb94a27303b5f302.ts' for writing
[hls @ 0x55786a177180] Opening '/data/transcodes/047172d2b6c5720f5c8eb94a27303b5f303.ts' for writing
[hls @ 0x55786a177180] Opening '/data/transcodes/047172d2b6c5720f5c8eb94a27303b5f304.ts' for writing
[hls @ 0x55786a177180] Opening '/data/transcodes/047172d2b6c5720f5c8eb94a27303b5f305.ts' for writing
frame= 2270 fps=0.0 q=-1.0 size=N/A time=00:01:30.76 bitrate=N/A speed= 181x    
[hls @ 0x55786a177180] Opening '/data/transcodes/047172d2b6c5720f5c8eb94a27303b5f306.ts' for writing
[hls @ 0x55786a177180] Opening '/data/transcodes/047172d2b6c5720f5c8eb94a27303b5f307.ts' for writing
[hls @ 0x55786a177180] Opening '/data/transcodes/047172d2b6c5720f5c8eb94a27303b5f308.ts' for writing
[hls @ 0x55786a177180] Opening '/data/transcodes/047172d2b6c5720f5c8eb94a27303b5f309.ts' for writing
[hls @ 0x55786a177180] Opening '/data/transcodes/047172d2b6c5720f5c8eb94a27303b5f310.ts' for writing
[hls @ 0x55786a177180] Opening '/data/transcodes/047172d2b6c5720f5c8eb94a27303b5f311.ts' for writing
[hls @ 0x55786a177180] Opening '/data/transcodes/047172d2b6c5720f5c8eb94a27303b5f312.ts' for writing
[hls @ 0x55786a177180] Opening '/data/transcodes/047172d2b6c5720f5c8eb94a27303b5f313.ts' for writing
[hls @ 0x55786a177180] Opening '/data/transcodes/047172d2b6c5720f5c8eb94a27303b5f314.ts' for writing
[hls @ 0x55786a177180] Opening '/data/transcodes/047172d2b6c5720f5c8eb94a27303b5f315.ts' for writing
[hls @ 0x55786a177180] Opening '/data/transcodes/047172d2b6c5720f5c8eb94a27303b5f316.ts' for writing
[hls @ 0x55786a177180] Opening '/data/transcodes/047172d2b6c5720f5c8eb94a27303b5f317.ts' for writing
[hls @ 0x55786a177180] Opening '/data/transcodes/047172d2b6c5720f5c8eb94a27303b5f318.ts' for writing
[hls @ 0x55786a177180] Opening '/data/transcodes/047172d2b6c5720f5c8eb94a27303b5f319.ts' for writing
[hls @ 0x55786a177180] Opening '/data/transcodes/047172d2b6c5720f5c8eb94a27303b5f320.ts' for writing
[hls @ 0x55786a177180] Opening '/data/transcodes/047172d2b6c5720f5c8eb94a27303b5f321.ts' for writing
[hls @ 0x55786a177180] Opening '/data/transcodes/047172d2b6c5720f5c8eb94a27303b5f322.ts' for writing
[hls @ 0x55786a177180] Opening '/data/transcodes/047172d2b6c5720f5c8eb94a27303b5f323.ts' for writing
[hls @ 0x55786a177180] Opening '/data/transcodes/047172d2b6c5720f5c8eb94a27303b5f324.ts' for writing
[hls @ 0x55786a177180] Opening '/data/transcodes/047172d2b6c5720f5c8eb94a27303b5f325.ts' for writing
[hls @ 0x55786a177180] Opening '/data/transcodes/047172d2b6c5720f5c8eb94a27303b5f326.ts' for writing
frame= 5500 fps=5499 q=-1.0 size=N/A time=00:03:39.97 bitrate=N/A speed= 220x    
[hls @ 0x55786a177180] Opening '/data/transcodes/047172d2b6c5720f5c8eb94a27303b5f327.ts' for writing
[hls @ 0x55786a177180] Opening '/data/transcodes/047172d2b6c5720f5c8eb94a27303b5f328.ts' for writing
[hls @ 0x55786a177180] Opening '/data/transcodes/047172d2b6c5720f5c8eb94a27303b5f329.ts' for writing
[hls @ 0x55786a177180] Opening '/data/transcodes/047172d2b6c5720f5c8eb94a27303b5f330.ts' for writing
[hls @ 0x55786a177180] Opening '/data/transcodes/047172d2b6c5720f5c8eb94a27303b5f331.ts' for writing
[hls @ 0x55786a177180] Opening '/data/transcodes/047172d2b6c5720f5c8eb94a27303b5f332.ts' for writing
[hls @ 0x55786a177180] Opening '/data/transcodes/047172d2b6c5720f5c8eb94a27303b5f333.ts' for writing
[hls @ 0x55786a177180] Opening '/data/transcodes/047172d2b6c5720f5c8eb94a27303b5f334.ts' for writing
[hls @ 0x55786a177180] Opening '/data/transcodes/047172d2b6c5720f5c8eb94a27303b5f335.ts' for writing
[hls @ 0x55786a177180] Opening '/data/transcodes/047172d2b6c5720f5c8eb94a27303b5f336.ts' for writing
[hls @ 0x55786a177180] Opening '/data/transcodes/047172d2b6c5720f5c8eb94a27303b5f337.ts' for writing
[hls @ 0x55786a177180] Opening '/data/transcodes/047172d2b6c5720f5c8eb94a27303b5f338.ts' for writing
[hls @ 0x55786a177180] Opening '/data/transcodes/047172d2b6c5720f5c8eb94a27303b5f339.ts' for writing
[hls @ 0x55786a177180] Opening '/data/transcodes/047172d2b6c5720f5c8eb94a27303b5f340.ts' for writing
[hls @ 0x55786a177180] Opening '/data/transcodes/047172d2b6c5720f5c8eb94a27303b5f341.ts' for writing
frame= 7724 fps=5137 q=-1.0 size=N/A time=00:05:09.00 bitrate=N/A speed= 206x    
[hls @ 0x55786a177180] Opening '/data/transcodes/047172d2b6c5720f5c8eb94a27303b5f342.ts' for writing
[hls @ 0x55786a177180] Opening '/data/transcodes/047172d2b6c5720f5c8eb94a27303b5f343.ts' for writing
[hls @ 0x55786a177180] Opening '/data/transcodes/047172d2b6c5720f5c8eb94a27303b5f344.ts' for writing
[hls @ 0x55786a177180] Opening '/data/transcodes/047172d2b6c5720f5c8eb94a27303b5f345.ts' for writing
[hls @ 0x55786a177180] Opening '/data/transcodes/047172d2b6c5720f5c8eb94a27303b5f346.ts' for writing
[hls @ 0x55786a177180] Opening '/data/transcodes/047172d2b6c5720f5c8eb94a27303b5f347.ts' for writing
[hls @ 0x55786a177180] Opening '/data/transcodes/047172d2b6c5720f5c8eb94a27303b5f348.ts' for writing
[hls @ 0x55786a177180] Opening '/data/transcodes/047172d2b6c5720f5c8eb94a27303b5f349.ts' for writing
[hls @ 0x55786a177180] Opening '/data/transcodes/047172d2b6c5720f5c8eb94a27303b5f350.ts' for writing
[hls @ 0x55786a177180] Opening '/data/transcodes/047172d2b6c5720f5c8eb94a27303b5f351.ts' for writing
[hls @ 0x55786a177180] Opening '/data/transcodes/047172d2b6c5720f5c8eb94a27303b5f352.ts' for writing
frame= 9438 fps=4703 q=-1.0 size=N/A time=00:06:17.51 bitrate=N/A speed= 188x    
[hls @ 0x55786a177180] Opening '/data/transcodes/047172d2b6c5720f5c8eb94a27303b5f353.ts' for writing
[hls @ 0x55786a177180] Opening '/data/transcodes/047172d2b6c5720f5c8eb94a27303b5f354.ts' for writing
[hls @ 0x55786a177180] Opening '/data/transcodes/047172d2b6c5720f5c8eb94a27303b5f355.ts' for writing
[hls @ 0x55786a177180] Opening '/data/transcodes/047172d2b6c5720f5c8eb94a27303b5f356.ts' for writing
[hls @ 0x55786a177180] Opening '/data/transcodes/047172d2b6c5720f5c8eb94a27303b5f357.ts' for writing
[hls @ 0x55786a177180] Opening '/data/transcodes/047172d2b6c5720f5c8eb94a27303b5f358.ts' for writing
[hls @ 0x55786a177180] Opening '/data/transcodes/047172d2b6c5720f5c8eb94a27303b5f359.ts' for writing
[hls @ 0x55786a177180] Opening '/data/transcodes/047172d2b6c5720f5c8eb94a27303b5f360.ts' for writing
[hls @ 0x55786a177180] Opening '/data/transcodes/047172d2b6c5720f5c8eb94a27303b5f361.ts' for writing
[hls @ 0x55786a177180] Opening '/data/transcodes/047172d2b6c5720f5c8eb94a27303b5f362.ts' for writing
[hls @ 0x55786a177180] Opening '/data/transcodes/047172d2b6c5720f5c8eb94a27303b5f363.ts' for writing
[hls @ 0x55786a177180] Opening '/data/transcodes/047172d2b6c5720f5c8eb94a27303b5f364.ts' for writing
[hls @ 0x55786a177180] Opening '/data/transcodes/047172d2b6c5720f5c8eb94a27303b5f365.ts' for writing
[hls @ 0x55786a177180] Opening '/data/transcodes/047172d2b6c5720f5c8eb94a27303b5f366.ts' for writing
[hls @ 0x55786a177180] Opening '/data/transcodes/047172d2b6c5720f5c8eb94a27303b5f367.ts' for writing
[hls @ 0x55786a177180] Opening '/data/transcodes/047172d2b6c5720f5c8eb94a27303b5f368.ts' for writing
[hls @ 0x55786a177180] Opening '/data/transcodes/047172d2b6c5720f5c8eb94a27303b5f369.ts' for writing
[hls @ 0x55786a177180] Opening '/data/transcodes/047172d2b6c5720f5c8eb94a27303b5f370.ts' for writing
[hls @ 0x55786a177180] Opening '/data/transcodes/047172d2b6c5720f5c8eb94a27303b5f371.ts' for writing
frame=12151 fps=4787 q=-1.0 size=N/A time=00:08:06.02 bitrate=N/A speed= 191x    
[hls @ 0x55786a177180] Opening '/data/transcodes/047172d2b6c5720f5c8eb94a27303b5f372.ts' for writing
[hls @ 0x55786a177180] Opening '/data/transcodes/047172d2b6c5720f5c8eb94a27303b5f373.ts' for writing
[hls @ 0x55786a177180] Opening '/data/transcodes/047172d2b6c5720f5c8eb94a27303b5f374.ts' for writing
[hls @ 0x55786a177180] Opening '/data/transcodes/047172d2b6c5720f5c8eb94a27303b5f375.ts' for writing
[hls @ 0x55786a177180] Opening '/data/transcodes/047172d2b6c5720f5c8eb94a27303b5f376.ts' for writing
[hls @ 0x55786a177180] Opening '/data/transcodes/047172d2b6c5720f5c8eb94a27303b5f377.ts' for writing
[hls @ 0x55786a177180] Opening '/data/transcodes/047172d2b6c5720f5c8eb94a27303b5f378.ts' for writing
[hls @ 0x55786a177180] Opening '/data/transcodes/047172d2b6c5720f5c8eb94a27303b5f379.ts' for writing
[hls @ 0x55786a177180] Opening '/data/transcodes/047172d2b6c5720f5c8eb94a27303b5f380.ts' for writing
[hls @ 0x55786a177180] Opening '/data/transcodes/047172d2b6c5720f5c8eb94a27303b5f381.ts' for writing
[hls @ 0x55786a177180] Opening '/data/transcodes/047172d2b6c5720f5c8eb94a27303b5f382.ts' for writing
[hls @ 0x55786a177180] Opening '/data/transcodes/047172d2b6c5720f5c8eb94a27303b5f383.ts' for writing
[hls @ 0x55786a177180] Opening '/data/transcodes/047172d2b6c5720f5c8eb94a27303b5f384.ts' for writing
[hls @ 0x55786a177180] Opening '/data/transcodes/047172d2b6c5720f5c8eb94a27303b5f385.ts' for writing
[hls @ 0x55786a177180] Opening '/data/transcodes/047172d2b6c5720f5c8eb94a27303b5f386.ts' for writing
[hls @ 0x55786a177180] Opening '/data/transcodes/047172d2b6c5720f5c8eb94a27303b5f387.ts' for writing
frame=14680 fps=4831 q=-1.0 size=N/A time=00:09:47.27 bitrate=N/A speed= 193x    
[hls @ 0x55786a177180] Opening '/data/transcodes/047172d2b6c5720f5c8eb94a27303b5f388.ts' for writing
[hls @ 0x55786a177180] Opening '/data/transcodes/047172d2b6c5720f5c8eb94a27303b5f389.ts' for writing
[hls @ 0x55786a177180] Opening '/data/transcodes/047172d2b6c5720f5c8eb94a27303b5f390.ts' for writing
[hls @ 0x55786a177180] Opening '/data/transcodes/047172d2b6c5720f5c8eb94a27303b5f391.ts' for writing
[hls @ 0x55786a177180] Opening '/data/transcodes/047172d2b6c5720f5c8eb94a27303b5f392.ts' for writing
[hls @ 0x55786a177180] Opening '/data/transcodes/047172d2b6c5720f5c8eb94a27303b5f393.ts' for writing
[hls @ 0x55786a177180] Opening '/data/transcodes/047172d2b6c5720f5c8eb94a27303b5f394.ts' for writing
[hls @ 0x55786a177180] Opening '/data/transcodes/047172d2b6c5720f5c8eb94a27303b5f395.ts' for writing
[hls @ 0x55786a177180] Opening '/data/transcodes/047172d2b6c5720f5c8eb94a27303b5f396.ts' for writing
[hls @ 0x55786a177180] Opening '/data/transcodes/047172d2b6c5720f5c8eb94a27303b5f397.ts' for writing
[hls @ 0x55786a177180] Opening '/data/transcodes/047172d2b6c5720f5c8eb94a27303b5f398.ts' for writing
[hls @ 0x55786a177180] Opening '/data/transcodes/047172d2b6c5720f5c8eb94a27303b5f399.ts' for writing
[hls @ 0x55786a177180] Opening '/data/transcodes/047172d2b6c5720f5c8eb94a27303b5f400.ts' for writing
[hls @ 0x55786a177180] Opening '/data/transcodes/047172d2b6c5720f5c8eb94a27303b5f401.ts' for writing
[hls @ 0x55786a177180] Opening '/data/transcodes/047172d2b6c5720f5c8eb94a27303b5f402.ts' for writing
[hls @ 0x55786a177180] Opening '/data/transcodes/047172d2b6c5720f5c8eb94a27303b5f403.ts' for writing
[hls @ 0x55786a177180] Opening '/data/transcodes/047172d2b6c5720f5c8eb94a27303b5f404.ts' for writing
[hls @ 0x55786a177180] Opening '/data/transcodes/047172d2b6c5720f5c8eb94a27303b5f405.ts' for writing
frame=17351 fps=4889 q=-1.0 size=N/A time=00:11:34.05 bitrate=N/A speed= 196x    
[hls @ 0x55786a177180] Opening '/data/transcodes/047172d2b6c5720f5c8eb94a27303b5f406.ts' for writing
[hls @ 0x55786a177180] Opening '/data/transcodes/047172d2b6c5720f5c8eb94a27303b5f407.ts' for writing
[hls @ 0x55786a177180] Opening '/data/transcodes/047172d2b6c5720f5c8eb94a27303b5f408.ts' for writing
[hls @ 0x55786a177180] Opening '/data/transcodes/047172d2b6c5720f5c8eb94a27303b5f409.ts' for writing
[hls @ 0x55786a177180] Opening '/data/transcodes/047172d2b6c5720f5c8eb94a27303b5f410.ts' for writing
[hls @ 0x55786a177180] Opening '/data/transcodes/047172d2b6c5720f5c8eb94a27303b5f411.ts' for writing
[hls @ 0x55786a177180] Opening '/data/transcodes/047172d2b6c5720f5c8eb94a27303b5f412.ts' for writing
[hls @ 0x55786a177180] Opening '/data/transcodes/047172d2b6c5720f5c8eb94a27303b5f413.ts' for writing
[hls @ 0x55786a177180] Opening '/data/transcodes/047172d2b6c5720f5c8eb94a27303b5f414.ts' for writing
[hls @ 0x55786a177180] Opening '/data/transcodes/047172d2b6c5720f5c8eb94a27303b5f415.ts' for writing
[hls @ 0x55786a177180] Opening '/data/transcodes/047172d2b6c5720f5c8eb94a27303b5f416.ts' for writing
[hls @ 0x55786a177180] Opening '/data/transcodes/047172d2b6c5720f5c8eb94a27303b5f417.ts' for writing
[hls @ 0x55786a177180] Opening '/data/transcodes/047172d2b6c5720f5c8eb94a27303b5f418.ts' for writing
[hls @ 0x55786a177180] Opening '/data/transcodes/047172d2b6c5720f5c8eb94a27303b5f419.ts' for writing
[hls @ 0x55786a177180] Opening '/data/transcodes/047172d2b6c5720f5c8eb94a27303b5f420.ts' for writing
[hls @ 0x55786a177180] Opening '/data/transcodes/047172d2b6c5720f5c8eb94a27303b5f421.ts' for writing
[hls @ 0x55786a177180] Opening '/data/transcodes/047172d2b6c5720f5c8eb94a27303b5f422.ts' for writing
[hls @ 0x55786a177180] Opening '/data/transcodes/047172d2b6c5720f5c8eb94a27303b5f423.ts' for writing
[hls @ 0x55786a177180] Opening '/data/transcodes/047172d2b6c5720f5c8eb94a27303b5f424.ts' for writing
frame=20101 fps=4964 q=-1.0 size=N/A time=00:13:24.00 bitrate=N/A speed= 199x    
[hls @ 0x55786a177180] Opening '/data/transcodes/047172d2b6c5720f5c8eb94a27303b5f425.ts' for writing
[hls @ 0x55786a177180] Opening '/data/transcodes/047172d2b6c5720f5c8eb94a27303b5f426.ts' for writing
[hls @ 0x55786a177180] Opening '/data/transcodes/047172d2b6c5720f5c8eb94a27303b5f427.ts' for writing
[hls @ 0x55786a177180] Opening '/data/transcodes/047172d2b6c5720f5c8eb94a27303b5f428.ts' for writing
[hls @ 0x55786a177180] Opening '/data/transcodes/047172d2b6c5720f5c8eb94a27303b5f429.ts' for writing
[hls @ 0x55786a177180] Opening '/data/transcodes/047172d2b6c5720f5c8eb94a27303b5f430.ts' for writing
[hls @ 0x55786a177180] Opening '/data/transcodes/047172d2b6c5720f5c8eb94a27303b5f431.ts' for writing
[hls @ 0x55786a177180] Opening '/data/transcodes/047172d2b6c5720f5c8eb94a27303b5f432.ts' for writing
[hls @ 0x55786a177180] Opening '/data/transcodes/047172d2b6c5720f5c8eb94a27303b5f433.ts' for writing
[hls @ 0x55786a177180] Opening '/data/transcodes/047172d2b6c5720f5c8eb94a27303b5f434.ts' for writing
[hls @ 0x55786a177180] Opening '/data/transcodes/047172d2b6c5720f5c8eb94a27303b5f435.ts' for writing
[hls @ 0x55786a177180] Opening '/data/transcodes/047172d2b6c5720f5c8eb94a27303b5f436.ts' for writing
[hls @ 0x55786a177180] Opening '/data/transcodes/047172d2b6c5720f5c8eb94a27303b5f437.ts' for writing
[hls @ 0x55786a177180] Opening '/data/transcodes/047172d2b6c5720f5c8eb94a27303b5f438.ts' for writing
[hls @ 0x55786a177180] Opening '/data/transcodes/047172d2b6c5720f5c8eb94a27303b5f439.ts' for writing
[hls @ 0x55786a177180] Opening '/data/transcodes/047172d2b6c5720f5c8eb94a27303b5f440.ts' for writing
[hls @ 0x55786a177180] Opening '/data/transcodes/047172d2b6c5720f5c8eb94a27303b5f441.ts' for writing
[hls @ 0x55786a177180] Opening '/data/transcodes/047172d2b6c5720f5c8eb94a27303b5f442.ts' for writing
[hls @ 0x55786a177180] Opening '/data/transcodes/047172d2b6c5720f5c8eb94a27303b5f443.ts' for writing
[hls @ 0x55786a177180] Opening '/data/transcodes/047172d2b6c5720f5c8eb94a27303b5f444.ts' for writing
[hls @ 0x55786a177180] Opening '/data/transcodes/047172d2b6c5720f5c8eb94a27303b5f445.ts' for writing
[hls @ 0x55786a177180] Opening '/data/transcodes/047172d2b6c5720f5c8eb94a27303b5f446.ts' for writing
frame=23433 fps=5151 q=-1.0 size=N/A time=00:15:37.32 bitrate=N/A speed= 206x    
[hls @ 0x55786a177180] Opening '/data/transcodes/047172d2b6c5720f5c8eb94a27303b5f447.ts' for writing
[hls @ 0x55786a177180] Opening '/data/transcodes/047172d2b6c5720f5c8eb94a27303b5f448.ts' for writing
[hls @ 0x55786a177180] Opening '/data/transcodes/047172d2b6c5720f5c8eb94a27303b5f449.ts' for writing
[hls @ 0x55786a177180] Opening '/data/transcodes/047172d2b6c5720f5c8eb94a27303b5f450.ts' for writing
[hls @ 0x55786a177180] Opening '/data/transcodes/047172d2b6c5720f5c8eb94a27303b5f451.ts' for writing
[hls @ 0x55786a177180] Opening '/data/transcodes/047172d2b6c5720f5c8eb94a27303b5f452.ts' for writing
[hls @ 0x55786a177180] Opening '/data/transcodes/047172d2b6c5720f5c8eb94a27303b5f453.ts' for writing
[hls @ 0x55786a177180] Opening '/data/transcodes/047172d2b6c5720f5c8eb94a27303b5f454.ts' for writing
[hls @ 0x55786a177180] Opening '/data/transcodes/047172d2b6c5720f5c8eb94a27303b5f455.ts' for writing
[hls @ 0x55786a177180] Opening '/data/transcodes/047172d2b6c5720f5c8eb94a27303b5f456.ts' for writing
[hls @ 0x55786a177180] Opening '/data/transcodes/047172d2b6c5720f5c8eb94a27303b5f457.ts' for writing
[hls @ 0x55786a177180] Opening '/data/transcodes/047172d2b6c5720f5c8eb94a27303b5f458.ts' for writing
[hls @ 0x55786a177180] Opening '/data/transcodes/047172d2b6c5720f5c8eb94a27303b5f459.ts' for writing
[hls @ 0x55786a177180] Opening '/data/transcodes/047172d2b6c5720f5c8eb94a27303b5f460.ts' for writing
[hls @ 0x55786a177180] Opening '/data/transcodes/047172d2b6c5720f5c8eb94a27303b5f461.ts' for writing
[hls @ 0x55786a177180] Opening '/data/transcodes/047172d2b6c5720f5c8eb94a27303b5f462.ts' for writing
[hls @ 0x55786a177180] Opening '/data/transcodes/047172d2b6c5720f5c8eb94a27303b5f463.ts' for writing
[hls @ 0x55786a177180] Opening '/data/transcodes/047172d2b6c5720f5c8eb94a27303b5f464.ts' for writing
[hls @ 0x55786a177180] Opening '/data/transcodes/047172d2b6c5720f5c8eb94a27303b5f465.ts' for writing
[hls @ 0x55786a177180] Opening '/data/transcodes/047172d2b6c5720f5c8eb94a27303b5f466.ts' for writing
[hls @ 0x55786a177180] Opening '/data/transcodes/047172d2b6c5720f5c8eb94a27303b5f467.ts' for writing
[hls @ 0x55786a177180] Opening '/data/transcodes/047172d2b6c5720f5c8eb94a27303b5f468.ts' for writing
[hls @ 0x55786a177180] Opening '/data/transcodes/047172d2b6c5720f5c8eb94a27303b5f469.ts' for writing
[hls @ 0x55786a177180] Opening '/data/transcodes/047172d2b6c5720f5c8eb94a27303b5f470.ts' for writing
frame=27030 fps=5347 q=-1.0 size=N/A time=00:18:01.32 bitrate=N/A speed= 214x    
[hls @ 0x55786a177180] Opening '/data/transcodes/047172d2b6c5720f5c8eb94a27303b5f471.ts' for writing
[hls @ 0x55786a177180] Opening '/data/transcodes/047172d2b6c5720f5c8eb94a27303b5f472.ts' for writing
[hls @ 0x55786a177180] Opening '/data/transcodes/047172d2b6c5720f5c8eb94a27303b5f473.ts' for writing
[hls @ 0x55786a177180] Opening '/data/transcodes/047172d2b6c5720f5c8eb94a27303b5f474.ts' for writing
[hls @ 0x55786a177180] Opening '/data/transcodes/047172d2b6c5720f5c8eb94a27303b5f475.ts' for writing
[hls @ 0x55786a177180] Opening '/data/transcodes/047172d2b6c5720f5c8eb94a27303b5f476.ts' for writing
[hls @ 0x55786a177180] Opening '/data/transcodes/047172d2b6c5720f5c8eb94a27303b5f477.ts' for writing
[hls @ 0x55786a177180] Opening '/data/transcodes/047172d2b6c5720f5c8eb94a27303b5f478.ts' for writing
[hls @ 0x55786a177180] Opening '/data/transcodes/047172d2b6c5720f5c8eb94a27303b5f479.ts' for writing
[hls @ 0x55786a177180] Opening '/data/transcodes/047172d2b6c5720f5c8eb94a27303b5f480.ts' for writing
[hls @ 0x55786a177180] Opening '/data/transcodes/047172d2b6c5720f5c8eb94a27303b5f481.ts' for writing
[hls @ 0x55786a177180] Opening '/data/transcodes/047172d2b6c5720f5c8eb94a27303b5f482.ts' for writing
[hls @ 0x55786a177180] Opening '/data/transcodes/047172d2b6c5720f5c8eb94a27303b5f483.ts' for writing
[hls @ 0x55786a177180] Opening '/data/transcodes/047172d2b6c5720f5c8eb94a27303b5f484.ts' for writing
frame=29101 fps=5233 q=-1.0 size=N/A time=00:19:24.00 bitrate=N/A speed= 209x    
[hls @ 0x55786a177180] Opening '/data/transcodes/047172d2b6c5720f5c8eb94a27303b5f485.ts' for writing
[hls @ 0x55786a177180] Opening '/data/transcodes/047172d2b6c5720f5c8eb94a27303b5f486.ts' for writing
[hls @ 0x55786a177180] Opening '/data/transcodes/047172d2b6c5720f5c8eb94a27303b5f487.ts' for writing
[hls @ 0x55786a177180] Opening '/data/transcodes/047172d2b6c5720f5c8eb94a27303b5f488.ts' for writing
[hls @ 0x55786a177180] Opening '/data/transcodes/047172d2b6c5720f5c8eb94a27303b5f489.ts' for writing
[hls @ 0x55786a177180] Opening '/data/transcodes/047172d2b6c5720f5c8eb94a27303b5f490.ts' for writing
[hls @ 0x55786a177180] Opening '/data/transcodes/047172d2b6c5720f5c8eb94a27303b5f491.ts' for writing
[hls @ 0x55786a177180] Opening '/data/transcodes/047172d2b6c5720f5c8eb94a27303b5f492.ts' for writing
[hls @ 0x55786a177180] Opening '/data/transcodes/047172d2b6c5720f5c8eb94a27303b5f493.ts' for writing
[hls @ 0x55786a177180] Opening '/data/transcodes/047172d2b6c5720f5c8eb94a27303b5f494.ts' for writing
[hls @ 0x55786a177180] Opening '/data/transcodes/047172d2b6c5720f5c8eb94a27303b5f495.ts' for writing
[hls @ 0x55786a177180] Opening '/data/transcodes/047172d2b6c5720f5c8eb94a27303b5f496.ts' for writing
[hls @ 0x55786a177180] Opening '/data/transcodes/047172d2b6c5720f5c8eb94a27303b5f497.ts' for writing
[hls @ 0x55786a177180] Opening '/data/transcodes/047172d2b6c5720f5c8eb94a27303b5f498.ts' for writing
[hls @ 0x55786a177180] Opening '/data/transcodes/047172d2b6c5720f5c8eb94a27303b5f499.ts' for writing
[hls @ 0x55786a177180] Opening '/data/transcodes/047172d2b6c5720f5c8eb94a27303b5f500.ts' for writing
[hls @ 0x55786a177180] Opening '/data/transcodes/047172d2b6c5720f5c8eb94a27303b5f501.ts' for writing
frame=31796 fps=5244 q=-1.0 size=N/A time=00:21:11.97 bitrate=N/A speed= 210x    
[hls @ 0x55786a177180] Opening '/data/transcodes/047172d2b6c5720f5c8eb94a27303b5f502.ts' for writing
[hls @ 0x55786a177180] Opening '/data/transcodes/047172d2b6c5720f5c8eb94a27303b5f503.ts' for writing
[hls @ 0x55786a177180] Opening '/data/transcodes/047172d2b6c5720f5c8eb94a27303b5f504.ts' for writing
[hls @ 0x55786a177180] Opening '/data/transcodes/047172d2b6c5720f5c8eb94a27303b5f505.ts' for writing
[hls @ 0x55786a177180] Opening '/data/transcodes/047172d2b6c5720f5c8eb94a27303b5f506.ts' for writing
[hls @ 0x55786a177180] Opening '/data/transcodes/047172d2b6c5720f5c8eb94a27303b5f507.ts' for writing
[hls @ 0x55786a177180] Opening '/data/transcodes/047172d2b6c5720f5c8eb94a27303b5f508.ts' for writing
[hls @ 0x55786a177180] Opening '/data/transcodes/047172d2b6c5720f5c8eb94a27303b5f509.ts' for writing
[hls @ 0x55786a177180] Opening '/data/transcodes/047172d2b6c5720f5c8eb94a27303b5f510.ts' for writing
[hls @ 0x55786a177180] Opening '/data/transcodes/047172d2b6c5720f5c8eb94a27303b5f511.ts' for writing
[hls @ 0x55786a177180] Opening '/data/transcodes/047172d2b6c5720f5c8eb94a27303b5f512.ts' for writing
[hls @ 0x55786a177180] Opening '/data/transcodes/047172d2b6c5720f5c8eb94a27303b5f513.ts' for writing
[hls @ 0x55786a177180] Opening '/data/transcodes/047172d2b6c5720f5c8eb94a27303b5f514.ts' for writing
[hls @ 0x55786a177180] Opening '/data/transcodes/047172d2b6c5720f5c8eb94a27303b5f515.ts' for writing
[hls @ 0x55786a177180] Opening '/data/transcodes/047172d2b6c5720f5c8eb94a27303b5f516.ts' for writing
[hls @ 0x55786a177180] Opening '/data/transcodes/047172d2b6c5720f5c8eb94a27303b5f517.ts' for writing
[hls @ 0x55786a177180] Opening '/data/transcodes/047172d2b6c5720f5c8eb94a27303b5f518.ts' for writing
[hls @ 0x55786a177180] Opening '/data/transcodes/047172d2b6c5720f5c8eb94a27303b5f519.ts' for writing
[hls @ 0x55786a177180] Opening '/data/transcodes/047172d2b6c5720f5c8eb94a27303b5f520.ts' for writing
[hls @ 0x55786a177180] Opening '/data/transcodes/047172d2b6c5720f5c8eb94a27303b5f521.ts' for writing
[hls @ 0x55786a177180] Opening '/data/transcodes/047172d2b6c5720f5c8eb94a27303b5f522.ts' for writing
[hls @ 0x55786a177180] Opening '/data/transcodes/047172d2b6c5720f5c8eb94a27303b5f523.ts' for writing
frame=34955 fps=5322 q=-1.0 size=N/A time=00:23:18.28 bitrate=N/A speed= 213x    
[hls @ 0x55786a177180] Opening '/data/transcodes/047172d2b6c5720f5c8eb94a27303b5f524.ts' for writing
[hls @ 0x55786a177180] Opening '/data/transcodes/047172d2b6c5720f5c8eb94a27303b5f525.ts' for writing
[hls @ 0x55786a177180] Opening '/data/transcodes/047172d2b6c5720f5c8eb94a27303b5f526.ts' for writing
[hls @ 0x55786a177180] Opening '/data/transcodes/047172d2b6c5720f5c8eb94a27303b5f527.ts' for writing
[hls @ 0x55786a177180] Opening '/data/transcodes/047172d2b6c5720f5c8eb94a27303b5f528.ts' for writing
[hls @ 0x55786a177180] Opening '/data/transcodes/047172d2b6c5720f5c8eb94a27303b5f529.ts' for writing
[hls @ 0x55786a177180] Opening '/data/transcodes/047172d2b6c5720f5c8eb94a27303b5f530.ts' for writing
[hls @ 0x55786a177180] Opening '/data/transcodes/047172d2b6c5720f5c8eb94a27303b5f531.ts' for writing
[hls @ 0x55786a177180] Opening '/data/transcodes/047172d2b6c5720f5c8eb94a27303b5f532.ts' for writing
[hls @ 0x55786a177180] Opening '/data/transcodes/047172d2b6c5720f5c8eb94a27303b5f533.ts' for writing
[hls @ 0x55786a177180] Opening '/data/transcodes/047172d2b6c5720f5c8eb94a27303b5f534.ts' for writing
[hls @ 0x55786a177180] Opening '/data/transcodes/047172d2b6c5720f5c8eb94a27303b5f535.ts' for writing
[hls @ 0x55786a177180] Opening '/data/transcodes/047172d2b6c5720f5c8eb94a27303b5f536.ts' for writing
[hls @ 0x55786a177180] Opening '/data/transcodes/047172d2b6c5720f5c8eb94a27303b5f537.ts' for writing
[hls @ 0x55786a177180] Opening '/data/transcodes/047172d2b6c5720f5c8eb94a27303b5f538.ts' for writing
[hls @ 0x55786a177180] Opening '/data/transcodes/047172d2b6c5720f5c8eb94a27303b5f539.ts' for writing
[hls @ 0x55786a177180] Opening '/data/transcodes/047172d2b6c5720f5c8eb94a27303b5f540.ts' for writing
[hls @ 0x55786a177180] Opening '/data/transcodes/047172d2b6c5720f5c8eb94a27303b5f541.ts' for writing
[hls @ 0x55786a177180] Opening '/data/transcodes/047172d2b6c5720f5c8eb94a27303b5f542.ts' for writing
[hls @ 0x55786a177180] Opening '/data/transcodes/047172d2b6c5720f5c8eb94a27303b5f543.ts' for writing
[hls @ 0x55786a177180] Opening '/data/transcodes/047172d2b6c5720f5c8eb94a27303b5f544.ts' for writing
[hls @ 0x55786a177180] Opening '/data/transcodes/047172d2b6c5720f5c8eb94a27303b5f545.ts' for writing
[hls @ 0x55786a177180] Opening '/data/transcodes/047172d2b6c5720f5c8eb94a27303b5f546.ts' for writing
[hls @ 0x55786a177180] Opening '/data/transcodes/047172d2b6c5720f5c8eb94a27303b5f547.ts' for writing
[hls @ 0x55786a177180] Opening '/data/transcodes/047172d2b6c5720f5c8eb94a27303b5f548.ts' for writing
frame=38735 fps=5481 q=-1.0 size=N/A time=00:25:49.51 bitrate=N/A speed= 219x    
[hls @ 0x55786a177180] Opening '/data/transcodes/047172d2b6c5720f5c8eb94a27303b5f549.ts' for writing
[hls @ 0x55786a177180] Opening '/data/transcodes/047172d2b6c5720f5c8eb94a27303b5f550.ts' for writing
[hls @ 0x55786a177180] Opening '/data/transcodes/047172d2b6c5720f5c8eb94a27303b5f551.ts' for writing
[hls @ 0x55786a177180] Opening '/data/transcodes/047172d2b6c5720f5c8eb94a27303b5f552.ts' for writing
[hls @ 0x55786a177180] Opening '/data/transcodes/047172d2b6c5720f5c8eb94a27303b5f553.ts' for writing
[hls @ 0x55786a177180] Opening '/data/transcodes/047172d2b6c5720f5c8eb94a27303b5f554.ts' for writing
[hls @ 0x55786a177180] Opening '/data/transcodes/047172d2b6c5720f5c8eb94a27303b5f555.ts' for writing
[hls @ 0x55786a177180] Opening '/data/transcodes/047172d2b6c5720f5c8eb94a27303b5f556.ts' for writing
[hls @ 0x55786a177180] Opening '/data/transcodes/047172d2b6c5720f5c8eb94a27303b5f557.ts' for writing
[hls @ 0x55786a177180] Opening '/data/transcodes/047172d2b6c5720f5c8eb94a27303b5f558.ts' for writing
[hls @ 0x55786a177180] Opening '/data/transcodes/047172d2b6c5720f5c8eb94a27303b5f559.ts' for writing
[hls @ 0x55786a177180] Opening '/data/transcodes/047172d2b6c5720f5c8eb94a27303b5f560.ts' for writing
[hls @ 0x55786a177180] Opening '/data/transcodes/047172d2b6c5720f5c8eb94a27303b5f561.ts' for writing
[hls @ 0x55786a177180] Opening '/data/transcodes/047172d2b6c5720f5c8eb94a27303b5f562.ts' for writing
[hls @ 0x55786a177180] Opening '/data/transcodes/047172d2b6c5720f5c8eb94a27303b5f563.ts' for writing
[hls @ 0x55786a177180] Opening '/data/transcodes/047172d2b6c5720f5c8eb94a27303b5f564.ts' for writing
[hls @ 0x55786a177180] Opening '/data/transcodes/047172d2b6c5720f5c8eb94a27303b5f565.ts' for writing
[hls @ 0x55786a177180] Opening '/data/transcodes/047172d2b6c5720f5c8eb94a27303b5f566.ts' for writing
[hls @ 0x55786a177180] Opening '/data/transcodes/047172d2b6c5720f5c8eb94a27303b5f567.ts' for writing
[hls @ 0x55786a177180] Opening '/data/transcodes/047172d2b6c5720f5c8eb94a27303b5f568.ts' for writing
[hls @ 0x55786a177180] Opening '/data/transcodes/047172d2b6c5720f5c8eb94a27303b5f569.ts' for writing
[hls @ 0x55786a177180] Opening '/data/transcodes/047172d2b6c5720f5c8eb94a27303b5f570.ts' for writing
[hls @ 0x55786a177180] Opening '/data/transcodes/047172d2b6c5720f5c8eb94a27303b5f571.ts' for writing
[hls @ 0x55786a177180] Opening '/data/transcodes/047172d2b6c5720f5c8eb94a27303b5f572.ts' for writing
[hls @ 0x55786a177180] Opening '/data/transcodes/047172d2b6c5720f5c8eb94a27303b5f573.ts' for writing
frame=42451 fps=5606 q=-1.0 size=N/A time=00:28:18.02 bitrate=N/A speed= 224x    
[hls @ 0x55786a177180] Opening '/data/transcodes/047172d2b6c5720f5c8eb94a27303b5f574.ts' for writing
[hls @ 0x55786a177180] Opening '/data/transcodes/047172d2b6c5720f5c8eb94a27303b5f575.ts' for writing
[hls @ 0x55786a177180] Opening '/data/transcodes/047172d2b6c5720f5c8eb94a27303b5f576.ts' for writing
[hls @ 0x55786a177180] Opening '/data/transcodes/047172d2b6c5720f5c8eb94a27303b5f577.ts' for writing
[hls @ 0x55786a177180] Opening '/data/transcodes/047172d2b6c5720f5c8eb94a27303b5f578.ts' for writing
[hls @ 0x55786a177180] Opening '/data/transcodes/047172d2b6c5720f5c8eb94a27303b5f579.ts' for writing
[hls @ 0x55786a177180] Opening '/data/transcodes/047172d2b6c5720f5c8eb94a27303b5f580.ts' for writing
[hls @ 0x55786a177180] Opening '/data/transcodes/047172d2b6c5720f5c8eb94a27303b5f581.ts' for writing
[hls @ 0x55786a177180] Opening '/data/transcodes/047172d2b6c5720f5c8eb94a27303b5f582.ts' for writing
[hls @ 0x55786a177180] Opening '/data/transcodes/047172d2b6c5720f5c8eb94a27303b5f583.ts' for writing
[hls @ 0x55786a177180] Opening '/data/transcodes/047172d2b6c5720f5c8eb94a27303b5f584.ts' for writing
[hls @ 0x55786a177180] Opening '/data/transcodes/047172d2b6c5720f5c8eb94a27303b5f585.ts' for writing
[hls @ 0x55786a177180] Opening '/data/transcodes/047172d2b6c5720f5c8eb94a27303b5f586.ts' for writing
[hls @ 0x55786a177180] Opening '/data/transcodes/047172d2b6c5720f5c8eb94a27303b5f587.ts' for writing
[hls @ 0x55786a177180] Opening '/data/transcodes/047172d2b6c5720f5c8eb94a27303b5f588.ts' for writing
frame=44667 fps=5716 q=-1.0 Lsize=N/A time=00:29:46.72 bitrate=N/A speed= 229x    
video:1281565kB audio:48856kB subtitle:0kB other streams:0kB global headers:0kB muxing overhead: unknown