/videos/2e416665-ec5a-b889-85b6-3636be4c1bfc/hls1/main/0.ts

{"Protocol":0,"Id":"2e416665ec5ab88985b63636be4c1bfc","Path":"/data/tvshows/Jujutsu Kaisen/Season 2/Jujutsu Kaisen - S02E01 - Hidden Inventory WEBRip-1080p.mp4","EncoderPath":null,"EncoderProtocol":null,"Type":0,"Container":"mov,mp4,m4a,3gp,3g2,mj2","Size":340753248,"Name":"Jujutsu Kaisen - S02E01 - Hidden Inventory WEBRip-1080p","IsRemote":false,"ETag":"2046356a0fe94d803ac5197914b5edcb","RunTimeTicks":14350869504,"ReadAtNativeFramerate":false,"IgnoreDts":false,"IgnoreIndex":false,"GenPtsInput":false,"SupportsTranscoding":true,"SupportsDirectStream":true,"SupportsDirectPlay":true,"IsInfiniteStream":false,"RequiresOpening":false,"OpenToken":null,"RequiresClosing":false,"LiveStreamId":null,"BufferMs":null,"RequiresLooping":false,"SupportsProbing":true,"VideoType":0,"IsoType":null,"Video3DFormat":null,"MediaStreams":[{"Codec":"h264","CodecTag":"avc1","Language":"und","ColorRange":null,"ColorSpace":"bt709","ColorTransfer":"bt709","ColorPrimaries":"bt709","DvVersionMajor":null,"DvVersionMinor":null,"DvProfile":null,"DvLevel":null,"RpuPresentFlag":null,"ElPresentFlag":null,"BlPresentFlag":null,"DvBlSignalCompatibilityId":null,"Comment":null,"TimeBase":"1/24000","CodecTimeBase":null,"Title":null,"VideoRange":"SDR","VideoRangeType":"SDR","VideoDoViTitle":null,"LocalizedUndefined":null,"LocalizedDefault":null,"LocalizedForced":null,"LocalizedExternal":null,"DisplayTitle":"1080p H264 SDR","NalLengthSize":"4","IsInterlaced":false,"IsAVC":true,"ChannelLayout":null,"BitRate":1760777,"BitDepth":10,"RefFrames":1,"PacketLength":null,"Channels":null,"SampleRate":null,"IsDefault":true,"IsForced":false,"Height":1080,"Width":1920,"AverageFrameRate":23.976025,"RealFrameRate":23.976025,"Profile":"High 10","Type":1,"AspectRatio":"16:9","Index":0,"Score":null,"IsExternal":false,"DeliveryMethod":null,"DeliveryUrl":null,"IsExternalUrl":null,"IsTextSubtitleStream":false,"SupportsExternalStream":false,"Path":null,"PixelFormat":"yuv420p10le","Level":40,"IsAnamorphic":null},{"Codec":"mov_text","CodecTag":"tx3g","Language":"eng","ColorRange":null,"ColorSpace":null,"ColorTransfer":null,"ColorPrimaries":null,"DvVersionMajor":null,"DvVersionMinor":null,"DvProfile":null,"DvLevel":null,"RpuPresentFlag":null,"ElPresentFlag":null,"BlPresentFlag":null,"DvBlSignalCompatibilityId":null,"Comment":null,"TimeBase":"1/1000000","CodecTimeBase":null,"Title":null,"VideoRange":null,"VideoRangeType":null,"VideoDoViTitle":null,"LocalizedUndefined":"Undefined","LocalizedDefault":"Default","LocalizedForced":"Forced","LocalizedExternal":"External","DisplayTitle":"English - Default - MOV_TEXT","NalLengthSize":null,"IsInterlaced":false,"IsAVC":null,"ChannelLayout":null,"BitRate":125,"BitDepth":null,"RefFrames":null,"PacketLength":null,"Channels":null,"SampleRate":null,"IsDefault":true,"IsForced":false,"Height":null,"Width":null,"AverageFrameRate":null,"RealFrameRate":null,"Profile":null,"Type":2,"AspectRatio":null,"Index":1,"Score":null,"IsExternal":false,"DeliveryMethod":null,"DeliveryUrl":null,"IsExternalUrl":null,"IsTextSubtitleStream":true,"SupportsExternalStream":true,"Path":null,"PixelFormat":null,"Level":0,"IsAnamorphic":null},{"Codec":"aac","CodecTag":"mp4a","Language":"jpn","ColorRange":null,"ColorSpace":null,"ColorTransfer":null,"ColorPrimaries":null,"DvVersionMajor":null,"DvVersionMinor":null,"DvProfile":null,"DvLevel":null,"RpuPresentFlag":null,"ElPresentFlag":null,"BlPresentFlag":null,"DvBlSignalCompatibilityId":null,"Comment":null,"TimeBase":"1/44100","CodecTimeBase":null,"Title":null,"VideoRange":null,"VideoRangeType":null,"VideoDoViTitle":null,"LocalizedUndefined":null,"LocalizedDefault":null,"LocalizedForced":null,"LocalizedExternal":null,"DisplayTitle":"Japanese - AAC - Stereo - Default","NalLengthSize":null,"IsInterlaced":false,"IsAVC":null,"ChannelLayout":"stereo","BitRate":130594,"BitDepth":null,"RefFrames":null,"PacketLength":null,"Channels":2,"SampleRate":44100,"IsDefault":true,"IsForced":false,"Height":null,"Width":null,"AverageFrameRate":null,"RealFrameRate":null,"Profile":"LC","Type":0,"AspectRatio":null,"Index":2,"Score":null,"IsExternal":false,"DeliveryMethod":null,"DeliveryUrl":null,"IsExternalUrl":null,"IsTextSubtitleStream":false,"SupportsExternalStream":false,"Path":null,"PixelFormat":null,"Level":0,"IsAnamorphic":null},{"Codec":"bin_data","CodecTag":"text","Language":"eng","ColorRange":null,"ColorSpace":null,"ColorTransfer":null,"ColorPrimaries":null,"DvVersionMajor":null,"DvVersionMinor":null,"DvProfile":null,"DvLevel":null,"RpuPresentFlag":null,"ElPresentFlag":null,"BlPresentFlag":null,"DvBlSignalCompatibilityId":null,"Comment":null,"TimeBase":"1/1000","CodecTimeBase":null,"Title":null,"VideoRange":null,"VideoRangeType":null,"VideoDoViTitle":null,"LocalizedUndefined":null,"LocalizedDefault":null,"LocalizedForced":null,"LocalizedExternal":null,"DisplayTitle":null,"NalLengthSize":null,"IsInterlaced":false,"IsAVC":null,"ChannelLayout":null,"BitRate":null,"BitDepth":null,"RefFrames":null,"PacketLength":null,"Channels":null,"SampleRate":null,"IsDefault":false,"IsForced":false,"Height":null,"Width":null,"AverageFrameRate":null,"RealFrameRate":null,"Profile":null,"Type":4,"AspectRatio":null,"Index":3,"Score":null,"IsExternal":false,"DeliveryMethod":null,"DeliveryUrl":null,"IsExternalUrl":null,"IsTextSubtitleStream":false,"SupportsExternalStream":false,"Path":null,"PixelFormat":null,"Level":0,"IsAnamorphic":null}],"MediaAttachments":[],"Formats":[],"Bitrate":1899554,"Timestamp":null,"RequiredHttpHeaders":{},"TranscodingUrl":null,"TranscodingSubProtocol":null,"TranscodingContainer":null,"AnalyzeDurationMs":null,"DefaultAudioStreamIndex":null,"DefaultSubtitleStreamIndex":null}

/usr/lib/jellyfin-ffmpeg/ffmpeg -analyzeduration 200M -f mov,mp4,m4a,3gp,3g2,mj2 -autorotate 0 -i file:"/data/tvshows/Jujutsu Kaisen/Season 2/Jujutsu Kaisen - S02E01 - Hidden Inventory WEBRip-1080p.mp4" -map_metadata -1 -map_chapters -1 -threads 0 -map 0:0 -map 0:2 -map -0:s -codec:v:0 libx264 -preset veryfast -crf 23 -maxrate 4401942 -bufsize 8803884 -profile:v:0 high -level 40 -x264opts:0 subme=0:me_range=4:rc_lookahead=10:me=dia:no_chroma_me:8x8dct=0:partitions=none -force_key_frames:0 "expr:gte(t,0+n_forced*3)" -sc_threshold:v:0 0 -vf "setparams=color_primaries=bt709:color_trc=bt709:colorspace=bt709,scale=trunc(min(max(iw\,ih*a)\,min(1920\,1080*a))/2)*2:trunc(min(max(iw/a\,ih)\,min(1920/a\,1080))/2)*2,format=yuv420p" -start_at_zero -codec:a:0 copy -copyts -avoid_negative_ts disabled -max_muxing_queue_size 2048 -f hls -max_delay 5000000 -hls_time 3 -hls_segment_type mpegts -start_number 0 -hls_segment_filename "/config/data/transcodes/1214b0ccd258bd1377866adc8a4518ba%d.ts" -hls_playlist_type vod -hls_list_size 0 -y "/config/data/transcodes/1214b0ccd258bd1377866adc8a4518ba.m3u8"


ffmpeg version 5.1.3-Jellyfin Copyright (c) 2000-2022 the FFmpeg developers
  built with gcc 11 (Ubuntu 11.3.0-1ubuntu1~22.04.1)
  configuration: --prefix=/usr/lib/jellyfin-ffmpeg --target-os=linux --extra-libs=-lfftw3f --extra-version=Jellyfin --disable-doc --disable-ffplay --disable-ptx-compression --disable-static --disable-libxcb --disable-sdl2 --disable-xlib --enable-lto --enable-gpl --enable-version3 --enable-shared --enable-gmp --enable-gnutls --enable-chromaprint --enable-libdrm --enable-libass --enable-libfreetype --enable-libfribidi --enable-libfontconfig --enable-libbluray --enable-libmp3lame --enable-libopus --enable-libtheora --enable-libvorbis --enable-libopenmpt --enable-libdav1d --enable-libwebp --enable-libvpx --enable-libx264 --enable-libx265 --enable-libzvbi --enable-libzimg --enable-libfdk-aac --arch=amd64 --enable-libsvtav1 --enable-libshaderc --enable-libplacebo --enable-vulkan --enable-opencl --enable-vaapi --enable-amf --enable-libmfx --enable-ffnvcodec --enable-cuda --enable-cuda-llvm --enable-cuvid --enable-nvdec --enable-nvenc
  libavutil      57. 28.100 / 57. 28.100
  libavcodec     59. 37.100 / 59. 37.100
  libavformat    59. 27.100 / 59. 27.100
  libavdevice    59.  7.100 / 59.  7.100
  libavfilter     8. 44.100 /  8. 44.100
  libswscale      6.  7.100 /  6.  7.100
  libswresample   4.  7.100 /  4.  7.100
  libpostproc    56.  6.100 / 56.  6.100
Input #0, mov,mp4,m4a,3gp,3g2,mj2, from 'file:/data/tvshows/Jujutsu Kaisen/Season 2/Jujutsu Kaisen - S02E01 - Hidden Inventory WEBRip-1080p.mp4':
  Metadata:
    major_brand     : isom
    minor_version   : 512
    compatible_brands: isomiso2avc1mp41
    encoder         : Lavf60.3.100
  Duration: 00:23:55.09, start: 0.000000, bitrate: 1899 kb/s
  Chapters:
    Chapter #0:0: start 0.000000, end 649.000000
      Metadata:
        title           : Intro
    Chapter #0:1: start 649.000000, end 739.000000
      Metadata:
        title           : OP
    Chapter #0:2: start 739.000000, end 1330.000000
      Metadata:
        title           : Main EP
    Chapter #0:3: start 1330.000000, end 1420.000000
      Metadata:
        title           : ED
    Chapter #0:4: start 1420.000000, end 1435.086000
      Metadata:
        title           : PV
  Stream #0:0[0x1](und): Video: h264 (High 10) (avc1 / 0x31637661), yuv420p10le(tv, bt709, progressive), 1920x1080 [SAR 1:1 DAR 16:9], 1760 kb/s, 23.98 fps, 23.98 tbr, 24k tbn (default)
    Metadata:
      handler_name    : VideoHandler
      vendor_id       : [0][0][0][0]
      encoder         : Lavc60.3.100 libx264
  Stream #0:1[0x2](eng): Subtitle: mov_text (tx3g / 0x67337874), 0 kb/s (default)
    Metadata:
      handler_name    : SubtitleHandler
  Stream #0:2[0x3](jpn): Audio: aac (LC) (mp4a / 0x6134706D), 44100 Hz, stereo, fltp, 130 kb/s (default)
    Metadata:
      handler_name    : SoundHandler
      vendor_id       : [0][0][0][0]
  Stream #0:3[0x4](eng): Data: bin_data (text / 0x74786574)
    Metadata:
      handler_name    : SubtitleHandler
Stream mapping:
  Stream #0:0 -> #0:0 (h264 (native) -> h264 (libx264))
  Stream #0:2 -> #0:1 (copy)
Press [q] to stop, [?] for help
[libx264 @ 0x56437fedc580] using SAR=1/1
[libx264 @ 0x56437fedc580] using cpu capabilities: MMX2 SSE2Fast SSSE3 SSE4.2 AVX FMA3 BMI2 AVX2
[libx264 @ 0x56437fedc580] profile Main, level 4.0, 4:2:0, 8-bit
[libx264 @ 0x56437fedc580] 264 - core 163 r3060 5db6aa6 - H.264/MPEG-4 AVC codec - Copyleft 2003-2021 - http://www.videolan.org/x264.html - options: cabac=1 ref=1 deblock=1:0:0 analyse=0x1:0 me=dia subme=0 psy=1 psy_rd=1.00:0.00 mixed_ref=0 me_range=4 chroma_me=0 trellis=0 8x8dct=0 cqm=0 deadzone=21,11 fast_pskip=1 chroma_qp_offset=0 threads=6 lookahead_threads=1 sliced_threads=0 nr=0 decimate=1 interlaced=0 bluray_compat=0 constrained_intra=0 bframes=3 b_pyramid=2 b_adapt=1 b_bias=0 direct=1 weightb=1 open_gop=0 weightp=1 keyint=250 keyint_min=23 scenecut=0 intra_refresh=0 rc_lookahead=10 rc=crf mbtree=1 crf=23.0 qcomp=0.60 qpmin=0 qpmax=69 qpstep=4 vbv_maxrate=4401 vbv_bufsize=8803 crf_max=0.0 nal_hrd=none filler=0 ip_ratio=1.40 aq=1:1.00
Output #0, hls, to '/config/data/transcodes/1214b0ccd258bd1377866adc8a4518ba.m3u8':
  Metadata:
    encoder         : Lavf59.27.100
  Stream #0:0: Video: h264, yuv420p(tv, bt709, progressive), 1920x1080 [SAR 1:1 DAR 16:9], q=2-31, 23.98 fps, 90k tbn (default)
    Metadata:
      encoder         : Lavc59.37.100 libx264
    Side data:
      cpb: bitrate max/min/avg: 4401000/0/0 buffer size: 8803000 vbv_delay: N/A
  Stream #0:1: Audio: aac (LC) (mp4a / 0x6134706D), 44100 Hz, stereo, fltp, 130 kb/s (default)
frame=    1 fps=0.0 q=0.0 size=N/A time=00:00:00.00 bitrate=N/A speed=   0x    
frame=   12 fps=0.0 q=0.0 size=N/A time=00:00:00.46 bitrate=N/A speed=0.653x    
frame=   16 fps= 12 q=0.0 size=N/A time=00:00:00.65 bitrate=N/A speed=0.497x    
frame=   19 fps= 10 q=0.0 size=N/A time=00:00:00.76 bitrate=N/A speed=0.424x    
frame=   20 fps=8.6 q=0.0 size=N/A time=00:00:00.81 bitrate=N/A speed=0.352x    
frame=   21 fps=5.8 q=28.0 size=N/A time=00:00:00.86 bitrate=N/A speed=0.239x    
frame=   23 fps=5.3 q=28.0 size=N/A time=00:00:00.92 bitrate=N/A speed=0.215x    
frame=   25 fps=5.1 q=28.0 size=N/A time=00:00:01.02 bitrate=N/A speed=0.209x    
frame=   30 fps=5.3 q=28.0 size=N/A time=00:00:01.23 bitrate=N/A speed=0.219x    
frame=   39 fps=6.3 q=28.0 size=N/A time=00:00:01.60 bitrate=N/A speed=0.257x    
frame=   43 fps=6.1 q=28.0 size=N/A time=00:00:01.76 bitrate=N/A speed=0.252x    
frame=   50 fps=6.6 q=28.0 size=N/A time=00:00:02.06 bitrate=N/A speed=0.274x    
frame=   58 fps=7.1 q=28.0 size=N/A time=00:00:02.39 bitrate=N/A speed=0.294x    
frame=   62 fps=7.1 q=28.0 size=N/A time=00:00:02.55 bitrate=N/A speed=0.293x    
frame=   68 fps=7.4 q=28.0 size=N/A time=00:00:02.81 bitrate=N/A speed=0.304x    
frame=   74 fps=7.5 q=28.0 size=N/A time=00:00:03.06 bitrate=N/A speed=0.312x    
frame=   82 fps=7.9 q=28.0 size=N/A time=00:00:03.39 bitrate=N/A speed=0.325x    
frame=   88 fps=8.0 q=25.0 size=N/A time=00:00:03.64 bitrate=N/A speed=0.333x    
[hls @ 0x56437fe39dc0] Opening '/config/data/transcodes/1214b0ccd258bd1377866adc8a4518ba0.ts' for writing
frame=   95 fps=8.3 q=28.0 size=N/A time=00:00:03.94 bitrate=N/A speed=0.345x    
frame=  103 fps=8.6 q=28.0 size=N/A time=00:00:04.27 bitrate=N/A speed=0.355x    
frame=  113 fps=9.0 q=28.0 size=N/A time=00:00:04.69 bitrate=N/A speed=0.374x    
frame=  122 fps=9.3 q=28.0 size=N/A time=00:00:05.06 bitrate=N/A speed=0.385x    
frame=  132 fps=9.6 q=28.0 size=N/A time=00:00:05.48 bitrate=N/A speed=0.399x    
frame=  139 fps=9.7 q=28.0 size=N/A time=00:00:05.78 bitrate=N/A speed=0.405x    
frame=  150 fps= 10 q=28.0 size=N/A time=00:00:06.22 bitrate=N/A speed=0.419x    
frame=  161 fps= 10 q=28.0 size=N/A time=00:00:06.68 bitrate=N/A speed=0.433x    
[hls @ 0x56437fe39dc0] Opening '/config/data/transcodes/1214b0ccd258bd1377866adc8a4518ba1.ts' for writing
frame=  167 fps= 10 q=28.0 size=N/A time=00:00:06.94 bitrate=N/A speed=0.433x    
frame=  175 fps= 11 q=28.0 size=N/A time=00:00:07.26 bitrate=N/A speed=0.439x    
frame=  186 fps= 11 q=28.0 size=N/A time=00:00:07.73 bitrate=N/A speed=0.453x    
frame=  196 fps= 11 q=28.0 size=N/A time=00:00:08.15 bitrate=N/A speed=0.464x    
frame=  208 fps= 11 q=28.0 size=N/A time=00:00:08.66 bitrate=N/A speed=0.477x    
frame=  220 fps= 12 q=28.0 size=N/A time=00:00:09.14 bitrate=N/A speed=0.491x    
frame=  229 fps= 12 q=28.0 size=N/A time=00:00:09.52 bitrate=N/A speed=0.497x    
[hls @ 0x56437fe39dc0] Opening '/config/data/transcodes/1214b0ccd258bd1377866adc8a4518ba2.ts' for writing
frame=  237 fps= 12 q=28.0 size=N/A time=00:00:09.86 bitrate=N/A speed=0.502x    
frame=  245 fps= 12 q=28.0 size=N/A time=00:00:10.19 bitrate=N/A speed=0.506x    
frame=  257 fps= 12 q=28.0 size=N/A time=00:00:10.70 bitrate=N/A speed=0.518x    
frame=  265 fps= 12 q=28.0 size=N/A time=00:00:11.03 bitrate=N/A speed=0.519x    
frame=  273 fps= 12 q=28.0 size=N/A time=00:00:11.35 bitrate=N/A speed=0.519x    
frame=  281 fps= 13 q=28.0 size=N/A time=00:00:11.70 bitrate=N/A speed=0.521x    
frame=  289 fps= 13 q=28.0 size=N/A time=00:00:12.02 bitrate=N/A speed=0.524x    
frame=  299 fps= 13 q=28.0 size=N/A time=00:00:12.44 bitrate=N/A speed=0.53x    
frame=  307 fps= 13 q=28.0 size=N/A time=00:00:12.77 bitrate=N/A speed=0.53x    
[hls @ 0x56437fe39dc0] Opening '/config/data/transcodes/1214b0ccd258bd1377866adc8a4518ba3.ts' for writing
frame=  314 fps= 13 q=28.0 size=N/A time=00:00:13.07 bitrate=N/A speed=0.532x    
frame=  323 fps= 13 q=28.0 size=N/A time=00:00:13.44 bitrate=N/A speed=0.534x    
frame=  334 fps= 13 q=28.0 size=N/A time=00:00:13.91 bitrate=N/A speed=0.542x    
frame=  342 fps= 13 q=28.0 size=N/A time=00:00:14.23 bitrate=N/A speed=0.544x    
frame=  353 fps= 13 q=28.0 size=N/A time=00:00:14.69 bitrate=N/A speed=0.55x    
frame=  364 fps= 13 q=28.0 size=N/A time=00:00:15.16 bitrate=N/A speed=0.557x    
frame=  374 fps= 13 q=28.0 size=N/A time=00:00:15.58 bitrate=N/A speed=0.562x    
[hls @ 0x56437fe39dc0] Opening '/config/data/transcodes/1214b0ccd258bd1377866adc8a4518ba4.ts' for writing
frame=  384 fps= 14 q=28.0 size=N/A time=00:00:15.99 bitrate=N/A speed=0.567x    
frame=  394 fps= 14 q=28.0 size=N/A time=00:00:16.41 bitrate=N/A speed=0.57x    
frame=  406 fps= 14 q=28.0 size=N/A time=00:00:16.90 bitrate=N/A speed=0.577x    
frame=  416 fps= 14 q=28.0 size=N/A time=00:00:17.32 bitrate=N/A speed=0.581x    
frame=  426 fps= 14 q=28.0 size=N/A time=00:00:17.74 bitrate=N/A speed=0.585x    
frame=  436 fps= 14 q=28.0 size=N/A time=00:00:18.15 bitrate=N/A speed=0.587x    
frame=  449 fps= 14 q=28.0 size=N/A time=00:00:18.69 bitrate=N/A speed=0.595x    
[hls @ 0x56437fe39dc0] Opening '/config/data/transcodes/1214b0ccd258bd1377866adc8a4518ba5.ts' for writing
frame=  458 fps= 14 q=28.0 size=N/A time=00:00:19.08 bitrate=N/A speed=0.598x    
frame=  470 fps= 14 q=28.0 size=N/A time=00:00:19.57 bitrate=N/A speed=0.602x    
frame=  486 fps= 15 q=28.0 size=N/A time=00:00:20.24 bitrate=N/A speed=0.613x    
frame=  501 fps= 15 q=28.0 size=N/A time=00:00:20.87 bitrate=N/A speed=0.622x    
frame=  514 fps= 15 q=28.0 size=N/A time=00:00:21.40 bitrate=N/A speed=0.627x    
[hls @ 0x56437fe39dc0] Opening '/config/data/transcodes/1214b0ccd258bd1377866adc8a4518ba6.ts' for writing
frame=  528 fps= 15 q=28.0 size=N/A time=00:00:21.99 bitrate=N/A speed=0.633x    
frame=  540 fps= 15 q=28.0 size=N/A time=00:00:22.50 bitrate=N/A speed=0.637x    
frame=  551 fps= 15 q=28.0 size=N/A time=00:00:22.96 bitrate=N/A speed=0.641x    
frame=  563 fps= 15 q=28.0 size=N/A time=00:00:23.45 bitrate=N/A speed=0.645x    
frame=  571 fps= 15 q=28.0 size=N/A time=00:00:23.80 bitrate=N/A speed=0.646x    
frame=  584 fps= 16 q=28.0 size=N/A time=00:00:24.33 bitrate=N/A speed=0.651x    
frame=  592 fps= 16 q=25.0 size=N/A time=00:00:24.65 bitrate=N/A speed=0.651x    
[hls @ 0x56437fe39dc0] Opening '/config/data/transcodes/1214b0ccd258bd1377866adc8a4518ba7.ts' for writing
frame=  601 fps= 16 q=28.0 size=N/A time=00:00:25.03 bitrate=N/A speed=0.651x    
frame=  607 fps= 16 q=28.0 size=N/A time=00:00:25.31 bitrate=N/A speed=0.65x    
frame=  614 fps= 16 q=28.0 size=N/A time=00:00:25.58 bitrate=N/A speed=0.649x    
frame=  622 fps= 16 q=28.0 size=N/A time=00:00:25.91 bitrate=N/A speed=0.649x    
frame=  633 fps= 16 q=28.0 size=N/A time=00:00:26.37 bitrate=N/A speed=0.652x    
frame=  647 fps= 16 q=28.0 size=N/A time=00:00:26.95 bitrate=N/A speed=0.656x    
frame=  656 fps= 16 q=28.0 size=N/A time=00:00:27.33 bitrate=N/A speed=0.657x    
frame=  665 fps= 16 q=28.0 size=N/A time=00:00:27.70 bitrate=N/A speed=0.658x    
[hls @ 0x56437fe39dc0] Opening '/config/data/transcodes/1214b0ccd258bd1377866adc8a4518ba8.ts' for writing
frame=  673 fps= 16 q=28.0 size=N/A time=00:00:28.05 bitrate=N/A speed=0.657x    
frame=  685 fps= 16 q=28.0 size=N/A time=00:00:28.53 bitrate=N/A speed=0.661x    
frame=  695 fps= 16 q=28.0 size=N/A time=00:00:28.95 bitrate=N/A speed=0.663x    
frame=  703 fps= 16 q=28.0 size=N/A time=00:00:29.30 bitrate=N/A speed=0.662x    
frame=  708 fps= 16 q=28.0 size=N/A time=00:00:29.51 bitrate=N/A speed=0.659x    
frame=  713 fps= 16 q=28.0 size=N/A time=00:00:29.72 bitrate=N/A speed=0.657x    
frame=  718 fps= 16 q=28.0 size=N/A time=00:00:29.93 bitrate=N/A speed=0.653x    
frame=  724 fps= 16 q=28.0 size=N/A time=00:00:30.16 bitrate=N/A speed=0.649x    
frame=  733 fps= 16 q=28.0 size=N/A time=00:00:30.55 bitrate=N/A speed=0.65x    
[hls @ 0x56437fe39dc0] Opening '/config/data/transcodes/1214b0ccd258bd1377866adc8a4518ba9.ts' for writing
frame=  741 fps= 16 q=28.0 size=N/A time=00:00:30.88 bitrate=N/A speed=0.65x    
frame=  753 fps= 16 q=28.0 size=N/A time=00:00:31.37 bitrate=N/A speed=0.653x    
frame=  766 fps= 16 q=28.0 size=N/A time=00:00:31.92 bitrate=N/A speed=0.657x    
frame=  777 fps= 16 q=28.0 size=N/A time=00:00:32.39 bitrate=N/A speed=0.659x    
frame=  787 fps= 16 q=28.0 size=N/A time=00:00:32.81 bitrate=N/A speed=0.66x    
frame=  796 fps= 16 q=28.0 size=N/A time=00:00:33.18 bitrate=N/A speed=0.66x    
frame=  806 fps= 16 q=28.0 size=N/A time=00:00:33.60 bitrate=N/A speed=0.661x    
[hls @ 0x56437fe39dc0] Opening '/config/data/transcodes/1214b0ccd258bd1377866adc8a4518ba10.ts' for writing
frame=  818 fps= 16 q=28.0 size=N/A time=00:00:34.08 bitrate=N/A speed=0.663x    
frame=  832 fps= 16 q=28.0 size=N/A time=00:00:34.66 bitrate=N/A speed=0.668x    
frame=  851 fps= 16 q=28.0 size=N/A time=00:00:35.45 bitrate=N/A speed=0.677x    
frame=  870 fps= 16 q=28.0 size=N/A time=00:00:36.26 bitrate=N/A speed=0.686x    
[hls @ 0x56437fe39dc0] Opening '/config/data/transcodes/1214b0ccd258bd1377866adc8a4518ba11.ts' for writing
frame=  885 fps= 17 q=28.0 size=N/A time=00:00:36.89 bitrate=N/A speed=0.691x    
frame=  895 fps= 17 q=28.0 size=N/A time=00:00:37.31 bitrate=N/A speed=0.692x    
frame=  904 fps= 17 q=28.0 size=N/A time=00:00:37.68 bitrate=N/A speed=0.693x    
frame=  913 fps= 17 q=28.0 size=N/A time=00:00:38.05 bitrate=N/A speed=0.693x    
frame=  922 fps= 17 q=28.0 size=N/A time=00:00:38.42 bitrate=N/A speed=0.692x    
frame=  929 fps= 17 q=28.0 size=N/A time=00:00:38.73 bitrate=N/A speed=0.691x    
frame=  939 fps= 17 q=28.0 size=N/A time=00:00:39.14 bitrate=N/A speed=0.693x    
frame=  950 fps= 17 q=28.0 size=N/A time=00:00:39.59 bitrate=N/A speed=0.694x    
[hls @ 0x56437fe39dc0] Opening '/config/data/transcodes/1214b0ccd258bd1377866adc8a4518ba12.ts' for writing
frame=  960 fps= 17 q=28.0 size=N/A time=00:00:40.00 bitrate=N/A speed=0.695x    
frame=  976 fps= 17 q=28.0 size=N/A time=00:00:40.68 bitrate=N/A speed= 0.7x    
frame=  991 fps= 17 q=28.0 size=N/A time=00:00:41.30 bitrate=N/A speed=0.705x    
frame= 1003 fps= 17 q=28.0 size=N/A time=00:00:41.81 bitrate=N/A speed=0.707x    
frame= 1013 fps= 17 q=28.0 size=N/A time=00:00:42.21 bitrate=N/A speed=0.707x    
frame= 1024 fps= 17 q=28.0 size=N/A time=00:00:42.67 bitrate=N/A speed=0.708x    
[hls @ 0x56437fe39dc0] Opening '/config/data/transcodes/1214b0ccd258bd1377866adc8a4518ba13.ts' for writing
frame= 1036 fps= 17 q=28.0 size=N/A time=00:00:43.19 bitrate=N/A speed=0.709x    
frame= 1040 fps= 17 q=28.0 size=N/A time=00:00:43.35 bitrate=N/A speed=0.703x    
frame= 1044 fps= 17 q=28.0 size=N/A time=00:00:43.51 bitrate=N/A speed=0.698x    
frame= 1055 fps= 17 q=28.0 size=N/A time=00:00:43.97 bitrate=N/A speed= 0.7x    
frame= 1064 fps= 17 q=28.0 size=N/A time=00:00:44.34 bitrate=N/A speed= 0.7x    
frame= 1076 fps= 17 q=28.0 size=N/A time=00:00:44.86 bitrate=N/A speed=0.702x    
frame= 1095 fps= 17 q=25.0 size=N/A time=00:00:45.65 bitrate=N/A speed=0.709x    
[hls @ 0x56437fe39dc0] Opening '/config/data/transcodes/1214b0ccd258bd1377866adc8a4518ba14.ts' for writing
frame= 1116 fps= 17 q=28.0 size=N/A time=00:00:46.51 bitrate=N/A speed=0.716x    
frame= 1132 fps= 17 q=28.0 size=N/A time=00:00:47.18 bitrate=N/A speed=0.721x    
frame= 1148 fps= 17 q=28.0 size=N/A time=00:00:47.85 bitrate=N/A speed=0.725x    
frame= 1164 fps= 17 q=28.0 size=N/A time=00:00:48.53 bitrate=N/A speed=0.729x    
[hls @ 0x56437fe39dc0] Opening '/config/data/transcodes/1214b0ccd258bd1377866adc8a4518ba15.ts' for writing
frame= 1183 fps= 18 q=28.0 size=N/A time=00:00:49.32 bitrate=N/A speed=0.735x    
frame= 1205 fps= 18 q=28.0 size=N/A time=00:00:50.22 bitrate=N/A speed=0.743x    
frame= 1223 fps= 18 q=28.0 size=N/A time=00:00:50.99 bitrate=N/A speed=0.749x    
frame= 1240 fps= 18 q=28.0 size=N/A time=00:00:51.68 bitrate=N/A speed=0.754x    
[hls @ 0x56437fe39dc0] Opening '/config/data/transcodes/1214b0ccd258bd1377866adc8a4518ba16.ts' for writing
frame= 1252 fps= 18 q=28.0 size=N/A time=00:00:52.19 bitrate=N/A speed=0.755x    
frame= 1266 fps= 18 q=28.0 size=N/A time=00:00:52.77 bitrate=N/A speed=0.758x    
frame= 1275 fps= 18 q=28.0 size=N/A time=00:00:53.15 bitrate=N/A speed=0.757x    
frame= 1280 fps= 18 q=28.0 size=N/A time=00:00:53.36 bitrate=N/A speed=0.753x    
frame= 1286 fps= 18 q=28.0 size=N/A time=00:00:53.61 bitrate=N/A speed=0.75x    
frame= 1293 fps= 18 q=28.0 size=N/A time=00:00:53.89 bitrate=N/A speed=0.749x    
frame= 1298 fps= 18 q=28.0 size=N/A time=00:00:54.10 bitrate=N/A speed=0.746x    
frame= 1300 fps= 18 q=28.0 size=N/A time=00:00:54.19 bitrate=N/A speed=0.741x    
frame= 1304 fps= 18 q=28.0 size=N/A time=00:00:54.35 bitrate=N/A speed=0.739x    
frame= 1309 fps= 18 q=32.0 size=N/A time=00:00:54.56 bitrate=N/A speed=0.734x    
frame= 1312 fps= 17 q=34.0 size=N/A time=00:00:54.70 bitrate=N/A speed=0.728x    
[hls @ 0x56437fe39dc0] Opening '/config/data/transcodes/1214b0ccd258bd1377866adc8a4518ba17.ts' for writing


[q] command received. Exiting.

[hls @ 0x56437fe39dc0] Opening '/config/data/transcodes/1214b0ccd258bd1377866adc8a4518ba18.ts' for writing
frame= 1316 fps= 17 q=-1.0 Lsize=N/A time=00:00:54.84 bitrate=N/A speed=0.714x    
video:11898kB audio:869kB subtitle:0kB other streams:0kB global headers:0kB muxing overhead: unknown
[libx264 @ 0x56437fedc580] frame I:19    Avg QP:16.82  size: 55948
[libx264 @ 0x56437fedc580] frame P:406   Avg QP:20.04  size: 18514
[libx264 @ 0x56437fedc580] frame B:891   Avg QP:21.68  size:  4044
[libx264 @ 0x56437fedc580] consecutive B-frames:  6.9%  7.0%  4.3% 81.8%
[libx264 @ 0x56437fedc580] mb I  I16..4: 60.5%  0.0% 39.5%
[libx264 @ 0x56437fedc580] mb P  I16..4: 38.0%  0.0%  0.0%  P16..4: 21.6%  0.0%  0.0%  0.0%  0.0%    skip:40.4%
[libx264 @ 0x56437fedc580] mb B  I16..4:  4.4%  0.0%  0.0%  B16..8: 10.4%  0.0%  0.0%  direct: 4.5%  skip:80.6%  L0:47.1% L1:47.9% BI: 5.0%
[libx264 @ 0x56437fedc580] coded y,uvDC,uvAC intra: 15.5% 14.8% 1.7% inter: 3.1% 6.7% 0.0%
[libx264 @ 0x56437fedc580] i16 v,h,dc,p: 41% 27% 14% 18%
[libx264 @ 0x56437fedc580] i4 v,h,dc,ddl,ddr,vr,hd,vl,hu: 31% 19% 19%  7%  5%  5%  5%  5%  5%
[libx264 @ 0x56437fedc580] i8c dc,h,v,p: 76% 11% 11%  2%
[libx264 @ 0x56437fedc580] Weighted P-Frames: Y:22.9% UV:12.1%
[libx264 @ 0x56437fedc580] kb/s:1775.68