/videos/73a599ab-471b-8969-2404-1eb72b5259b6/hls1/main/0.ts

{"Protocol":0,"Id":"73a599ab471b896924041eb72b5259b6","Path":"/data/tvshows/Secret Invasion/Season 1/Secret Invasion - S01E01 - Resurrection WEBDL-2160p.mkv","EncoderPath":null,"EncoderProtocol":null,"Type":0,"Container":"mkv,webm","Size":5470868480,"Name":"Secret Invasion - S01E01 - Resurrection WEBDL-2160p","IsRemote":false,"ETag":"17cd58ac95219df3baa9a83917d77d7e","RunTimeTicks":31679680512,"ReadAtNativeFramerate":false,"IgnoreDts":false,"IgnoreIndex":false,"GenPtsInput":false,"SupportsTranscoding":true,"SupportsDirectStream":true,"SupportsDirectPlay":true,"IsInfiniteStream":false,"RequiresOpening":false,"OpenToken":null,"RequiresClosing":false,"LiveStreamId":null,"BufferMs":null,"RequiresLooping":false,"SupportsProbing":true,"VideoType":0,"IsoType":null,"Video3DFormat":null,"MediaStreams":[{"Codec":"hevc","CodecTag":null,"Language":null,"ColorRange":null,"ColorSpace":"bt709","ColorTransfer":"bt709","ColorPrimaries":"bt709","DvVersionMajor":null,"DvVersionMinor":null,"DvProfile":null,"DvLevel":null,"RpuPresentFlag":null,"ElPresentFlag":null,"BlPresentFlag":null,"DvBlSignalCompatibilityId":null,"Comment":null,"TimeBase":"1/1000","CodecTimeBase":null,"Title":null,"VideoRange":"SDR","VideoRangeType":"SDR","VideoDoViTitle":null,"LocalizedUndefined":null,"LocalizedDefault":null,"LocalizedForced":null,"LocalizedExternal":null,"DisplayTitle":"4K HEVC SDR","NalLengthSize":null,"IsInterlaced":false,"IsAVC":null,"ChannelLayout":null,"BitRate":13815463,"BitDepth":8,"RefFrames":1,"PacketLength":null,"Channels":null,"SampleRate":null,"IsDefault":true,"IsForced":false,"Height":2160,"Width":3840,"AverageFrameRate":24,"RealFrameRate":24,"Profile":"Main","Type":1,"AspectRatio":"16:9","Index":0,"Score":null,"IsExternal":false,"DeliveryMethod":null,"DeliveryUrl":null,"IsExternalUrl":null,"IsTextSubtitleStream":false,"SupportsExternalStream":false,"Path":null,"PixelFormat":"yuv420p","Level":150,"IsAnamorphic":null},{"Codec":"eac3","CodecTag":null,"Language":"eng","ColorRange":null,"ColorSpace":null,"ColorTransfer":null,"ColorPrimaries":null,"DvVersionMajor":null,"DvVersionMinor":null,"DvProfile":null,"DvLevel":null,"RpuPresentFlag":null,"ElPresentFlag":null,"BlPresentFlag":null,"DvBlSignalCompatibilityId":null,"Comment":null,"TimeBase":"1/1000","CodecTimeBase":null,"Title":null,"VideoRange":null,"VideoRangeType":null,"VideoDoViTitle":null,"LocalizedUndefined":null,"LocalizedDefault":null,"LocalizedForced":null,"LocalizedExternal":null,"DisplayTitle":"English - Dolby Digital\u002B - 5.1 - Default","NalLengthSize":null,"IsInterlaced":false,"IsAVC":null,"ChannelLayout":"5.1","BitRate":768000,"BitDepth":null,"RefFrames":null,"PacketLength":null,"Channels":6,"SampleRate":48000,"IsDefault":true,"IsForced":false,"Height":null,"Width":null,"AverageFrameRate":null,"RealFrameRate":null,"Profile":null,"Type":0,"AspectRatio":null,"Index":1,"Score":null,"IsExternal":false,"DeliveryMethod":null,"DeliveryUrl":null,"IsExternalUrl":null,"IsTextSubtitleStream":false,"SupportsExternalStream":false,"Path":null,"PixelFormat":null,"Level":0,"IsAnamorphic":null},{"Codec":"subrip","CodecTag":null,"Language":"eng","ColorRange":null,"ColorSpace":null,"ColorTransfer":null,"ColorPrimaries":null,"DvVersionMajor":null,"DvVersionMinor":null,"DvProfile":null,"DvLevel":null,"RpuPresentFlag":null,"ElPresentFlag":null,"BlPresentFlag":null,"DvBlSignalCompatibilityId":null,"Comment":null,"TimeBase":"1/1000","CodecTimeBase":null,"Title":null,"VideoRange":null,"VideoRangeType":null,"VideoDoViTitle":null,"LocalizedUndefined":"Undefined","LocalizedDefault":"Default","LocalizedForced":"Forced","LocalizedExternal":"External","DisplayTitle":"English - SUBRIP","NalLengthSize":null,"IsInterlaced":false,"IsAVC":null,"ChannelLayout":null,"BitRate":null,"BitDepth":null,"RefFrames":null,"PacketLength":null,"Channels":null,"SampleRate":null,"IsDefault":false,"IsForced":false,"Height":null,"Width":null,"AverageFrameRate":null,"RealFrameRate":null,"Profile":null,"Type":2,"AspectRatio":null,"Index":2,"Score":null,"IsExternal":false,"DeliveryMethod":null,"DeliveryUrl":null,"IsExternalUrl":null,"IsTextSubtitleStream":true,"SupportsExternalStream":true,"Path":null,"PixelFormat":null,"Level":0,"IsAnamorphic":null},{"Codec":"subrip","CodecTag":null,"Language":"eng","ColorRange":null,"ColorSpace":null,"ColorTransfer":null,"ColorPrimaries":null,"DvVersionMajor":null,"DvVersionMinor":null,"DvProfile":null,"DvLevel":null,"RpuPresentFlag":null,"ElPresentFlag":null,"BlPresentFlag":null,"DvBlSignalCompatibilityId":null,"Comment":null,"TimeBase":"1/1000","CodecTimeBase":null,"Title":"SDH","VideoRange":null,"VideoRangeType":null,"VideoDoViTitle":null,"LocalizedUndefined":"Undefined","LocalizedDefault":"Default","LocalizedForced":"Forced","LocalizedExternal":"External","DisplayTitle":"SDH - English - SUBRIP","NalLengthSize":null,"IsInterlaced":false,"IsAVC":null,"ChannelLayout":null,"BitRate":null,"BitDepth":null,"RefFrames":null,"PacketLength":null,"Channels":null,"SampleRate":null,"IsDefault":false,"IsForced":false,"Height":null,"Width":null,"AverageFrameRate":null,"RealFrameRate":null,"Profile":null,"Type":2,"AspectRatio":null,"Index":3,"Score":null,"IsExternal":false,"DeliveryMethod":null,"DeliveryUrl":null,"IsExternalUrl":null,"IsTextSubtitleStream":true,"SupportsExternalStream":true,"Path":null,"PixelFormat":null,"Level":0,"IsAnamorphic":null}],"MediaAttachments":[],"Formats":[],"Bitrate":14583463,"Timestamp":null,"RequiredHttpHeaders":{},"TranscodingUrl":null,"TranscodingSubProtocol":null,"TranscodingContainer":null,"AnalyzeDurationMs":null,"DefaultAudioStreamIndex":null,"DefaultSubtitleStreamIndex":null}

/usr/lib/jellyfin-ffmpeg/ffmpeg -analyzeduration 200M -f matroska,webm -autorotate 0 -i file:"/data/tvshows/Secret Invasion/Season 1/Secret Invasion - S01E01 - Resurrection WEBDL-2160p.mkv" -map_metadata -1 -map_chapters -1 -threads 0 -map 0:0 -map 0:1 -map -0:s -codec:v:0 libx264 -preset veryfast -crf 23 -maxrate 13815463 -bufsize 27630926 -x264opts:0 subme=0:me_range=4:rc_lookahead=10:me=dia:no_chroma_me:8x8dct=0:partitions=none -force_key_frames:0 "expr:gte(t,0+n_forced*3)" -sc_threshold:v:0 0 -vf "setparams=color_primaries=bt709:color_trc=bt709:colorspace=bt709,scale=trunc(min(max(iw\,ih*a)\,min(3840\,2160*a))/2)*2:trunc(min(max(iw/a\,ih)\,min(3840/a\,2160))/2)*2,format=yuv420p" -codec:a:0 libfdk_aac -ac 2 -ab 384000 -af "volume=2" -copyts -avoid_negative_ts disabled -max_muxing_queue_size 2048 -f hls -max_delay 5000000 -hls_time 3 -hls_segment_type mpegts -start_number 0 -hls_segment_filename "/data/transcodes/96cc52b0f8e479e39f39858f79ecb136%d.ts" -hls_playlist_type vod -hls_list_size 0 -y "/data/transcodes/96cc52b0f8e479e39f39858f79ecb136.m3u8"


ffmpeg version 5.1.3-Jellyfin Copyright (c) 2000-2022 the FFmpeg developers
  built with gcc 11 (Ubuntu 11.3.0-1ubuntu1~22.04.1)
  configuration: --prefix=/usr/lib/jellyfin-ffmpeg --target-os=linux --extra-libs=-lfftw3f --extra-version=Jellyfin --disable-doc --disable-ffplay --disable-ptx-compression --disable-static --disable-libxcb --disable-sdl2 --disable-xlib --enable-lto --enable-gpl --enable-version3 --enable-shared --enable-gmp --enable-gnutls --enable-chromaprint --enable-libdrm --enable-libass --enable-libfreetype --enable-libfribidi --enable-libfontconfig --enable-libbluray --enable-libmp3lame --enable-libopus --enable-libtheora --enable-libvorbis --enable-libopenmpt --enable-libdav1d --enable-libwebp --enable-libvpx --enable-libx264 --enable-libx265 --enable-libzvbi --enable-libzimg --enable-libfdk-aac --arch=amd64 --enable-libsvtav1 --enable-libshaderc --enable-libplacebo --enable-vulkan --enable-opencl --enable-vaapi --enable-amf --enable-libmfx --enable-ffnvcodec --enable-cuda --enable-cuda-llvm --enable-cuvid --enable-nvdec --enable-nvenc
  libavutil      57. 28.100 / 57. 28.100
  libavcodec     59. 37.100 / 59. 37.100
  libavformat    59. 27.100 / 59. 27.100
  libavdevice    59.  7.100 / 59.  7.100
  libavfilter     8. 44.100 /  8. 44.100
  libswscale      6.  7.100 /  6.  7.100
  libswresample   4.  7.100 /  4.  7.100
  libpostproc    56.  6.100 / 56.  6.100
Input #0, matroska,webm, from 'file:/data/tvshows/Secret Invasion/Season 1/Secret Invasion - S01E01 - Resurrection WEBDL-2160p.mkv':
  Metadata:
    creation_time   : 2023-07-05T20:22:05.000000Z
    ENCODER         : Lavf59.27.100
  Duration: 00:52:47.98, start: 0.000000, bitrate: 6527 kb/s
  Chapters:
    Chapter #0:0: start 0.000000, end 478.000000
      Metadata:
        title           : Chapter 1
    Chapter #0:1: start 478.000000, end 601.583000
      Metadata:
        title           : Intro
    Chapter #0:2: start 601.583000, end 3011.958000
      Metadata:
        title           : Chapter 3
    Chapter #0:3: start 3011.958000, end 3167.875000
      Metadata:
        title           : Credits
  Stream #0:0: Video: h264 (Main), yuv420p(tv, bt709, progressive), 3840x1608 [SAR 1:1 DAR 160:67], 24 fps, 24 tbr, 1k tbn (default)
    Metadata:
      DURATION        : 00:52:47.940000000
  Stream #0:1(eng): Audio: mp3, 48000 Hz, stereo, fltp, 160 kb/s (default)
    Metadata:
      title           : Stereo
      DURATION        : 00:52:47.976000000
  Stream #0:2(eng): Subtitle: ass
    Metadata:
      DURATION        : 00:49:36.690000000
  Stream #0:3(eng): Subtitle: ass
    Metadata:
      title           : SDH
      DURATION        : 00:49:48.565000000
Stream mapping:
  Stream #0:0 -> #0:0 (h264 (native) -> h264 (libx264))
  Stream #0:1 -> #0:1 (mp3 (mp3float) -> aac (libfdk_aac))
Press [q] to stop, [?] for help
[libx264 @ 0x5596b57950c0] using SAR=1/1
[libx264 @ 0x5596b57950c0] using cpu capabilities: MMX2 SSE2Fast SSSE3 SSE4.2 AVX FMA3 BMI2 AVX2
[libx264 @ 0x5596b57950c0] profile Main, level 5.1, 4:2:0, 8-bit
[libx264 @ 0x5596b57950c0] 264 - core 163 r3060 5db6aa6 - H.264/MPEG-4 AVC codec - Copyleft 2003-2021 - http://www.videolan.org/x264.html - options: cabac=1 ref=1 deblock=1:0:0 analyse=0x1:0 me=dia subme=0 psy=1 psy_rd=1.00:0.00 mixed_ref=0 me_range=4 chroma_me=0 trellis=0 8x8dct=0 cqm=0 deadzone=21,11 fast_pskip=1 chroma_qp_offset=0 threads=6 lookahead_threads=1 sliced_threads=0 nr=0 decimate=1 interlaced=0 bluray_compat=0 constrained_intra=0 bframes=3 b_pyramid=2 b_adapt=1 b_bias=0 direct=1 weightb=1 open_gop=0 weightp=1 keyint=250 keyint_min=24 scenecut=0 intra_refresh=0 rc_lookahead=10 rc=crf mbtree=1 crf=23.0 qcomp=0.60 qpmin=0 qpmax=69 qpstep=4 vbv_maxrate=13815 vbv_bufsize=27630 crf_max=0.0 nal_hrd=none filler=0 ip_ratio=1.40 aq=1:1.00
Output #0, hls, to '/data/transcodes/96cc52b0f8e479e39f39858f79ecb136.m3u8':
  Metadata:
    encoder         : Lavf59.27.100
  Stream #0:0: Video: h264, yuv420p(tv, bt709, progressive), 3840x1608 [SAR 1:1 DAR 160:67], q=2-31, 24 fps, 90k tbn (default)
    Metadata:
      encoder         : Lavc59.37.100 libx264
    Side data:
      cpb: bitrate max/min/avg: 13815000/0/0 buffer size: 27630000 vbv_delay: N/A
  Stream #0:1: Audio: aac, 48000 Hz, stereo, s16, 384 kb/s (default)
    Metadata:
      encoder         : Lavc59.37.100 libfdk_aac
frame=    1 fps=0.0 q=0.0 size=N/A time=00:00:00.00 bitrate=N/A speed=   0x    
frame=   15 fps=0.0 q=0.0 size=N/A time=00:00:00.61 bitrate=N/A speed=1.13x    
frame=   27 fps= 25 q=28.0 size=N/A time=00:00:01.10 bitrate=N/A speed=1.03x    
frame=   48 fps= 30 q=28.0 size=N/A time=00:00:01.98 bitrate=N/A speed=1.26x    
frame=   68 fps= 32 q=28.0 size=N/A time=00:00:02.81 bitrate=N/A speed=1.34x    
[hls @ 0x5596b5793280] Opening '/data/transcodes/96cc52b0f8e479e39f39858f79ecb1360.ts' for writing
frame=   97 fps= 37 q=28.0 size=N/A time=00:00:04.03 bitrate=N/A speed=1.55x    
frame=  129 fps= 41 q=28.0 size=N/A time=00:00:05.37 bitrate=N/A speed= 1.7x    
frame=  140 fps= 38 q=28.0 size=N/A time=00:00:05.82 bitrate=N/A speed=1.57x    
frame=  148 fps= 35 q=28.0 size=N/A time=00:00:06.16 bitrate=N/A speed=1.45x    
frame=  160 fps= 33 q=31.0 size=N/A time=00:00:06.63 bitrate=N/A speed=1.38x    
[hls @ 0x5596b5793280] Opening '/data/transcodes/96cc52b0f8e479e39f39858f79ecb1361.ts' for writing
frame=  169 fps= 32 q=36.0 size=N/A time=00:00:07.01 bitrate=N/A speed=1.32x    
frame=  177 fps= 30 q=38.0 size=N/A time=00:00:07.36 bitrate=N/A speed=1.26x    
frame=  187 fps= 29 q=39.0 size=N/A time=00:00:07.76 bitrate=N/A speed=1.21x    
frame=  196 fps= 28 q=36.0 size=N/A time=00:00:08.14 bitrate=N/A speed=1.16x    
frame=  208 fps= 28 q=29.0 size=N/A time=00:00:08.64 bitrate=N/A speed=1.15x    
frame=  217 fps= 27 q=28.0 size=N/A time=00:00:09.02 bitrate=N/A speed=1.11x    
frame=  229 fps= 26 q=28.0 size=N/A time=00:00:09.51 bitrate=N/A speed= 1.1x    
[hls @ 0x5596b5793280] Opening '/data/transcodes/96cc52b0f8e479e39f39858f79ecb1362.ts' for writing
frame=  241 fps= 26 q=28.0 size=N/A time=00:00:10.02 bitrate=N/A speed=1.08x    
frame=  255 fps= 26 q=28.0 size=N/A time=00:00:10.60 bitrate=N/A speed=1.08x    
frame=  272 fps= 26 q=28.0 size=N/A time=00:00:11.32 bitrate=N/A speed=1.09x    
frame=  290 fps= 27 q=28.0 size=N/A time=00:00:12.05 bitrate=N/A speed= 1.1x    
[hls @ 0x5596b5793280] Opening '/data/transcodes/96cc52b0f8e479e39f39858f79ecb1363.ts' for writing
frame=  320 fps= 28 q=28.0 size=N/A time=00:00:13.31 bitrate=N/A speed=1.16x    
frame=  353 fps= 30 q=28.0 size=N/A time=00:00:14.67 bitrate=N/A speed=1.23x    
frame=  377 fps= 30 q=28.0 size=N/A time=00:00:15.68 bitrate=N/A speed=1.26x    
[hls @ 0x5596b5793280] Opening '/data/transcodes/96cc52b0f8e479e39f39858f79ecb1364.ts' for writing
frame=  406 fps= 31 q=28.0 size=N/A time=00:00:16.91 bitrate=N/A speed=1.31x    
frame=  428 fps= 32 q=28.0 size=N/A time=00:00:17.81 bitrate=N/A speed=1.32x    
[hls @ 0x5596b5793280] Opening '/data/transcodes/96cc52b0f8e479e39f39858f79ecb1365.ts' for writing
frame=  453 fps= 32 q=28.0 size=N/A time=00:00:18.85 bitrate=N/A speed=1.35x    
frame=  479 fps= 33 q=28.0 size=N/A time=00:00:19.92 bitrate=N/A speed=1.38x    
frame=  511 fps= 34 q=28.0 size=N/A time=00:00:21.26 bitrate=N/A speed=1.42x    
[hls @ 0x5596b5793280] Opening '/data/transcodes/96cc52b0f8e479e39f39858f79ecb1366.ts' for writing
frame=  539 fps= 35 q=28.0 size=N/A time=00:00:22.42 bitrate=N/A speed=1.45x    
frame=  563 fps= 35 q=28.0 size=N/A time=00:00:23.44 bitrate=N/A speed=1.47x    
frame=  592 fps= 36 q=25.0 size=N/A time=00:00:24.64 bitrate=N/A speed=1.49x    
[hls @ 0x5596b5793280] Opening '/data/transcodes/96cc52b0f8e479e39f39858f79ecb1367.ts' for writing
frame=  615 fps= 36 q=28.0 size=N/A time=00:00:25.60 bitrate=N/A speed= 1.5x    
frame=  651 fps= 37 q=28.0 size=N/A time=00:00:27.11 bitrate=N/A speed=1.55x    
[hls @ 0x5596b5793280] Opening '/data/transcodes/96cc52b0f8e479e39f39858f79ecb1368.ts' for writing
frame=  673 fps= 37 q=28.0 size=N/A time=00:00:28.03 bitrate=N/A speed=1.54x    
frame=  685 fps= 37 q=28.0 size=N/A time=00:00:28.52 bitrate=N/A speed=1.52x    
frame=  696 fps= 36 q=28.0 size=N/A time=00:00:28.99 bitrate=N/A speed= 1.5x    
frame=  708 fps= 36 q=28.0 size=N/A time=00:00:29.50 bitrate=N/A speed=1.49x    
frame=  724 fps= 36 q=28.0 size=N/A time=00:00:30.16 bitrate=N/A speed=1.49x    
frame=  737 fps= 35 q=28.0 size=N/A time=00:00:30.67 bitrate=N/A speed=1.47x    
[hls @ 0x5596b5793280] Opening '/data/transcodes/96cc52b0f8e479e39f39858f79ecb1369.ts' for writing
frame=  750 fps= 35 q=28.0 size=N/A time=00:00:31.23 bitrate=N/A speed=1.47x    
frame=  764 fps= 35 q=28.0 size=N/A time=00:00:31.80 bitrate=N/A speed=1.46x    
frame=  780 fps= 35 q=28.0 size=N/A time=00:00:32.49 bitrate=N/A speed=1.46x    

[q] command received. Exiting.

[hls @ 0x5596b5793280] Opening '/data/transcodes/96cc52b0f8e479e39f39858f79ecb13610.ts' for writing
[hls @ 0x5596b5793280] Opening '/data/transcodes/96cc52b0f8e479e39f39858f79ecb13611.ts' for writing
frame=  797 fps= 35 q=-1.0 Lsize=N/A time=00:00:33.19 bitrate=N/A speed=1.44x    
video:13548kB audio:1565kB subtitle:0kB other streams:0kB global headers:0kB muxing overhead: unknown
[libx264 @ 0x5596b57950c0] frame I:12    Avg QP:10.46  size: 49159
[libx264 @ 0x5596b57950c0] frame P:256   Avg QP:17.59  size: 36710
[libx264 @ 0x5596b57950c0] frame B:529   Avg QP:16.45  size:  7344
[libx264 @ 0x5596b57950c0] consecutive B-frames:  7.5% 11.0%  2.6% 78.8%
[libx264 @ 0x5596b57950c0] mb I  I16..4: 88.6%  0.0% 11.4%
[libx264 @ 0x5596b57950c0] mb P  I16..4: 33.7%  0.0%  0.0%  P16..4: 10.0%  0.0%  0.0%  0.0%  0.0%    skip:56.3%
[libx264 @ 0x5596b57950c0] mb B  I16..4:  2.2%  0.0%  0.0%  B16..8:  5.6%  0.0%  0.0%  direct: 4.5%  skip:87.8%  L0:41.2% L1:54.4% BI: 4.4%
[libx264 @ 0x5596b57950c0] coded y,uvDC,uvAC intra: 9.6% 43.1% 13.4% inter: 1.1% 7.5% 0.2%
[libx264 @ 0x5596b57950c0] i16 v,h,dc,p: 57% 19% 12% 11%
[libx264 @ 0x5596b57950c0] i4 v,h,dc,ddl,ddr,vr,hd,vl,hu: 37% 21% 24%  6%  3%  3%  2%  3%  2%
[libx264 @ 0x5596b57950c0] i8c dc,h,v,p: 52% 20% 20%  7%
[libx264 @ 0x5596b57950c0] Weighted P-Frames: Y:14.5% UV:3.9%
[libx264 @ 0x5596b57950c0] kb/s:3342.02