/videos/2e416665-ec5a-b889-85b6-3636be4c1bfc/hls1/main/0.ts

{"Protocol":0,"Id":"2e416665ec5ab88985b63636be4c1bfc","Path":"/data/tvshows/Jujutsu Kaisen/Season 2/Jujutsu Kaisen - S02E01 - Hidden Inventory WEBRip-1080p.mp4","EncoderPath":null,"EncoderProtocol":null,"Type":0,"Container":"mov,mp4,m4a,3gp,3g2,mj2","Size":340754688,"Name":"Jujutsu Kaisen - S02E01 - Hidden Inventory WEBRip-1080p","IsRemote":false,"ETag":"8d1f9f19190c30f768cebc392d8b4130","RunTimeTicks":14350869504,"ReadAtNativeFramerate":false,"IgnoreDts":false,"IgnoreIndex":false,"GenPtsInput":false,"SupportsTranscoding":true,"SupportsDirectStream":true,"SupportsDirectPlay":true,"IsInfiniteStream":false,"RequiresOpening":false,"OpenToken":null,"RequiresClosing":false,"LiveStreamId":null,"BufferMs":null,"RequiresLooping":false,"SupportsProbing":true,"VideoType":0,"IsoType":null,"Video3DFormat":null,"MediaStreams":[{"Codec":"subrip","CodecTag":null,"Language":"eng","ColorRange":null,"ColorSpace":null,"ColorTransfer":null,"ColorPrimaries":null,"DvVersionMajor":null,"DvVersionMinor":null,"DvProfile":null,"DvLevel":null,"RpuPresentFlag":null,"ElPresentFlag":null,"BlPresentFlag":null,"DvBlSignalCompatibilityId":null,"Comment":null,"TimeBase":"1/1000","CodecTimeBase":null,"Title":null,"VideoRange":null,"VideoRangeType":null,"VideoDoViTitle":null,"LocalizedUndefined":"Undefined","LocalizedDefault":"Default","LocalizedForced":"Forced","LocalizedExternal":"External","DisplayTitle":"English - SUBRIP - External","NalLengthSize":null,"IsInterlaced":false,"IsAVC":null,"ChannelLayout":null,"BitRate":null,"BitDepth":null,"RefFrames":null,"PacketLength":null,"Channels":null,"SampleRate":null,"IsDefault":false,"IsForced":false,"Height":null,"Width":null,"AverageFrameRate":null,"RealFrameRate":null,"Profile":null,"Type":2,"AspectRatio":null,"Index":0,"Score":null,"IsExternal":true,"DeliveryMethod":null,"DeliveryUrl":null,"IsExternalUrl":null,"IsTextSubtitleStream":true,"SupportsExternalStream":true,"Path":"/data/tvshows/Jujutsu Kaisen/Season 2/Jujutsu Kaisen - S02E01 - Hidden Inventory WEBRip-1080p.en.srt","PixelFormat":null,"Level":0,"IsAnamorphic":null},{"Codec":"h264","CodecTag":"avc1","Language":"und","ColorRange":null,"ColorSpace":"bt709","ColorTransfer":"bt709","ColorPrimaries":"bt709","DvVersionMajor":null,"DvVersionMinor":null,"DvProfile":null,"DvLevel":null,"RpuPresentFlag":null,"ElPresentFlag":null,"BlPresentFlag":null,"DvBlSignalCompatibilityId":null,"Comment":null,"TimeBase":"1/24000","CodecTimeBase":null,"Title":null,"VideoRange":"SDR","VideoRangeType":"SDR","VideoDoViTitle":null,"LocalizedUndefined":null,"LocalizedDefault":null,"LocalizedForced":null,"LocalizedExternal":null,"DisplayTitle":"1080p H264 SDR","NalLengthSize":"4","IsInterlaced":false,"IsAVC":true,"ChannelLayout":null,"BitRate":1760777,"BitDepth":10,"RefFrames":1,"PacketLength":null,"Channels":null,"SampleRate":null,"IsDefault":true,"IsForced":false,"Height":1080,"Width":1920,"AverageFrameRate":23.976025,"RealFrameRate":23.976025,"Profile":"High 10","Type":1,"AspectRatio":"16:9","Index":1,"Score":null,"IsExternal":false,"DeliveryMethod":null,"DeliveryUrl":null,"IsExternalUrl":null,"IsTextSubtitleStream":false,"SupportsExternalStream":false,"Path":null,"PixelFormat":"yuv420p10le","Level":40,"IsAnamorphic":null},{"Codec":"mov_text","CodecTag":"tx3g","Language":"eng","ColorRange":null,"ColorSpace":null,"ColorTransfer":null,"ColorPrimaries":null,"DvVersionMajor":null,"DvVersionMinor":null,"DvProfile":null,"DvLevel":null,"RpuPresentFlag":null,"ElPresentFlag":null,"BlPresentFlag":null,"DvBlSignalCompatibilityId":null,"Comment":null,"TimeBase":"1/1000000","CodecTimeBase":null,"Title":null,"VideoRange":null,"VideoRangeType":null,"VideoDoViTitle":null,"LocalizedUndefined":"Undefined","LocalizedDefault":"Default","LocalizedForced":"Forced","LocalizedExternal":"External","DisplayTitle":"English - Default - MOV_TEXT","NalLengthSize":null,"IsInterlaced":false,"IsAVC":null,"ChannelLayout":null,"BitRate":125,"BitDepth":null,"RefFrames":null,"PacketLength":null,"Channels":null,"SampleRate":null,"IsDefault":true,"IsForced":false,"Height":null,"Width":null,"AverageFrameRate":null,"RealFrameRate":null,"Profile":null,"Type":2,"AspectRatio":null,"Index":2,"Score":null,"IsExternal":false,"DeliveryMethod":null,"DeliveryUrl":null,"IsExternalUrl":null,"IsTextSubtitleStream":true,"SupportsExternalStream":true,"Path":null,"PixelFormat":null,"Level":0,"IsAnamorphic":null},{"Codec":"aac","CodecTag":"mp4a","Language":"jpn","ColorRange":null,"ColorSpace":null,"ColorTransfer":null,"ColorPrimaries":null,"DvVersionMajor":null,"DvVersionMinor":null,"DvProfile":null,"DvLevel":null,"RpuPresentFlag":null,"ElPresentFlag":null,"BlPresentFlag":null,"DvBlSignalCompatibilityId":null,"Comment":null,"TimeBase":"1/44100","CodecTimeBase":null,"Title":null,"VideoRange":null,"VideoRangeType":null,"VideoDoViTitle":null,"LocalizedUndefined":null,"LocalizedDefault":null,"LocalizedForced":null,"LocalizedExternal":null,"DisplayTitle":"Japanese - AAC - Stereo - Default","NalLengthSize":null,"IsInterlaced":false,"IsAVC":null,"ChannelLayout":"stereo","BitRate":130594,"BitDepth":null,"RefFrames":null,"PacketLength":null,"Channels":2,"SampleRate":44100,"IsDefault":true,"IsForced":false,"Height":null,"Width":null,"AverageFrameRate":null,"RealFrameRate":null,"Profile":"LC","Type":0,"AspectRatio":null,"Index":3,"Score":null,"IsExternal":false,"DeliveryMethod":null,"DeliveryUrl":null,"IsExternalUrl":null,"IsTextSubtitleStream":false,"SupportsExternalStream":false,"Path":null,"PixelFormat":null,"Level":0,"IsAnamorphic":null},{"Codec":"bin_data","CodecTag":"gpmd","Language":"eng","ColorRange":null,"ColorSpace":null,"ColorTransfer":null,"ColorPrimaries":null,"DvVersionMajor":null,"DvVersionMinor":null,"DvProfile":null,"DvLevel":null,"RpuPresentFlag":null,"ElPresentFlag":null,"BlPresentFlag":null,"DvBlSignalCompatibilityId":null,"Comment":null,"TimeBase":"1/1000","CodecTimeBase":null,"Title":null,"VideoRange":null,"VideoRangeType":null,"VideoDoViTitle":null,"LocalizedUndefined":null,"LocalizedDefault":null,"LocalizedForced":null,"LocalizedExternal":null,"DisplayTitle":null,"NalLengthSize":null,"IsInterlaced":false,"IsAVC":null,"ChannelLayout":null,"BitRate":null,"BitDepth":null,"RefFrames":null,"PacketLength":null,"Channels":null,"SampleRate":null,"IsDefault":false,"IsForced":false,"Height":null,"Width":null,"AverageFrameRate":null,"RealFrameRate":null,"Profile":null,"Type":4,"AspectRatio":null,"Index":4,"Score":null,"IsExternal":false,"DeliveryMethod":null,"DeliveryUrl":null,"IsExternalUrl":null,"IsTextSubtitleStream":false,"SupportsExternalStream":false,"Path":null,"PixelFormat":null,"Level":0,"IsAnamorphic":null},{"Codec":"bin_data","CodecTag":"text","Language":"eng","ColorRange":null,"ColorSpace":null,"ColorTransfer":null,"ColorPrimaries":null,"DvVersionMajor":null,"DvVersionMinor":null,"DvProfile":null,"DvLevel":null,"RpuPresentFlag":null,"ElPresentFlag":null,"BlPresentFlag":null,"DvBlSignalCompatibilityId":null,"Comment":null,"TimeBase":"1/1000","CodecTimeBase":null,"Title":null,"VideoRange":null,"VideoRangeType":null,"VideoDoViTitle":null,"LocalizedUndefined":null,"LocalizedDefault":null,"LocalizedForced":null,"LocalizedExternal":null,"DisplayTitle":null,"NalLengthSize":null,"IsInterlaced":false,"IsAVC":null,"ChannelLayout":null,"BitRate":null,"BitDepth":null,"RefFrames":null,"PacketLength":null,"Channels":null,"SampleRate":null,"IsDefault":false,"IsForced":false,"Height":null,"Width":null,"AverageFrameRate":null,"RealFrameRate":null,"Profile":null,"Type":4,"AspectRatio":null,"Index":5,"Score":null,"IsExternal":false,"DeliveryMethod":null,"DeliveryUrl":null,"IsExternalUrl":null,"IsTextSubtitleStream":false,"SupportsExternalStream":false,"Path":null,"PixelFormat":null,"Level":0,"IsAnamorphic":null}],"MediaAttachments":[],"Formats":[],"Bitrate":1899562,"Timestamp":null,"RequiredHttpHeaders":{},"TranscodingUrl":null,"TranscodingSubProtocol":null,"TranscodingContainer":null,"AnalyzeDurationMs":null,"DefaultAudioStreamIndex":null,"DefaultSubtitleStreamIndex":null}

/usr/lib/jellyfin-ffmpeg/ffmpeg -analyzeduration 200M -f mov,mp4,m4a,3gp,3g2,mj2 -autorotate 0 -i file:"/data/tvshows/Jujutsu Kaisen/Season 2/Jujutsu Kaisen - S02E01 - Hidden Inventory WEBRip-1080p.mp4" -map_metadata -1 -map_chapters -1 -threads 0 -map 0:0 -map 0:2 -map -0:s -codec:v:0 libx264 -preset veryfast -crf 23 -maxrate 1140112 -bufsize 2280224 -profile:v:0 high -level 40 -x264opts:0 subme=0:me_range=4:rc_lookahead=10:me=dia:no_chroma_me:8x8dct=0:partitions=none -force_key_frames:0 "expr:gte(t,0+n_forced*3)" -sc_threshold:v:0 0 -vf "setparams=color_primaries=bt709:color_trc=bt709:colorspace=bt709,scale=trunc(min(max(iw\,ih*a)\,720)/2)*2:trunc(ow/a/2)*2,format=yuv420p" -codec:a:0 copy -copyts -avoid_negative_ts disabled -max_muxing_queue_size 2048 -f hls -max_delay 5000000 -hls_time 3 -hls_segment_type mpegts -start_number 0 -hls_segment_filename "/config/data/transcodes/ff98ca0a194c021e8644f615cc375ed0%d.ts" -hls_playlist_type vod -hls_list_size 0 -y "/config/data/transcodes/ff98ca0a194c021e8644f615cc375ed0.m3u8"


ffmpeg version 5.1.3-Jellyfin Copyright (c) 2000-2022 the FFmpeg developers
  built with gcc 11 (Ubuntu 11.3.0-1ubuntu1~22.04.1)
  configuration: --prefix=/usr/lib/jellyfin-ffmpeg --target-os=linux --extra-libs=-lfftw3f --extra-version=Jellyfin --disable-doc --disable-ffplay --disable-ptx-compression --disable-static --disable-libxcb --disable-sdl2 --disable-xlib --enable-lto --enable-gpl --enable-version3 --enable-shared --enable-gmp --enable-gnutls --enable-chromaprint --enable-libdrm --enable-libass --enable-libfreetype --enable-libfribidi --enable-libfontconfig --enable-libbluray --enable-libmp3lame --enable-libopus --enable-libtheora --enable-libvorbis --enable-libopenmpt --enable-libdav1d --enable-libwebp --enable-libvpx --enable-libx264 --enable-libx265 --enable-libzvbi --enable-libzimg --enable-libfdk-aac --arch=amd64 --enable-libsvtav1 --enable-libshaderc --enable-libplacebo --enable-vulkan --enable-opencl --enable-vaapi --enable-amf --enable-libmfx --enable-ffnvcodec --enable-cuda --enable-cuda-llvm --enable-cuvid --enable-nvdec --enable-nvenc
  libavutil      57. 28.100 / 57. 28.100
  libavcodec     59. 37.100 / 59. 37.100
  libavformat    59. 27.100 / 59. 27.100
  libavdevice    59.  7.100 / 59.  7.100
  libavfilter     8. 44.100 /  8. 44.100
  libswscale      6.  7.100 /  6.  7.100
  libswresample   4.  7.100 /  4.  7.100
  libpostproc    56.  6.100 / 56.  6.100
Input #0, mov,mp4,m4a,3gp,3g2,mj2, from 'file:/data/tvshows/Jujutsu Kaisen/Season 2/Jujutsu Kaisen - S02E01 - Hidden Inventory WEBRip-1080p.mp4':
  Metadata:
    major_brand     : isom
    minor_version   : 512
    compatible_brands: isomiso2avc1mp41
    encoder         : Lavf60.3.100
  Duration: 00:23:55.09, start: 0.000000, bitrate: 1899 kb/s
  Chapters:
    Chapter #0:0: start 0.000000, end 649.000000
      Metadata:
        title           : Intro
    Chapter #0:1: start 649.000000, end 739.000000
      Metadata:
        title           : OP
    Chapter #0:2: start 739.000000, end 1330.000000
      Metadata:
        title           : Main EP
    Chapter #0:3: start 1330.000000, end 1420.000000
      Metadata:
        title           : ED
    Chapter #0:4: start 1420.000000, end 1435.086000
      Metadata:
        title           : PV
  Stream #0:0[0x1](und): Video: h264 (High 10) (avc1 / 0x31637661), yuv420p10le(tv, bt709, progressive), 1920x1080 [SAR 1:1 DAR 16:9], 1760 kb/s, 23.98 fps, 23.98 tbr, 24k tbn (default)
    Metadata:
      handler_name    : VideoHandler
      vendor_id       : [0][0][0][0]
      encoder         : Lavc60.3.100 libx264
  Stream #0:1[0x2](eng): Subtitle: mov_text (tx3g / 0x67337874), 0 kb/s (default)
    Metadata:
      handler_name    : SubtitleHandler
  Stream #0:2[0x3](jpn): Audio: aac (LC) (mp4a / 0x6134706D), 44100 Hz, stereo, fltp, 130 kb/s (default)
    Metadata:
      handler_name    : SoundHandler
      vendor_id       : [0][0][0][0]
  Stream #0:3[0x4](eng): Data: bin_data (gpmd / 0x646D7067)
    Metadata:
      handler_name    : SubtitleHandler
  Stream #0:4[0x5](eng): Data: bin_data (text / 0x74786574)
    Metadata:
      handler_name    : SubtitleHandler
Stream mapping:
  Stream #0:0 -> #0:0 (h264 (native) -> h264 (libx264))
  Stream #0:2 -> #0:1 (copy)
Press [q] to stop, [?] for help
[libx264 @ 0x563fda14b080] using SAR=404/405
[libx264 @ 0x563fda14b080] using cpu capabilities: MMX2 SSE2Fast SSSE3 SSE4.2 AVX FMA3 BMI2 AVX2
[libx264 @ 0x563fda14b080] profile Main, level 4.0, 4:2:0, 8-bit
[libx264 @ 0x563fda14b080] 264 - core 163 r3060 5db6aa6 - H.264/MPEG-4 AVC codec - Copyleft 2003-2021 - http://www.videolan.org/x264.html - options: cabac=1 ref=1 deblock=1:0:0 analyse=0x1:0 me=dia subme=0 psy=1 psy_rd=1.00:0.00 mixed_ref=0 me_range=4 chroma_me=0 trellis=0 8x8dct=0 cqm=0 deadzone=21,11 fast_pskip=1 chroma_qp_offset=0 threads=6 lookahead_threads=1 sliced_threads=0 nr=0 decimate=1 interlaced=0 bluray_compat=0 constrained_intra=0 bframes=3 b_pyramid=2 b_adapt=1 b_bias=0 direct=1 weightb=1 open_gop=0 weightp=1 keyint=250 keyint_min=23 scenecut=0 intra_refresh=0 rc_lookahead=10 rc=crf mbtree=1 crf=23.0 qcomp=0.60 qpmin=0 qpmax=69 qpstep=4 vbv_maxrate=1140 vbv_bufsize=2280 crf_max=0.0 nal_hrd=none filler=0 ip_ratio=1.40 aq=1:1.00
Output #0, hls, to '/config/data/transcodes/ff98ca0a194c021e8644f615cc375ed0.m3u8':
  Metadata:
    encoder         : Lavf59.27.100
  Stream #0:0: Video: h264, yuv420p(tv, bt709, progressive), 720x404 [SAR 404:405 DAR 16:9], q=2-31, 23.98 fps, 90k tbn (default)
    Metadata:
      encoder         : Lavc59.37.100 libx264
    Side data:
      cpb: bitrate max/min/avg: 1140000/0/0 buffer size: 2280000 vbv_delay: N/A
  Stream #0:1: Audio: aac (LC) (mp4a / 0x6134706D), 44100 Hz, stereo, fltp, 130 kb/s (default)
frame=    1 fps=0.0 q=0.0 size=N/A time=00:00:00.00 bitrate=N/A speed=   0x    
frame=    1 fps=0.4 q=0.0 size=N/A time=00:00:00.02 bitrate=N/A speed=0.0101x    
frame=    6 fps=2.0 q=0.0 size=N/A time=00:00:00.23 bitrate=N/A speed=0.0798x    
frame=   15 fps=4.3 q=0.0 size=N/A time=00:00:00.60 bitrate=N/A speed=0.172x    
frame=   23 fps=5.7 q=28.0 size=N/A time=00:00:00.92 bitrate=N/A speed=0.231x    
frame=   27 fps=5.8 q=28.0 size=N/A time=00:00:01.09 bitrate=N/A speed=0.237x    
frame=   34 fps=6.6 q=28.0 size=N/A time=00:00:01.39 bitrate=N/A speed=0.272x    
frame=   45 fps=8.0 q=28.0 size=N/A time=00:00:01.85 bitrate=N/A speed=0.329x    
frame=   56 fps=9.1 q=28.0 size=N/A time=00:00:02.29 bitrate=N/A speed=0.374x    
frame=   72 fps= 11 q=28.0 size=N/A time=00:00:02.97 bitrate=N/A speed=0.442x    
frame=   85 fps= 12 q=28.0 size=N/A time=00:00:03.52 bitrate=N/A speed=0.482x    
[hls @ 0x563fda10d700] Opening '/config/data/transcodes/ff98ca0a194c021e8644f615cc375ed00.ts' for writing
frame=   95 fps= 12 q=28.0 size=N/A time=00:00:03.94 bitrate=N/A speed=0.504x    
frame=  107 fps= 13 q=28.0 size=N/A time=00:00:04.43 bitrate=N/A speed=0.526x    
frame=  115 fps= 13 q=28.0 size=N/A time=00:00:04.76 bitrate=N/A speed=0.533x    
frame=  124 fps= 13 q=28.0 size=N/A time=00:00:05.15 bitrate=N/A speed=0.546x    
frame=  134 fps= 13 q=28.0 size=N/A time=00:00:05.57 bitrate=N/A speed=0.555x    
frame=  139 fps= 13 q=28.0 size=N/A time=00:00:05.78 bitrate=N/A speed=0.548x    
frame=  150 fps= 14 q=28.0 size=N/A time=00:00:06.22 bitrate=N/A speed=0.563x    
frame=  158 fps= 14 q=28.0 size=N/A time=00:00:06.57 bitrate=N/A speed=0.564x    
[hls @ 0x563fda10d700] Opening '/config/data/transcodes/ff98ca0a194c021e8644f615cc375ed01.ts' for writing
frame=  165 fps= 14 q=28.0 size=N/A time=00:00:06.85 bitrate=N/A speed=0.562x    
frame=  178 fps= 14 q=28.0 size=N/A time=00:00:07.40 bitrate=N/A speed=0.584x    
frame=  184 fps= 14 q=28.0 size=N/A time=00:00:07.63 bitrate=N/A speed=0.576x    
frame=  195 fps= 14 q=28.0 size=N/A time=00:00:08.10 bitrate=N/A speed=0.58x    
frame=  199 fps= 14 q=28.0 size=N/A time=00:00:08.26 bitrate=N/A speed=0.571x    
frame=  205 fps= 14 q=28.0 size=N/A time=00:00:08.52 bitrate=N/A speed=0.566x    
frame=  218 fps= 14 q=28.0 size=N/A time=00:00:09.07 bitrate=N/A speed=0.583x    
[hls @ 0x563fda10d700] Opening '/config/data/transcodes/ff98ca0a194c021e8644f615cc375ed02.ts' for writing
frame=  245 fps= 15 q=28.0 size=N/A time=00:00:10.19 bitrate=N/A speed=0.635x    
frame=  272 fps= 16 q=28.0 size=N/A time=00:00:11.33 bitrate=N/A speed=0.684x    
frame=  287 fps= 17 q=28.0 size=N/A time=00:00:11.93 bitrate=N/A speed=0.698x    
frame=  304 fps= 17 q=25.0 size=N/A time=00:00:12.65 bitrate=N/A speed=0.719x    
[hls @ 0x563fda10d700] Opening '/config/data/transcodes/ff98ca0a194c021e8644f615cc375ed03.ts' for writing
frame=  320 fps= 18 q=28.0 size=N/A time=00:00:13.32 bitrate=N/A speed=0.736x    
frame=  339 fps= 18 q=28.0 size=N/A time=00:00:14.11 bitrate=N/A speed=0.758x    
frame=  368 fps= 19 q=28.0 size=N/A time=00:00:15.32 bitrate=N/A speed=0.799x    
[hls @ 0x563fda10d700] Opening '/config/data/transcodes/ff98ca0a194c021e8644f615cc375ed04.ts' for writing
frame=  393 fps= 20 q=28.0 size=N/A time=00:00:16.37 bitrate=N/A speed=0.832x    
frame=  415 fps= 21 q=28.0 size=N/A time=00:00:17.27 bitrate=N/A speed=0.856x    
frame=  444 fps= 21 q=28.0 size=N/A time=00:00:18.48 bitrate=N/A speed=0.893x    
[hls @ 0x563fda10d700] Opening '/config/data/transcodes/ff98ca0a194c021e8644f615cc375ed05.ts' for writing
frame=  466 fps= 22 q=28.0 size=N/A time=00:00:19.41 bitrate=N/A speed=0.916x    
frame=  492 fps= 23 q=28.0 size=N/A time=00:00:20.50 bitrate=N/A speed=0.945x    
frame=  517 fps= 23 q=28.0 size=N/A time=00:00:21.54 bitrate=N/A speed=0.97x    
[hls @ 0x563fda10d700] Opening '/config/data/transcodes/ff98ca0a194c021e8644f615cc375ed06.ts' for writing
frame=  543 fps= 24 q=28.0 size=N/A time=00:00:22.63 bitrate=N/A speed=0.997x    
frame=  566 fps= 24 q=28.0 size=N/A time=00:00:23.59 bitrate=N/A speed=1.02x    
frame=  589 fps= 25 q=28.0 size=N/A time=00:00:24.54 bitrate=N/A speed=1.03x    
[hls @ 0x563fda10d700] Opening '/config/data/transcodes/ff98ca0a194c021e8644f615cc375ed07.ts' for writing
frame=  604 fps= 25 q=28.0 size=N/A time=00:00:25.17 bitrate=N/A speed=1.04x    
frame=  612 fps= 25 q=28.0 size=N/A time=00:00:25.49 bitrate=N/A speed=1.03x    
frame=  621 fps= 25 q=28.0 size=N/A time=00:00:25.86 bitrate=N/A speed=1.02x    
frame=  631 fps= 24 q=28.0 size=N/A time=00:00:26.28 bitrate=N/A speed=1.02x    
frame=  654 fps= 25 q=28.0 size=N/A time=00:00:27.26 bitrate=N/A speed=1.03x    
[hls @ 0x563fda10d700] Opening '/config/data/transcodes/ff98ca0a194c021e8644f615cc375ed08.ts' for writing
frame=  670 fps= 25 q=28.0 size=N/A time=00:00:27.91 bitrate=N/A speed=1.04x    
frame=  683 fps= 25 q=28.0 size=N/A time=00:00:28.46 bitrate=N/A speed=1.04x    
frame=  694 fps= 25 q=28.0 size=N/A time=00:00:28.91 bitrate=N/A speed=1.04x    
frame=  713 fps= 25 q=28.0 size=N/A time=00:00:29.72 bitrate=N/A speed=1.05x    
frame=  727 fps= 25 q=28.0 size=N/A time=00:00:30.30 bitrate=N/A speed=1.05x    
frame=  739 fps= 25 q=28.0 size=N/A time=00:00:30.79 bitrate=N/A speed=1.04x    
[hls @ 0x563fda10d700] Opening '/config/data/transcodes/ff98ca0a194c021e8644f615cc375ed09.ts' for writing
frame=  748 fps= 25 q=28.0 size=N/A time=00:00:31.18 bitrate=N/A speed=1.04x    
frame=  762 fps= 25 q=28.0 size=N/A time=00:00:31.76 bitrate=N/A speed=1.04x    
frame=  783 fps= 25 q=28.0 size=N/A time=00:00:32.62 bitrate=N/A speed=1.05x    
frame=  796 fps= 25 q=28.0 size=N/A time=00:00:33.18 bitrate=N/A speed=1.05x    
frame=  804 fps= 25 q=28.0 size=N/A time=00:00:33.50 bitrate=N/A speed=1.04x    
frame=  811 fps= 25 q=28.0 size=N/A time=00:00:33.80 bitrate=N/A speed=1.04x    
[hls @ 0x563fda10d700] Opening '/config/data/transcodes/ff98ca0a194c021e8644f615cc375ed010.ts' for writing
frame=  818 fps= 25 q=28.0 size=N/A time=00:00:34.08 bitrate=N/A speed=1.03x    
frame=  828 fps= 25 q=28.0 size=N/A time=00:00:34.50 bitrate=N/A speed=1.03x    
frame=  843 fps= 25 q=28.0 size=N/A time=00:00:35.13 bitrate=N/A speed=1.03x    
frame=  855 fps= 25 q=28.0 size=N/A time=00:00:35.64 bitrate=N/A speed=1.03x    
frame=  873 fps= 25 q=28.0 size=N/A time=00:00:36.38 bitrate=N/A speed=1.03x    
frame=  884 fps= 25 q=28.0 size=N/A time=00:00:36.85 bitrate=N/A speed=1.03x    
[hls @ 0x563fda10d700] Opening '/config/data/transcodes/ff98ca0a194c021e8644f615cc375ed011.ts' for writing
frame=  901 fps= 25 q=28.0 size=N/A time=00:00:37.54 bitrate=N/A speed=1.03x    
frame=  911 fps= 25 q=28.0 size=N/A time=00:00:37.96 bitrate=N/A speed=1.03x    
frame=  920 fps= 25 q=28.0 size=N/A time=00:00:38.33 bitrate=N/A speed=1.03x    
frame=  935 fps= 25 q=28.0 size=N/A time=00:00:38.96 bitrate=N/A speed=1.03x    
frame=  951 fps= 25 q=28.0 size=N/A time=00:00:39.63 bitrate=N/A speed=1.03x    
[hls @ 0x563fda10d700] Opening '/config/data/transcodes/ff98ca0a194c021e8644f615cc375ed012.ts' for writing
frame=  960 fps= 25 q=28.0 size=N/A time=00:00:40.00 bitrate=N/A speed=1.03x    
frame=  968 fps= 25 q=28.0 size=N/A time=00:00:40.35 bitrate=N/A speed=1.02x    
frame=  976 fps= 24 q=28.0 size=N/A time=00:00:40.68 bitrate=N/A speed=1.02x    
frame=  990 fps= 24 q=28.0 size=N/A time=00:00:41.26 bitrate=N/A speed=1.02x    
frame= 1006 fps= 24 q=28.0 size=N/A time=00:00:41.93 bitrate=N/A speed=1.02x    
frame= 1025 fps= 25 q=28.0 size=N/A time=00:00:42.72 bitrate=N/A speed=1.03x    
[hls @ 0x563fda10d700] Opening '/config/data/transcodes/ff98ca0a194c021e8644f615cc375ed013.ts' for writing
frame= 1041 fps= 25 q=28.0 size=N/A time=00:00:43.39 bitrate=N/A speed=1.03x    
frame= 1056 fps= 25 q=28.0 size=N/A time=00:00:44.02 bitrate=N/A speed=1.03x    
frame= 1077 fps= 25 q=28.0 size=N/A time=00:00:44.88 bitrate=N/A speed=1.04x    
frame= 1088 fps= 25 q=28.0 size=N/A time=00:00:45.34 bitrate=N/A speed=1.04x    
[hls @ 0x563fda10d700] Opening '/config/data/transcodes/ff98ca0a194c021e8644f615cc375ed014.ts' for writing
frame= 1109 fps= 25 q=28.0 size=N/A time=00:00:46.23 bitrate=N/A speed=1.05x    
frame= 1140 fps= 26 q=28.0 size=N/A time=00:00:47.53 bitrate=N/A speed=1.07x    
frame= 1166 fps= 26 q=28.0 size=N/A time=00:00:48.60 bitrate=N/A speed=1.08x    
[hls @ 0x563fda10d700] Opening '/config/data/transcodes/ff98ca0a194c021e8644f615cc375ed015.ts' for writing
frame= 1191 fps= 26 q=28.0 size=N/A time=00:00:49.64 bitrate=N/A speed=1.09x    
frame= 1215 fps= 26 q=28.0 size=N/A time=00:00:50.64 bitrate=N/A speed= 1.1x    
frame= 1241 fps= 27 q=28.0 size=N/A time=00:00:51.73 bitrate=N/A speed=1.11x    
[hls @ 0x563fda10d700] Opening '/config/data/transcodes/ff98ca0a194c021e8644f615cc375ed016.ts' for writing
frame= 1254 fps= 27 q=28.0 size=N/A time=00:00:52.26 bitrate=N/A speed=1.11x    

[q] command received. Exiting.

[hls @ 0x563fda10d700] Opening '/config/data/transcodes/ff98ca0a194c021e8644f615cc375ed017.ts' for writing
frame= 1257 fps= 26 q=-1.0 Lsize=N/A time=00:00:52.38 bitrate=N/A speed= 1.1x    
video:2296kB audio:830kB subtitle:0kB other streams:0kB global headers:0kB muxing overhead: unknown
[libx264 @ 0x563fda14b080] frame I:18    Avg QP:17.57  size: 13161
[libx264 @ 0x563fda14b080] frame P:370   Avg QP:21.05  size:  4047
[libx264 @ 0x563fda14b080] frame B:869   Avg QP:23.32  size:   710
[libx264 @ 0x563fda14b080] consecutive B-frames:  5.3%  5.9%  4.8% 84.0%
[libx264 @ 0x563fda14b080] mb I  I16..4: 49.2%  0.0% 50.8%
[libx264 @ 0x563fda14b080] mb P  I16..4: 31.4%  0.0%  0.0%  P16..4: 29.9%  0.0%  0.0%  0.0%  0.0%    skip:38.7%
[libx264 @ 0x563fda14b080] mb B  I16..4:  3.6%  0.0%  0.0%  B16..8: 11.8%  0.0%  0.0%  direct: 4.3%  skip:80.3%  L0:55.8% L1:37.1% BI: 7.1%
[libx264 @ 0x563fda14b080] coded y,uvDC,uvAC intra: 27.6% 12.1% 1.1% inter: 5.1% 5.1% 0.0%
[libx264 @ 0x563fda14b080] i16 v,h,dc,p: 32% 27% 17% 24%
[libx264 @ 0x563fda14b080] i4 v,h,dc,ddl,ddr,vr,hd,vl,hu: 32% 18% 17%  7%  6%  5%  5%  5%  5%
[libx264 @ 0x563fda14b080] i8c dc,h,v,p: 73% 13% 12%  2%
[libx264 @ 0x563fda14b080] Weighted P-Frames: Y:23.0% UV:11.9%
[libx264 @ 0x563fda14b080] kb/s:358.70