/videos/22c2e494-3c59-16fd-4472-e6a41f11f470/hls1/main/0.ts

{"Protocol":0,"Id":"22c2e4943c5916fd4472e6a41f11f470","Path":"/data/tvshows/Top Gear/Season 22/Top Gear - S22E04 - Episode 4 WEBDL-720p.mkv","EncoderPath":null,"EncoderProtocol":null,"Type":0,"Container":"mkv,webm","Size":2811516160,"Name":"Top Gear - S22E04 - Episode 4 WEBDL-720p","IsRemote":false,"ETag":"9d682387ae1c9db606daab459553d553","RunTimeTicks":37516689408,"ReadAtNativeFramerate":false,"IgnoreDts":false,"IgnoreIndex":false,"GenPtsInput":false,"SupportsTranscoding":true,"SupportsDirectStream":true,"SupportsDirectPlay":true,"IsInfiniteStream":false,"RequiresOpening":false,"OpenToken":null,"RequiresClosing":false,"LiveStreamId":null,"BufferMs":null,"RequiresLooping":false,"SupportsProbing":true,"VideoType":0,"IsoType":null,"Video3DFormat":null,"MediaStreams":[{"Codec":"h264","CodecTag":null,"Language":"eng","ColorRange":null,"ColorSpace":"bt709","ColorTransfer":"bt709","ColorPrimaries":"bt709","DvVersionMajor":null,"DvVersionMinor":null,"DvProfile":null,"DvLevel":null,"RpuPresentFlag":null,"ElPresentFlag":null,"BlPresentFlag":null,"DvBlSignalCompatibilityId":null,"Comment":null,"TimeBase":"1/1000","CodecTimeBase":null,"Title":null,"VideoRange":"SDR","VideoRangeType":"SDR","VideoDoViTitle":null,"LocalizedUndefined":null,"LocalizedDefault":null,"LocalizedForced":null,"LocalizedExternal":null,"DisplayTitle":"720p H264 SDR","NalLengthSize":"4","IsInterlaced":false,"IsAVC":true,"ChannelLayout":null,"BitRate":5995232,"BitDepth":8,"RefFrames":1,"PacketLength":null,"Channels":null,"SampleRate":null,"IsDefault":true,"IsForced":false,"Height":720,"Width":1280,"AverageFrameRate":25,"RealFrameRate":25,"Profile":"High","Type":1,"AspectRatio":"16:9","Index":0,"Score":null,"IsExternal":false,"DeliveryMethod":null,"DeliveryUrl":null,"IsExternalUrl":null,"IsTextSubtitleStream":false,"SupportsExternalStream":false,"Path":null,"PixelFormat":"yuv420p","Level":31,"IsAnamorphic":null},{"Codec":"aac","CodecTag":null,"Language":"eng","ColorRange":null,"ColorSpace":null,"ColorTransfer":null,"ColorPrimaries":null,"DvVersionMajor":null,"DvVersionMinor":null,"DvProfile":null,"DvLevel":null,"RpuPresentFlag":null,"ElPresentFlag":null,"BlPresentFlag":null,"DvBlSignalCompatibilityId":null,"Comment":null,"TimeBase":"1/1000","CodecTimeBase":null,"Title":"English","VideoRange":null,"VideoRangeType":null,"VideoDoViTitle":null,"LocalizedUndefined":null,"LocalizedDefault":null,"LocalizedForced":null,"LocalizedExternal":null,"DisplayTitle":"English - AAC - Stereo - Default","NalLengthSize":null,"IsInterlaced":false,"IsAVC":null,"ChannelLayout":"stereo","BitRate":224000,"BitDepth":null,"RefFrames":null,"PacketLength":null,"Channels":2,"SampleRate":48000,"IsDefault":true,"IsForced":false,"Height":null,"Width":null,"AverageFrameRate":null,"RealFrameRate":null,"Profile":"LC","Type":0,"AspectRatio":null,"Index":1,"Score":null,"IsExternal":false,"DeliveryMethod":null,"DeliveryUrl":null,"IsExternalUrl":null,"IsTextSubtitleStream":false,"SupportsExternalStream":false,"Path":null,"PixelFormat":null,"Level":0,"IsAnamorphic":null},{"Codec":"subrip","CodecTag":null,"Language":"eng","ColorRange":null,"ColorSpace":null,"ColorTransfer":null,"ColorPrimaries":null,"DvVersionMajor":null,"DvVersionMinor":null,"DvProfile":null,"DvLevel":null,"RpuPresentFlag":null,"ElPresentFlag":null,"BlPresentFlag":null,"DvBlSignalCompatibilityId":null,"Comment":null,"TimeBase":"1/1000","CodecTimeBase":null,"Title":"English (SDH)","VideoRange":null,"VideoRangeType":null,"VideoDoViTitle":null,"LocalizedUndefined":"Undefined","LocalizedDefault":"Default","LocalizedForced":"Forced","LocalizedExternal":"External","DisplayTitle":"English (SDH) - SUBRIP","NalLengthSize":null,"IsInterlaced":false,"IsAVC":null,"ChannelLayout":null,"BitRate":null,"BitDepth":null,"RefFrames":null,"PacketLength":null,"Channels":null,"SampleRate":null,"IsDefault":false,"IsForced":false,"Height":null,"Width":null,"AverageFrameRate":null,"RealFrameRate":null,"Profile":null,"Type":2,"AspectRatio":null,"Index":2,"Score":null,"IsExternal":false,"DeliveryMethod":null,"DeliveryUrl":null,"IsExternalUrl":null,"IsTextSubtitleStream":true,"SupportsExternalStream":true,"Path":null,"PixelFormat":null,"Level":0,"IsAnamorphic":null}],"MediaAttachments":[],"Formats":[],"Bitrate":6219232,"Timestamp":null,"RequiredHttpHeaders":{},"TranscodingUrl":null,"TranscodingSubProtocol":null,"TranscodingContainer":null,"AnalyzeDurationMs":null,"DefaultAudioStreamIndex":null,"DefaultSubtitleStreamIndex":null}

/usr/lib/jellyfin-ffmpeg/ffmpeg -analyzeduration 200M -f matroska,webm -autorotate 0 -i file:"/data/tvshows/Top Gear/Season 22/Top Gear - S22E04 - Episode 4 WEBDL-720p.mkv" -map_metadata -1 -map_chapters -1 -threads 0 -map 0:0 -map 0:1 -map -0:s -codec:v:0 libx264 -preset veryfast -crf 23 -maxrate 292000 -bufsize 584000 -profile:v:0 high -level 31 -x264opts:0 subme=0:me_range=4:rc_lookahead=10:me=dia:no_chroma_me:8x8dct=0:partitions=none -force_key_frames:0 "expr:gte(t,0+n_forced*3)" -sc_threshold:v:0 0 -vf "setparams=color_primaries=bt709:color_trc=bt709:colorspace=bt709,scale=trunc(min(max(iw\,ih*a)\,426)/2)*2:trunc(ow/a/2)*2,format=yuv420p" -codec:a:0 libfdk_aac -ac 2 -ab 128000 -ar 48000 -copyts -avoid_negative_ts disabled -max_muxing_queue_size 2048 -f hls -max_delay 5000000 -hls_time 3 -hls_segment_type mpegts -start_number 0 -hls_segment_filename "/data/transcodes/c24132ef914d966f5d8eaea15318a0c0%d.ts" -hls_playlist_type vod -hls_list_size 0 -y "/data/transcodes/c24132ef914d966f5d8eaea15318a0c0.m3u8"


ffmpeg version 5.1.3-Jellyfin Copyright (c) 2000-2022 the FFmpeg developers
  built with gcc 11 (Ubuntu 11.3.0-1ubuntu1~22.04.1)
  configuration: --prefix=/usr/lib/jellyfin-ffmpeg --target-os=linux --extra-libs=-lfftw3f --extra-version=Jellyfin --disable-doc --disable-ffplay --disable-ptx-compression --disable-static --disable-libxcb --disable-sdl2 --disable-xlib --enable-lto --enable-gpl --enable-version3 --enable-shared --enable-gmp --enable-gnutls --enable-chromaprint --enable-libdrm --enable-libass --enable-libfreetype --enable-libfribidi --enable-libfontconfig --enable-libbluray --enable-libmp3lame --enable-libopus --enable-libtheora --enable-libvorbis --enable-libopenmpt --enable-libdav1d --enable-libwebp --enable-libvpx --enable-libx264 --enable-libx265 --enable-libzvbi --enable-libzimg --enable-libfdk-aac --arch=amd64 --enable-libsvtav1 --enable-libshaderc --enable-libplacebo --enable-vulkan --enable-opencl --enable-vaapi --enable-amf --enable-libmfx --enable-ffnvcodec --enable-cuda --enable-cuda-llvm --enable-cuvid --enable-nvdec --enable-nvenc
  libavutil      57. 28.100 / 57. 28.100
  libavcodec     59. 37.100 / 59. 37.100
  libavformat    59. 27.100 / 59. 27.100
  libavdevice    59.  7.100 / 59.  7.100
  libavfilter     8. 44.100 /  8. 44.100
  libswscale      6.  7.100 /  6.  7.100
  libswresample   4.  7.100 /  4.  7.100
  libpostproc    56.  6.100 / 56.  6.100
Input #0, matroska,webm, from 'file:/data/tvshows/Top Gear/Season 22/Top Gear - S22E04 - Episode 4 WEBDL-720p.mkv':
  Metadata:
    ENCODER         : Lavf60.3.100
  Duration: 01:02:31.67, start: -0.021000, bitrate: 5995 kb/s
  Stream #0:0(eng): Video: h264 (High), yuv420p(tv, bt709, progressive), 1280x720 [SAR 1:1 DAR 16:9], 25 fps, 25 tbr, 1k tbn (default)
    Metadata:
      BPS-eng         : 5861208
      DURATION-eng    : 01:02:31.600000000
      NUMBER_OF_FRAMES-eng: 93790
      NUMBER_OF_BYTES-eng: 2748613510
      _STATISTICS_WRITING_APP-eng: mkvmerge v51.0.0 ('I Wish') 64-bit
      _STATISTICS_WRITING_DATE_UTC-eng: 2020-12-30 10:31:06
      _STATISTICS_TAGS-eng: BPS DURATION NUMBER_OF_FRAMES NUMBER_OF_BYTES
      DURATION        : 01:02:31.600000000
  Stream #0:1(eng): Audio: aac (LC), 48000 Hz, stereo, fltp (default)
    Metadata:
      title           : English
      BPS-eng         : 224000
      DURATION-eng    : 01:02:31.648000000
      NUMBER_OF_FRAMES-eng: 117239
      NUMBER_OF_BYTES-eng: 105046144
      _STATISTICS_WRITING_APP-eng: mkvmerge v51.0.0 ('I Wish') 64-bit
      _STATISTICS_WRITING_DATE_UTC-eng: 2020-12-30 10:31:06
      _STATISTICS_TAGS-eng: BPS DURATION NUMBER_OF_FRAMES NUMBER_OF_BYTES
      ENCODER         : Lavc60.3.100 aac
      DURATION        : 01:02:31.669000000
  Stream #0:2(eng): Subtitle: subrip
    Metadata:
      title           : English (SDH)
      BPS-eng         : 99
      DURATION-eng    : 01:01:52.167000000
      NUMBER_OF_FRAMES-eng: 1214
      NUMBER_OF_BYTES-eng: 46028
      _STATISTICS_WRITING_APP-eng: mkvmerge v51.0.0 ('I Wish') 64-bit
      _STATISTICS_WRITING_DATE_UTC-eng: 2020-12-30 10:31:06
      _STATISTICS_TAGS-eng: BPS DURATION NUMBER_OF_FRAMES NUMBER_OF_BYTES
      DURATION        : 01:01:59.267000000
Stream mapping:
  Stream #0:0 -> #0:0 (h264 (native) -> h264 (libx264))
  Stream #0:1 -> #0:1 (aac (native) -> aac (libfdk_aac))
Press [q] to stop, [?] for help
[libx264 @ 0x55b406a2acc0] using SAR=1904/1917
[libx264 @ 0x55b406a2acc0] using cpu capabilities: MMX2 SSE2Fast SSSE3 SSE4.2 AVX FMA3 BMI2 AVX2
[libx264 @ 0x55b406a2acc0] profile Main, level 3.1, 4:2:0, 8-bit
[libx264 @ 0x55b406a2acc0] 264 - core 163 r3060 5db6aa6 - H.264/MPEG-4 AVC codec - Copyleft 2003-2021 - http://www.videolan.org/x264.html - options: cabac=1 ref=1 deblock=1:0:0 analyse=0x1:0 me=dia subme=0 psy=1 psy_rd=1.00:0.00 mixed_ref=0 me_range=4 chroma_me=0 trellis=0 8x8dct=0 cqm=0 deadzone=21,11 fast_pskip=1 chroma_qp_offset=0 threads=6 lookahead_threads=1 sliced_threads=0 nr=0 decimate=1 interlaced=0 bluray_compat=0 constrained_intra=0 bframes=3 b_pyramid=2 b_adapt=1 b_bias=0 direct=1 weightb=1 open_gop=0 weightp=1 keyint=250 keyint_min=25 scenecut=0 intra_refresh=0 rc_lookahead=10 rc=crf mbtree=1 crf=23.0 qcomp=0.60 qpmin=0 qpmax=69 qpstep=4 vbv_maxrate=292 vbv_bufsize=584 crf_max=0.0 nal_hrd=none filler=0 ip_ratio=1.40 aq=1:1.00
Output #0, hls, to '/data/transcodes/c24132ef914d966f5d8eaea15318a0c0.m3u8':
  Metadata:
    encoder         : Lavf59.27.100
  Stream #0:0: Video: h264, yuv420p(tv, bt709, progressive), 426x238 [SAR 1904:1917 DAR 16:9], q=2-31, 25 fps, 90k tbn (default)
    Metadata:
      encoder         : Lavc59.37.100 libx264
    Side data:
      cpb: bitrate max/min/avg: 292000/0/0 buffer size: 584000 vbv_delay: N/A
  Stream #0:1: Audio: aac, 48000 Hz, stereo, s16, 128 kb/s (default)
    Metadata:
      encoder         : Lavc59.37.100 libfdk_aac
frame=    1 fps=0.0 q=0.0 size=N/A time=00:00:00.00 bitrate=N/A speed=   0x    
frame=   60 fps=0.0 q=28.0 size=N/A time=00:00:02.38 bitrate=N/A speed=4.13x    
[hls @ 0x55b406a17180] Opening '/data/transcodes/c24132ef914d966f5d8eaea15318a0c00.ts' for writing
frame=  153 fps=141 q=28.0 size=N/A time=00:00:06.10 bitrate=N/A speed= 5.6x    
[hls @ 0x55b406a17180] Opening '/data/transcodes/c24132ef914d966f5d8eaea15318a0c01.ts' for writing
frame=  199 fps=124 q=37.0 size=N/A time=00:00:07.93 bitrate=N/A speed=4.93x    
frame=  243 fps=115 q=40.0 size=N/A time=00:00:09.70 bitrate=N/A speed= 4.6x    
[hls @ 0x55b406a17180] Opening '/data/transcodes/c24132ef914d966f5d8eaea15318a0c02.ts' for writing
frame=  306 fps=117 q=29.0 size=N/A time=00:00:12.22 bitrate=N/A speed=4.65x    
[hls @ 0x55b406a17180] Opening '/data/transcodes/c24132ef914d966f5d8eaea15318a0c03.ts' for writing
frame=  366 fps=117 q=28.0 size=N/A time=00:00:14.61 bitrate=N/A speed=4.66x    
[hls @ 0x55b406a17180] Opening '/data/transcodes/c24132ef914d966f5d8eaea15318a0c04.ts' for writing
frame=  435 fps=120 q=32.0 size=N/A time=00:00:17.38 bitrate=N/A speed=4.78x    
[hls @ 0x55b406a17180] Opening '/data/transcodes/c24132ef914d966f5d8eaea15318a0c05.ts' for writing
frame=  491 fps=118 q=39.0 size=N/A time=00:00:19.62 bitrate=N/A speed=4.73x    
[hls @ 0x55b406a17180] Opening '/data/transcodes/c24132ef914d966f5d8eaea15318a0c06.ts' for writing
frame=  549 fps=118 q=30.0 size=N/A time=00:00:21.93 bitrate=N/A speed=4.72x    
frame=  601 fps=117 q=29.0 size=N/A time=00:00:24.02 bitrate=N/A speed=4.66x    
[hls @ 0x55b406a17180] Opening '/data/transcodes/c24132ef914d966f5d8eaea15318a0c07.ts' for writing
frame=  667 fps=118 q=32.0 size=N/A time=00:00:26.68 bitrate=N/A speed=4.72x    
[hls @ 0x55b406a17180] Opening '/data/transcodes/c24132ef914d966f5d8eaea15318a0c08.ts' for writing
frame=  748 fps=121 q=28.0 size=N/A time=00:00:29.90 bitrate=N/A speed=4.85x    
[hls @ 0x55b406a17180] Opening '/data/transcodes/c24132ef914d966f5d8eaea15318a0c09.ts' for writing
frame=  814 fps=122 q=30.0 size=N/A time=00:00:32.53 bitrate=N/A speed=4.88x    
[hls @ 0x55b406a17180] Opening '/data/transcodes/c24132ef914d966f5d8eaea15318a0c010.ts' for writing
frame=  874 fps=122 q=33.0 size=N/A time=00:00:34.94 bitrate=N/A speed=4.87x    
[hls @ 0x55b406a17180] Opening '/data/transcodes/c24132ef914d966f5d8eaea15318a0c011.ts' for writing
frame=  923 fps=120 q=38.0 size=N/A time=00:00:36.90 bitrate=N/A speed=4.81x    
frame=  973 fps=119 q=34.0 size=N/A time=00:00:38.89 bitrate=N/A speed=4.75x    
[hls @ 0x55b406a17180] Opening '/data/transcodes/c24132ef914d966f5d8eaea15318a0c012.ts' for writing
frame= 1023 fps=118 q=34.0 size=N/A time=00:00:40.89 bitrate=N/A speed=4.71x    
[hls @ 0x55b406a17180] Opening '/data/transcodes/c24132ef914d966f5d8eaea15318a0c013.ts' for writing
frame= 1081 fps=118 q=32.0 size=N/A time=00:00:43.22 bitrate=N/A speed= 4.7x    
frame= 1145 fps=118 q=33.0 size=N/A time=00:00:45.78 bitrate=N/A speed=4.73x    
[hls @ 0x55b406a17180] Opening '/data/transcodes/c24132ef914d966f5d8eaea15318a0c014.ts' for writing
frame= 1207 fps=118 q=31.0 size=N/A time=00:00:48.25 bitrate=N/A speed=4.74x    
[hls @ 0x55b406a17180] Opening '/data/transcodes/c24132ef914d966f5d8eaea15318a0c015.ts' for writing
frame= 1253 fps=117 q=33.0 size=N/A time=00:00:50.09 bitrate=N/A speed=4.68x    
[hls @ 0x55b406a17180] Opening '/data/transcodes/c24132ef914d966f5d8eaea15318a0c016.ts' for writing
frame= 1299 fps=116 q=32.0 size=N/A time=00:00:51.94 bitrate=N/A speed=4.63x    
frame= 1361 fps=116 q=37.0 size=N/A time=00:00:54.42 bitrate=N/A speed=4.65x    
[hls @ 0x55b406a17180] Opening '/data/transcodes/c24132ef914d966f5d8eaea15318a0c017.ts' for writing
frame= 1426 fps=117 q=29.0 size=N/A time=00:00:57.02 bitrate=N/A speed=4.67x    
[hls @ 0x55b406a17180] Opening '/data/transcodes/c24132ef914d966f5d8eaea15318a0c018.ts' for writing
frame= 1492 fps=117 q=28.0 size=N/A time=00:00:59.66 bitrate=N/A speed=4.69x    
[hls @ 0x55b406a17180] Opening '/data/transcodes/c24132ef914d966f5d8eaea15318a0c019.ts' for writing
frame= 1549 fps=117 q=29.0 size=N/A time=00:01:01.90 bitrate=N/A speed=4.68x    
[hls @ 0x55b406a17180] Opening '/data/transcodes/c24132ef914d966f5d8eaea15318a0c020.ts' for writing
frame= 1599 fps=116 q=33.0 size=N/A time=00:01:03.93 bitrate=N/A speed=4.65x    
frame= 1643 fps=115 q=31.0 size=N/A time=00:01:05.70 bitrate=N/A speed=4.61x    

[q] command received. Exiting.

[hls @ 0x55b406a17180] Opening '/data/transcodes/c24132ef914d966f5d8eaea15318a0c021.ts' for writing
frame= 1648 fps=115 q=-1.0 Lsize=N/A time=00:01:05.92 bitrate=N/A speed=4.59x    
video:2300kB audio:1034kB subtitle:0kB other streams:0kB global headers:0kB muxing overhead: unknown
[libx264 @ 0x55b406a2acc0] frame I:22    Avg QP:25.33  size:  7821
[libx264 @ 0x55b406a2acc0] frame P:638   Avg QP:28.95  size:  2584
[libx264 @ 0x55b406a2acc0] frame B:988   Avg QP:33.40  size:   541
[libx264 @ 0x55b406a2acc0] consecutive B-frames: 16.1% 10.0%  5.5% 68.4%
[libx264 @ 0x55b406a2acc0] mb I  I16..4: 36.9%  0.0% 63.1%
[libx264 @ 0x55b406a2acc0] mb P  I16..4: 14.3%  0.0%  0.0%  P16..4: 49.7%  0.0%  0.0%  0.0%  0.0%    skip:36.0%
[libx264 @ 0x55b406a2acc0] mb B  I16..4:  1.3%  0.0%  0.0%  B16..8: 18.0%  0.0%  0.0%  direct: 4.3%  skip:76.4%  L0:33.6% L1:41.4% BI:25.0%
[libx264 @ 0x55b406a2acc0] coded y,uvDC,uvAC intra: 47.7% 48.0% 28.0% inter: 12.5% 7.2% 1.1%
[libx264 @ 0x55b406a2acc0] i16 v,h,dc,p: 38% 37% 14% 11%
[libx264 @ 0x55b406a2acc0] i4 v,h,dc,ddl,ddr,vr,hd,vl,hu: 21% 29% 13%  7%  5%  5%  6%  6%  9%
[libx264 @ 0x55b406a2acc0] i8c dc,h,v,p: 47% 31% 17%  6%
[libx264 @ 0x55b406a2acc0] Weighted P-Frames: Y:5.2% UV:1.7%
[libx264 @ 0x55b406a2acc0] kb/s:285.77