/videos/5713ccb0-9828-9e0b-b0ac-6dde31f60311/hls1/main/230.ts

{"Protocol":0,"Id":"5713ccb098289e0bb0ac6dde31f60311","Path":"/data/tvshows/Top Gear/Season 22/Top Gear - S22E02 - Episode 2 WEBDL-720p.mkv","EncoderPath":null,"EncoderProtocol":null,"Type":0,"Container":"mkv,webm","Size":2702997248,"Name":"Top Gear - S22E02 - Episode 2 WEBDL-720p","IsRemote":false,"ETag":"9900ca18a180682f3a35975164f3f144","RunTimeTicks":35307200512,"ReadAtNativeFramerate":false,"IgnoreDts":false,"IgnoreIndex":false,"GenPtsInput":false,"SupportsTranscoding":true,"SupportsDirectStream":true,"SupportsDirectPlay":true,"IsInfiniteStream":false,"RequiresOpening":false,"OpenToken":null,"RequiresClosing":false,"LiveStreamId":null,"BufferMs":null,"RequiresLooping":false,"SupportsProbing":true,"VideoType":0,"IsoType":null,"Video3DFormat":null,"MediaStreams":[{"Codec":"subrip","CodecTag":null,"Language":"hin","ColorRange":null,"ColorSpace":null,"ColorTransfer":null,"ColorPrimaries":null,"DvVersionMajor":null,"DvVersionMinor":null,"DvProfile":null,"DvLevel":null,"RpuPresentFlag":null,"ElPresentFlag":null,"BlPresentFlag":null,"DvBlSignalCompatibilityId":null,"Comment":null,"TimeBase":"1/1000","CodecTimeBase":null,"Title":"en","VideoRange":null,"VideoRangeType":null,"VideoDoViTitle":null,"LocalizedUndefined":"Undefined","LocalizedDefault":"Default","LocalizedForced":"Forced","LocalizedExternal":"External","DisplayTitle":"en - Hindi - SUBRIP - External","NalLengthSize":null,"IsInterlaced":false,"IsAVC":null,"ChannelLayout":null,"BitRate":null,"BitDepth":null,"RefFrames":null,"PacketLength":null,"Channels":null,"SampleRate":null,"IsDefault":false,"IsForced":false,"Height":null,"Width":null,"AverageFrameRate":null,"RealFrameRate":null,"Profile":null,"Type":2,"AspectRatio":null,"Index":0,"Score":null,"IsExternal":true,"DeliveryMethod":null,"DeliveryUrl":null,"IsExternalUrl":null,"IsTextSubtitleStream":true,"SupportsExternalStream":true,"Path":"/data/tvshows/Top Gear/Season 22/Top Gear - S22E02 - Episode 2 WEBDL-720p.en.hi.srt","PixelFormat":null,"Level":0,"IsAnamorphic":null},{"Codec":"h264","CodecTag":null,"Language":"eng","ColorRange":null,"ColorSpace":"bt709","ColorTransfer":"bt709","ColorPrimaries":"bt709","DvVersionMajor":null,"DvVersionMinor":null,"DvProfile":null,"DvLevel":null,"RpuPresentFlag":null,"ElPresentFlag":null,"BlPresentFlag":null,"DvBlSignalCompatibilityId":null,"Comment":null,"TimeBase":"1/1000","CodecTimeBase":null,"Title":null,"VideoRange":"SDR","VideoRangeType":"SDR","VideoDoViTitle":null,"LocalizedUndefined":null,"LocalizedDefault":null,"LocalizedForced":null,"LocalizedExternal":null,"DisplayTitle":"720p H264 SDR","NalLengthSize":"4","IsInterlaced":false,"IsAVC":true,"ChannelLayout":null,"BitRate":6124523,"BitDepth":8,"RefFrames":1,"PacketLength":null,"Channels":null,"SampleRate":null,"IsDefault":true,"IsForced":false,"Height":720,"Width":1280,"AverageFrameRate":25,"RealFrameRate":25,"Profile":"High","Type":1,"AspectRatio":"16:9","Index":1,"Score":null,"IsExternal":false,"DeliveryMethod":null,"DeliveryUrl":null,"IsExternalUrl":null,"IsTextSubtitleStream":false,"SupportsExternalStream":false,"Path":null,"PixelFormat":"yuv420p","Level":31,"IsAnamorphic":null},{"Codec":"eac3","CodecTag":null,"Language":"eng","ColorRange":null,"ColorSpace":null,"ColorTransfer":null,"ColorPrimaries":null,"DvVersionMajor":null,"DvVersionMinor":null,"DvProfile":null,"DvLevel":null,"RpuPresentFlag":null,"ElPresentFlag":null,"BlPresentFlag":null,"DvBlSignalCompatibilityId":null,"Comment":null,"TimeBase":"1/1000","CodecTimeBase":null,"Title":"English","VideoRange":null,"VideoRangeType":null,"VideoDoViTitle":null,"LocalizedUndefined":null,"LocalizedDefault":null,"LocalizedForced":null,"LocalizedExternal":null,"DisplayTitle":"English - Dolby Digital\u002B - Stereo - Default","NalLengthSize":null,"IsInterlaced":false,"IsAVC":null,"ChannelLayout":"stereo","BitRate":224000,"BitDepth":null,"RefFrames":null,"PacketLength":null,"Channels":2,"SampleRate":48000,"IsDefault":true,"IsForced":false,"Height":null,"Width":null,"AverageFrameRate":null,"RealFrameRate":null,"Profile":null,"Type":0,"AspectRatio":null,"Index":2,"Score":null,"IsExternal":false,"DeliveryMethod":null,"DeliveryUrl":null,"IsExternalUrl":null,"IsTextSubtitleStream":false,"SupportsExternalStream":false,"Path":null,"PixelFormat":null,"Level":0,"IsAnamorphic":null},{"Codec":"subrip","CodecTag":null,"Language":"eng","ColorRange":null,"ColorSpace":null,"ColorTransfer":null,"ColorPrimaries":null,"DvVersionMajor":null,"DvVersionMinor":null,"DvProfile":null,"DvLevel":null,"RpuPresentFlag":null,"ElPresentFlag":null,"BlPresentFlag":null,"DvBlSignalCompatibilityId":null,"Comment":null,"TimeBase":"1/1000","CodecTimeBase":null,"Title":"English (SDH)","VideoRange":null,"VideoRangeType":null,"VideoDoViTitle":null,"LocalizedUndefined":"Undefined","LocalizedDefault":"Default","LocalizedForced":"Forced","LocalizedExternal":"External","DisplayTitle":"English (SDH) - SUBRIP","NalLengthSize":null,"IsInterlaced":false,"IsAVC":null,"ChannelLayout":null,"BitRate":null,"BitDepth":null,"RefFrames":null,"PacketLength":null,"Channels":null,"SampleRate":null,"IsDefault":false,"IsForced":false,"Height":null,"Width":null,"AverageFrameRate":null,"RealFrameRate":null,"Profile":null,"Type":2,"AspectRatio":null,"Index":3,"Score":null,"IsExternal":false,"DeliveryMethod":null,"DeliveryUrl":null,"IsExternalUrl":null,"IsTextSubtitleStream":true,"SupportsExternalStream":true,"Path":null,"PixelFormat":null,"Level":0,"IsAnamorphic":null}],"MediaAttachments":[],"Formats":[],"Bitrate":6348523,"Timestamp":null,"RequiredHttpHeaders":{},"TranscodingUrl":null,"TranscodingSubProtocol":null,"TranscodingContainer":null,"AnalyzeDurationMs":null,"DefaultAudioStreamIndex":null,"DefaultSubtitleStreamIndex":null}

/usr/lib/jellyfin-ffmpeg/ffmpeg -analyzeduration 200M -ss 00:23:00.000 -fflags +genpts -f matroska,webm  -i file:"/data/tvshows/Top Gear/Season 22/Top Gear - S22E02 - Episode 2 WEBDL-720p.mkv" -map_metadata -1 -map_chapters -1 -threads 0 -map 0:0 -map 0:1 -map -0:s -codec:v:0 copy -bsf:v h264_mp4toannexb -start_at_zero -codec:a:0 copy -copyts -avoid_negative_ts disabled -max_muxing_queue_size 2048 -f hls -max_delay 5000000 -hls_time 6 -hls_segment_type mpegts -start_number 230 -hls_segment_filename "/data/transcodes/54b28b6e657928adad152c4417202b3d%d.ts" -hls_playlist_type vod -hls_list_size 0 -y "/data/transcodes/54b28b6e657928adad152c4417202b3d.m3u8"


ffmpeg version 5.1.3-Jellyfin Copyright (c) 2000-2022 the FFmpeg developers
  built with gcc 11 (Ubuntu 11.3.0-1ubuntu1~22.04.1)
  configuration: --prefix=/usr/lib/jellyfin-ffmpeg --target-os=linux --extra-libs=-lfftw3f --extra-version=Jellyfin --disable-doc --disable-ffplay --disable-ptx-compression --disable-static --disable-libxcb --disable-sdl2 --disable-xlib --enable-lto --enable-gpl --enable-version3 --enable-shared --enable-gmp --enable-gnutls --enable-chromaprint --enable-libdrm --enable-libass --enable-libfreetype --enable-libfribidi --enable-libfontconfig --enable-libbluray --enable-libmp3lame --enable-libopus --enable-libtheora --enable-libvorbis --enable-libopenmpt --enable-libdav1d --enable-libwebp --enable-libvpx --enable-libx264 --enable-libx265 --enable-libzvbi --enable-libzimg --enable-libfdk-aac --arch=amd64 --enable-libsvtav1 --enable-libshaderc --enable-libplacebo --enable-vulkan --enable-opencl --enable-vaapi --enable-amf --enable-libmfx --enable-ffnvcodec --enable-cuda --enable-cuda-llvm --enable-cuvid --enable-nvdec --enable-nvenc
  libavutil      57. 28.100 / 57. 28.100
  libavcodec     59. 37.100 / 59. 37.100
  libavformat    59. 27.100 / 59. 27.100
  libavdevice    59.  7.100 / 59.  7.100
  libavfilter     8. 44.100 /  8. 44.100
  libswscale      6.  7.100 /  6.  7.100
  libswresample   4.  7.100 /  4.  7.100
  libpostproc    56.  6.100 / 56.  6.100
Input #0, matroska,webm, from 'file:/data/tvshows/Top Gear/Season 22/Top Gear - S22E02 - Episode 2 WEBDL-720p.mkv':
  Metadata:
    encoder         : libebml v1.4.0 + libmatroska v1.6.2
  Duration: 00:58:50.72, start: 0.000000, bitrate: 6124 kb/s
  Stream #0:0(eng): Video: h264 (High), yuv420p(tv, bt709, progressive), 1280x720 [SAR 1:1 DAR 16:9], 25 fps, 25 tbr, 1k tbn (default)
    Metadata:
      BPS-eng         : 5898418
      DURATION-eng    : 00:58:50.680000000
      NUMBER_OF_FRAMES-eng: 88267
      NUMBER_OF_BYTES-eng: 2603178658
      _STATISTICS_WRITING_APP-eng: mkvmerge v51.0.0 ('I Wish') 64-bit
      _STATISTICS_WRITING_DATE_UTC-eng: 2020-12-30 10:29:32
      _STATISTICS_TAGS-eng: BPS DURATION NUMBER_OF_FRAMES NUMBER_OF_BYTES
  Stream #0:1(eng): Audio: eac3, 48000 Hz, stereo, fltp, 224 kb/s (default)
    Metadata:
      title           : English
      BPS-eng         : 224000
      DURATION-eng    : 00:58:50.720000000
      NUMBER_OF_FRAMES-eng: 110335
      NUMBER_OF_BYTES-eng: 98860160
      _STATISTICS_WRITING_APP-eng: mkvmerge v51.0.0 ('I Wish') 64-bit
      _STATISTICS_WRITING_DATE_UTC-eng: 2020-12-30 10:29:32
      _STATISTICS_TAGS-eng: BPS DURATION NUMBER_OF_FRAMES NUMBER_OF_BYTES
  Stream #0:2(eng): Subtitle: subrip
    Metadata:
      title           : English (SDH)
      BPS-eng         : 101
      DURATION-eng    : 00:58:08.800000000
      NUMBER_OF_FRAMES-eng: 1067
      NUMBER_OF_BYTES-eng: 44308
      _STATISTICS_WRITING_APP-eng: mkvmerge v51.0.0 ('I Wish') 64-bit
      _STATISTICS_WRITING_DATE_UTC-eng: 2020-12-30 10:29:32
      _STATISTICS_TAGS-eng: BPS DURATION NUMBER_OF_FRAMES NUMBER_OF_BYTES
Output #0, hls, to '/data/transcodes/54b28b6e657928adad152c4417202b3d.m3u8':
  Metadata:
    encoder         : Lavf59.27.100
  Stream #0:0: Video: h264 (High), yuv420p(tv, bt709, progressive), 1280x720 [SAR 1:1 DAR 16:9], q=2-31, 25 fps, 25 tbr, 90k tbn (default)
  Stream #0:1: Audio: eac3, 48000 Hz, stereo, fltp, 224 kb/s (default)
Stream mapping:
  Stream #0:0 -> #0:0 (copy)
  Stream #0:1 -> #0:1 (copy)
Press [q] to stop, [?] for help
frame=    1 fps=0.0 q=-1.0 size=N/A time=-00:22:57.96 bitrate=N/A speed=N/A    
[hls @ 0x55aece924180] Opening '/data/transcodes/54b28b6e657928adad152c4417202b3d230.ts' for writing
[hls @ 0x55aece924180] Opening '/data/transcodes/54b28b6e657928adad152c4417202b3d231.ts' for writing
[hls @ 0x55aece924180] Opening '/data/transcodes/54b28b6e657928adad152c4417202b3d232.ts' for writing
[hls @ 0x55aece924180] Opening '/data/transcodes/54b28b6e657928adad152c4417202b3d233.ts' for writing
[hls @ 0x55aece924180] Opening '/data/transcodes/54b28b6e657928adad152c4417202b3d234.ts' for writing
[hls @ 0x55aece924180] Opening '/data/transcodes/54b28b6e657928adad152c4417202b3d235.ts' for writing
[hls @ 0x55aece924180] Opening '/data/transcodes/54b28b6e657928adad152c4417202b3d236.ts' for writing
[hls @ 0x55aece924180] Opening '/data/transcodes/54b28b6e657928adad152c4417202b3d237.ts' for writing
[hls @ 0x55aece924180] Opening '/data/transcodes/54b28b6e657928adad152c4417202b3d238.ts' for writing
[hls @ 0x55aece924180] Opening '/data/transcodes/54b28b6e657928adad152c4417202b3d239.ts' for writing
[hls @ 0x55aece924180] Opening '/data/transcodes/54b28b6e657928adad152c4417202b3d240.ts' for writing
[hls @ 0x55aece924180] Opening '/data/transcodes/54b28b6e657928adad152c4417202b3d241.ts' for writing
[hls @ 0x55aece924180] Opening '/data/transcodes/54b28b6e657928adad152c4417202b3d242.ts' for writing
[hls @ 0x55aece924180] Opening '/data/transcodes/54b28b6e657928adad152c4417202b3d243.ts' for writing
[hls @ 0x55aece924180] Opening '/data/transcodes/54b28b6e657928adad152c4417202b3d244.ts' for writing
[hls @ 0x55aece924180] Opening '/data/transcodes/54b28b6e657928adad152c4417202b3d245.ts' for writing
[hls @ 0x55aece924180] Opening '/data/transcodes/54b28b6e657928adad152c4417202b3d246.ts' for writing
[hls @ 0x55aece924180] Opening '/data/transcodes/54b28b6e657928adad152c4417202b3d247.ts' for writing
frame= 2701 fps=0.0 q=-1.0 size=N/A time=00:01:48.02 bitrate=N/A speed= 213x    
[hls @ 0x55aece924180] Opening '/data/transcodes/54b28b6e657928adad152c4417202b3d248.ts' for writing
[hls @ 0x55aece924180] Opening '/data/transcodes/54b28b6e657928adad152c4417202b3d249.ts' for writing
[hls @ 0x55aece924180] Opening '/data/transcodes/54b28b6e657928adad152c4417202b3d250.ts' for writing
[hls @ 0x55aece924180] Opening '/data/transcodes/54b28b6e657928adad152c4417202b3d251.ts' for writing
[hls @ 0x55aece924180] Opening '/data/transcodes/54b28b6e657928adad152c4417202b3d252.ts' for writing
[hls @ 0x55aece924180] Opening '/data/transcodes/54b28b6e657928adad152c4417202b3d253.ts' for writing
[hls @ 0x55aece924180] Opening '/data/transcodes/54b28b6e657928adad152c4417202b3d254.ts' for writing
[hls @ 0x55aece924180] Opening '/data/transcodes/54b28b6e657928adad152c4417202b3d255.ts' for writing
[hls @ 0x55aece924180] Opening '/data/transcodes/54b28b6e657928adad152c4417202b3d256.ts' for writing
[hls @ 0x55aece924180] Opening '/data/transcodes/54b28b6e657928adad152c4417202b3d257.ts' for writing
[hls @ 0x55aece924180] Opening '/data/transcodes/54b28b6e657928adad152c4417202b3d258.ts' for writing
[hls @ 0x55aece924180] Opening '/data/transcodes/54b28b6e657928adad152c4417202b3d259.ts' for writing
[hls @ 0x55aece924180] Opening '/data/transcodes/54b28b6e657928adad152c4417202b3d260.ts' for writing
[hls @ 0x55aece924180] Opening '/data/transcodes/54b28b6e657928adad152c4417202b3d261.ts' for writing
[hls @ 0x55aece924180] Opening '/data/transcodes/54b28b6e657928adad152c4417202b3d262.ts' for writing
[hls @ 0x55aece924180] Opening '/data/transcodes/54b28b6e657928adad152c4417202b3d263.ts' for writing
[hls @ 0x55aece924180] Opening '/data/transcodes/54b28b6e657928adad152c4417202b3d264.ts' for writing
[hls @ 0x55aece924180] Opening '/data/transcodes/54b28b6e657928adad152c4417202b3d265.ts' for writing
[hls @ 0x55aece924180] Opening '/data/transcodes/54b28b6e657928adad152c4417202b3d266.ts' for writing
[hls @ 0x55aece924180] Opening '/data/transcodes/54b28b6e657928adad152c4417202b3d267.ts' for writing
[hls @ 0x55aece924180] Opening '/data/transcodes/54b28b6e657928adad152c4417202b3d268.ts' for writing
[hls @ 0x55aece924180] Opening '/data/transcodes/54b28b6e657928adad152c4417202b3d269.ts' for writing
[hls @ 0x55aece924180] Opening '/data/transcodes/54b28b6e657928adad152c4417202b3d270.ts' for writing
[hls @ 0x55aece924180] Opening '/data/transcodes/54b28b6e657928adad152c4417202b3d271.ts' for writing
[hls @ 0x55aece924180] Opening '/data/transcodes/54b28b6e657928adad152c4417202b3d272.ts' for writing
[hls @ 0x55aece924180] Opening '/data/transcodes/54b28b6e657928adad152c4417202b3d273.ts' for writing
[hls @ 0x55aece924180] Opening '/data/transcodes/54b28b6e657928adad152c4417202b3d274.ts' for writing
[hls @ 0x55aece924180] Opening '/data/transcodes/54b28b6e657928adad152c4417202b3d275.ts' for writing
frame= 6903 fps=6816 q=-1.0 size=N/A time=00:04:36.24 bitrate=N/A speed= 273x    
[hls @ 0x55aece924180] Opening '/data/transcodes/54b28b6e657928adad152c4417202b3d276.ts' for writing
[hls @ 0x55aece924180] Opening '/data/transcodes/54b28b6e657928adad152c4417202b3d277.ts' for writing
[hls @ 0x55aece924180] Opening '/data/transcodes/54b28b6e657928adad152c4417202b3d278.ts' for writing
[hls @ 0x55aece924180] Opening '/data/transcodes/54b28b6e657928adad152c4417202b3d279.ts' for writing
[hls @ 0x55aece924180] Opening '/data/transcodes/54b28b6e657928adad152c4417202b3d280.ts' for writing
[hls @ 0x55aece924180] Opening '/data/transcodes/54b28b6e657928adad152c4417202b3d281.ts' for writing
[hls @ 0x55aece924180] Opening '/data/transcodes/54b28b6e657928adad152c4417202b3d282.ts' for writing
[hls @ 0x55aece924180] Opening '/data/transcodes/54b28b6e657928adad152c4417202b3d283.ts' for writing
[hls @ 0x55aece924180] Opening '/data/transcodes/54b28b6e657928adad152c4417202b3d284.ts' for writing
[hls @ 0x55aece924180] Opening '/data/transcodes/54b28b6e657928adad152c4417202b3d285.ts' for writing
[hls @ 0x55aece924180] Opening '/data/transcodes/54b28b6e657928adad152c4417202b3d286.ts' for writing
[hls @ 0x55aece924180] Opening '/data/transcodes/54b28b6e657928adad152c4417202b3d287.ts' for writing
[hls @ 0x55aece924180] Opening '/data/transcodes/54b28b6e657928adad152c4417202b3d288.ts' for writing
[hls @ 0x55aece924180] Opening '/data/transcodes/54b28b6e657928adad152c4417202b3d289.ts' for writing
[hls @ 0x55aece924180] Opening '/data/transcodes/54b28b6e657928adad152c4417202b3d290.ts' for writing
[hls @ 0x55aece924180] Opening '/data/transcodes/54b28b6e657928adad152c4417202b3d291.ts' for writing
frame= 9333 fps=6153 q=-1.0 size=N/A time=00:06:13.30 bitrate=N/A speed= 246x    
[hls @ 0x55aece924180] Opening '/data/transcodes/54b28b6e657928adad152c4417202b3d292.ts' for writing
[hls @ 0x55aece924180] Opening '/data/transcodes/54b28b6e657928adad152c4417202b3d293.ts' for writing
[hls @ 0x55aece924180] Opening '/data/transcodes/54b28b6e657928adad152c4417202b3d294.ts' for writing
[hls @ 0x55aece924180] Opening '/data/transcodes/54b28b6e657928adad152c4417202b3d295.ts' for writing
[hls @ 0x55aece924180] Opening '/data/transcodes/54b28b6e657928adad152c4417202b3d296.ts' for writing
[hls @ 0x55aece924180] Opening '/data/transcodes/54b28b6e657928adad152c4417202b3d297.ts' for writing
[hls @ 0x55aece924180] Opening '/data/transcodes/54b28b6e657928adad152c4417202b3d298.ts' for writing
[hls @ 0x55aece924180] Opening '/data/transcodes/54b28b6e657928adad152c4417202b3d299.ts' for writing
[hls @ 0x55aece924180] Opening '/data/transcodes/54b28b6e657928adad152c4417202b3d300.ts' for writing
[hls @ 0x55aece924180] Opening '/data/transcodes/54b28b6e657928adad152c4417202b3d301.ts' for writing
[hls @ 0x55aece924180] Opening '/data/transcodes/54b28b6e657928adad152c4417202b3d302.ts' for writing
[hls @ 0x55aece924180] Opening '/data/transcodes/54b28b6e657928adad152c4417202b3d303.ts' for writing
[hls @ 0x55aece924180] Opening '/data/transcodes/54b28b6e657928adad152c4417202b3d304.ts' for writing
[hls @ 0x55aece924180] Opening '/data/transcodes/54b28b6e657928adad152c4417202b3d305.ts' for writing
[hls @ 0x55aece924180] Opening '/data/transcodes/54b28b6e657928adad152c4417202b3d306.ts' for writing
[hls @ 0x55aece924180] Opening '/data/transcodes/54b28b6e657928adad152c4417202b3d307.ts' for writing
[hls @ 0x55aece924180] Opening '/data/transcodes/54b28b6e657928adad152c4417202b3d308.ts' for writing
[hls @ 0x55aece924180] Opening '/data/transcodes/54b28b6e657928adad152c4417202b3d309.ts' for writing
[hls @ 0x55aece924180] Opening '/data/transcodes/54b28b6e657928adad152c4417202b3d310.ts' for writing
[hls @ 0x55aece924180] Opening '/data/transcodes/54b28b6e657928adad152c4417202b3d311.ts' for writing
[hls @ 0x55aece924180] Opening '/data/transcodes/54b28b6e657928adad152c4417202b3d312.ts' for writing
[hls @ 0x55aece924180] Opening '/data/transcodes/54b28b6e657928adad152c4417202b3d313.ts' for writing
frame=12601 fps=6230 q=-1.0 size=N/A time=00:08:24.02 bitrate=N/A speed= 249x    
[hls @ 0x55aece924180] Opening '/data/transcodes/54b28b6e657928adad152c4417202b3d314.ts' for writing
[hls @ 0x55aece924180] Opening '/data/transcodes/54b28b6e657928adad152c4417202b3d315.ts' for writing
[hls @ 0x55aece924180] Opening '/data/transcodes/54b28b6e657928adad152c4417202b3d316.ts' for writing
[hls @ 0x55aece924180] Opening '/data/transcodes/54b28b6e657928adad152c4417202b3d317.ts' for writing
[hls @ 0x55aece924180] Opening '/data/transcodes/54b28b6e657928adad152c4417202b3d318.ts' for writing
[hls @ 0x55aece924180] Opening '/data/transcodes/54b28b6e657928adad152c4417202b3d319.ts' for writing
[hls @ 0x55aece924180] Opening '/data/transcodes/54b28b6e657928adad152c4417202b3d320.ts' for writing
[hls @ 0x55aece924180] Opening '/data/transcodes/54b28b6e657928adad152c4417202b3d321.ts' for writing
[hls @ 0x55aece924180] Opening '/data/transcodes/54b28b6e657928adad152c4417202b3d322.ts' for writing
[hls @ 0x55aece924180] Opening '/data/transcodes/54b28b6e657928adad152c4417202b3d323.ts' for writing
[hls @ 0x55aece924180] Opening '/data/transcodes/54b28b6e657928adad152c4417202b3d324.ts' for writing
[hls @ 0x55aece924180] Opening '/data/transcodes/54b28b6e657928adad152c4417202b3d325.ts' for writing
[hls @ 0x55aece924180] Opening '/data/transcodes/54b28b6e657928adad152c4417202b3d326.ts' for writing
[hls @ 0x55aece924180] Opening '/data/transcodes/54b28b6e657928adad152c4417202b3d327.ts' for writing
[hls @ 0x55aece924180] Opening '/data/transcodes/54b28b6e657928adad152c4417202b3d328.ts' for writing
[hls @ 0x55aece924180] Opening '/data/transcodes/54b28b6e657928adad152c4417202b3d329.ts' for writing
[hls @ 0x55aece924180] Opening '/data/transcodes/54b28b6e657928adad152c4417202b3d330.ts' for writing
[hls @ 0x55aece924180] Opening '/data/transcodes/54b28b6e657928adad152c4417202b3d331.ts' for writing
[hls @ 0x55aece924180] Opening '/data/transcodes/54b28b6e657928adad152c4417202b3d332.ts' for writing
[hls @ 0x55aece924180] Opening '/data/transcodes/54b28b6e657928adad152c4417202b3d333.ts' for writing
[hls @ 0x55aece924180] Opening '/data/transcodes/54b28b6e657928adad152c4417202b3d334.ts' for writing
frame=15877 fps=6294 q=-1.0 size=N/A time=00:10:35.25 bitrate=N/A speed= 252x    
[hls @ 0x55aece924180] Opening '/data/transcodes/54b28b6e657928adad152c4417202b3d335.ts' for writing
[hls @ 0x55aece924180] Opening '/data/transcodes/54b28b6e657928adad152c4417202b3d336.ts' for writing
[hls @ 0x55aece924180] Opening '/data/transcodes/54b28b6e657928adad152c4417202b3d337.ts' for writing
[hls @ 0x55aece924180] Opening '/data/transcodes/54b28b6e657928adad152c4417202b3d338.ts' for writing
[hls @ 0x55aece924180] Opening '/data/transcodes/54b28b6e657928adad152c4417202b3d339.ts' for writing
[hls @ 0x55aece924180] Opening '/data/transcodes/54b28b6e657928adad152c4417202b3d340.ts' for writing
[hls @ 0x55aece924180] Opening '/data/transcodes/54b28b6e657928adad152c4417202b3d341.ts' for writing
[hls @ 0x55aece924180] Opening '/data/transcodes/54b28b6e657928adad152c4417202b3d342.ts' for writing
[hls @ 0x55aece924180] Opening '/data/transcodes/54b28b6e657928adad152c4417202b3d343.ts' for writing
[hls @ 0x55aece924180] Opening '/data/transcodes/54b28b6e657928adad152c4417202b3d344.ts' for writing
[hls @ 0x55aece924180] Opening '/data/transcodes/54b28b6e657928adad152c4417202b3d345.ts' for writing
[hls @ 0x55aece924180] Opening '/data/transcodes/54b28b6e657928adad152c4417202b3d346.ts' for writing
[hls @ 0x55aece924180] Opening '/data/transcodes/54b28b6e657928adad152c4417202b3d347.ts' for writing
[hls @ 0x55aece924180] Opening '/data/transcodes/54b28b6e657928adad152c4417202b3d348.ts' for writing
[hls @ 0x55aece924180] Opening '/data/transcodes/54b28b6e657928adad152c4417202b3d349.ts' for writing
[hls @ 0x55aece924180] Opening '/data/transcodes/54b28b6e657928adad152c4417202b3d350.ts' for writing
[hls @ 0x55aece924180] Opening '/data/transcodes/54b28b6e657928adad152c4417202b3d351.ts' for writing
[hls @ 0x55aece924180] Opening '/data/transcodes/54b28b6e657928adad152c4417202b3d352.ts' for writing
[hls @ 0x55aece924180] Opening '/data/transcodes/54b28b6e657928adad152c4417202b3d353.ts' for writing
[hls @ 0x55aece924180] Opening '/data/transcodes/54b28b6e657928adad152c4417202b3d354.ts' for writing
[hls @ 0x55aece924180] Opening '/data/transcodes/54b28b6e657928adad152c4417202b3d355.ts' for writing
[hls @ 0x55aece924180] Opening '/data/transcodes/54b28b6e657928adad152c4417202b3d356.ts' for writing
[hls @ 0x55aece924180] Opening '/data/transcodes/54b28b6e657928adad152c4417202b3d357.ts' for writing
frame=19201 fps=6338 q=-1.0 size=N/A time=00:12:48.02 bitrate=N/A speed= 254x    
[hls @ 0x55aece924180] Opening '/data/transcodes/54b28b6e657928adad152c4417202b3d358.ts' for writing
[hls @ 0x55aece924180] Opening '/data/transcodes/54b28b6e657928adad152c4417202b3d359.ts' for writing
[hls @ 0x55aece924180] Opening '/data/transcodes/54b28b6e657928adad152c4417202b3d360.ts' for writing
[hls @ 0x55aece924180] Opening '/data/transcodes/54b28b6e657928adad152c4417202b3d361.ts' for writing
[hls @ 0x55aece924180] Opening '/data/transcodes/54b28b6e657928adad152c4417202b3d362.ts' for writing
[hls @ 0x55aece924180] Opening '/data/transcodes/54b28b6e657928adad152c4417202b3d363.ts' for writing
[hls @ 0x55aece924180] Opening '/data/transcodes/54b28b6e657928adad152c4417202b3d364.ts' for writing
[hls @ 0x55aece924180] Opening '/data/transcodes/54b28b6e657928adad152c4417202b3d365.ts' for writing
[hls @ 0x55aece924180] Opening '/data/transcodes/54b28b6e657928adad152c4417202b3d366.ts' for writing
[hls @ 0x55aece924180] Opening '/data/transcodes/54b28b6e657928adad152c4417202b3d367.ts' for writing
[hls @ 0x55aece924180] Opening '/data/transcodes/54b28b6e657928adad152c4417202b3d368.ts' for writing
[hls @ 0x55aece924180] Opening '/data/transcodes/54b28b6e657928adad152c4417202b3d369.ts' for writing
[hls @ 0x55aece924180] Opening '/data/transcodes/54b28b6e657928adad152c4417202b3d370.ts' for writing
[hls @ 0x55aece924180] Opening '/data/transcodes/54b28b6e657928adad152c4417202b3d371.ts' for writing
[hls @ 0x55aece924180] Opening '/data/transcodes/54b28b6e657928adad152c4417202b3d372.ts' for writing
[hls @ 0x55aece924180] Opening '/data/transcodes/54b28b6e657928adad152c4417202b3d373.ts' for writing
[hls @ 0x55aece924180] Opening '/data/transcodes/54b28b6e657928adad152c4417202b3d374.ts' for writing
[hls @ 0x55aece924180] Opening '/data/transcodes/54b28b6e657928adad152c4417202b3d375.ts' for writing
[hls @ 0x55aece924180] Opening '/data/transcodes/54b28b6e657928adad152c4417202b3d376.ts' for writing
[hls @ 0x55aece924180] Opening '/data/transcodes/54b28b6e657928adad152c4417202b3d377.ts' for writing
[hls @ 0x55aece924180] Opening '/data/transcodes/54b28b6e657928adad152c4417202b3d378.ts' for writing
frame=22440 fps=6358 q=-1.0 size=N/A time=00:14:57.78 bitrate=N/A speed= 254x    
[hls @ 0x55aece924180] Opening '/data/transcodes/54b28b6e657928adad152c4417202b3d379.ts' for writing
[hls @ 0x55aece924180] Opening '/data/transcodes/54b28b6e657928adad152c4417202b3d380.ts' for writing
[hls @ 0x55aece924180] Opening '/data/transcodes/54b28b6e657928adad152c4417202b3d381.ts' for writing
[hls @ 0x55aece924180] Opening '/data/transcodes/54b28b6e657928adad152c4417202b3d382.ts' for writing
[hls @ 0x55aece924180] Opening '/data/transcodes/54b28b6e657928adad152c4417202b3d383.ts' for writing
[hls @ 0x55aece924180] Opening '/data/transcodes/54b28b6e657928adad152c4417202b3d384.ts' for writing
[hls @ 0x55aece924180] Opening '/data/transcodes/54b28b6e657928adad152c4417202b3d385.ts' for writing
[hls @ 0x55aece924180] Opening '/data/transcodes/54b28b6e657928adad152c4417202b3d386.ts' for writing
[hls @ 0x55aece924180] Opening '/data/transcodes/54b28b6e657928adad152c4417202b3d387.ts' for writing
[hls @ 0x55aece924180] Opening '/data/transcodes/54b28b6e657928adad152c4417202b3d388.ts' for writing
[hls @ 0x55aece924180] Opening '/data/transcodes/54b28b6e657928adad152c4417202b3d389.ts' for writing
[hls @ 0x55aece924180] Opening '/data/transcodes/54b28b6e657928adad152c4417202b3d390.ts' for writing
[hls @ 0x55aece924180] Opening '/data/transcodes/54b28b6e657928adad152c4417202b3d391.ts' for writing
[hls @ 0x55aece924180] Opening '/data/transcodes/54b28b6e657928adad152c4417202b3d392.ts' for writing
[hls @ 0x55aece924180] Opening '/data/transcodes/54b28b6e657928adad152c4417202b3d393.ts' for writing
[hls @ 0x55aece924180] Opening '/data/transcodes/54b28b6e657928adad152c4417202b3d394.ts' for writing
[hls @ 0x55aece924180] Opening '/data/transcodes/54b28b6e657928adad152c4417202b3d395.ts' for writing
[hls @ 0x55aece924180] Opening '/data/transcodes/54b28b6e657928adad152c4417202b3d396.ts' for writing
frame=25098 fps=6223 q=-1.0 size=N/A time=00:16:43.99 bitrate=N/A speed= 249x    
[hls @ 0x55aece924180] Opening '/data/transcodes/54b28b6e657928adad152c4417202b3d397.ts' for writing
[hls @ 0x55aece924180] Opening '/data/transcodes/54b28b6e657928adad152c4417202b3d398.ts' for writing
[hls @ 0x55aece924180] Opening '/data/transcodes/54b28b6e657928adad152c4417202b3d399.ts' for writing
[hls @ 0x55aece924180] Opening '/data/transcodes/54b28b6e657928adad152c4417202b3d400.ts' for writing
[hls @ 0x55aece924180] Opening '/data/transcodes/54b28b6e657928adad152c4417202b3d401.ts' for writing
[hls @ 0x55aece924180] Opening '/data/transcodes/54b28b6e657928adad152c4417202b3d402.ts' for writing
[hls @ 0x55aece924180] Opening '/data/transcodes/54b28b6e657928adad152c4417202b3d403.ts' for writing
[hls @ 0x55aece924180] Opening '/data/transcodes/54b28b6e657928adad152c4417202b3d404.ts' for writing
[hls @ 0x55aece924180] Opening '/data/transcodes/54b28b6e657928adad152c4417202b3d405.ts' for writing
[hls @ 0x55aece924180] Opening '/data/transcodes/54b28b6e657928adad152c4417202b3d406.ts' for writing
[hls @ 0x55aece924180] Opening '/data/transcodes/54b28b6e657928adad152c4417202b3d407.ts' for writing
[hls @ 0x55aece924180] Opening '/data/transcodes/54b28b6e657928adad152c4417202b3d408.ts' for writing
[hls @ 0x55aece924180] Opening '/data/transcodes/54b28b6e657928adad152c4417202b3d409.ts' for writing
[hls @ 0x55aece924180] Opening '/data/transcodes/54b28b6e657928adad152c4417202b3d410.ts' for writing
[hls @ 0x55aece924180] Opening '/data/transcodes/54b28b6e657928adad152c4417202b3d411.ts' for writing
[hls @ 0x55aece924180] Opening '/data/transcodes/54b28b6e657928adad152c4417202b3d412.ts' for writing
[hls @ 0x55aece924180] Opening '/data/transcodes/54b28b6e657928adad152c4417202b3d413.ts' for writing
[hls @ 0x55aece924180] Opening '/data/transcodes/54b28b6e657928adad152c4417202b3d414.ts' for writing
[hls @ 0x55aece924180] Opening '/data/transcodes/54b28b6e657928adad152c4417202b3d415.ts' for writing
[hls @ 0x55aece924180] Opening '/data/transcodes/54b28b6e657928adad152c4417202b3d416.ts' for writing
frame=28130 fps=6206 q=-1.0 size=N/A time=00:18:45.27 bitrate=N/A speed= 248x    
[hls @ 0x55aece924180] Opening '/data/transcodes/54b28b6e657928adad152c4417202b3d417.ts' for writing
[hls @ 0x55aece924180] Opening '/data/transcodes/54b28b6e657928adad152c4417202b3d418.ts' for writing
[hls @ 0x55aece924180] Opening '/data/transcodes/54b28b6e657928adad152c4417202b3d419.ts' for writing
[hls @ 0x55aece924180] Opening '/data/transcodes/54b28b6e657928adad152c4417202b3d420.ts' for writing
[hls @ 0x55aece924180] Opening '/data/transcodes/54b28b6e657928adad152c4417202b3d421.ts' for writing
[hls @ 0x55aece924180] Opening '/data/transcodes/54b28b6e657928adad152c4417202b3d422.ts' for writing
[hls @ 0x55aece924180] Opening '/data/transcodes/54b28b6e657928adad152c4417202b3d423.ts' for writing
[hls @ 0x55aece924180] Opening '/data/transcodes/54b28b6e657928adad152c4417202b3d424.ts' for writing
[hls @ 0x55aece924180] Opening '/data/transcodes/54b28b6e657928adad152c4417202b3d425.ts' for writing
[hls @ 0x55aece924180] Opening '/data/transcodes/54b28b6e657928adad152c4417202b3d426.ts' for writing
[hls @ 0x55aece924180] Opening '/data/transcodes/54b28b6e657928adad152c4417202b3d427.ts' for writing
[hls @ 0x55aece924180] Opening '/data/transcodes/54b28b6e657928adad152c4417202b3d428.ts' for writing
[hls @ 0x55aece924180] Opening '/data/transcodes/54b28b6e657928adad152c4417202b3d429.ts' for writing
[hls @ 0x55aece924180] Opening '/data/transcodes/54b28b6e657928adad152c4417202b3d430.ts' for writing
[hls @ 0x55aece924180] Opening '/data/transcodes/54b28b6e657928adad152c4417202b3d431.ts' for writing
[hls @ 0x55aece924180] Opening '/data/transcodes/54b28b6e657928adad152c4417202b3d432.ts' for writing
[hls @ 0x55aece924180] Opening '/data/transcodes/54b28b6e657928adad152c4417202b3d433.ts' for writing
[hls @ 0x55aece924180] Opening '/data/transcodes/54b28b6e657928adad152c4417202b3d434.ts' for writing
[hls @ 0x55aece924180] Opening '/data/transcodes/54b28b6e657928adad152c4417202b3d435.ts' for writing
[hls @ 0x55aece924180] Opening '/data/transcodes/54b28b6e657928adad152c4417202b3d436.ts' for writing
[hls @ 0x55aece924180] Opening '/data/transcodes/54b28b6e657928adad152c4417202b3d437.ts' for writing
[hls @ 0x55aece924180] Opening '/data/transcodes/54b28b6e657928adad152c4417202b3d438.ts' for writing
[hls @ 0x55aece924180] Opening '/data/transcodes/54b28b6e657928adad152c4417202b3d439.ts' for writing
frame=31501 fps=6252 q=-1.0 size=N/A time=00:21:00.02 bitrate=N/A speed= 250x    
[hls @ 0x55aece924180] Opening '/data/transcodes/54b28b6e657928adad152c4417202b3d440.ts' for writing
[hls @ 0x55aece924180] Opening '/data/transcodes/54b28b6e657928adad152c4417202b3d441.ts' for writing
[hls @ 0x55aece924180] Opening '/data/transcodes/54b28b6e657928adad152c4417202b3d442.ts' for writing
[hls @ 0x55aece924180] Opening '/data/transcodes/54b28b6e657928adad152c4417202b3d443.ts' for writing
[hls @ 0x55aece924180] Opening '/data/transcodes/54b28b6e657928adad152c4417202b3d444.ts' for writing
[hls @ 0x55aece924180] Opening '/data/transcodes/54b28b6e657928adad152c4417202b3d445.ts' for writing
[hls @ 0x55aece924180] Opening '/data/transcodes/54b28b6e657928adad152c4417202b3d446.ts' for writing
[hls @ 0x55aece924180] Opening '/data/transcodes/54b28b6e657928adad152c4417202b3d447.ts' for writing
[hls @ 0x55aece924180] Opening '/data/transcodes/54b28b6e657928adad152c4417202b3d448.ts' for writing
[hls @ 0x55aece924180] Opening '/data/transcodes/54b28b6e657928adad152c4417202b3d449.ts' for writing
[hls @ 0x55aece924180] Opening '/data/transcodes/54b28b6e657928adad152c4417202b3d450.ts' for writing
[hls @ 0x55aece924180] Opening '/data/transcodes/54b28b6e657928adad152c4417202b3d451.ts' for writing
[hls @ 0x55aece924180] Opening '/data/transcodes/54b28b6e657928adad152c4417202b3d452.ts' for writing
frame=33471 fps=6041 q=-1.0 size=N/A time=00:22:19.00 bitrate=N/A speed= 242x    
[hls @ 0x55aece924180] Opening '/data/transcodes/54b28b6e657928adad152c4417202b3d453.ts' for writing
[hls @ 0x55aece924180] Opening '/data/transcodes/54b28b6e657928adad152c4417202b3d454.ts' for writing
[hls @ 0x55aece924180] Opening '/data/transcodes/54b28b6e657928adad152c4417202b3d455.ts' for writing
[hls @ 0x55aece924180] Opening '/data/transcodes/54b28b6e657928adad152c4417202b3d456.ts' for writing
[hls @ 0x55aece924180] Opening '/data/transcodes/54b28b6e657928adad152c4417202b3d457.ts' for writing
[hls @ 0x55aece924180] Opening '/data/transcodes/54b28b6e657928adad152c4417202b3d458.ts' for writing
[hls @ 0x55aece924180] Opening '/data/transcodes/54b28b6e657928adad152c4417202b3d459.ts' for writing
[hls @ 0x55aece924180] Opening '/data/transcodes/54b28b6e657928adad152c4417202b3d460.ts' for writing
[hls @ 0x55aece924180] Opening '/data/transcodes/54b28b6e657928adad152c4417202b3d461.ts' for writing
[hls @ 0x55aece924180] Opening '/data/transcodes/54b28b6e657928adad152c4417202b3d462.ts' for writing
[hls @ 0x55aece924180] Opening '/data/transcodes/54b28b6e657928adad152c4417202b3d463.ts' for writing
[hls @ 0x55aece924180] Opening '/data/transcodes/54b28b6e657928adad152c4417202b3d464.ts' for writing
frame=35286 fps=5823 q=-1.0 size=N/A time=00:23:31.51 bitrate=N/A speed= 233x    
[hls @ 0x55aece924180] Opening '/data/transcodes/54b28b6e657928adad152c4417202b3d465.ts' for writing
[hls @ 0x55aece924180] Opening '/data/transcodes/54b28b6e657928adad152c4417202b3d466.ts' for writing
[hls @ 0x55aece924180] Opening '/data/transcodes/54b28b6e657928adad152c4417202b3d467.ts' for writing
[hls @ 0x55aece924180] Opening '/data/transcodes/54b28b6e657928adad152c4417202b3d468.ts' for writing
[hls @ 0x55aece924180] Opening '/data/transcodes/54b28b6e657928adad152c4417202b3d469.ts' for writing
[hls @ 0x55aece924180] Opening '/data/transcodes/54b28b6e657928adad152c4417202b3d470.ts' for writing
[hls @ 0x55aece924180] Opening '/data/transcodes/54b28b6e657928adad152c4417202b3d471.ts' for writing
[hls @ 0x55aece924180] Opening '/data/transcodes/54b28b6e657928adad152c4417202b3d472.ts' for writing
[hls @ 0x55aece924180] Opening '/data/transcodes/54b28b6e657928adad152c4417202b3d473.ts' for writing
[hls @ 0x55aece924180] Opening '/data/transcodes/54b28b6e657928adad152c4417202b3d474.ts' for writing
[hls @ 0x55aece924180] Opening '/data/transcodes/54b28b6e657928adad152c4417202b3d475.ts' for writing
[hls @ 0x55aece924180] Opening '/data/transcodes/54b28b6e657928adad152c4417202b3d476.ts' for writing
[hls @ 0x55aece924180] Opening '/data/transcodes/54b28b6e657928adad152c4417202b3d477.ts' for writing
frame=37201 fps=5668 q=-1.0 size=N/A time=00:24:48.02 bitrate=N/A speed= 227x    
[hls @ 0x55aece924180] Opening '/data/transcodes/54b28b6e657928adad152c4417202b3d478.ts' for writing
[hls @ 0x55aece924180] Opening '/data/transcodes/54b28b6e657928adad152c4417202b3d479.ts' for writing
[hls @ 0x55aece924180] Opening '/data/transcodes/54b28b6e657928adad152c4417202b3d480.ts' for writing
[hls @ 0x55aece924180] Opening '/data/transcodes/54b28b6e657928adad152c4417202b3d481.ts' for writing
[hls @ 0x55aece924180] Opening '/data/transcodes/54b28b6e657928adad152c4417202b3d482.ts' for writing
[hls @ 0x55aece924180] Opening '/data/transcodes/54b28b6e657928adad152c4417202b3d483.ts' for writing
[hls @ 0x55aece924180] Opening '/data/transcodes/54b28b6e657928adad152c4417202b3d484.ts' for writing
[hls @ 0x55aece924180] Opening '/data/transcodes/54b28b6e657928adad152c4417202b3d485.ts' for writing
[hls @ 0x55aece924180] Opening '/data/transcodes/54b28b6e657928adad152c4417202b3d486.ts' for writing
[hls @ 0x55aece924180] Opening '/data/transcodes/54b28b6e657928adad152c4417202b3d487.ts' for writing
[hls @ 0x55aece924180] Opening '/data/transcodes/54b28b6e657928adad152c4417202b3d488.ts' for writing
[hls @ 0x55aece924180] Opening '/data/transcodes/54b28b6e657928adad152c4417202b3d489.ts' for writing
[hls @ 0x55aece924180] Opening '/data/transcodes/54b28b6e657928adad152c4417202b3d490.ts' for writing
[hls @ 0x55aece924180] Opening '/data/transcodes/54b28b6e657928adad152c4417202b3d491.ts' for writing
frame=39334 fps=5559 q=-1.0 size=N/A time=00:26:13.52 bitrate=N/A speed= 222x    
[hls @ 0x55aece924180] Opening '/data/transcodes/54b28b6e657928adad152c4417202b3d492.ts' for writing
[hls @ 0x55aece924180] Opening '/data/transcodes/54b28b6e657928adad152c4417202b3d493.ts' for writing
[hls @ 0x55aece924180] Opening '/data/transcodes/54b28b6e657928adad152c4417202b3d494.ts' for writing
[hls @ 0x55aece924180] Opening '/data/transcodes/54b28b6e657928adad152c4417202b3d495.ts' for writing
[hls @ 0x55aece924180] Opening '/data/transcodes/54b28b6e657928adad152c4417202b3d496.ts' for writing
[hls @ 0x55aece924180] Opening '/data/transcodes/54b28b6e657928adad152c4417202b3d497.ts' for writing
[hls @ 0x55aece924180] Opening '/data/transcodes/54b28b6e657928adad152c4417202b3d498.ts' for writing
[hls @ 0x55aece924180] Opening '/data/transcodes/54b28b6e657928adad152c4417202b3d499.ts' for writing
[hls @ 0x55aece924180] Opening '/data/transcodes/54b28b6e657928adad152c4417202b3d500.ts' for writing
[hls @ 0x55aece924180] Opening '/data/transcodes/54b28b6e657928adad152c4417202b3d501.ts' for writing
[hls @ 0x55aece924180] Opening '/data/transcodes/54b28b6e657928adad152c4417202b3d502.ts' for writing
[hls @ 0x55aece924180] Opening '/data/transcodes/54b28b6e657928adad152c4417202b3d503.ts' for writing
[hls @ 0x55aece924180] Opening '/data/transcodes/54b28b6e657928adad152c4417202b3d504.ts' for writing
[hls @ 0x55aece924180] Opening '/data/transcodes/54b28b6e657928adad152c4417202b3d505.ts' for writing
[hls @ 0x55aece924180] Opening '/data/transcodes/54b28b6e657928adad152c4417202b3d506.ts' for writing
[hls @ 0x55aece924180] Opening '/data/transcodes/54b28b6e657928adad152c4417202b3d507.ts' for writing
[hls @ 0x55aece924180] Opening '/data/transcodes/54b28b6e657928adad152c4417202b3d508.ts' for writing
[hls @ 0x55aece924180] Opening '/data/transcodes/54b28b6e657928adad152c4417202b3d509.ts' for writing
frame=42061 fps=5552 q=-1.0 size=N/A time=00:28:02.48 bitrate=N/A speed= 222x    
[hls @ 0x55aece924180] Opening '/data/transcodes/54b28b6e657928adad152c4417202b3d510.ts' for writing
[hls @ 0x55aece924180] Opening '/data/transcodes/54b28b6e657928adad152c4417202b3d511.ts' for writing
[hls @ 0x55aece924180] Opening '/data/transcodes/54b28b6e657928adad152c4417202b3d512.ts' for writing
[hls @ 0x55aece924180] Opening '/data/transcodes/54b28b6e657928adad152c4417202b3d513.ts' for writing
[hls @ 0x55aece924180] Opening '/data/transcodes/54b28b6e657928adad152c4417202b3d514.ts' for writing
[hls @ 0x55aece924180] Opening '/data/transcodes/54b28b6e657928adad152c4417202b3d515.ts' for writing
[hls @ 0x55aece924180] Opening '/data/transcodes/54b28b6e657928adad152c4417202b3d516.ts' for writing
[hls @ 0x55aece924180] Opening '/data/transcodes/54b28b6e657928adad152c4417202b3d517.ts' for writing
[hls @ 0x55aece924180] Opening '/data/transcodes/54b28b6e657928adad152c4417202b3d518.ts' for writing
[hls @ 0x55aece924180] Opening '/data/transcodes/54b28b6e657928adad152c4417202b3d519.ts' for writing
[hls @ 0x55aece924180] Opening '/data/transcodes/54b28b6e657928adad152c4417202b3d520.ts' for writing
[hls @ 0x55aece924180] Opening '/data/transcodes/54b28b6e657928adad152c4417202b3d521.ts' for writing
[hls @ 0x55aece924180] Opening '/data/transcodes/54b28b6e657928adad152c4417202b3d522.ts' for writing
[hls @ 0x55aece924180] Opening '/data/transcodes/54b28b6e657928adad152c4417202b3d523.ts' for writing
[hls @ 0x55aece924180] Opening '/data/transcodes/54b28b6e657928adad152c4417202b3d524.ts' for writing
[hls @ 0x55aece924180] Opening '/data/transcodes/54b28b6e657928adad152c4417202b3d525.ts' for writing
[hls @ 0x55aece924180] Opening '/data/transcodes/54b28b6e657928adad152c4417202b3d526.ts' for writing
[hls @ 0x55aece924180] Opening '/data/transcodes/54b28b6e657928adad152c4417202b3d527.ts' for writing
[hls @ 0x55aece924180] Opening '/data/transcodes/54b28b6e657928adad152c4417202b3d528.ts' for writing
[hls @ 0x55aece924180] Opening '/data/transcodes/54b28b6e657928adad152c4417202b3d529.ts' for writing
[hls @ 0x55aece924180] Opening '/data/transcodes/54b28b6e657928adad152c4417202b3d530.ts' for writing
[hls @ 0x55aece924180] Opening '/data/transcodes/54b28b6e657928adad152c4417202b3d531.ts' for writing
[hls @ 0x55aece924180] Opening '/data/transcodes/54b28b6e657928adad152c4417202b3d532.ts' for writing
frame=45457 fps=5628 q=-1.0 size=N/A time=00:30:18.26 bitrate=N/A speed= 225x    
[hls @ 0x55aece924180] Opening '/data/transcodes/54b28b6e657928adad152c4417202b3d533.ts' for writing
[hls @ 0x55aece924180] Opening '/data/transcodes/54b28b6e657928adad152c4417202b3d534.ts' for writing
[hls @ 0x55aece924180] Opening '/data/transcodes/54b28b6e657928adad152c4417202b3d535.ts' for writing
[hls @ 0x55aece924180] Opening '/data/transcodes/54b28b6e657928adad152c4417202b3d536.ts' for writing
[hls @ 0x55aece924180] Opening '/data/transcodes/54b28b6e657928adad152c4417202b3d537.ts' for writing
[hls @ 0x55aece924180] Opening '/data/transcodes/54b28b6e657928adad152c4417202b3d538.ts' for writing
[hls @ 0x55aece924180] Opening '/data/transcodes/54b28b6e657928adad152c4417202b3d539.ts' for writing
[hls @ 0x55aece924180] Opening '/data/transcodes/54b28b6e657928adad152c4417202b3d540.ts' for writing
[hls @ 0x55aece924180] Opening '/data/transcodes/54b28b6e657928adad152c4417202b3d541.ts' for writing
[hls @ 0x55aece924180] Opening '/data/transcodes/54b28b6e657928adad152c4417202b3d542.ts' for writing
[hls @ 0x55aece924180] Opening '/data/transcodes/54b28b6e657928adad152c4417202b3d543.ts' for writing
frame=47185 fps=5501 q=-1.0 size=N/A time=00:31:27.51 bitrate=N/A speed= 220x    
[hls @ 0x55aece924180] Opening '/data/transcodes/54b28b6e657928adad152c4417202b3d544.ts' for writing
[hls @ 0x55aece924180] Opening '/data/transcodes/54b28b6e657928adad152c4417202b3d545.ts' for writing
[hls @ 0x55aece924180] Opening '/data/transcodes/54b28b6e657928adad152c4417202b3d546.ts' for writing
[hls @ 0x55aece924180] Opening '/data/transcodes/54b28b6e657928adad152c4417202b3d547.ts' for writing
[hls @ 0x55aece924180] Opening '/data/transcodes/54b28b6e657928adad152c4417202b3d548.ts' for writing
[hls @ 0x55aece924180] Opening '/data/transcodes/54b28b6e657928adad152c4417202b3d549.ts' for writing
[hls @ 0x55aece924180] Opening '/data/transcodes/54b28b6e657928adad152c4417202b3d550.ts' for writing
[hls @ 0x55aece924180] Opening '/data/transcodes/54b28b6e657928adad152c4417202b3d551.ts' for writing
[hls @ 0x55aece924180] Opening '/data/transcodes/54b28b6e657928adad152c4417202b3d552.ts' for writing
[hls @ 0x55aece924180] Opening '/data/transcodes/54b28b6e657928adad152c4417202b3d553.ts' for writing
[hls @ 0x55aece924180] Opening '/data/transcodes/54b28b6e657928adad152c4417202b3d554.ts' for writing
[hls @ 0x55aece924180] Opening '/data/transcodes/54b28b6e657928adad152c4417202b3d555.ts' for writing
[hls @ 0x55aece924180] Opening '/data/transcodes/54b28b6e657928adad152c4417202b3d556.ts' for writing
[hls @ 0x55aece924180] Opening '/data/transcodes/54b28b6e657928adad152c4417202b3d557.ts' for writing
[hls @ 0x55aece924180] Opening '/data/transcodes/54b28b6e657928adad152c4417202b3d558.ts' for writing
[hls @ 0x55aece924180] Opening '/data/transcodes/54b28b6e657928adad152c4417202b3d559.ts' for writing
[hls @ 0x55aece924180] Opening '/data/transcodes/54b28b6e657928adad152c4417202b3d560.ts' for writing
frame=49720 fps=5477 q=-1.0 size=N/A time=00:33:09.01 bitrate=N/A speed= 219x    
[hls @ 0x55aece924180] Opening '/data/transcodes/54b28b6e657928adad152c4417202b3d561.ts' for writing
[hls @ 0x55aece924180] Opening '/data/transcodes/54b28b6e657928adad152c4417202b3d562.ts' for writing
[hls @ 0x55aece924180] Opening '/data/transcodes/54b28b6e657928adad152c4417202b3d563.ts' for writing
[hls @ 0x55aece924180] Opening '/data/transcodes/54b28b6e657928adad152c4417202b3d564.ts' for writing
[hls @ 0x55aece924180] Opening '/data/transcodes/54b28b6e657928adad152c4417202b3d565.ts' for writing
[hls @ 0x55aece924180] Opening '/data/transcodes/54b28b6e657928adad152c4417202b3d566.ts' for writing
[hls @ 0x55aece924180] Opening '/data/transcodes/54b28b6e657928adad152c4417202b3d567.ts' for writing
[hls @ 0x55aece924180] Opening '/data/transcodes/54b28b6e657928adad152c4417202b3d568.ts' for writing
[hls @ 0x55aece924180] Opening '/data/transcodes/54b28b6e657928adad152c4417202b3d569.ts' for writing
[hls @ 0x55aece924180] Opening '/data/transcodes/54b28b6e657928adad152c4417202b3d570.ts' for writing
[hls @ 0x55aece924180] Opening '/data/transcodes/54b28b6e657928adad152c4417202b3d571.ts' for writing
[hls @ 0x55aece924180] Opening '/data/transcodes/54b28b6e657928adad152c4417202b3d572.ts' for writing
[hls @ 0x55aece924180] Opening '/data/transcodes/54b28b6e657928adad152c4417202b3d573.ts' for writing
[hls @ 0x55aece924180] Opening '/data/transcodes/54b28b6e657928adad152c4417202b3d574.ts' for writing
[hls @ 0x55aece924180] Opening '/data/transcodes/54b28b6e657928adad152c4417202b3d575.ts' for writing
[hls @ 0x55aece924180] Opening '/data/transcodes/54b28b6e657928adad152c4417202b3d576.ts' for writing
[hls @ 0x55aece924180] Opening '/data/transcodes/54b28b6e657928adad152c4417202b3d577.ts' for writing
frame=52201 fps=5450 q=-1.0 size=N/A time=00:34:48.02 bitrate=N/A speed= 218x    
[hls @ 0x55aece924180] Opening '/data/transcodes/54b28b6e657928adad152c4417202b3d578.ts' for writing
[hls @ 0x55aece924180] Opening '/data/transcodes/54b28b6e657928adad152c4417202b3d579.ts' for writing
[hls @ 0x55aece924180] Opening '/data/transcodes/54b28b6e657928adad152c4417202b3d580.ts' for writing
[hls @ 0x55aece924180] Opening '/data/transcodes/54b28b6e657928adad152c4417202b3d581.ts' for writing
[hls @ 0x55aece924180] Opening '/data/transcodes/54b28b6e657928adad152c4417202b3d582.ts' for writing
[hls @ 0x55aece924180] Opening '/data/transcodes/54b28b6e657928adad152c4417202b3d583.ts' for writing
[hls @ 0x55aece924180] Opening '/data/transcodes/54b28b6e657928adad152c4417202b3d584.ts' for writing
[hls @ 0x55aece924180] Opening '/data/transcodes/54b28b6e657928adad152c4417202b3d585.ts' for writing
[hls @ 0x55aece924180] Opening '/data/transcodes/54b28b6e657928adad152c4417202b3d586.ts' for writing
[hls @ 0x55aece924180] Opening '/data/transcodes/54b28b6e657928adad152c4417202b3d587.ts' for writing
[hls @ 0x55aece924180] Opening '/data/transcodes/54b28b6e657928adad152c4417202b3d588.ts' for writing
frame=53817 fps=5508 q=-1.0 Lsize=N/A time=00:35:52.72 bitrate=N/A speed= 220x    
video:1548116kB audio:58863kB subtitle:0kB other streams:0kB global headers:0kB muxing overhead: unknown