06/07/2023 00:53:49|INFO    |root                            |BAZARR Finished searching for missing Series Subtitles. Check History for more information.|
06/07/2023 01:29:52|INFO    |root                            |BAZARR Finished searching for missing Movies Subtitles. Check History for more information.|
06/07/2023 04:00:00|INFO    |root                            |BAZARR All existing episode subtitles indexed from disk.|
06/07/2023 05:00:00|INFO    |root                            |BAZARR All existing movie subtitles indexed from disk.|
06/07/2023 06:53:49|INFO    |root                            |BAZARR Finished searching for missing Series Subtitles. Check History for more information.|
06/07/2023 07:29:52|INFO    |root                            |BAZARR Finished searching for missing Movies Subtitles. Check History for more information.|
06/07/2023 09:22:19|ERROR   |root                            |BAZARR Error (Path does not exist) trying to get video information for this file: /downloads/tvshows/Hunter x Hunter (2011)/Season 2/Hunter x Hunter (2011) - S02E18 - Reunion x And x Understanding Bluray-720p.mkv|'Traceback (most recent call last):\n  File "/app/bazarr/bin/bazarr/subtitles/utils.py", line 41, in get_video\n    video = parse_video(path, hints=hints, skip_hashing=skip_hashing, dry_run=used_scene_name, providers=providers,\n  File "/app/bazarr/bin/bazarr/../libs/subzero/video.py", line 61, in parse_video\n    return scan_video(fn, hints=hints, dont_use_actual_file=dry_run, providers=providers,\n  File "/app/bazarr/bin/bazarr/../libs/subliminal_patch/core.py", line 805, in scan_video\n    raise ValueError(\'Path does not exist\')\nValueError: Path does not exist'|
06/07/2023 09:22:19|ERROR   |root                            |BAZARR Error (Path does not exist) trying to get video information for this file: /downloads/tvshows/Hunter x Hunter (2011)/Season 2/Hunter x Hunter (2011) - S02E19 - Unease x And x Sighting Bluray-720p.mkv|'Traceback (most recent call last):\n  File "/app/bazarr/bin/bazarr/subtitles/utils.py", line 41, in get_video\n    video = parse_video(path, hints=hints, skip_hashing=skip_hashing, dry_run=used_scene_name, providers=providers,\n  File "/app/bazarr/bin/bazarr/../libs/subzero/video.py", line 61, in parse_video\n    return scan_video(fn, hints=hints, dont_use_actual_file=dry_run, providers=providers,\n  File "/app/bazarr/bin/bazarr/../libs/subliminal_patch/core.py", line 805, in scan_video\n    raise ValueError(\'Path does not exist\')\nValueError: Path does not exist'|
06/07/2023 09:22:19|ERROR   |root                            |BAZARR Error (Path does not exist) trying to get video information for this file: /downloads/tvshows/Hunter x Hunter (2011)/Season 2/Hunter x Hunter (2011) - S02E20 - Very x Rapid x Reproduction Bluray-720p.mkv|'Traceback (most recent call last):\n  File "/app/bazarr/bin/bazarr/subtitles/utils.py", line 41, in get_video\n    video = parse_video(path, hints=hints, skip_hashing=skip_hashing, dry_run=used_scene_name, providers=providers,\n  File "/app/bazarr/bin/bazarr/../libs/subzero/video.py", line 61, in parse_video\n    return scan_video(fn, hints=hints, dont_use_actual_file=dry_run, providers=providers,\n  File "/app/bazarr/bin/bazarr/../libs/subliminal_patch/core.py", line 805, in scan_video\n    raise ValueError(\'Path does not exist\')\nValueError: Path does not exist'|
06/07/2023 09:22:19|ERROR   |root                            |BAZARR Error (Path does not exist) trying to get video information for this file: /downloads/tvshows/Hunter x Hunter (2011)/Season 2/Hunter x Hunter (2011) - S02E21 - No x Good x NGL Bluray-720p.mkv|'Traceback (most recent call last):\n  File "/app/bazarr/bin/bazarr/subtitles/utils.py", line 41, in get_video\n    video = parse_video(path, hints=hints, skip_hashing=skip_hashing, dry_run=used_scene_name, providers=providers,\n  File "/app/bazarr/bin/bazarr/../libs/subzero/video.py", line 61, in parse_video\n    return scan_video(fn, hints=hints, dont_use_actual_file=dry_run, providers=providers,\n  File "/app/bazarr/bin/bazarr/../libs/subliminal_patch/core.py", line 805, in scan_video\n    raise ValueError(\'Path does not exist\')\nValueError: Path does not exist'|
06/07/2023 09:22:19|ERROR   |root                            |BAZARR Error (Path does not exist) trying to get video information for this file: /downloads/tvshows/Hunter x Hunter (2011)/Season 2/Hunter x Hunter (2011) - S02E22 - Evil x And x Terrible Bluray-720p.mkv|'Traceback (most recent call last):\n  File "/app/bazarr/bin/bazarr/subtitles/utils.py", line 41, in get_video\n    video = parse_video(path, hints=hints, skip_hashing=skip_hashing, dry_run=used_scene_name, providers=providers,\n  File "/app/bazarr/bin/bazarr/../libs/subzero/video.py", line 61, in parse_video\n    return scan_video(fn, hints=hints, dont_use_actual_file=dry_run, providers=providers,\n  File "/app/bazarr/bin/bazarr/../libs/subliminal_patch/core.py", line 805, in scan_video\n    raise ValueError(\'Path does not exist\')\nValueError: Path does not exist'|
06/07/2023 10:49:21|INFO    |root                            |BAZARR Finished searching for Subtitles to upgrade. Check History for more information.|
06/07/2023 12:53:48|INFO    |root                            |BAZARR Finished searching for missing Series Subtitles. Check History for more information.|
06/07/2023 13:11:55|INFO    |root                            |BAZARR Running cache maintenance|
06/07/2023 13:29:52|INFO    |root                            |BAZARR Finished searching for missing Movies Subtitles. Check History for more information.|
06/07/2023 18:53:46|INFO    |root                            |BAZARR Finished searching for missing Series Subtitles. Check History for more information.|
06/07/2023 19:29:53|INFO    |root                            |BAZARR Finished searching for missing Movies Subtitles. Check History for more information.|
06/07/2023 20:42:29|INFO    |root                            |BAZARR trying to connect to Sonarr SignalR feed...|
06/07/2023 20:42:29|INFO    |root                            |BAZARR is started and waiting for request on http://***.***.***.***:6767|
06/07/2023 20:42:29|INFO    |root                            |BAZARR trying to connect to Radarr SignalR feed...|
06/07/2023 20:42:29|INFO    |root                            |BAZARR SignalR client for Sonarr is connected and waiting for events.|
06/07/2023 20:42:29|INFO    |root                            |BAZARR SignalR client for Radarr is connected and waiting for events.|
06/07/2023 20:50:51|INFO    |root                            |BAZARR trying to connect to Sonarr SignalR feed...|
06/07/2023 20:50:51|INFO    |root                            |BAZARR trying to connect to Radarr SignalR feed...|
06/07/2023 20:50:51|INFO    |root                            |BAZARR is started and waiting for request on http://***.***.***.***:6767|
06/07/2023 20:50:51|INFO    |root                            |BAZARR SignalR client for Sonarr is connected and waiting for events.|
06/07/2023 20:50:52|INFO    |root                            |BAZARR SignalR client for Radarr is connected and waiting for events.|
06/07/2023 21:02:13|INFO    |root                            |BAZARR trying to connect to Sonarr SignalR feed...|
06/07/2023 21:02:13|INFO    |root                            |BAZARR trying to connect to Radarr SignalR feed...|
06/07/2023 21:02:13|INFO    |root                            |BAZARR is started and waiting for request on http://***.***.***.***:6767|
06/07/2023 21:02:13|INFO    |root                            |BAZARR SignalR client for Sonarr is connected and waiting for events.|
06/07/2023 21:02:13|INFO    |root                            |BAZARR SignalR client for Radarr is connected and waiting for events.|
