Jul 22, 2023 22:12:34.292 [0x7f044a1c2b38] INFO - Plex Tuner Service v1.32.5.7328-2632c9d3a - Docker Docker Container x86_64 - build: 
Jul 22, 2023 22:12:34.292 [0x7f044a1c2b38] INFO - Linux version: 5.15.0-71-generic (#78-Ubuntu SMP Tue Apr 18 09:00:29 UTC 2023), language: en-US
Jul 22, 2023 22:12:34.292 [0x7f044a1c2b38] INFO - Processor AMD EPYC 7282 16-Core Processor                
Jul 22, 2023 22:12:34.292 [0x7f044a1c2b38] INFO - /usr/lib/plexmediaserver/Plex Tuner Service /usr/lib/plexmediaserver/Resources/Tuner/Private /usr/lib/plexmediaserver/Resources/Tuner/Shared 1.32.5.7328-2632c9d3a 32600
Jul 22, 2023 22:12:34.263 [0x7f044bc5d808] INFO - [I] broker_t::start...
Jul 22, 2023 22:12:34.290 [0x7f044bc5d808] INFO - [I] device_manager_t::init.
Jul 22, 2023 22:12:34.290 [0x7f044bc5d808] INFO - [I] device_manager_t::init. Initialize provider manager
Jul 22, 2023 22:12:34.290 [0x7f044bc5d808] INFO - [I] device_manager_t::init. Initialize all device auxes
Jul 22, 2023 22:12:34.290 [0x7f044bc5d808] INFO - [I] dvb_device_factory_t::get_aux_list
Jul 22, 2023 22:12:34.292 [0x7f044bc5d808] INFO - [I] tvbutler_aux_t::init
Jul 22, 2023 22:12:34.368 [0x7f044bc5d808] INFO - [I] web_server_t::start. Starting web server on port 32600
Jul 22, 2023 22:12:34.773 [0x7f0449e32b38] INFO - [I] web_service_t::process_device_discovery
Jul 22, 2023 22:12:34.775 [0x7f0449e32b38] INFO - [I] device_reactor_t::get_device_list ()
Jul 22, 2023 22:12:36.784 [0x7f0449e32b38] INFO - [I] SAT2IP - discover_satip_servers(): no servers found
Jul 22, 2023 22:12:37.277 [0x7f0449e32b38] INFO - [I] v4l::DeviceGetList_impl. getting v4l device list
Jul 22, 2023 22:12:37.285 [0x7f0449e32b38] INFO - [I] onetv_factory::DeviceGetListEx >>
Jul 22, 2023 22:12:37.294 [0x7f0449e32b38] WARN - [W] onetv_factory::DeviceGetListEx. libusb_init returned an error -99
Jul 22, 2023 22:21:55.975 [0x7f044bc5d808] INFO - Received SIGINT: Interrupt from keyboard.
Jul 22, 2023 22:21:56.022 [0x7f044bc5d808] INFO - [I] device_manager_t::term
Jul 22, 2023 22:21:56.022 [0x7f044bc5d808] INFO - [I] device_manager_t::term. Stop all devices
Jul 22, 2023 22:21:56.022 [0x7f044bc5d808] INFO - [I] device_manager_t::term. Shut down all device auxes
Jul 22, 2023 22:21:56.022 [0x7f044bc5d808] INFO - [I] tvbutler_aux_t::term
Jul 22, 2023 22:21:56.034 [0x7f044bc5d808] INFO - [I] web_server_t::stop. Web server is stopped
Jul 22, 2023 22:21:56.034 [0x7f044bc5d808] INFO - [I] device_manager_t::term
Jul 22, 2023 22:21:56.035 [0x7f044bc5d808] INFO - [I] device_manager_t::term. Stop all devices
Jul 22, 2023 22:21:56.035 [0x7f044bc5d808] INFO - [I] device_manager_t::term. Shut down all device auxes
Jul 22, 2023 22:21:56.035 [0x7f044bc5d808] INFO - [I] broker_t::shutdown. Shutdown is completed.
