<SessionReport version="2" startTime="0" startTimestamp="Jul 22, 2023 22:02:40.344" key="/library/metadata/4" session="0ewic48uchdq31ynr640nv8x" transcode="wbiupjetrsn68iksw3q9mszz">
<User id="1" thumb="https://plex.tv/users/a199be9e645384c9/avatar?c=1690060238" title="dancodes" />
<Player address="172.28.0.1" device="Windows" machineIdentifier="pa180lv72sp20pd8560xku7w" model="bundled" platform="Chrome" platformVersion="114.0" product="Plex Web" remotePublicAddress="38.242.213.213" title="Chrome" version="4.108.0" local="1" relayed="0" secure="0" userID="1" />
<Variants>
<Variant id="3c22e5f4-0f13-4a04-8754-3861140db30c" targetBitrate="1981" context="streaming" sourceVideoCodec="h264" sourceAudioCodec="aac" videoDecision="transcode" audioDecision="transcode" protocol="dash" container="mp4" videoCodec="h264" audioCodec="aac" audioChannels="2" transcodeHwRequested="0" transcodeHwFullPipeline="0">
<Media audioProfile="lc" id="8" videoProfile="high" audioChannels="2" audioCodec="aac" bitrate="1886" container="mp4" duration="6137219" height="404" optimizedForStreaming="1" protocol="dash" videoCodec="h264" videoFrameRate="24p" videoResolution="SD" width="720" selected="1">
<Part audioProfile="lc" id="8" videoProfile="high" bitrate="1886" container="mp4" duration="6137219" height="404" optimizedForStreaming="1" protocol="dash" width="720" decision="transcode" selected="1">
<Stream bitrate="1724" codec="h264" default="1" displayTitle="1080p (H.264)" extendedDisplayTitle="1080p (H.264)" frameRate="23.975999832153320" height="404" id="14" streamType="1" width="720" decision="transcode" location="segments-video" />
<Stream bitrate="162" bitrateMode="cbr" channels="2" codec="aac" default="1" displayTitle="&#26085;&#26412;&#35486; (AAC Stereo)" extendedDisplayTitle="&#26085;&#26412;&#35486; (AAC Stereo)" id="16" language="&#26085;&#26412;&#35486;" languageCode="jpn" languageTag="ja" selected="1" streamType="2" decision="transcode" location="segments-audio" />
</Part>
</Media>
</Variant>
</Variants>
<SegmentList>
<Segment duration="8008" startOffset="0" endOffset="8008">
<File name="chunk-stream0-00001.m4s" type="video">
<FileVariant size="994059" variant="3c22e5f4-0f13-4a04-8754-3861140db30c" />
</File>
<File name="chunk-stream1-00001.m4s" type="audio">
<FileVariant size="151064" variant="3c22e5f4-0f13-4a04-8754-3861140db30c" />
</File>
<Timelines>
<Transcode startTime="5426" endTime="55273" complete="1" fileType="video" variant="3c22e5f4-0f13-4a04-8754-3861140db30c" />
<Transcode startTime="5426" endTime="55273" complete="1" fileType="audio" variant="3c22e5f4-0f13-4a04-8754-3861140db30c" />
<Download startTime="59715" endTime="61020" complete="1" fileType="audio" variant="3c22e5f4-0f13-4a04-8754-3861140db30c" />
<Download startTime="61350" endTime="63246" complete="1" fileType="video" variant="3c22e5f4-0f13-4a04-8754-3861140db30c" />
</Timelines>
</Segment>
<Segment duration="0" startOffset="-1" endOffset="-1">
<Timelines>
<Download startTime="61026" fileType="audio" variant="3c22e5f4-0f13-4a04-8754-3861140db30c" />
</Timelines>
</Segment>
</SegmentList>
<PlaybackReports />
<StateReports />
<StateReports />
</SessionReport>
