Jul 22, 2023 21:53:37.957 [0x7fa1a3a4bb38] INFO - Plex Tuner Service v1.32.5.7328-2632c9d3a - Docker Docker Container x86_64 - build: 
Jul 22, 2023 21:53:37.958 [0x7fa1a3a4bb38] INFO - Linux version: 5.15.0-71-generic (#78-Ubuntu SMP Tue Apr 18 09:00:29 UTC 2023), language: en-US
Jul 22, 2023 21:53:37.958 [0x7fa1a3a4bb38] INFO - Processor AMD EPYC 7282 16-Core Processor                
Jul 22, 2023 21:53:37.958 [0x7fa1a3a4bb38] INFO - /usr/lib/plexmediaserver/Plex Tuner Service /usr/lib/plexmediaserver/Resources/Tuner/Private /usr/lib/plexmediaserver/Resources/Tuner/Shared 1.32.5.7328-2632c9d3a 32600
Jul 22, 2023 21:53:37.951 [0x7fa1a54e6808] INFO - [I] broker_t::start...
Jul 22, 2023 21:53:37.955 [0x7fa1a54e6808] INFO - [I] device_manager_t::init.
Jul 22, 2023 21:53:37.956 [0x7fa1a54e6808] INFO - [I] device_manager_t::init. Initialize provider manager
Jul 22, 2023 21:53:37.956 [0x7fa1a54e6808] INFO - [I] device_manager_t::init. Initialize all device auxes
Jul 22, 2023 21:53:37.956 [0x7fa1a54e6808] INFO - [I] dvb_device_factory_t::get_aux_list
Jul 22, 2023 21:53:37.956 [0x7fa1a54e6808] INFO - [I] tvbutler_aux_t::init
Jul 22, 2023 21:53:37.963 [0x7fa1a54e6808] INFO - [I] web_server_t::start. Starting web server on port 32600
Jul 22, 2023 21:53:39.265 [0x7fa1a35b6b38] INFO - [I] web_service_t::process_device_discovery
Jul 22, 2023 21:53:39.265 [0x7fa1a35b6b38] INFO - [I] device_reactor_t::get_device_list ()
Jul 22, 2023 21:53:41.274 [0x7fa1a35b6b38] INFO - [I] SAT2IP - discover_satip_servers(): no servers found
Jul 22, 2023 21:53:41.768 [0x7fa1a35b6b38] INFO - [I] v4l::DeviceGetList_impl. getting v4l device list
Jul 22, 2023 21:53:41.770 [0x7fa1a35b6b38] INFO - [I] onetv_factory::DeviceGetListEx >>
Jul 22, 2023 21:53:41.771 [0x7fa1a35b6b38] WARN - [W] onetv_factory::DeviceGetListEx. libusb_init returned an error -99
Jul 22, 2023 21:55:18.739 [0x7fa1a54e6808] INFO - Received SIGINT: Interrupt from keyboard.
Jul 22, 2023 21:55:18.821 [0x7fa1a54e6808] INFO - [I] device_manager_t::term
Jul 22, 2023 21:55:18.821 [0x7fa1a54e6808] INFO - [I] device_manager_t::term. Stop all devices
Jul 22, 2023 21:55:18.822 [0x7fa1a54e6808] INFO - [I] device_manager_t::term. Shut down all device auxes
Jul 22, 2023 21:55:18.822 [0x7fa1a54e6808] INFO - [I] tvbutler_aux_t::term
Jul 22, 2023 21:55:18.823 [0x7fa1a54e6808] INFO - [I] web_server_t::stop. Web server is stopped
Jul 22, 2023 21:55:18.823 [0x7fa1a54e6808] INFO - [I] device_manager_t::term
Jul 22, 2023 21:55:18.823 [0x7fa1a54e6808] INFO - [I] device_manager_t::term. Stop all devices
Jul 22, 2023 21:55:18.823 [0x7fa1a54e6808] INFO - [I] device_manager_t::term. Shut down all device auxes
Jul 22, 2023 21:55:18.825 [0x7fa1a54e6808] INFO - [I] broker_t::shutdown. Shutdown is completed.
