[16-Jul-2023 02:00:02] NOTICE: fpm is running, pid 521
[16-Jul-2023 02:00:02] NOTICE: ready to handle connections
[16-Jul-2023 08:00:00] NOTICE: Terminating ...
[16-Jul-2023 08:00:00] NOTICE: exiting, bye-bye!
[16-Jul-2023 08:00:46] NOTICE: fpm is running, pid 256
[16-Jul-2023 08:00:46] NOTICE: ready to handle connections
[18-Jul-2023 06:53:49] WARNING: [pool www] server reached pm.max_children setting (5), consider raising it
[18-Jul-2023 06:54:03] WARNING: [pool www] child 286 exited on signal 9 (SIGKILL) after 168797.039773 seconds from start
[18-Jul-2023 06:54:03] NOTICE: [pool www] child 592 started
[18-Jul-2023 06:54:05] WARNING: [pool www] child 287 exited on signal 9 (SIGKILL) after 168798.949238 seconds from start
[18-Jul-2023 06:54:05] NOTICE: [pool www] child 593 started
[18-Jul-2023 10:55:58] WARNING: [pool www] server reached pm.max_children setting (5), consider raising it
[19-Jul-2023 17:09:17] NOTICE: Terminating ...
[19-Jul-2023 17:09:22] NOTICE: exiting, bye-bye!
[19-Jul-2023 17:16:10] NOTICE: fpm is running, pid 253
[19-Jul-2023 17:16:10] NOTICE: ready to handle connections
[19-Jul-2023 17:17:10] NOTICE: Terminating ...
[19-Jul-2023 17:17:11] NOTICE: exiting, bye-bye!
[19-Jul-2023 17:21:12] NOTICE: fpm is running, pid 251
[19-Jul-2023 17:21:12] NOTICE: ready to handle connections
[21-Jul-2023 18:39:59] NOTICE: Terminating ...
[21-Jul-2023 18:39:59] NOTICE: exiting, bye-bye!
[21-Jul-2023 18:40:13] NOTICE: fpm is running, pid 256
[21-Jul-2023 18:40:13] NOTICE: ready to handle connections
[22-Jul-2023 11:15:18] WARNING: [pool www] server reached pm.max_children setting (5), consider raising it
[22-Jul-2023 11:15:40] WARNING: [pool www] child 275 exited on signal 9 (SIGKILL) after 59727.325374 seconds from start
[22-Jul-2023 11:15:40] NOTICE: [pool www] child 473 started
[22-Jul-2023 21:04:29] NOTICE: Terminating ...
[22-Jul-2023 21:04:31] NOTICE: exiting, bye-bye!
[22-Jul-2023 21:05:46] NOTICE: fpm is running, pid 254
[22-Jul-2023 21:05:46] NOTICE: ready to handle connections
[22-Jul-2023 22:04:27] WARNING: [pool www] server reached pm.max_children setting (5), consider raising it
